<?xml version="1.0" encoding="UTF-8"?>
<coverage generated="1758915443294" clover="3.2.0">
  <project timestamp="1758915443294" name="All files">
    <metrics statements="1079" coveredstatements="902" conditionals="428" coveredconditionals="320" methods="187" coveredmethods="150" elements="1694" coveredelements="1372" complexity="0" loc="1079" ncloc="1079" packages="22" files="77" classes="77"/>
    <package name="src">
      <metrics statements="48" coveredstatements="13" conditionals="6" coveredconditionals="0" methods="5" coveredmethods="0"/>
      <file name="app.module.ts" path="C:\Users\Олег\Documents\GitHub\cryo\backend\api-gateway\src\app.module.ts">
        <metrics statements="13" coveredstatements="13" conditionals="0" coveredconditionals="0" methods="0" coveredmethods="0"/>
        <line num="1" count="2" type="stmt"/>
        <line num="2" count="2" type="stmt"/>
        <line num="3" count="2" type="stmt"/>
        <line num="4" count="2" type="stmt"/>
        <line num="5" count="2" type="stmt"/>
        <line num="6" count="2" type="stmt"/>
        <line num="7" count="2" type="stmt"/>
        <line num="8" count="2" type="stmt"/>
        <line num="9" count="2" type="stmt"/>
        <line num="10" count="2" type="stmt"/>
        <line num="11" count="2" type="stmt"/>
        <line num="12" count="2" type="stmt"/>
        <line num="30" count="2" type="stmt"/>
      </file>
      <file name="main.ts" path="C:\Users\Олег\Documents\GitHub\cryo\backend\api-gateway\src\main.ts">
        <metrics statements="35" coveredstatements="0" conditionals="6" coveredconditionals="0" methods="5" coveredmethods="0"/>
        <line num="1" count="0" type="stmt"/>
        <line num="2" count="0" type="stmt"/>
        <line num="3" count="0" type="stmt"/>
        <line num="4" count="0" type="stmt"/>
        <line num="5" count="0" type="stmt"/>
        <line num="6" count="0" type="stmt"/>
        <line num="10" count="0" type="cond" truecount="0" falsecount="2"/>
        <line num="11" count="0" type="stmt"/>
        <line num="12" count="0" type="stmt"/>
        <line num="14" count="0" type="stmt"/>
        <line num="16" count="0" type="stmt"/>
        <line num="18" count="0" type="stmt"/>
        <line num="20" count="0" type="stmt"/>
        <line num="21" count="0" type="stmt"/>
        <line num="23" count="0" type="stmt"/>
        <line num="26" count="0" type="stmt"/>
        <line num="29" count="0" type="stmt"/>
        <line num="30" count="0" type="stmt"/>
        <line num="31" count="0" type="cond" truecount="0" falsecount="2"/>
        <line num="34" count="0" type="stmt"/>
        <line num="40" count="0" type="stmt"/>
        <line num="41" count="0" type="stmt"/>
        <line num="43" count="0" type="cond" truecount="0" falsecount="2"/>
        <line num="44" count="0" type="stmt"/>
        <line num="47" count="0" type="stmt"/>
        <line num="48" count="0" type="stmt"/>
        <line num="49" count="0" type="stmt"/>
        <line num="50" count="0" type="stmt"/>
        <line num="51" count="0" type="stmt"/>
        <line num="52" count="0" type="stmt"/>
        <line num="54" count="0" type="stmt"/>
        <line num="55" count="0" type="stmt"/>
        <line num="58" count="0" type="stmt"/>
        <line num="59" count="0" type="stmt"/>
        <line num="62" count="0" type="stmt"/>
      </file>
    </package>
    <package name="src.common.dto">
      <metrics statements="52" coveredstatements="33" conditionals="0" coveredconditionals="0" methods="2" coveredmethods="0"/>
      <file name="error-response.dto.ts" path="C:\Users\Олег\Documents\GitHub\cryo\backend\api-gateway\src\common\dto\error-response.dto.ts">
        <metrics statements="11" coveredstatements="11" conditionals="0" coveredconditionals="0" methods="0" coveredmethods="0"/>
        <line num="1" count="1" type="stmt"/>
        <line num="2" count="1" type="stmt"/>
        <line num="4" count="1" type="stmt"/>
        <line num="10" count="1" type="stmt"/>
        <line num="17" count="1" type="stmt"/>
        <line num="27" count="1" type="stmt"/>
        <line num="34" count="1" type="stmt"/>
        <line num="41" count="1" type="stmt"/>
        <line num="49" count="1" type="stmt"/>
        <line num="57" count="1" type="stmt"/>
        <line num="61" count="1" type="stmt"/>
      </file>
      <file name="index.ts" path="C:\Users\Олег\Documents\GitHub\cryo\backend\api-gateway\src\common\dto\index.ts">
        <metrics statements="4" coveredstatements="0" conditionals="0" coveredconditionals="0" methods="0" coveredmethods="0"/>
        <line num="1" count="0" type="stmt"/>
        <line num="2" count="0" type="stmt"/>
        <line num="3" count="0" type="stmt"/>
        <line num="4" count="0" type="stmt"/>
      </file>
      <file name="proxy-request.dto.ts" path="C:\Users\Олег\Documents\GitHub\cryo\backend\api-gateway\src\common\dto\proxy-request.dto.ts">
        <metrics statements="16" coveredstatements="15" conditionals="0" coveredconditionals="0" methods="1" coveredmethods="0"/>
        <line num="1" count="3" type="stmt"/>
        <line num="2" count="3" type="stmt"/>
        <line num="3" count="3" type="stmt"/>
        <line num="4" count="3" type="stmt"/>
        <line num="6" count="3" type="stmt"/>
        <line num="13" count="3" type="stmt"/>
        <line num="21" count="3" type="stmt"/>
        <line num="29" count="3" type="stmt"/>
        <line num="37" count="3" type="stmt"/>
        <line num="43" count="3" type="stmt"/>
        <line num="50" count="3" type="stmt"/>
        <line num="57" count="3" type="stmt"/>
        <line num="66" count="0" type="stmt"/>
        <line num="67" count="3" type="stmt"/>
        <line num="75" count="3" type="stmt"/>
        <line num="83" count="3" type="stmt"/>
      </file>
      <file name="user.dto.ts" path="C:\Users\Олег\Documents\GitHub\cryo\backend\api-gateway\src\common\dto\user.dto.ts">
        <metrics statements="7" coveredstatements="7" conditionals="0" coveredconditionals="0" methods="0" coveredmethods="0"/>
        <line num="1" count="1" type="stmt"/>
        <line num="2" count="1" type="stmt"/>
        <line num="4" count="1" type="stmt"/>
        <line num="11" count="1" type="stmt"/>
        <line num="19" count="1" type="stmt"/>
        <line num="28" count="1" type="stmt"/>
        <line num="37" count="1" type="stmt"/>
      </file>
      <file name="validation-error.dto.ts" path="C:\Users\Олег\Documents\GitHub\cryo\backend\api-gateway\src\common\dto\validation-error.dto.ts">
        <metrics statements="14" coveredstatements="0" conditionals="0" coveredconditionals="0" methods="1" coveredmethods="0"/>
        <line num="1" count="0" type="stmt"/>
        <line num="2" count="0" type="stmt"/>
        <line num="3" count="0" type="stmt"/>
        <line num="5" count="0" type="stmt"/>
        <line num="11" count="0" type="stmt"/>
        <line num="18" count="0" type="stmt"/>
        <line num="24" count="0" type="stmt"/>
        <line num="32" count="0" type="stmt"/>
        <line num="35" count="0" type="stmt"/>
        <line num="41" count="0" type="stmt"/>
        <line num="48" count="0" type="stmt"/>
        <line num="54" count="0" type="stmt"/>
        <line num="62" count="0" type="stmt"/>
        <line num="63" count="0" type="stmt"/>
      </file>
    </package>
    <package name="src.common.enums">
      <metrics statements="50" coveredstatements="25" conditionals="10" coveredconditionals="8" methods="5" coveredmethods="4"/>
      <file name="health-status.enum.ts" path="C:\Users\Олег\Documents\GitHub\cryo\backend\api-gateway\src\common\enums\health-status.enum.ts">
        <metrics statements="7" coveredstatements="7" conditionals="4" coveredconditionals="4" methods="2" coveredmethods="2"/>
        <line num="1" count="1" type="cond" truecount="2" falsecount="0"/>
        <line num="2" count="1" type="stmt"/>
        <line num="3" count="1" type="stmt"/>
        <line num="6" count="1" type="cond" truecount="2" falsecount="0"/>
        <line num="7" count="1" type="stmt"/>
        <line num="8" count="1" type="stmt"/>
        <line num="9" count="1" type="stmt"/>
      </file>
      <file name="http-method.enum.ts" path="C:\Users\Олег\Documents\GitHub\cryo\backend\api-gateway\src\common\enums\http-method.enum.ts">
        <metrics statements="6" coveredstatements="6" conditionals="2" coveredconditionals="2" methods="1" coveredmethods="1"/>
        <line num="1" count="6" type="cond" truecount="2" falsecount="0"/>
        <line num="2" count="6" type="stmt"/>
        <line num="3" count="6" type="stmt"/>
        <line num="4" count="6" type="stmt"/>
        <line num="5" count="6" type="stmt"/>
        <line num="6" count="6" type="stmt"/>
      </file>
      <file name="http-status.enum.ts" path="C:\Users\Олег\Documents\GitHub\cryo\backend\api-gateway\src\common\enums\http-status.enum.ts">
        <metrics statements="21" coveredstatements="0" conditionals="2" coveredconditionals="0" methods="1" coveredmethods="0"/>
        <line num="1" count="0" type="cond" truecount="0" falsecount="2"/>
        <line num="3" count="0" type="stmt"/>
        <line num="4" count="0" type="stmt"/>
        <line num="5" count="0" type="stmt"/>
        <line num="6" count="0" type="stmt"/>
        <line num="9" count="0" type="stmt"/>
        <line num="10" count="0" type="stmt"/>
        <line num="11" count="0" type="stmt"/>
        <line num="14" count="0" type="stmt"/>
        <line num="15" count="0" type="stmt"/>
        <line num="16" count="0" type="stmt"/>
        <line num="17" count="0" type="stmt"/>
        <line num="18" count="0" type="stmt"/>
        <line num="19" count="0" type="stmt"/>
        <line num="20" count="0" type="stmt"/>
        <line num="21" count="0" type="stmt"/>
        <line num="24" count="0" type="stmt"/>
        <line num="25" count="0" type="stmt"/>
        <line num="26" count="0" type="stmt"/>
        <line num="27" count="0" type="stmt"/>
        <line num="28" count="0" type="stmt"/>
      </file>
      <file name="index.ts" path="C:\Users\Олег\Documents\GitHub\cryo\backend\api-gateway\src\common\enums\index.ts">
        <metrics statements="4" coveredstatements="0" conditionals="0" coveredconditionals="0" methods="0" coveredmethods="0"/>
        <line num="1" count="0" type="stmt"/>
        <line num="2" count="0" type="stmt"/>
        <line num="3" count="0" type="stmt"/>
        <line num="4" count="0" type="stmt"/>
      </file>
      <file name="service-name.enum.ts" path="C:\Users\Олег\Documents\GitHub\cryo\backend\api-gateway\src\common\enums\service-name.enum.ts">
        <metrics statements="12" coveredstatements="12" conditionals="2" coveredconditionals="2" methods="1" coveredmethods="1"/>
        <line num="1" count="6" type="cond" truecount="2" falsecount="0"/>
        <line num="2" count="6" type="stmt"/>
        <line num="3" count="6" type="stmt"/>
        <line num="4" count="6" type="stmt"/>
        <line num="5" count="6" type="stmt"/>
        <line num="6" count="6" type="stmt"/>
        <line num="7" count="6" type="stmt"/>
        <line num="8" count="6" type="stmt"/>
        <line num="9" count="6" type="stmt"/>
        <line num="10" count="6" type="stmt"/>
        <line num="11" count="6" type="stmt"/>
        <line num="12" count="6" type="stmt"/>
      </file>
    </package>
    <package name="src.common.exceptions">
      <metrics statements="28" coveredstatements="21" conditionals="8" coveredconditionals="8" methods="14" coveredmethods="7"/>
      <file name="bad-gateway.exception.ts" path="C:\Users\Олег\Documents\GitHub\cryo\backend\api-gateway\src\common\exceptions\bad-gateway.exception.ts">
        <metrics statements="3" coveredstatements="3" conditionals="2" coveredconditionals="2" methods="1" coveredmethods="1"/>
        <line num="1" count="1" type="stmt"/>
        <line num="3" count="1" type="stmt"/>
        <line num="5" count="2" type="stmt"/>
      </file>
      <file name="forbidden.exception.ts" path="C:\Users\Олег\Documents\GitHub\cryo\backend\api-gateway\src\common\exceptions\forbidden.exception.ts">
        <metrics statements="3" coveredstatements="3" conditionals="2" coveredconditionals="2" methods="1" coveredmethods="1"/>
        <line num="1" count="1" type="stmt"/>
        <line num="3" count="1" type="stmt"/>
        <line num="5" count="2" type="stmt"/>
      </file>
      <file name="index.ts" path="C:\Users\Олег\Documents\GitHub\cryo\backend\api-gateway\src\common\exceptions\index.ts">
        <metrics statements="7" coveredstatements="0" conditionals="0" coveredconditionals="0" methods="7" coveredmethods="0"/>
        <line num="1" count="0" type="stmt"/>
        <line num="2" count="0" type="stmt"/>
        <line num="3" count="0" type="stmt"/>
        <line num="4" count="0" type="stmt"/>
        <line num="5" count="0" type="stmt"/>
        <line num="6" count="0" type="stmt"/>
        <line num="7" count="0" type="stmt"/>
      </file>
      <file name="proxy-timeout.exception.ts" path="C:\Users\Олег\Documents\GitHub\cryo\backend\api-gateway\src\common\exceptions\proxy-timeout.exception.ts">
        <metrics statements="3" coveredstatements="3" conditionals="0" coveredconditionals="0" methods="1" coveredmethods="1"/>
        <line num="1" count="6" type="stmt"/>
        <line num="3" count="6" type="stmt"/>
        <line num="5" count="4" type="stmt"/>
      </file>
      <file name="rate-limit-exceeded.exception.ts" path="C:\Users\Олег\Documents\GitHub\cryo\backend\api-gateway\src\common\exceptions\rate-limit-exceeded.exception.ts">
        <metrics statements="3" coveredstatements="3" conditionals="0" coveredconditionals="0" methods="1" coveredmethods="1"/>
        <line num="1" count="6" type="stmt"/>
        <line num="3" count="6" type="stmt"/>
        <line num="5" count="4" type="stmt"/>
      </file>
      <file name="service-unavailable.exception.ts" path="C:\Users\Олег\Documents\GitHub\cryo\backend\api-gateway\src\common\exceptions\service-unavailable.exception.ts">
        <metrics statements="3" coveredstatements="3" conditionals="2" coveredconditionals="2" methods="1" coveredmethods="1"/>
        <line num="1" count="6" type="stmt"/>
        <line num="3" count="6" type="stmt"/>
        <line num="5" count="16" type="stmt"/>
      </file>
      <file name="service.exception.ts" path="C:\Users\Олег\Documents\GitHub\cryo\backend\api-gateway\src\common\exceptions\service.exception.ts">
        <metrics statements="3" coveredstatements="3" conditionals="0" coveredconditionals="0" methods="1" coveredmethods="1"/>
        <line num="1" count="2" type="stmt"/>
        <line num="7" count="2" type="stmt"/>
        <line num="14" count="3" type="stmt"/>
      </file>
      <file name="unauthorized.exception.ts" path="C:\Users\Олег\Documents\GitHub\cryo\backend\api-gateway\src\common\exceptions\unauthorized.exception.ts">
        <metrics statements="3" coveredstatements="3" conditionals="2" coveredconditionals="2" methods="1" coveredmethods="1"/>
        <line num="1" count="1" type="stmt"/>
        <line num="3" count="1" type="stmt"/>
        <line num="5" count="2" type="stmt"/>
      </file>
    </package>
    <package name="src.common.filters">
      <metrics statements="48" coveredstatements="43" conditionals="44" coveredconditionals="30" methods="7" coveredmethods="6"/>
      <file name="global-exception.filter.ts" path="C:\Users\Олег\Documents\GitHub\cryo\backend\api-gateway\src\common\filters\global-exception.filter.ts">
        <metrics statements="48" coveredstatements="43" conditionals="44" coveredconditionals="30" methods="7" coveredmethods="6"/>
        <line num="1" count="1" type="stmt"/>
        <line num="11" count="1" type="stmt"/>
        <line num="12" count="1" type="stmt"/>
        <line num="15" count="1" type="stmt"/>
        <line num="16" count="14" type="stmt"/>
        <line num="19" count="14" type="stmt"/>
        <line num="20" count="14" type="stmt"/>
        <line num="21" count="14" type="stmt"/>
        <line num="23" count="14" type="stmt"/>
        <line num="24" count="14" type="cond" truecount="1" falsecount="1"/>
        <line num="26" count="14" type="stmt"/>
        <line num="29" count="14" type="cond" truecount="2" falsecount="0"/>
        <line num="30" count="8" type="stmt"/>
        <line num="31" count="8" type="stmt"/>
        <line num="32" count="6" type="cond" truecount="1" falsecount="1"/>
        <line num="33" count="0" type="stmt"/>
        <line num="34" count="0" type="stmt"/>
        <line num="35" count="6" type="cond" truecount="2" falsecount="0"/>
        <line num="36" count="5" type="stmt"/>
        <line num="37" count="5" type="stmt"/>
        <line num="39" count="1" type="stmt"/>
        <line num="44" count="1" type="stmt"/>
        <line num="48" count="14" type="stmt"/>
        <line num="51" count="14" type="stmt"/>
        <line num="52" count="14" type="stmt"/>
        <line num="60" count="8" type="stmt"/>
        <line num="61" count="8" type="stmt"/>
        <line num="63" count="8" type="stmt"/>
        <line num="82" count="0" type="stmt"/>
        <line num="83" count="0" type="stmt"/>
        <line num="85" count="0" type="stmt"/>
        <line num="102" count="6" type="stmt"/>
        <line num="119" count="14" type="stmt"/>
        <line num="126" count="14" type="cond" truecount="2" falsecount="0"/>
        <line num="127" count="8" type="stmt"/>
        <line num="128" count="8" type="cond" truecount="2" falsecount="0"/>
        <line num="129" count="5" type="stmt"/>
        <line num="135" count="3" type="stmt"/>
        <line num="140" count="6" type="cond" truecount="2" falsecount="0"/>
        <line num="141" count="5" type="stmt"/>
        <line num="147" count="1" type="stmt"/>
        <line num="156" count="14" type="stmt"/>
        <line num="157" count="14" type="cond" truecount="4" falsecount="0"/>
        <line num="158" count="13" type="cond" truecount="4" falsecount="0"/>
        <line num="159" count="12" type="cond" truecount="1" falsecount="1"/>
        <line num="160" count="12" type="stmt"/>
        <line num="161" count="12" type="stmt"/>
        <line num="162" count="12" type="stmt"/>
      </file>
    </package>
    <package name="src.common.interfaces">
      <metrics statements="4" coveredstatements="0" conditionals="0" coveredconditionals="0" methods="0" coveredmethods="0"/>
      <file name="index.ts" path="C:\Users\Олег\Documents\GitHub\cryo\backend\api-gateway\src\common\interfaces\index.ts">
        <metrics statements="4" coveredstatements="0" conditionals="0" coveredconditionals="0" methods="0" coveredmethods="0"/>
        <line num="1" count="0" type="stmt"/>
        <line num="2" count="0" type="stmt"/>
        <line num="3" count="0" type="stmt"/>
        <line num="4" count="0" type="stmt"/>
      </file>
    </package>
    <package name="src.common.models">
      <metrics statements="1" coveredstatements="0" conditionals="0" coveredconditionals="0" methods="0" coveredmethods="0"/>
      <file name="index.ts" path="C:\Users\Олег\Documents\GitHub\cryo\backend\api-gateway\src\common\models\index.ts">
        <metrics statements="1" coveredstatements="0" conditionals="0" coveredconditionals="0" methods="0" coveredmethods="0"/>
        <line num="1" count="0" type="stmt"/>
      </file>
    </package>
    <package name="src.common.pipes">
      <metrics statements="51" coveredstatements="51" conditionals="29" coveredconditionals="29" methods="7" coveredmethods="7"/>
      <file name="global-validation.pipe.ts" path="C:\Users\Олег\Documents\GitHub\cryo\backend\api-gateway\src\common\pipes\global-validation.pipe.ts">
        <metrics statements="18" coveredstatements="18" conditionals="13" coveredconditionals="13" methods="4" coveredmethods="4"/>
        <line num="1" count="5" type="stmt"/>
        <line num="12" count="5" type="stmt"/>
        <line num="14" count="13" type="stmt"/>
        <line num="26" count="4" type="stmt"/>
        <line num="28" count="4" type="stmt"/>
        <line num="35" count="4" type="stmt"/>
        <line num="44" count="5" type="stmt"/>
        <line num="46" count="5" type="stmt"/>
        <line num="47" count="7" type="cond" truecount="2" falsecount="0"/>
        <line num="49" count="7" type="cond" truecount="2" falsecount="0"/>
        <line num="50" count="6" type="stmt"/>
        <line num="51" count="6" type="stmt"/>
        <line num="60" count="7" type="cond" truecount="4" falsecount="0"/>
        <line num="61" count="1" type="stmt"/>
        <line num="65" count="5" type="stmt"/>
        <line num="70" count="10" type="cond" truecount="4" falsecount="0"/>
        <line num="71" count="1" type="stmt"/>
        <line num="74" count="9" type="stmt"/>
      </file>
      <file name="index.ts" path="C:\Users\Олег\Documents\GitHub\cryo\backend\api-gateway\src\common\pipes\index.ts">
        <metrics statements="4" coveredstatements="4" conditionals="0" coveredconditionals="0" methods="0" coveredmethods="0"/>
        <line num="1" count="3" type="stmt"/>
        <line num="2" count="3" type="stmt"/>
        <line num="3" count="3" type="stmt"/>
        <line num="4" count="3" type="stmt"/>
      </file>
      <file name="json-body-validation.pipe.ts" path="C:\Users\Олег\Documents\GitHub\cryo\backend\api-gateway\src\common\pipes\json-body-validation.pipe.ts">
        <metrics statements="7" coveredstatements="7" conditionals="6" coveredconditionals="6" methods="1" coveredmethods="1"/>
        <line num="1" count="4" type="stmt"/>
        <line num="4" count="4" type="stmt"/>
        <line num="7" count="21" type="cond" truecount="4" falsecount="0"/>
        <line num="8" count="4" type="stmt"/>
        <line num="14" count="17" type="stmt"/>
        <line num="15" count="17" type="cond" truecount="2" falsecount="0"/>
        <line num="16" count="9" type="stmt"/>
      </file>
      <file name="proxy-validation.pipe.ts" path="C:\Users\Олег\Documents\GitHub\cryo\backend\api-gateway\src\common\pipes\proxy-validation.pipe.ts">
        <metrics statements="17" coveredstatements="17" conditionals="10" coveredconditionals="10" methods="2" coveredmethods="2"/>
        <line num="1" count="4" type="stmt"/>
        <line num="7" count="4" type="stmt"/>
        <line num="8" count="4" type="stmt"/>
        <line num="9" count="4" type="stmt"/>
        <line num="12" count="4" type="stmt"/>
        <line num="15" count="20" type="cond" truecount="2" falsecount="0"/>
        <line num="16" count="3" type="stmt"/>
        <line num="20" count="17" type="cond" truecount="2" falsecount="0"/>
        <line num="21" count="5" type="stmt"/>
        <line num="25" count="12" type="stmt"/>
        <line num="28" count="12" type="stmt"/>
        <line num="33" count="12" type="cond" truecount="2" falsecount="0"/>
        <line num="34" count="10" type="stmt"/>
        <line num="35" count="14" type="stmt"/>
        <line num="36" count="14" type="cond" truecount="4" falsecount="0"/>
        <line num="41" count="10" type="stmt"/>
        <line num="49" count="2" type="stmt"/>
      </file>
      <file name="validation.module.ts" path="C:\Users\Олег\Documents\GitHub\cryo\backend\api-gateway\src\common\pipes\validation.module.ts">
        <metrics statements="5" coveredstatements="5" conditionals="0" coveredconditionals="0" methods="0" coveredmethods="0"/>
        <line num="1" count="3" type="stmt"/>
        <line num="2" count="3" type="stmt"/>
        <line num="3" count="3" type="stmt"/>
        <line num="4" count="3" type="stmt"/>
        <line num="10" count="3" type="stmt"/>
      </file>
    </package>
    <package name="src.common.validators">
      <metrics statements="100" coveredstatements="100" conditionals="59" coveredconditionals="59" methods="32" coveredmethods="32"/>
      <file name="index.ts" path="C:\Users\Олег\Documents\GitHub\cryo\backend\api-gateway\src\common\validators\index.ts">
        <metrics statements="8" coveredstatements="8" conditionals="0" coveredconditionals="0" methods="0" coveredmethods="0"/>
        <line num="1" count="4" type="stmt"/>
        <line num="2" count="4" type="stmt"/>
        <line num="3" count="4" type="stmt"/>
        <line num="4" count="4" type="stmt"/>
        <line num="5" count="4" type="stmt"/>
        <line num="6" count="4" type="stmt"/>
        <line num="7" count="4" type="stmt"/>
        <line num="8" count="4" type="stmt"/>
      </file>
      <file name="is-http-method.validator.ts" path="C:\Users\Олег\Documents\GitHub\cryo\backend\api-gateway\src\common\validators\is-http-method.validator.ts">
        <metrics statements="9" coveredstatements="9" conditionals="2" coveredconditionals="2" methods="4" coveredmethods="4"/>
        <line num="1" count="5" type="stmt"/>
        <line num="6" count="5" type="stmt"/>
        <line num="8" count="5" type="stmt"/>
        <line num="9" count="6" type="stmt"/>
        <line num="10" count="6" type="stmt"/>
        <line num="18" count="66" type="cond" truecount="2" falsecount="0"/>
        <line num="19" count="58" type="stmt"/>
        <line num="22" count="12" type="stmt"/>
        <line num="23" count="12" type="stmt"/>
      </file>
      <file name="is-ip-address.validator.ts" path="C:\Users\Олег\Documents\GitHub\cryo\backend\api-gateway\src\common\validators\is-ip-address.validator.ts">
        <metrics statements="9" coveredstatements="9" conditionals="4" coveredconditionals="4" methods="4" coveredmethods="4"/>
        <line num="1" count="5" type="stmt"/>
        <line num="7" count="5" type="stmt"/>
        <line num="8" count="3" type="stmt"/>
        <line num="9" count="3" type="stmt"/>
        <line num="17" count="62" type="cond" truecount="2" falsecount="0"/>
        <line num="20" count="57" type="stmt"/>
        <line num="23" count="57" type="stmt"/>
        <line num="25" count="57" type="cond" truecount="2" falsecount="0"/>
        <line num="28" count="14" type="stmt"/>
      </file>
      <file name="is-json-object.validator.ts" path="C:\Users\Олег\Documents\GitHub\cryo\backend\api-gateway\src\common\validators\is-json-object.validator.ts">
        <metrics statements="14" coveredstatements="14" conditionals="13" coveredconditionals="13" methods="4" coveredmethods="4"/>
        <line num="1" count="5" type="stmt"/>
        <line num="7" count="5" type="stmt"/>
        <line num="8" count="6" type="stmt"/>
        <line num="9" count="6" type="stmt"/>
        <line num="17" count="79" type="cond" truecount="4" falsecount="0"/>
        <line num="20" count="77" type="cond" truecount="4" falsecount="0"/>
        <line num="21" count="52" type="stmt"/>
        <line num="25" count="25" type="cond" truecount="2" falsecount="0"/>
        <line num="26" count="18" type="stmt"/>
        <line num="27" count="18" type="stmt"/>
        <line num="28" count="9" type="cond" truecount="3" falsecount="0"/>
        <line num="30" count="9" type="stmt"/>
        <line num="34" count="7" type="stmt"/>
        <line num="37" count="22" type="stmt"/>
      </file>
      <file name="is-port.validator.ts" path="C:\Users\Олег\Documents\GitHub\cryo\backend\api-gateway\src\common\validators\is-port.validator.ts">
        <metrics statements="13" coveredstatements="13" conditionals="12" coveredconditionals="12" methods="4" coveredmethods="4"/>
        <line num="1" count="5" type="stmt"/>
        <line num="7" count="5" type="stmt"/>
        <line num="8" count="3" type="stmt"/>
        <line num="9" count="3" type="stmt"/>
        <line num="17" count="65" type="cond" truecount="2" falsecount="0"/>
        <line num="19" count="9" type="cond" truecount="2" falsecount="0"/>
        <line num="20" count="5" type="stmt"/>
        <line num="22" count="4" type="stmt"/>
        <line num="23" count="4" type="cond" truecount="3" falsecount="0"/>
        <line num="25" count="56" type="cond" truecount="2" falsecount="0"/>
        <line num="26" count="50" type="cond" truecount="3" falsecount="0"/>
        <line num="28" count="6" type="stmt"/>
        <line num="31" count="18" type="stmt"/>
      </file>
      <file name="is-service-name.validator.ts" path="C:\Users\Олег\Documents\GitHub\cryo\backend\api-gateway\src\common\validators\is-service-name.validator.ts">
        <metrics statements="9" coveredstatements="9" conditionals="2" coveredconditionals="2" methods="4" coveredmethods="4"/>
        <line num="1" count="5" type="stmt"/>
        <line num="6" count="5" type="stmt"/>
        <line num="8" count="5" type="stmt"/>
        <line num="9" count="2" type="stmt"/>
        <line num="10" count="2" type="stmt"/>
        <line num="18" count="53" type="cond" truecount="2" falsecount="0"/>
        <line num="19" count="45" type="stmt"/>
        <line num="22" count="30" type="stmt"/>
        <line num="23" count="30" type="stmt"/>
      </file>
      <file name="is-timeout.validator.ts" path="C:\Users\Олег\Documents\GitHub\cryo\backend\api-gateway\src\common\validators\is-timeout.validator.ts">
        <metrics statements="18" coveredstatements="18" conditionals="16" coveredconditionals="16" methods="4" coveredmethods="4"/>
        <line num="1" count="5" type="stmt"/>
        <line num="7" count="5" type="stmt"/>
        <line num="12" count="4" type="stmt"/>
        <line num="13" count="4" type="stmt"/>
        <line num="21" count="94" type="stmt"/>
        <line num="23" count="94" type="cond" truecount="2" falsecount="0"/>
        <line num="25" count="16" type="stmt"/>
        <line num="26" count="16" type="cond" truecount="2" falsecount="0"/>
        <line num="27" count="6" type="stmt"/>
        <line num="30" count="10" type="cond" truecount="2" falsecount="0"/>
        <line num="31" count="1" type="stmt"/>
        <line num="33" count="9" type="stmt"/>
        <line num="34" count="9" type="cond" truecount="3" falsecount="0"/>
        <line num="36" count="78" type="cond" truecount="2" falsecount="0"/>
        <line num="37" count="71" type="cond" truecount="3" falsecount="0"/>
        <line num="39" count="7" type="stmt"/>
        <line num="42" count="26" type="stmt"/>
        <line num="43" count="26" type="stmt"/>
      </file>
      <file name="is-valid-url.validator.ts" path="C:\Users\Олег\Documents\GitHub\cryo\backend\api-gateway\src\common\validators\is-valid-url.validator.ts">
        <metrics statements="10" coveredstatements="10" conditionals="2" coveredconditionals="2" methods="4" coveredmethods="4"/>
        <line num="1" count="5" type="stmt"/>
        <line num="7" count="5" type="stmt"/>
        <line num="8" count="3" type="stmt"/>
        <line num="9" count="3" type="stmt"/>
        <line num="17" count="66" type="cond" truecount="2" falsecount="0"/>
        <line num="19" count="59" type="stmt"/>
        <line num="20" count="59" type="stmt"/>
        <line num="21" count="53" type="stmt"/>
        <line num="23" count="6" type="stmt"/>
        <line num="27" count="15" type="stmt"/>
      </file>
      <file name="safe-path.validator.ts" path="C:\Users\Олег\Documents\GitHub\cryo\backend\api-gateway\src\common\validators\safe-path.validator.ts">
        <metrics statements="10" coveredstatements="10" conditionals="8" coveredconditionals="8" methods="4" coveredmethods="4"/>
        <line num="1" count="5" type="stmt"/>
        <line num="7" count="5" type="stmt"/>
        <line num="8" count="6" type="stmt"/>
        <line num="9" count="6" type="stmt"/>
        <line num="17" count="66" type="cond" truecount="2" falsecount="0"/>
        <line num="18" count="59" type="cond" truecount="2" falsecount="0"/>
        <line num="19" count="55" type="cond" truecount="2" falsecount="0"/>
        <line num="20" count="52" type="cond" truecount="2" falsecount="0"/>
        <line num="21" count="48" type="stmt"/>
        <line num="24" count="17" type="stmt"/>
      </file>
    </package>
    <package name="src.config">
      <metrics statements="12" coveredstatements="12" conditionals="37" coveredconditionals="20" methods="3" coveredmethods="3"/>
      <file name="redis.config.ts" path="C:\Users\Олег\Documents\GitHub\cryo\backend\api-gateway\src\config\redis.config.ts">
        <metrics statements="3" coveredstatements="3" conditionals="10" coveredconditionals="6" methods="1" coveredmethods="1"/>
        <line num="1" count="3" type="stmt"/>
        <line num="11" count="3" type="stmt"/>
        <line num="13" count="3" type="stmt"/>
      </file>
      <file name="services.config.ts" path="C:\Users\Олег\Documents\GitHub\cryo\backend\api-gateway\src\config\services.config.ts">
        <metrics statements="7" coveredstatements="7" conditionals="27" coveredconditionals="14" methods="2" coveredmethods="2"/>
        <line num="1" count="3" type="stmt"/>
        <line num="6" count="3" type="stmt"/>
        <line num="7" count="3" type="cond" truecount="1" falsecount="1"/>
        <line num="8" count="3" type="cond" truecount="1" falsecount="1"/>
        <line num="10" count="3" type="stmt"/>
        <line num="14" count="33" type="stmt"/>
        <line num="22" count="3" type="stmt"/>
      </file>
      <file name="validation.schema.ts" path="C:\Users\Олег\Documents\GitHub\cryo\backend\api-gateway\src\config\validation.schema.ts">
        <metrics statements="2" coveredstatements="2" conditionals="0" coveredconditionals="0" methods="0" coveredmethods="0"/>
        <line num="1" count="3" type="stmt"/>
        <line num="3" count="3" type="stmt"/>
      </file>
    </package>
    <package name="src.config.dto">
      <metrics statements="16" coveredstatements="14" conditionals="0" coveredconditionals="0" methods="1" coveredmethods="0"/>
      <file name="index.ts" path="C:\Users\Олег\Documents\GitHub\cryo\backend\api-gateway\src\config\dto\index.ts">
        <metrics statements="1" coveredstatements="0" conditionals="0" coveredconditionals="0" methods="0" coveredmethods="0"/>
        <line num="1" count="0" type="stmt"/>
      </file>
      <file name="service-config.dto.ts" path="C:\Users\Олег\Documents\GitHub\cryo\backend\api-gateway\src\config\dto\service-config.dto.ts">
        <metrics statements="15" coveredstatements="14" conditionals="0" coveredconditionals="0" methods="1" coveredmethods="0"/>
        <line num="1" count="1" type="stmt"/>
        <line num="2" count="1" type="stmt"/>
        <line num="3" count="1" type="stmt"/>
        <line num="5" count="1" type="stmt"/>
        <line num="13" count="1" type="stmt"/>
        <line num="22" count="1" type="stmt"/>
        <line num="31" count="1" type="stmt"/>
        <line num="34" count="1" type="stmt"/>
        <line num="40" count="1" type="stmt"/>
        <line num="47" count="1" type="stmt"/>
        <line num="56" count="1" type="stmt"/>
        <line num="65" count="1" type="stmt"/>
        <line num="72" count="1" type="stmt"/>
        <line num="80" count="0" type="stmt"/>
        <line num="81" count="1" type="stmt"/>
      </file>
    </package>
    <package name="src.health">
      <metrics statements="106" coveredstatements="72" conditionals="34" coveredconditionals="17" methods="19" coveredmethods="12"/>
      <file name="health.controller.ts" path="C:\Users\Олег\Documents\GitHub\cryo\backend\api-gateway\src\health\health.controller.ts">
        <metrics statements="10" coveredstatements="10" conditionals="0" coveredconditionals="0" methods="3" coveredmethods="3"/>
        <line num="1" count="4" type="stmt"/>
        <line num="2" count="4" type="stmt"/>
        <line num="3" count="4" type="stmt"/>
        <line num="4" count="4" type="stmt"/>
        <line num="8" count="4" type="stmt"/>
        <line num="9" count="26" type="stmt"/>
        <line num="14" count="4" type="stmt"/>
        <line num="15" count="8" type="stmt"/>
        <line num="21" count="4" type="stmt"/>
        <line num="22" count="12" type="stmt"/>
      </file>
      <file name="health.module.ts" path="C:\Users\Олег\Documents\GitHub\cryo\backend\api-gateway\src\health\health.module.ts">
        <metrics statements="9" coveredstatements="9" conditionals="0" coveredconditionals="0" methods="0" coveredmethods="0"/>
        <line num="1" count="3" type="stmt"/>
        <line num="2" count="3" type="stmt"/>
        <line num="3" count="3" type="stmt"/>
        <line num="4" count="3" type="stmt"/>
        <line num="5" count="3" type="stmt"/>
        <line num="6" count="3" type="stmt"/>
        <line num="7" count="3" type="stmt"/>
        <line num="8" count="3" type="stmt"/>
        <line num="15" count="3" type="stmt"/>
      </file>
      <file name="health.service.ts" path="C:\Users\Олег\Documents\GitHub\cryo\backend\api-gateway\src\health\health.service.ts">
        <metrics statements="75" coveredstatements="41" conditionals="34" coveredconditionals="17" methods="12" coveredmethods="5"/>
        <line num="1" count="5" type="stmt"/>
        <line num="2" count="5" type="stmt"/>
        <line num="3" count="5" type="stmt"/>
        <line num="4" count="5" type="stmt"/>
        <line num="36" count="5" type="stmt"/>
        <line num="37" count="30" type="stmt"/>
        <line num="38" count="30" type="stmt"/>
        <line num="39" count="30" type="stmt"/>
        <line num="42" count="30" type="stmt"/>
        <line num="43" count="30" type="stmt"/>
        <line num="51" count="8" type="stmt"/>
        <line num="53" count="8" type="stmt"/>
        <line num="54" count="8" type="stmt"/>
        <line num="56" count="8" type="stmt"/>
        <line num="62" count="0" type="stmt"/>
        <line num="63" count="0" type="stmt"/>
        <line num="72" count="0" type="stmt"/>
        <line num="78" count="0" type="cond" truecount="0" falsecount="4"/>
        <line num="79" count="0" type="stmt"/>
        <line num="81" count="0" type="stmt"/>
        <line num="91" count="16" type="stmt"/>
        <line num="92" count="16" type="cond" truecount="4" falsecount="0"/>
        <line num="93" count="1" type="stmt"/>
        <line num="94" count="1" type="stmt"/>
        <line num="97" count="15" type="stmt"/>
        <line num="100" count="15" type="stmt"/>
        <line num="101" count="16" type="stmt"/>
        <line num="102" count="16" type="stmt"/>
        <line num="105" count="16" type="cond" truecount="2" falsecount="2"/>
        <line num="106" count="0" type="stmt"/>
        <line num="109" count="16" type="stmt"/>
        <line num="110" count="16" type="stmt"/>
        <line num="111" count="16" type="stmt"/>
        <line num="112" count="16" type="stmt"/>
        <line num="114" count="0" type="stmt"/>
        <line num="116" count="11" type="stmt"/>
        <line num="117" count="11" type="cond" truecount="2" falsecount="0"/>
        <line num="119" count="11" type="stmt"/>
        <line num="128" count="11" type="stmt"/>
        <line num="129" count="11" type="stmt"/>
        <line num="131" count="5" type="stmt"/>
        <line num="132" count="5" type="stmt"/>
        <line num="141" count="5" type="stmt"/>
        <line num="142" count="5" type="stmt"/>
        <line num="146" count="15" type="stmt"/>
        <line num="148" count="15" type="stmt"/>
        <line num="149" count="16" type="cond" truecount="1" falsecount="1"/>
        <line num="150" count="16" type="stmt"/>
        <line num="153" count="0" type="stmt"/>
        <line num="154" count="0" type="stmt"/>
        <line num="163" count="15" type="stmt"/>
        <line num="167" count="0" type="stmt"/>
        <line num="168" count="0" type="stmt"/>
        <line num="171" count="0" type="stmt"/>
        <line num="172" count="0" type="stmt"/>
        <line num="173" count="0" type="stmt"/>
        <line num="174" count="0" type="stmt"/>
        <line num="175" count="0" type="stmt"/>
        <line num="180" count="0" type="stmt"/>
        <line num="183" count="0" type="stmt"/>
        <line num="197" count="0" type="stmt"/>
        <line num="198" count="0" type="cond" truecount="0" falsecount="2"/>
        <line num="199" count="0" type="stmt"/>
        <line num="202" count="0" type="stmt"/>
        <line num="203" count="0" type="stmt"/>
        <line num="204" count="0" type="stmt"/>
        <line num="205" count="0" type="stmt"/>
        <line num="207" count="0" type="stmt"/>
        <line num="209" count="0" type="stmt"/>
        <line num="210" count="0" type="cond" truecount="0" falsecount="2"/>
        <line num="212" count="0" type="stmt"/>
        <line num="220" count="0" type="stmt"/>
        <line num="221" count="0" type="stmt"/>
        <line num="232" count="0" type="stmt"/>
        <line num="233" count="0" type="stmt"/>
      </file>
      <file name="metrics.controller.ts" path="C:\Users\Олег\Documents\GitHub\cryo\backend\api-gateway\src\health\metrics.controller.ts">
        <metrics statements="6" coveredstatements="6" conditionals="0" coveredconditionals="0" methods="2" coveredmethods="2"/>
        <line num="1" count="4" type="stmt"/>
        <line num="2" count="4" type="stmt"/>
        <line num="5" count="4" type="stmt"/>
        <line num="6" count="25" type="stmt"/>
        <line num="10" count="4" type="stmt"/>
        <line num="11" count="11" type="stmt"/>
      </file>
      <file name="metrics.service.ts" path="C:\Users\Олег\Documents\GitHub\cryo\backend\api-gateway\src\health\metrics.service.ts">
        <metrics statements="6" coveredstatements="6" conditionals="0" coveredconditionals="0" methods="2" coveredmethods="2"/>
        <line num="1" count="5" type="stmt"/>
        <line num="2" count="5" type="stmt"/>
        <line num="5" count="5" type="stmt"/>
        <line num="9" count="23" type="stmt"/>
        <line num="10" count="23" type="stmt"/>
        <line num="14" count="10" type="stmt"/>
      </file>
    </package>
    <package name="src.health.dto">
      <metrics statements="28" coveredstatements="27" conditionals="0" coveredconditionals="0" methods="1" coveredmethods="1"/>
      <file name="health-check-result.dto.ts" path="C:\Users\Олег\Documents\GitHub\cryo\backend\api-gateway\src\health\dto\health-check-result.dto.ts">
        <metrics statements="16" coveredstatements="16" conditionals="0" coveredconditionals="0" methods="1" coveredmethods="1"/>
        <line num="1" count="1" type="stmt"/>
        <line num="2" count="1" type="stmt"/>
        <line num="3" count="1" type="stmt"/>
        <line num="4" count="1" type="stmt"/>
        <line num="6" count="1" type="stmt"/>
        <line num="12" count="1" type="stmt"/>
        <line num="19" count="1" type="stmt"/>
        <line num="30" count="1" type="stmt"/>
        <line num="37" count="1" type="stmt"/>
        <line num="46" count="1" type="stmt"/>
        <line num="49" count="1" type="stmt"/>
        <line num="55" count="1" type="stmt"/>
        <line num="62" count="1" type="stmt"/>
        <line num="71" count="1" type="stmt"/>
        <line num="79" count="2" type="stmt"/>
        <line num="80" count="1" type="stmt"/>
      </file>
      <file name="health.dto.ts" path="C:\Users\Олег\Documents\GitHub\cryo\backend\api-gateway\src\health\dto\health.dto.ts">
        <metrics statements="11" coveredstatements="11" conditionals="0" coveredconditionals="0" methods="0" coveredmethods="0"/>
        <line num="1" count="4" type="stmt"/>
        <line num="3" count="4" type="stmt"/>
        <line num="5" count="4" type="stmt"/>
        <line num="8" count="4" type="stmt"/>
        <line num="11" count="4" type="stmt"/>
        <line num="14" count="4" type="stmt"/>
        <line num="16" count="4" type="stmt"/>
        <line num="19" count="4" type="stmt"/>
        <line num="22" count="4" type="stmt"/>
        <line num="25" count="4" type="stmt"/>
        <line num="28" count="4" type="stmt"/>
      </file>
      <file name="index.ts" path="C:\Users\Олег\Documents\GitHub\cryo\backend\api-gateway\src\health\dto\index.ts">
        <metrics statements="1" coveredstatements="0" conditionals="0" coveredconditionals="0" methods="0" coveredmethods="0"/>
        <line num="1" count="0" type="stmt"/>
      </file>
    </package>
    <package name="src.proxy">
      <metrics statements="172" coveredstatements="166" conditionals="77" coveredconditionals="60" methods="26" coveredmethods="24"/>
      <file name="proxy.controller.ts" path="C:\Users\Олег\Documents\GitHub\cryo\backend\api-gateway\src\proxy\proxy.controller.ts">
        <metrics statements="32" coveredstatements="32" conditionals="0" coveredconditionals="0" methods="9" coveredmethods="9"/>
        <line num="1" count="3" type="stmt"/>
        <line num="14" count="3" type="stmt"/>
        <line num="15" count="3" type="stmt"/>
        <line num="16" count="3" type="stmt"/>
        <line num="22" count="3" type="stmt"/>
        <line num="23" count="3" type="stmt"/>
        <line num="29" count="3" type="stmt"/>
        <line num="30" count="18" type="stmt"/>
        <line num="35" count="3" type="stmt"/>
        <line num="36" count="8" type="stmt"/>
        <line num="37" count="7" type="stmt"/>
        <line num="38" count="7" type="stmt"/>
        <line num="39" count="10" type="stmt"/>
        <line num="41" count="7" type="stmt"/>
        <line num="49" count="3" type="stmt"/>
        <line num="50" count="3" type="stmt"/>
        <line num="51" count="2" type="stmt"/>
        <line num="52" count="2" type="stmt"/>
        <line num="53" count="2" type="stmt"/>
        <line num="55" count="2" type="stmt"/>
        <line num="63" count="3" type="stmt"/>
        <line num="64" count="3" type="stmt"/>
        <line num="65" count="2" type="stmt"/>
        <line num="66" count="2" type="stmt"/>
        <line num="67" count="2" type="stmt"/>
        <line num="69" count="2" type="stmt"/>
        <line num="76" count="3" type="stmt"/>
        <line num="77" count="3" type="stmt"/>
        <line num="78" count="2" type="stmt"/>
        <line num="79" count="2" type="stmt"/>
        <line num="80" count="1" type="stmt"/>
        <line num="82" count="2" type="stmt"/>
      </file>
      <file name="proxy.module.ts" path="C:\Users\Олег\Documents\GitHub\cryo\backend\api-gateway\src\proxy\proxy.module.ts">
        <metrics statements="11" coveredstatements="11" conditionals="0" coveredconditionals="0" methods="0" coveredmethods="0"/>
        <line num="1" count="2" type="stmt"/>
        <line num="2" count="2" type="stmt"/>
        <line num="3" count="2" type="stmt"/>
        <line num="4" count="2" type="stmt"/>
        <line num="5" count="2" type="stmt"/>
        <line num="6" count="2" type="stmt"/>
        <line num="7" count="2" type="stmt"/>
        <line num="8" count="2" type="stmt"/>
        <line num="9" count="2" type="stmt"/>
        <line num="10" count="2" type="stmt"/>
        <line num="26" count="2" type="stmt"/>
      </file>
      <file name="proxy.service.ts" path="C:\Users\Олег\Documents\GitHub\cryo\backend\api-gateway\src\proxy\proxy.service.ts">
        <metrics statements="129" coveredstatements="123" conditionals="77" coveredconditionals="60" methods="17" coveredmethods="15"/>
        <line num="1" count="4" type="stmt"/>
        <line num="3" count="4" type="stmt"/>
        <line num="4" count="4" type="stmt"/>
        <line num="5" count="4" type="stmt"/>
        <line num="6" count="4" type="stmt"/>
        <line num="7" count="4" type="stmt"/>
        <line num="8" count="4" type="stmt"/>
        <line num="19" count="4" type="stmt"/>
        <line num="20" count="21" type="stmt"/>
        <line num="21" count="21" type="stmt"/>
        <line num="22" count="21" type="stmt"/>
        <line num="27" count="21" type="stmt"/>
        <line num="33" count="21" type="stmt"/>
        <line num="41" count="0" type="stmt"/>
        <line num="49" count="31" type="stmt"/>
        <line num="50" count="31" type="cond" truecount="2" falsecount="0"/>
        <line num="51" count="2" type="stmt"/>
        <line num="61" count="29" type="stmt"/>
        <line num="62" count="29" type="cond" truecount="2" falsecount="0"/>
        <line num="63" count="1" type="stmt"/>
        <line num="69" count="28" type="cond" truecount="2" falsecount="0"/>
        <line num="70" count="2" type="stmt"/>
        <line num="76" count="26" type="stmt"/>
        <line num="77" count="26" type="stmt"/>
        <line num="81" count="26" type="stmt"/>
        <line num="90" count="0" type="stmt"/>
        <line num="93" count="26" type="stmt"/>
        <line num="94" count="26" type="stmt"/>
        <line num="97" count="26" type="stmt"/>
        <line num="99" count="26" type="stmt"/>
        <line num="100" count="49" type="stmt"/>
        <line num="101" count="49" type="stmt"/>
        <line num="102" count="15" type="stmt"/>
        <line num="105" count="15" type="stmt"/>
        <line num="106" count="15" type="stmt"/>
        <line num="110" count="15" type="stmt"/>
        <line num="111" count="15" type="cond" truecount="1" falsecount="1"/>
        <line num="112" count="6" type="cond" truecount="2" falsecount="0"/>
        <line num="113" count="5" type="cond" truecount="1" falsecount="1"/>
        <line num="116" count="13" type="stmt"/>
        <line num="122" count="36" type="stmt"/>
        <line num="123" count="36" type="stmt"/>
        <line num="124" count="36" type="stmt"/>
        <line num="127" count="36" type="cond" truecount="2" falsecount="0"/>
        <line num="128" count="1" type="stmt"/>
        <line num="129" count="1" type="stmt"/>
        <line num="132" count="1" type="stmt"/>
        <line num="136" count="35" type="stmt"/>
        <line num="137" count="35" type="cond" truecount="3" falsecount="0"/>
        <line num="139" count="35" type="stmt"/>
        <line num="144" count="35" type="cond" truecount="4" falsecount="0"/>
        <line num="145" count="12" type="stmt"/>
        <line num="147" count="12" type="cond" truecount="2" falsecount="0"/>
        <line num="148" count="2" type="stmt"/>
        <line num="149" count="2" type="cond" truecount="1" falsecount="1"/>
        <line num="150" count="1" type="cond" truecount="1" falsecount="1"/>
        <line num="151" count="1" type="cond" truecount="1" falsecount="1"/>
        <line num="153" count="2" type="stmt"/>
        <line num="162" count="10" type="stmt"/>
        <line num="169" count="23" type="stmt"/>
        <line num="170" count="23" type="stmt"/>
        <line num="171" count="23" type="stmt"/>
        <line num="175" count="0" type="stmt"/>
        <line num="176" count="0" type="cond" truecount="0" falsecount="2"/>
        <line num="184" count="31" type="stmt"/>
        <line num="185" count="31" type="cond" truecount="1" falsecount="1"/>
        <line num="186" count="31" type="cond" truecount="1" falsecount="1"/>
        <line num="187" count="31" type="stmt"/>
        <line num="188" count="31" type="stmt"/>
        <line num="201" count="31" type="stmt"/>
        <line num="202" count="31" type="stmt"/>
        <line num="210" count="26" type="stmt"/>
        <line num="211" count="26" type="cond" truecount="2" falsecount="0"/>
        <line num="212" count="26" type="stmt"/>
        <line num="213" count="26" type="stmt"/>
        <line num="219" count="26" type="stmt"/>
        <line num="231" count="26" type="stmt"/>
        <line num="232" count="26" type="stmt"/>
        <line num="233" count="9" type="stmt"/>
        <line num="234" count="9" type="cond" truecount="2" falsecount="0"/>
        <line num="235" count="6" type="cond" truecount="1" falsecount="1"/>
        <line num="236" count="6" type="cond" truecount="1" falsecount="1"/>
        <line num="238" count="26" type="stmt"/>
        <line num="239" count="26" type="stmt"/>
        <line num="240" count="26" type="stmt"/>
        <line num="246" count="26" type="stmt"/>
        <line num="250" count="28" type="stmt"/>
        <line num="251" count="28" type="stmt"/>
        <line num="252" count="28" type="stmt"/>
        <line num="253" count="28" type="cond" truecount="1" falsecount="1"/>
        <line num="255" count="28" type="cond" truecount="2" falsecount="0"/>
        <line num="256" count="3" type="cond" truecount="4" falsecount="0"/>
        <line num="258" count="1" type="stmt"/>
        <line num="259" count="1" type="stmt"/>
        <line num="260" count="1" type="stmt"/>
        <line num="262" count="2" type="stmt"/>
        <line num="263" count="2" type="stmt"/>
        <line num="265" count="25" type="stmt"/>
        <line num="269" count="15" type="stmt"/>
        <line num="270" count="15" type="cond" truecount="2" falsecount="0"/>
        <line num="272" count="3" type="cond" truecount="2" falsecount="0"/>
        <line num="275" count="3" type="stmt"/>
        <line num="282" count="3" type="cond" truecount="2" falsecount="0"/>
        <line num="283" count="1" type="stmt"/>
        <line num="288" count="13" type="stmt"/>
        <line num="289" count="13" type="stmt"/>
        <line num="290" count="13" type="cond" truecount="1" falsecount="1"/>
        <line num="291" count="13" type="cond" truecount="1" falsecount="1"/>
        <line num="294" count="13" type="cond" truecount="2" falsecount="0"/>
        <line num="303" count="13" type="cond" truecount="3" falsecount="1"/>
        <line num="304" count="0" type="stmt"/>
        <line num="305" count="0" type="stmt"/>
        <line num="307" count="13" type="stmt"/>
        <line num="308" count="13" type="cond" truecount="2" falsecount="0"/>
        <line num="310" count="13" type="cond" truecount="2" falsecount="0"/>
        <line num="311" count="2" type="stmt"/>
        <line num="315" count="2" type="stmt"/>
        <line num="322" count="11" type="stmt"/>
        <line num="325" count="11" type="stmt"/>
        <line num="330" count="23" type="stmt"/>
        <line num="337" count="5" type="stmt"/>
        <line num="339" count="5" type="stmt"/>
        <line num="340" count="4" type="stmt"/>
        <line num="346" count="5" type="stmt"/>
        <line num="353" count="1" type="stmt"/>
        <line num="354" count="1" type="stmt"/>
        <line num="361" count="1" type="stmt"/>
        <line num="362" count="1" type="stmt"/>
        <line num="363" count="1" type="stmt"/>
      </file>
    </package>
    <package name="src.proxy.dto">
      <metrics statements="22" coveredstatements="19" conditionals="0" coveredconditionals="0" methods="1" coveredmethods="0"/>
      <file name="index.ts" path="C:\Users\Олег\Documents\GitHub\cryo\backend\api-gateway\src\proxy\dto\index.ts">
        <metrics statements="2" coveredstatements="0" conditionals="0" coveredconditionals="0" methods="0" coveredmethods="0"/>
        <line num="1" count="0" type="stmt"/>
        <line num="2" count="0" type="stmt"/>
      </file>
      <file name="proxy-request.dto.ts" path="C:\Users\Олег\Documents\GitHub\cryo\backend\api-gateway\src\proxy\dto\proxy-request.dto.ts">
        <metrics statements="13" coveredstatements="12" conditionals="0" coveredconditionals="0" methods="1" coveredmethods="0"/>
        <line num="1" count="1" type="stmt"/>
        <line num="9" count="1" type="stmt"/>
        <line num="10" count="1" type="stmt"/>
        <line num="11" count="1" type="stmt"/>
        <line num="12" count="1" type="stmt"/>
        <line num="14" count="1" type="stmt"/>
        <line num="17" count="1" type="stmt"/>
        <line num="22" count="1" type="stmt"/>
        <line num="29" count="1" type="stmt"/>
        <line num="33" count="1" type="stmt"/>
        <line num="41" count="1" type="stmt"/>
        <line num="46" count="0" type="stmt"/>
        <line num="47" count="1" type="stmt"/>
      </file>
      <file name="proxy-response.dto.ts" path="C:\Users\Олег\Documents\GitHub\cryo\backend\api-gateway\src\proxy\dto\proxy-response.dto.ts">
        <metrics statements="7" coveredstatements="7" conditionals="0" coveredconditionals="0" methods="0" coveredmethods="0"/>
        <line num="1" count="1" type="stmt"/>
        <line num="2" count="1" type="stmt"/>
        <line num="4" count="1" type="stmt"/>
        <line num="13" count="1" type="stmt"/>
        <line num="20" count="1" type="stmt"/>
        <line num="23" count="1" type="stmt"/>
        <line num="32" count="1" type="stmt"/>
      </file>
    </package>
    <package name="src.proxy.models">
      <metrics statements="2" coveredstatements="0" conditionals="0" coveredconditionals="0" methods="0" coveredmethods="0"/>
      <file name="index.ts" path="C:\Users\Олег\Documents\GitHub\cryo\backend\api-gateway\src\proxy\models\index.ts">
        <metrics statements="2" coveredstatements="0" conditionals="0" coveredconditionals="0" methods="0" coveredmethods="0"/>
        <line num="1" count="0" type="stmt"/>
        <line num="2" count="0" type="stmt"/>
      </file>
    </package>
    <package name="src.redis">
      <metrics statements="18" coveredstatements="18" conditionals="0" coveredconditionals="0" methods="5" coveredmethods="5"/>
      <file name="redis.constants.ts" path="C:\Users\Олег\Documents\GitHub\cryo\backend\api-gateway\src\redis\redis.constants.ts">
        <metrics statements="1" coveredstatements="1" conditionals="0" coveredconditionals="0" methods="0" coveredmethods="0"/>
        <line num="3" count="11" type="stmt"/>
      </file>
      <file name="redis.module.ts" path="C:\Users\Олег\Documents\GitHub\cryo\backend\api-gateway\src\redis\redis.module.ts">
        <metrics statements="10" coveredstatements="10" conditionals="0" coveredconditionals="0" methods="2" coveredmethods="2"/>
        <line num="1" count="4" type="stmt"/>
        <line num="2" count="4" type="stmt"/>
        <line num="3" count="4" type="stmt"/>
        <line num="5" count="4" type="stmt"/>
        <line num="6" count="4" type="stmt"/>
        <line num="13" count="4" type="stmt"/>
        <line num="15" count="3" type="stmt"/>
        <line num="23" count="3" type="stmt"/>
        <line num="24" count="3" type="stmt"/>
        <line num="33" count="3" type="stmt"/>
      </file>
      <file name="redis.service.ts" path="C:\Users\Олег\Documents\GitHub\cryo\backend\api-gateway\src\redis\redis.service.ts">
        <metrics statements="7" coveredstatements="7" conditionals="0" coveredconditionals="0" methods="3" coveredmethods="3"/>
        <line num="1" count="11" type="stmt"/>
        <line num="2" count="11" type="stmt"/>
        <line num="5" count="11" type="stmt"/>
        <line num="6" count="18" type="stmt"/>
        <line num="9" count="13" type="stmt"/>
        <line num="13" count="5" type="stmt"/>
        <line num="14" count="5" type="stmt"/>
      </file>
    </package>
    <package name="src.registry">
      <metrics statements="31" coveredstatements="30" conditionals="6" coveredconditionals="3" methods="8" coveredmethods="7"/>
      <file name="service-registry.module.ts" path="C:\Users\Олег\Documents\GitHub\cryo\backend\api-gateway\src\registry\service-registry.module.ts">
        <metrics statements="4" coveredstatements="4" conditionals="0" coveredconditionals="0" methods="0" coveredmethods="0"/>
        <line num="1" count="4" type="stmt"/>
        <line num="2" count="4" type="stmt"/>
        <line num="3" count="4" type="stmt"/>
        <line num="10" count="4" type="stmt"/>
      </file>
      <file name="service-registry.service.ts" path="C:\Users\Олег\Documents\GitHub\cryo\backend\api-gateway\src\registry\service-registry.service.ts">
        <metrics statements="27" coveredstatements="26" conditionals="6" coveredconditionals="3" methods="8" coveredmethods="7"/>
        <line num="1" count="12" type="stmt"/>
        <line num="2" count="12" type="stmt"/>
        <line num="3" count="12" type="stmt"/>
        <line num="8" count="12" type="stmt"/>
        <line num="9" count="11" type="stmt"/>
        <line num="11" count="11" type="stmt"/>
        <line num="13" count="11" type="stmt"/>
        <line num="14" count="11" type="stmt"/>
        <line num="16" count="11" type="stmt"/>
        <line num="17" count="40" type="stmt"/>
        <line num="22" count="2" type="stmt"/>
        <line num="23" count="2" type="stmt"/>
        <line num="27" count="10" type="stmt"/>
        <line num="31" count="4" type="stmt"/>
        <line num="32" count="4" type="cond" truecount="2" falsecount="0"/>
        <line num="33" count="1" type="stmt"/>
        <line num="34" count="1" type="stmt"/>
        <line num="37" count="3" type="stmt"/>
        <line num="38" count="3" type="stmt"/>
        <line num="39" count="3" type="stmt"/>
        <line num="41" count="0" type="cond" truecount="0" falsecount="2"/>
        <line num="44" count="2" type="stmt"/>
        <line num="45" count="2" type="stmt"/>
        <line num="47" count="1" type="cond" truecount="1" falsecount="1"/>
        <line num="48" count="1" type="stmt"/>
        <line num="53" count="3" type="stmt"/>
        <line num="57" count="2" type="stmt"/>
      </file>
    </package>
    <package name="src.routes.dto">
      <metrics statements="25" coveredstatements="17" conditionals="0" coveredconditionals="0" methods="1" coveredmethods="0"/>
      <file name="index.ts" path="C:\Users\Олег\Documents\GitHub\cryo\backend\api-gateway\src\routes\dto\index.ts">
        <metrics statements="1" coveredstatements="0" conditionals="0" coveredconditionals="0" methods="0" coveredmethods="0"/>
        <line num="1" count="0" type="stmt"/>
      </file>
      <file name="rate-limit-config.dto.ts" path="C:\Users\Олег\Documents\GitHub\cryo\backend\api-gateway\src\routes\dto\rate-limit-config.dto.ts">
        <metrics statements="6" coveredstatements="0" conditionals="0" coveredconditionals="0" methods="0" coveredmethods="0"/>
        <line num="1" count="0" type="stmt"/>
        <line num="3" count="0" type="stmt"/>
        <line num="6" count="0" type="stmt"/>
        <line num="10" count="0" type="stmt"/>
        <line num="14" count="0" type="stmt"/>
        <line num="17" count="0" type="stmt"/>
      </file>
      <file name="route-config.dto.ts" path="C:\Users\Олег\Documents\GitHub\cryo\backend\api-gateway\src\routes\dto\route-config.dto.ts">
        <metrics statements="18" coveredstatements="17" conditionals="0" coveredconditionals="0" methods="1" coveredmethods="0"/>
        <line num="1" count="1" type="stmt"/>
        <line num="2" count="1" type="stmt"/>
        <line num="3" count="1" type="stmt"/>
        <line num="4" count="1" type="stmt"/>
        <line num="5" count="1" type="stmt"/>
        <line num="7" count="1" type="stmt"/>
        <line num="15" count="1" type="stmt"/>
        <line num="24" count="1" type="stmt"/>
        <line num="32" count="1" type="stmt"/>
        <line num="40" count="1" type="stmt"/>
        <line num="43" count="1" type="stmt"/>
        <line num="49" count="1" type="stmt"/>
        <line num="56" count="1" type="stmt"/>
        <line num="63" count="1" type="stmt"/>
        <line num="70" count="1" type="stmt"/>
        <line num="78" count="0" type="stmt"/>
        <line num="79" count="1" type="stmt"/>
        <line num="89" count="1" type="stmt"/>
      </file>
    </package>
    <package name="src.security">
      <metrics statements="75" coveredstatements="74" conditionals="43" coveredconditionals="40" methods="11" coveredmethods="10"/>
      <file name="auth-validation.service.ts" path="C:\Users\Олег\Documents\GitHub\cryo\backend\api-gateway\src\security\auth-validation.service.ts">
        <metrics statements="31" coveredstatements="30" conditionals="30" coveredconditionals="29" methods="4" coveredmethods="3"/>
        <line num="1" count="6" type="stmt"/>
        <line num="2" count="6" type="stmt"/>
        <line num="3" count="6" type="stmt"/>
        <line num="7" count="6" type="stmt"/>
        <line num="8" count="12" type="stmt"/>
        <line num="11" count="9" type="stmt"/>
        <line num="12" count="9" type="cond" truecount="2" falsecount="0"/>
        <line num="13" count="2" type="stmt"/>
        <line num="16" count="7" type="stmt"/>
        <line num="17" count="7" type="cond" truecount="2" falsecount="0"/>
        <line num="18" count="1" type="stmt"/>
        <line num="21" count="6" type="stmt"/>
        <line num="22" count="6" type="stmt"/>
        <line num="23" count="6" type="stmt"/>
        <line num="26" count="0" type="stmt"/>
        <line num="28" count="4" type="cond" truecount="4" falsecount="0"/>
        <line num="29" count="1" type="stmt"/>
        <line num="32" count="3" type="stmt"/>
        <line num="33" count="3" type="stmt"/>
        <line num="39" count="3" type="cond" truecount="2" falsecount="0"/>
        <line num="40" count="1" type="stmt"/>
        <line num="42" count="2" type="stmt"/>
        <line num="44" count="4" type="stmt"/>
        <line num="45" count="4" type="cond" truecount="4" falsecount="0"/>
        <line num="46" count="1" type="stmt"/>
        <line num="48" count="3" type="stmt"/>
        <line num="53" count="18" type="cond" truecount="2" falsecount="0"/>
        <line num="54" count="14" type="stmt"/>
        <line num="55" count="14" type="cond" truecount="5" falsecount="0"/>
        <line num="56" count="5" type="stmt"/>
        <line num="57" count="9" type="stmt"/>
      </file>
      <file name="rate-limit.service.ts" path="C:\Users\Олег\Documents\GitHub\cryo\backend\api-gateway\src\security\rate-limit.service.ts">
        <metrics statements="44" coveredstatements="44" conditionals="13" coveredconditionals="11" methods="7" coveredmethods="7"/>
        <line num="1" count="5" type="stmt"/>
        <line num="2" count="5" type="stmt"/>
        <line num="4" count="5" type="stmt"/>
        <line num="21" count="5" type="stmt"/>
        <line num="28" count="16" type="stmt"/>
        <line num="29" count="16" type="stmt"/>
        <line num="31" count="16" type="stmt"/>
        <line num="32" count="16" type="stmt"/>
        <line num="35" count="16" type="stmt"/>
        <line num="40" count="16" type="stmt"/>
        <line num="44" count="6" type="stmt"/>
        <line num="52" count="15" type="stmt"/>
        <line num="53" count="15" type="stmt"/>
        <line num="54" count="15" type="stmt"/>
        <line num="55" count="15" type="stmt"/>
        <line num="56" count="15" type="stmt"/>
        <line num="59" count="15" type="stmt"/>
        <line num="60" count="15" type="stmt"/>
        <line num="61" count="15" type="stmt"/>
        <line num="62" count="15" type="stmt"/>
        <line num="64" count="15" type="stmt"/>
        <line num="65" count="15" type="cond" truecount="4" falsecount="1"/>
        <line num="66" count="15" type="stmt"/>
        <line num="69" count="15" type="cond" truecount="2" falsecount="0"/>
        <line num="71" count="1" type="stmt"/>
        <line num="72" count="1" type="cond" truecount="3" falsecount="1"/>
        <line num="73" count="1" type="stmt"/>
        <line num="74" count="1" type="stmt"/>
        <line num="84" count="14" type="stmt"/>
        <line num="85" count="14" type="stmt"/>
        <line num="86" count="14" type="stmt"/>
        <line num="87" count="14" type="stmt"/>
        <line num="89" count="14" type="stmt"/>
        <line num="90" count="14" type="stmt"/>
        <line num="100" count="16" type="stmt"/>
        <line num="146" count="15" type="stmt"/>
        <line num="147" count="56" type="cond" truecount="2" falsecount="0"/>
        <line num="148" count="6" type="stmt"/>
        <line num="153" count="9" type="stmt"/>
        <line num="161" count="56" type="stmt"/>
        <line num="166" count="56" type="stmt"/>
        <line num="167" count="56" type="stmt"/>
        <line num="171" count="15" type="stmt"/>
        <line num="172" count="15" type="stmt"/>
      </file>
    </package>
    <package name="src.security.guards">
      <metrics statements="50" coveredstatements="50" conditionals="20" coveredconditionals="13" methods="11" coveredmethods="11"/>
      <file name="index.ts" path="C:\Users\Олег\Documents\GitHub\cryo\backend\api-gateway\src\security\guards\index.ts">
        <metrics statements="3" coveredstatements="3" conditionals="0" coveredconditionals="0" methods="3" coveredmethods="3"/>
        <line num="1" count="12" type="stmt"/>
        <line num="2" count="6" type="stmt"/>
        <line num="3" count="6" type="stmt"/>
      </file>
      <file name="jwt-auth.guard.ts" path="C:\Users\Олег\Documents\GitHub\cryo\backend\api-gateway\src\security\guards\jwt-auth.guard.ts">
        <metrics statements="11" coveredstatements="11" conditionals="2" coveredconditionals="2" methods="2" coveredmethods="2"/>
        <line num="1" count="4" type="stmt"/>
        <line num="8" count="4" type="stmt"/>
        <line num="11" count="4" type="stmt"/>
        <line num="12" count="23" type="stmt"/>
        <line num="15" count="6" type="stmt"/>
        <line num="16" count="6" type="stmt"/>
        <line num="17" count="6" type="cond" truecount="2" falsecount="0"/>
        <line num="18" count="4" type="stmt"/>
        <line num="20" count="2" type="stmt"/>
        <line num="21" count="1" type="stmt"/>
        <line num="22" count="1" type="stmt"/>
      </file>
      <file name="optional-auth.guard.ts" path="C:\Users\Олег\Documents\GitHub\cryo\backend\api-gateway\src\security\guards\optional-auth.guard.ts">
        <metrics statements="12" coveredstatements="12" conditionals="2" coveredconditionals="2" methods="2" coveredmethods="2"/>
        <line num="1" count="4" type="stmt"/>
        <line num="8" count="4" type="stmt"/>
        <line num="11" count="4" type="stmt"/>
        <line num="12" count="23" type="stmt"/>
        <line num="15" count="4" type="stmt"/>
        <line num="16" count="4" type="stmt"/>
        <line num="17" count="4" type="cond" truecount="2" falsecount="0"/>
        <line num="18" count="2" type="stmt"/>
        <line num="19" count="2" type="stmt"/>
        <line num="20" count="1" type="stmt"/>
        <line num="21" count="1" type="stmt"/>
        <line num="24" count="1" type="stmt"/>
      </file>
      <file name="rate-limit.guard.ts" path="C:\Users\Олег\Documents\GitHub\cryo\backend\api-gateway\src\security\guards\rate-limit.guard.ts">
        <metrics statements="24" coveredstatements="24" conditionals="16" coveredconditionals="9" methods="4" coveredmethods="4"/>
        <line num="1" count="4" type="stmt"/>
        <line num="3" count="4" type="stmt"/>
        <line num="4" count="4" type="stmt"/>
        <line num="7" count="4" type="stmt"/>
        <line num="8" count="23" type="stmt"/>
        <line num="11" count="7" type="cond" truecount="2" falsecount="0"/>
        <line num="13" count="6" type="stmt"/>
        <line num="14" count="6" type="stmt"/>
        <line num="15" count="6" type="stmt"/>
        <line num="17" count="6" type="stmt"/>
        <line num="18" count="6" type="stmt"/>
        <line num="19" count="6" type="stmt"/>
        <line num="21" count="6" type="stmt"/>
        <line num="23" count="6" type="stmt"/>
        <line num="24" count="6" type="stmt"/>
        <line num="25" count="6" type="stmt"/>
        <line num="27" count="6" type="cond" truecount="2" falsecount="0"/>
        <line num="28" count="1" type="stmt"/>
        <line num="30" count="5" type="stmt"/>
        <line num="34" count="6" type="stmt"/>
        <line num="37" count="6" type="stmt"/>
        <line num="43" count="6" type="cond" truecount="1" falsecount="2"/>
        <line num="44" count="6" type="stmt"/>
        <line num="45" count="6" type="cond" truecount="2" falsecount="2"/>
      </file>
    </package>
    <package name="src.shared.interceptors">
      <metrics statements="140" coveredstatements="117" conditionals="55" coveredconditionals="33" methods="28" coveredmethods="21"/>
      <file name="cache.interceptor.ts" path="C:\Users\Олег\Documents\GitHub\cryo\backend\api-gateway\src\shared\interceptors\cache.interceptor.ts">
        <metrics statements="64" coveredstatements="41" conditionals="27" coveredconditionals="12" methods="15" coveredmethods="8"/>
        <line num="1" count="4" type="stmt"/>
        <line num="8" count="4" type="stmt"/>
        <line num="9" count="4" type="stmt"/>
        <line num="10" count="4" type="stmt"/>
        <line num="12" count="4" type="stmt"/>
        <line num="15" count="4" type="stmt"/>
        <line num="20" count="22" type="stmt"/>
        <line num="21" count="22" type="stmt"/>
        <line num="23" count="22" type="stmt"/>
        <line num="24" count="22" type="stmt"/>
        <line num="28" count="3" type="cond" truecount="1" falsecount="1"/>
        <line num="30" count="3" type="stmt"/>
        <line num="31" count="3" type="stmt"/>
        <line num="32" count="3" type="stmt"/>
        <line num="34" count="3" type="cond" truecount="2" falsecount="0"/>
        <line num="35" count="1" type="stmt"/>
        <line num="38" count="2" type="stmt"/>
        <line num="39" count="2" type="stmt"/>
        <line num="41" count="2" type="stmt"/>
        <line num="42" count="2" type="cond" truecount="2" falsecount="2"/>
        <line num="43" count="0" type="stmt"/>
        <line num="46" count="2" type="stmt"/>
        <line num="47" count="2" type="stmt"/>
        <line num="48" count="2" type="stmt"/>
        <line num="49" count="2" type="stmt"/>
        <line num="50" count="1" type="cond" truecount="1" falsecount="1"/>
        <line num="51" count="1" type="stmt"/>
        <line num="57" count="1" type="cond" truecount="1" falsecount="1"/>
        <line num="58" count="1" type="stmt"/>
        <line num="60" count="1" type="stmt"/>
        <line num="61" count="1" type="stmt"/>
        <line num="62" count="1" type="stmt"/>
        <line num="66" count="0" type="stmt"/>
        <line num="67" count="0" type="stmt"/>
        <line num="68" count="0" type="stmt"/>
        <line num="69" count="0" type="stmt"/>
        <line num="70" count="0" type="stmt"/>
        <line num="71" count="0" type="stmt"/>
        <line num="72" count="0" type="stmt"/>
        <line num="73" count="0" type="cond" truecount="0" falsecount="2"/>
        <line num="74" count="0" type="cond" truecount="0" falsecount="2"/>
        <line num="75" count="0" type="cond" truecount="0" falsecount="2"/>
        <line num="77" count="0" type="stmt"/>
        <line num="78" count="0" type="stmt"/>
        <line num="82" count="0" type="stmt"/>
        <line num="86" count="0" type="stmt"/>
        <line num="87" count="0" type="stmt"/>
        <line num="88" count="0" type="stmt"/>
        <line num="89" count="0" type="stmt"/>
        <line num="93" count="1" type="stmt"/>
        <line num="94" count="1" type="stmt"/>
        <line num="95" count="0" type="stmt"/>
        <line num="96" count="1" type="stmt"/>
        <line num="104" count="2" type="cond" truecount="1" falsecount="2"/>
        <line num="105" count="2" type="cond" truecount="2" falsecount="0"/>
        <line num="106" count="2" type="stmt"/>
        <line num="108" count="0" type="stmt"/>
        <line num="110" count="2" type="stmt"/>
        <line num="111" count="2" type="stmt"/>
        <line num="112" count="2" type="cond" truecount="2" falsecount="2"/>
        <line num="113" count="0" type="stmt"/>
        <line num="114" count="0" type="stmt"/>
        <line num="115" count="0" type="stmt"/>
        <line num="117" count="2" type="stmt"/>
      </file>
      <file name="cors.interceptor.ts" path="C:\Users\Олег\Documents\GitHub\cryo\backend\api-gateway\src\shared\interceptors\cors.interceptor.ts">
        <metrics statements="24" coveredstatements="24" conditionals="6" coveredconditionals="4" methods="2" coveredmethods="2"/>
        <line num="1" count="4" type="stmt"/>
        <line num="8" count="4" type="stmt"/>
        <line num="9" count="4" type="stmt"/>
        <line num="12" count="4" type="stmt"/>
        <line num="19" count="22" type="stmt"/>
        <line num="20" count="22" type="stmt"/>
        <line num="21" count="22" type="stmt"/>
        <line num="22" count="22" type="stmt"/>
        <line num="26" count="22" type="stmt"/>
        <line num="30" count="22" type="stmt"/>
        <line num="34" count="3" type="cond" truecount="1" falsecount="1"/>
        <line num="35" count="3" type="stmt"/>
        <line num="36" count="3" type="stmt"/>
        <line num="37" count="3" type="stmt"/>
        <line num="39" count="3" type="stmt"/>
        <line num="40" count="3" type="stmt"/>
        <line num="41" count="3" type="stmt"/>
        <line num="42" count="3" type="stmt"/>
        <line num="43" count="3" type="cond" truecount="1" falsecount="1"/>
        <line num="44" count="3" type="stmt"/>
        <line num="46" count="3" type="cond" truecount="2" falsecount="0"/>
        <line num="47" count="1" type="stmt"/>
        <line num="48" count="1" type="stmt"/>
        <line num="51" count="2" type="stmt"/>
      </file>
      <file name="index.ts" path="C:\Users\Олег\Documents\GitHub\cryo\backend\api-gateway\src\shared\interceptors\index.ts">
        <metrics statements="4" coveredstatements="4" conditionals="0" coveredconditionals="0" methods="4" coveredmethods="4"/>
        <line num="1" count="10" type="stmt"/>
        <line num="2" count="10" type="stmt"/>
        <line num="3" count="10" type="stmt"/>
        <line num="4" count="10" type="stmt"/>
      </file>
      <file name="interceptors.module.ts" path="C:\Users\Олег\Documents\GitHub\cryo\backend\api-gateway\src\shared\interceptors\interceptors.module.ts">
        <metrics statements="5" coveredstatements="5" conditionals="0" coveredconditionals="0" methods="0" coveredmethods="0"/>
        <line num="1" count="2" type="stmt"/>
        <line num="2" count="2" type="stmt"/>
        <line num="3" count="2" type="stmt"/>
        <line num="4" count="2" type="stmt"/>
        <line num="26" count="2" type="stmt"/>
      </file>
      <file name="logging.interceptor.ts" path="C:\Users\Олег\Documents\GitHub\cryo\backend\api-gateway\src\shared\interceptors\logging.interceptor.ts">
        <metrics statements="21" coveredstatements="21" conditionals="11" coveredconditionals="7" methods="5" coveredmethods="5"/>
        <line num="1" count="4" type="stmt"/>
        <line num="8" count="4" type="stmt"/>
        <line num="12" count="4" type="stmt"/>
        <line num="13" count="22" type="stmt"/>
        <line num="16" count="3" type="stmt"/>
        <line num="17" count="3" type="stmt"/>
        <line num="18" count="3" type="stmt"/>
        <line num="20" count="3" type="stmt"/>
        <line num="21" count="3" type="cond" truecount="2" falsecount="0"/>
        <line num="22" count="3" type="cond" truecount="3" falsecount="0"/>
        <line num="23" count="3" type="cond" truecount="1" falsecount="2"/>
        <line num="25" count="3" type="stmt"/>
        <line num="28" count="3" type="stmt"/>
        <line num="32" count="3" type="stmt"/>
        <line num="34" count="2" type="stmt"/>
        <line num="35" count="2" type="stmt"/>
        <line num="38" count="2" type="stmt"/>
        <line num="43" count="1" type="stmt"/>
        <line num="44" count="1" type="cond" truecount="1" falsecount="2"/>
        <line num="47" count="1" type="stmt"/>
        <line num="52" count="1" type="stmt"/>
      </file>
      <file name="response.interceptor.ts" path="C:\Users\Олег\Documents\GitHub\cryo\backend\api-gateway\src\shared\interceptors\response.interceptor.ts">
        <metrics statements="22" coveredstatements="22" conditionals="11" coveredconditionals="10" methods="2" coveredmethods="2"/>
        <line num="1" count="4" type="stmt"/>
        <line num="8" count="4" type="stmt"/>
        <line num="9" count="4" type="stmt"/>
        <line num="12" count="4" type="stmt"/>
        <line num="14" count="5" type="stmt"/>
        <line num="15" count="5" type="stmt"/>
        <line num="16" count="5" type="stmt"/>
        <line num="19" count="5" type="stmt"/>
        <line num="20" count="5" type="cond" truecount="2" falsecount="0"/>
        <line num="21" count="4" type="cond" truecount="2" falsecount="0"/>
        <line num="22" count="4" type="stmt"/>
        <line num="26" count="5" type="cond" truecount="1" falsecount="1"/>
        <line num="27" count="5" type="stmt"/>
        <line num="28" count="5" type="stmt"/>
        <line num="29" count="5" type="stmt"/>
        <line num="32" count="5" type="stmt"/>
        <line num="33" count="5" type="stmt"/>
        <line num="34" count="5" type="stmt"/>
        <line num="36" count="5" type="stmt"/>
        <line num="39" count="5" type="cond" truecount="5" falsecount="0"/>
        <line num="40" count="3" type="stmt"/>
        <line num="49" count="2" type="stmt"/>
      </file>
    </package>
  </project>
</coverage>
