TN:
SF:src\app.module.ts
FNF:0
FNH:0
DA:1,1
DA:2,1
DA:3,1
DA:4,1
DA:5,1
DA:6,1
DA:7,1
DA:8,1
DA:9,1
DA:10,1
DA:26,1
LF:11
LH:11
BRF:0
BRH:0
end_of_record
TN:
SF:src\main.ts
FN:9,bootstrap
FN:12,(anonymous_1)
FN:51,(anonymous_2)
FN:63,(anonymous_3)
FN:64,(anonymous_4)
FNF:5
FNH:0
FNDA:0,bootstrap
FNDA:0,(anonymous_1)
FNDA:0,(anonymous_2)
FNDA:0,(anonymous_3)
FNDA:0,(anonymous_4)
DA:1,0
DA:2,0
DA:3,0
DA:4,0
DA:5,0
DA:6,0
DA:10,0
DA:11,0
DA:12,0
DA:13,0
DA:15,0
DA:17,0
DA:18,0
DA:26,0
DA:29,0
DA:32,0
DA:33,0
DA:34,0
DA:37,0
DA:43,0
DA:44,0
DA:46,0
DA:47,0
DA:50,0
DA:51,0
DA:52,0
DA:54,0
DA:55,0
DA:56,0
DA:59,0
DA:60,0
DA:63,0
DA:64,0
DA:67,0
LF:34
LH:0
BRDA:10,0,0,0
BRDA:10,0,1,0
BRDA:34,1,0,0
BRDA:34,1,1,0
BRDA:46,2,0,0
BRDA:46,2,1,0
BRF:6
BRH:0
end_of_record
TN:
SF:src\common\enums\http-method.enum.ts
FN:1,(anonymous_0)
FNF:1
FNH:0
FNDA:0,(anonymous_0)
DA:1,0
DA:2,0
DA:3,0
DA:4,0
DA:5,0
DA:6,0
LF:6
LH:0
BRDA:1,0,0,0
BRDA:1,0,1,0
BRF:2
BRH:0
end_of_record
TN:
SF:src\common\enums\service-name.enum.ts
FN:1,(anonymous_0)
FNF:1
FNH:0
FNDA:0,(anonymous_0)
DA:1,0
DA:2,0
DA:3,0
DA:4,0
DA:5,0
DA:6,0
DA:7,0
DA:8,0
DA:9,0
DA:10,0
DA:11,0
DA:12,0
LF:12
LH:0
BRDA:1,0,0,0
BRDA:1,0,1,0
BRF:2
BRH:0
end_of_record
TN:
SF:src\common\exceptions\proxy-timeout.exception.ts
FN:4,(anonymous_0)
FNF:1
FNH:0
FNDA:0,(anonymous_0)
DA:1,2
DA:3,2
DA:5,0
LF:3
LH:2
BRF:0
BRH:0
end_of_record
TN:
SF:src\common\exceptions\rate-limit-exceeded.exception.ts
FN:4,(anonymous_0)
FNF:1
FNH:1
FNDA:1,(anonymous_0)
DA:1,2
DA:3,2
DA:5,1
LF:3
LH:3
BRF:0
BRH:0
end_of_record
TN:
SF:src\common\exceptions\service-unavailable.exception.ts
FN:4,(anonymous_0)
FNF:1
FNH:1
FNDA:3,(anonymous_0)
DA:1,2
DA:3,2
DA:5,3
LF:3
LH:3
BRDA:8,0,0,3
BRDA:8,0,1,0
BRF:2
BRH:1
end_of_record
TN:
SF:src\common\filters\global-exception.filter.ts
FN:8,(anonymous_1)
FN:59,(anonymous_2)
FNF:2
FNH:2
FNDA:2,(anonymous_1)
FNDA:2,(anonymous_2)
DA:1,1
DA:4,1
DA:7,1
DA:9,2
DA:10,2
DA:11,2
DA:13,2
DA:14,2
DA:16,2
DA:19,2
DA:20,1
DA:21,1
DA:22,1
DA:32,1
DA:33,1
DA:43,0
DA:55,2
DA:56,2
DA:60,2
DA:61,2
DA:62,2
DA:63,2
DA:64,2
DA:65,2
DA:66,2
LF:25
LH:24
BRDA:14,0,0,2
BRDA:14,0,1,0
BRDA:19,1,0,1
BRDA:19,1,1,1
BRDA:23,2,0,1
BRDA:23,2,1,0
BRDA:23,2,2,0
BRDA:23,2,3,0
BRDA:24,3,0,1
BRDA:24,3,1,0
BRDA:24,3,2,0
BRDA:32,4,0,1
BRDA:32,4,1,0
BRDA:34,5,0,1
BRDA:34,5,1,0
BRDA:35,6,0,1
BRDA:35,6,1,0
BRDA:61,7,0,0
BRDA:61,7,1,2
BRDA:61,8,0,2
BRDA:61,8,1,0
BRDA:62,9,0,0
BRDA:62,9,1,2
BRDA:62,10,0,2
BRDA:62,10,1,0
BRDA:63,11,0,0
BRDA:63,11,1,2
BRF:27
BRH:13
end_of_record
TN:
SF:src\common\pipes\json-body-validation.pipe.ts
FN:5,(anonymous_1)
FNF:1
FNH:0
FNDA:0,(anonymous_1)
DA:1,1
DA:4,1
DA:7,0
DA:8,0
DA:14,0
DA:15,0
DA:16,0
LF:7
LH:2
BRDA:7,0,0,0
BRDA:7,0,1,0
BRDA:7,1,0,0
BRDA:7,1,1,0
BRDA:15,2,0,0
BRDA:15,2,1,0
BRF:6
BRH:0
end_of_record
TN:
SF:src\common\validators\safe-path.validator.ts
FN:7,IsSafePath
FN:8,(anonymous_1)
FN:16,(anonymous_2)
FN:23,(anonymous_3)
FNF:4
FNH:0
FNDA:0,IsSafePath
FNDA:0,(anonymous_1)
FNDA:0,(anonymous_2)
FNDA:0,(anonymous_3)
DA:1,0
DA:7,0
DA:8,0
DA:9,0
DA:17,0
DA:18,0
DA:19,0
DA:20,0
DA:21,0
DA:24,0
LF:10
LH:0
BRDA:17,0,0,0
BRDA:17,0,1,0
BRDA:18,1,0,0
BRDA:18,1,1,0
BRDA:19,2,0,0
BRDA:19,2,1,0
BRDA:20,3,0,0
BRDA:20,3,1,0
BRF:8
BRH:0
end_of_record
TN:
SF:src\config\redis.config.ts
FN:11,(anonymous_0)
FNF:1
FNH:1
FNDA:1,(anonymous_0)
DA:1,1
DA:11,1
LF:2
LH:2
BRDA:12,0,0,1
BRDA:12,0,1,0
BRDA:13,1,0,1
BRDA:13,1,1,0
BRDA:14,2,0,1
BRDA:14,2,1,1
BRDA:15,3,0,1
BRDA:15,3,1,0
BRDA:16,4,0,1
BRDA:16,4,1,0
BRF:10
BRH:6
end_of_record
TN:
SF:src\config\services.config.ts
FN:6,(anonymous_0)
FN:10,(anonymous_1)
FNF:2
FNH:2
FNDA:1,(anonymous_0)
FNDA:11,(anonymous_1)
DA:1,1
DA:6,1
DA:7,1
DA:8,1
DA:10,11
DA:18,1
LF:6
LH:6
BRDA:7,0,0,1
BRDA:7,0,1,0
BRDA:8,1,0,1
BRDA:8,1,1,0
BRDA:10,2,0,10
BRDA:19,3,0,1
BRDA:19,3,1,0
BRDA:22,4,0,1
BRDA:22,4,1,0
BRDA:24,5,0,1
BRDA:24,5,1,0
BRDA:25,6,0,1
BRDA:25,6,1,0
BRDA:28,7,0,1
BRDA:28,7,1,0
BRDA:30,8,0,1
BRDA:30,8,1,0
BRDA:33,9,0,1
BRDA:33,9,1,0
BRDA:35,10,0,1
BRDA:35,10,1,0
BRDA:36,11,0,1
BRDA:36,11,1,0
BRDA:37,12,0,1
BRDA:37,12,1,0
BRDA:38,13,0,1
BRDA:38,13,1,0
BRF:27
BRH:14
end_of_record
TN:
SF:src\config\validation.schema.ts
FNF:0
FNH:0
DA:1,1
DA:3,1
LF:2
LH:2
BRF:0
BRH:0
end_of_record
TN:
SF:src\health\health.controller.ts
FN:9,(anonymous_2)
FN:14,(anonymous_3)
FN:21,(anonymous_4)
FNF:3
FNH:1
FNDA:1,(anonymous_2)
FNDA:0,(anonymous_3)
FNDA:0,(anonymous_4)
DA:1,1
DA:2,1
DA:3,1
DA:4,1
DA:8,1
DA:9,1
DA:14,1
DA:15,0
DA:21,1
DA:22,0
LF:10
LH:8
BRF:0
BRH:0
end_of_record
TN:
SF:src\health\health.module.ts
FNF:0
FNH:0
DA:1,1
DA:2,1
DA:3,1
DA:4,1
DA:5,1
DA:6,1
DA:7,1
DA:14,1
LF:8
LH:8
BRF:0
BRH:0
end_of_record
TN:
SF:src\health\health.service.ts
FN:15,(anonymous_2)
FN:17,(anonymous_3)
FN:26,(anonymous_4)
FN:33,(anonymous_5)
FNF:4
FNH:1
FNDA:1,(anonymous_2)
FNDA:0,(anonymous_3)
FNDA:0,(anonymous_4)
FNDA:0,(anonymous_5)
DA:1,1
DA:2,1
DA:3,1
DA:14,1
DA:15,1
DA:19,0
DA:27,0
DA:28,0
DA:29,0
DA:30,0
DA:31,0
DA:32,0
DA:33,0
DA:34,0
DA:35,0
DA:36,0
DA:44,0
DA:45,0
DA:54,0
LF:19
LH:5
BRDA:35,0,0,0
BRDA:35,0,1,0
BRDA:38,1,0,0
BRDA:38,1,1,0
BRDA:41,2,0,0
BRDA:41,2,1,0
BRDA:50,3,0,0
BRDA:50,3,1,0
BRF:8
BRH:0
end_of_record
TN:
SF:src\health\metrics.controller.ts
FN:6,(anonymous_2)
FN:10,(anonymous_3)
FNF:2
FNH:1
FNDA:1,(anonymous_2)
FNDA:0,(anonymous_3)
DA:1,1
DA:2,1
DA:5,1
DA:6,1
DA:10,1
DA:11,0
LF:6
LH:5
BRF:0
BRH:0
end_of_record
TN:
SF:src\health\metrics.service.ts
FN:8,(anonymous_2)
FN:13,(anonymous_3)
FNF:2
FNH:1
FNDA:1,(anonymous_2)
FNDA:0,(anonymous_3)
DA:1,1
DA:2,1
DA:5,1
DA:9,1
DA:10,1
DA:14,0
LF:6
LH:5
BRF:0
BRH:0
end_of_record
TN:
SF:src\health\dto\health.dto.ts
FNF:0
FNH:0
DA:1,1
DA:3,1
DA:5,1
DA:8,1
DA:11,1
DA:14,1
DA:16,1
DA:19,1
DA:22,1
DA:25,1
DA:28,1
LF:11
LH:11
BRF:0
BRH:0
end_of_record
TN:
SF:src\proxy\proxy.controller.ts
FN:19,(anonymous_4)
FN:24,(anonymous_5)
FN:33,(anonymous_6)
FN:42,(anonymous_7)
FN:50,(anonymous_8)
FN:54,(anonymous_9)
FN:57,(anonymous_10)
FNF:7
FNH:1
FNDA:1,(anonymous_4)
FNDA:0,(anonymous_5)
FNDA:0,(anonymous_6)
FNDA:0,(anonymous_7)
FNDA:0,(anonymous_8)
FNDA:0,(anonymous_9)
FNDA:0,(anonymous_10)
DA:1,1
DA:3,1
DA:4,1
DA:5,1
DA:6,1
DA:7,1
DA:8,1
DA:9,1
DA:10,1
DA:11,1
DA:12,1
DA:18,1
DA:19,1
DA:24,1
DA:25,0
DA:33,1
DA:34,0
DA:42,1
DA:43,0
DA:50,1
DA:51,0
DA:55,0
DA:56,0
DA:57,0
DA:58,0
LF:25
LH:17
BRF:0
BRH:0
end_of_record
TN:
SF:src\proxy\proxy.module.ts
FNF:0
FNH:0
DA:1,1
DA:2,1
DA:3,1
DA:4,1
DA:5,1
DA:6,1
DA:7,1
DA:8,1
DA:10,1
DA:11,1
DA:12,1
DA:13,1
DA:14,1
DA:37,1
LF:14
LH:14
BRF:0
BRH:0
end_of_record
TN:
SF:src\proxy\proxy.service.ts
FN:22,(anonymous_2)
FN:24,(anonymous_3)
FN:29,(anonymous_4)
FN:60,(anonymous_5)
FN:72,(anonymous_6)
FN:97,(anonymous_7)
FN:119,(anonymous_8)
FN:142,(anonymous_9)
FN:149,(anonymous_10)
FN:177,(anonymous_11)
FN:193,(anonymous_12)
FN:205,(anonymous_13)
FN:238,(anonymous_14)
FN:239,(anonymous_15)
FNF:14
FNH:11
FNDA:5,(anonymous_2)
FNDA:0,(anonymous_3)
FNDA:6,(anonymous_4)
FNDA:0,(anonymous_5)
FNDA:1,(anonymous_6)
FNDA:0,(anonymous_7)
FNDA:6,(anonymous_8)
FNDA:5,(anonymous_9)
FNDA:5,(anonymous_10)
FNDA:6,(anonymous_11)
FNDA:2,(anonymous_12)
FNDA:3,(anonymous_13)
FNDA:4,(anonymous_14)
FNDA:4,(anonymous_15)
DA:1,2
DA:3,2
DA:4,2
DA:5,2
DA:6,2
DA:7,2
DA:8,2
DA:19,2
DA:20,5
DA:22,5
DA:26,0
DA:30,6
DA:31,6
DA:32,0
DA:39,6
DA:40,6
DA:41,0
DA:44,6
DA:45,1
DA:48,5
DA:49,5
DA:51,5
DA:60,0
DA:63,5
DA:64,5
DA:66,5
DA:67,9
DA:68,9
DA:70,2
DA:71,2
DA:72,2
DA:73,1
DA:74,1
DA:76,2
DA:82,7
DA:83,7
DA:85,7
DA:86,0
DA:87,0
DA:90,7
DA:91,7
DA:92,7
DA:93,3
DA:95,3
DA:96,1
DA:97,1
DA:98,0
DA:99,0
DA:101,1
DA:107,2
DA:110,4
DA:111,4
DA:115,0
DA:116,0
DA:121,6
DA:122,6
DA:123,6
DA:124,6
DA:125,6
DA:138,6
DA:139,6
DA:143,5
DA:144,5
DA:145,5
DA:146,5
DA:150,5
DA:162,5
DA:163,5
DA:164,0
DA:165,0
DA:166,0
DA:167,0
DA:169,5
DA:170,5
DA:171,5
DA:174,5
DA:178,6
DA:179,6
DA:180,6
DA:181,6
DA:182,6
DA:183,1
DA:185,0
DA:186,0
DA:188,1
DA:190,5
DA:194,2
DA:195,2
DA:197,0
DA:206,3
DA:207,3
DA:208,3
DA:209,3
DA:211,3
DA:219,3
DA:220,0
DA:221,0
DA:223,3
DA:224,3
DA:226,3
DA:227,1
DA:234,2
DA:239,4
LF:103
LH:84
BRDA:31,0,0,0
BRDA:31,0,1,6
BRDA:40,1,0,0
BRDA:40,1,1,6
BRDA:44,2,0,1
BRDA:44,2,1,5
BRDA:72,3,0,2
BRDA:72,3,1,0
BRDA:73,4,0,0
BRDA:73,4,1,1
BRDA:74,5,0,1
BRDA:74,5,1,0
BRDA:85,6,0,0
BRDA:85,6,1,7
BRDA:91,7,0,7
BRDA:91,7,1,3
BRDA:91,7,2,3
BRDA:92,8,0,3
BRDA:92,8,1,4
BRDA:92,9,0,7
BRDA:92,9,1,7
BRDA:95,10,0,1
BRDA:95,10,1,2
BRDA:97,11,0,1
BRDA:97,11,1,0
BRDA:98,12,0,0
BRDA:98,12,1,0
BRDA:99,13,0,0
BRDA:99,13,1,0
BRDA:102,14,0,1
BRDA:102,14,1,0
BRDA:104,15,0,1
BRDA:104,15,1,0
BRDA:116,16,0,0
BRDA:116,16,1,0
BRDA:122,17,0,6
BRDA:122,17,1,0
BRDA:123,18,0,6
BRDA:123,18,1,0
BRDA:144,19,0,0
BRDA:144,19,1,5
BRDA:165,20,0,0
BRDA:165,20,1,0
BRDA:166,21,0,0
BRDA:166,21,1,0
BRDA:167,22,0,0
BRDA:167,22,1,0
BRDA:181,23,0,6
BRDA:181,23,1,0
BRDA:182,24,0,1
BRDA:182,24,1,5
BRDA:183,25,0,0
BRDA:183,25,1,1
BRDA:183,26,0,1
BRDA:183,26,1,1
BRDA:195,27,0,2
BRDA:195,27,1,0
BRDA:208,28,0,3
BRDA:208,28,1,0
BRDA:209,29,0,3
BRDA:209,29,1,0
BRDA:211,30,0,3
BRDA:211,30,1,2
BRDA:219,31,0,0
BRDA:219,31,1,3
BRDA:219,32,0,3
BRDA:219,32,1,1
BRDA:224,33,0,2
BRDA:224,33,1,1
BRDA:226,34,0,1
BRDA:226,34,1,2
BRF:71
BRH:41
end_of_record
TN:
SF:src\redis\redis.constants.ts
FNF:0
FNH:0
DA:3,3
LF:1
LH:1
BRF:0
BRH:0
end_of_record
TN:
SF:src\redis\redis.module.ts
FN:15,(anonymous_1)
FN:23,(anonymous_2)
FNF:2
FNH:2
FNDA:1,(anonymous_1)
FNDA:1,(anonymous_2)
DA:1,1
DA:2,1
DA:3,1
DA:5,1
DA:6,1
DA:14,1
DA:16,1
DA:24,1
DA:25,1
DA:34,1
LF:10
LH:10
BRF:0
BRH:0
end_of_record
TN:
SF:src\redis\redis.service.ts
FN:6,(anonymous_4)
FN:8,(anonymous_5)
FN:12,(anonymous_6)
FNF:3
FNH:1
FNDA:2,(anonymous_4)
FNDA:0,(anonymous_5)
FNDA:0,(anonymous_6)
DA:1,3
DA:2,3
DA:5,3
DA:6,2
DA:9,0
DA:13,0
DA:14,0
LF:7
LH:4
BRF:0
BRH:0
end_of_record
TN:
SF:src\registry\service-registry.module.ts
FNF:0
FNH:0
DA:1,1
DA:2,1
DA:3,1
DA:10,1
LF:4
LH:4
BRF:0
BRH:0
end_of_record
TN:
SF:src\registry\service-registry.service.ts
FN:10,(anonymous_2)
FN:14,(anonymous_3)
FN:18,(anonymous_4)
FNF:3
FNH:3
FNDA:2,(anonymous_2)
FNDA:1,(anonymous_3)
FNDA:1,(anonymous_4)
DA:1,5
DA:2,5
DA:7,5
DA:10,2
DA:11,2
DA:15,1
DA:19,1
LF:7
LH:7
BRF:0
BRH:0
end_of_record
TN:
SF:src\routes\dto\rate-limit-config.dto.ts
FNF:0
FNH:0
DA:1,0
DA:3,0
DA:6,0
DA:10,0
DA:14,0
DA:17,0
LF:6
LH:0
BRF:0
BRH:0
end_of_record
TN:
SF:src\routes\dto\route-config.dto.ts
FN:23,(anonymous_2)
FNF:1
FNH:0
FNDA:0,(anonymous_2)
DA:1,0
DA:2,0
DA:3,0
DA:4,0
DA:5,0
DA:6,0
DA:8,0
DA:11,0
DA:14,0
DA:17,0
DA:20,0
DA:23,0
DA:24,0
DA:29,0
LF:14
LH:0
BRF:0
BRH:0
end_of_record
TN:
SF:src\security\auth-validation.service.ts
FN:8,(anonymous_2)
FN:10,(anonymous_3)
FN:26,(anonymous_4)
FN:52,(anonymous_5)
FNF:4
FNH:1
FNDA:1,(anonymous_2)
FNDA:0,(anonymous_3)
FNDA:0,(anonymous_4)
FNDA:0,(anonymous_5)
DA:1,3
DA:2,3
DA:3,3
DA:7,3
DA:8,1
DA:11,0
DA:12,0
DA:13,0
DA:16,0
DA:17,0
DA:18,0
DA:21,0
DA:22,0
DA:23,0
DA:26,0
DA:28,0
DA:29,0
DA:32,0
DA:33,0
DA:39,0
DA:40,0
DA:42,0
DA:44,0
DA:45,0
DA:46,0
DA:48,0
DA:53,0
DA:54,0
DA:55,0
DA:56,0
LF:30
LH:5
BRDA:12,0,0,0
BRDA:12,0,1,0
BRDA:17,1,0,0
BRDA:17,1,1,0
BRDA:28,2,0,0
BRDA:28,2,1,0
BRDA:28,3,0,0
BRDA:28,3,1,0
BRDA:34,4,0,0
BRDA:34,4,1,0
BRDA:34,4,2,0
BRDA:35,5,0,0
BRDA:35,5,1,0
BRDA:36,6,0,0
BRDA:36,6,1,0
BRDA:37,7,0,0
BRDA:37,7,1,0
BRDA:39,8,0,0
BRDA:39,8,1,0
BRDA:45,9,0,0
BRDA:45,9,1,0
BRDA:45,10,0,0
BRDA:45,10,1,0
BRDA:53,11,0,0
BRDA:53,11,1,0
BRDA:55,12,0,0
BRDA:55,12,1,0
BRDA:55,13,0,0
BRDA:55,13,1,0
BRDA:55,13,2,0
BRF:30
BRH:0
end_of_record
TN:
SF:src\security\rate-limit.service.ts
FN:20,(anonymous_2)
FN:31,(anonymous_3)
FN:35,(anonymous_4)
FN:82,(anonymous_5)
FNF:4
FNH:1
FNDA:1,(anonymous_2)
FNDA:0,(anonymous_3)
FNDA:0,(anonymous_4)
FNDA:0,(anonymous_5)
DA:1,2
DA:2,2
DA:4,2
DA:15,2
DA:21,1
DA:22,1
DA:24,1
DA:25,1
DA:26,1
DA:32,0
DA:36,0
DA:37,0
DA:38,0
DA:39,0
DA:42,0
DA:43,0
DA:44,0
DA:45,0
DA:47,0
DA:48,0
DA:49,0
DA:52,0
DA:54,0
DA:55,0
DA:56,0
DA:57,0
DA:67,0
DA:68,0
DA:69,0
DA:70,0
DA:72,0
DA:73,0
DA:83,0
DA:84,0
LF:34
LH:9
BRDA:48,0,0,0
BRDA:48,0,1,0
BRDA:48,1,0,0
BRDA:48,1,1,0
BRDA:48,1,2,0
BRDA:52,2,0,0
BRDA:52,2,1,0
BRDA:55,3,0,0
BRDA:55,3,1,0
BRDA:55,4,0,0
BRDA:55,4,1,0
BRF:11
BRH:0
end_of_record
TN:
SF:src\security\guards\jwt-auth.guard.ts
FN:7,(anonymous_2)
FN:9,(anonymous_3)
FNF:2
FNH:2
FNDA:5,(anonymous_2)
FNDA:3,(anonymous_3)
DA:1,2
DA:3,2
DA:6,2
DA:7,5
DA:10,3
DA:11,3
DA:12,3
DA:13,1
DA:15,2
DA:16,1
DA:17,1
LF:11
LH:11
BRDA:12,0,0,1
BRDA:12,0,1,2
BRF:2
BRH:2
end_of_record
TN:
SF:src\security\guards\optional-auth.guard.ts
FN:7,(anonymous_2)
FN:9,(anonymous_3)
FNF:2
FNH:2
FNDA:5,(anonymous_2)
FNDA:3,(anonymous_3)
DA:1,2
DA:3,2
DA:6,2
DA:7,5
DA:10,3
DA:11,3
DA:12,3
DA:13,2
DA:14,2
DA:15,1
DA:16,1
DA:19,1
LF:12
LH:12
BRDA:12,0,0,1
BRDA:12,0,1,2
BRF:2
BRH:2
end_of_record
TN:
SF:src\security\guards\rate-limit.guard.ts
FN:8,(anonymous_2)
FN:10,(anonymous_3)
FN:33,(anonymous_4)
FN:38,(anonymous_5)
FNF:4
FNH:4
FNDA:5,(anonymous_2)
FNDA:3,(anonymous_3)
FNDA:2,(anonymous_4)
FNDA:2,(anonymous_5)
DA:1,2
DA:3,2
DA:4,2
DA:7,2
DA:8,5
DA:11,3
DA:13,2
DA:14,2
DA:15,2
DA:17,2
DA:18,2
DA:19,2
DA:21,2
DA:23,2
DA:24,2
DA:25,2
DA:27,2
DA:28,1
DA:30,1
DA:34,2
DA:35,2
DA:39,2
DA:40,2
DA:41,2
LF:24
LH:24
BRDA:11,0,0,1
BRDA:11,0,1,2
BRDA:27,1,0,1
BRDA:27,1,1,1
BRDA:35,2,0,2
BRDA:35,2,1,2
BRDA:35,2,2,0
BRDA:35,2,3,0
BRDA:35,2,4,0
BRDA:39,3,0,2
BRDA:39,3,1,0
BRDA:39,3,2,0
BRDA:41,4,0,2
BRDA:41,4,1,0
BRDA:41,5,0,0
BRDA:41,5,1,2
BRF:16
BRH:9
end_of_record
TN:
SF:src\shared\interceptors\cache.interceptor.ts
FN:14,(anonymous_2)
FN:19,(anonymous_3)
FN:38,(anonymous_4)
FN:39,(anonymous_5)
FN:49,(anonymous_6)
FN:57,(anonymous_7)
FN:62,(anonymous_8)
FN:79,(anonymous_9)
FN:80,(anonymous_10)
FN:81,(anonymous_11)
FN:88,(anonymous_12)
FN:89,(anonymous_13)
FN:90,(anonymous_14)
FN:97,(anonymous_15)
FN:102,(anonymous_16)
FNF:15
FNH:6
FNDA:4,(anonymous_2)
FNDA:2,(anonymous_3)
FNDA:1,(anonymous_4)
FNDA:1,(anonymous_5)
FNDA:1,(anonymous_6)
FNDA:0,(anonymous_7)
FNDA:0,(anonymous_8)
FNDA:0,(anonymous_9)
FNDA:0,(anonymous_10)
FNDA:0,(anonymous_11)
FNDA:0,(anonymous_12)
FNDA:0,(anonymous_13)
FNDA:0,(anonymous_14)
FNDA:1,(anonymous_15)
FNDA:0,(anonymous_16)
DA:1,2
DA:3,2
DA:4,2
DA:5,2
DA:7,2
DA:10,2
DA:14,4
DA:15,4
DA:16,4
DA:20,2
DA:22,2
DA:23,2
DA:24,2
DA:26,2
DA:27,1
DA:30,1
DA:31,1
DA:33,1
DA:34,1
DA:35,0
DA:38,1
DA:39,1
DA:40,1
DA:41,1
DA:42,1
DA:43,1
DA:49,1
DA:50,1
DA:51,1
DA:52,1
DA:56,0
DA:57,0
DA:58,0
DA:59,0
DA:60,0
DA:61,0
DA:62,0
DA:63,0
DA:64,0
DA:65,0
DA:67,0
DA:68,0
DA:72,0
DA:76,0
DA:79,0
DA:80,0
DA:81,0
DA:85,0
DA:88,0
DA:89,0
DA:90,0
DA:98,1
DA:99,1
DA:100,1
DA:102,0
DA:104,1
DA:105,1
DA:106,1
DA:107,0
DA:108,0
DA:109,0
DA:111,1
LF:62
LH:36
BRDA:20,0,0,0
BRDA:20,0,1,2
BRDA:26,1,0,1
BRDA:26,1,1,1
BRDA:34,2,0,0
BRDA:34,2,1,1
BRDA:34,3,0,1
BRDA:34,3,1,0
BRDA:42,4,0,1
BRDA:42,4,1,0
BRDA:49,5,0,1
BRDA:49,5,1,0
BRDA:63,6,0,0
BRDA:63,6,1,0
BRDA:64,7,0,0
BRDA:64,7,1,0
BRDA:65,8,0,0
BRDA:65,8,1,0
BRDA:98,9,0,1
BRDA:98,9,1,0
BRDA:98,9,2,0
BRDA:99,10,0,1
BRDA:99,10,1,1
BRDA:106,11,0,0
BRDA:106,11,1,1
BRDA:106,12,0,1
BRDA:106,12,1,0
BRF:27
BRH:12
end_of_record
TN:
SF:src\shared\interceptors\cors.interceptor.ts
FN:14,(anonymous_2)
FN:25,(anonymous_3)
FNF:2
FNH:2
FNDA:4,(anonymous_2)
FNDA:2,(anonymous_3)
DA:1,2
DA:3,2
DA:4,2
DA:7,2
DA:14,4
DA:15,4
DA:16,4
DA:17,4
DA:21,4
DA:22,4
DA:26,2
DA:27,2
DA:28,2
DA:29,2
DA:31,2
DA:32,2
DA:33,2
DA:34,2
DA:35,2
DA:37,2
DA:38,1
DA:39,1
DA:42,1
LF:23
LH:23
BRDA:26,0,0,0
BRDA:26,0,1,2
BRDA:35,1,0,2
BRDA:35,1,1,0
BRDA:37,2,0,1
BRDA:37,2,1,1
BRF:6
BRH:4
end_of_record
TN:
SF:src\shared\interceptors\logging.interceptor.ts
FN:6,(anonymous_1)
FN:12,(anonymous_2)
FNF:2
FNH:2
FNDA:1,(anonymous_1)
FNDA:1,(anonymous_2)
DA:1,2
DA:2,2
DA:5,2
DA:7,1
DA:8,1
DA:9,1
DA:10,1
DA:11,1
DA:13,1
DA:15,1
LF:10
LH:10
BRF:0
BRH:0
end_of_record
TN:
SF:src\shared\interceptors\response.interceptor.ts
FN:8,(anonymous_1)
FNF:1
FNH:1
FNDA:1,(anonymous_1)
DA:1,2
DA:3,2
DA:7,2
DA:10,1
DA:11,1
DA:12,1
DA:13,1
DA:14,1
DA:15,1
DA:16,1
DA:18,1
DA:19,1
LF:12
LH:12
BRDA:14,0,0,1
BRDA:14,0,1,0
BRDA:15,1,0,1
BRDA:15,1,1,1
BRDA:18,2,0,0
BRDA:18,2,1,1
BRF:6
BRH:4
end_of_record
