TN:
SF:src\app.module.ts
FNF:0
FNH:0
DA:1,2
DA:2,2
DA:3,2
DA:4,2
DA:5,2
DA:6,2
DA:7,2
DA:8,2
DA:9,2
DA:10,2
DA:11,2
DA:12,2
DA:30,2
LF:13
LH:13
BRF:0
BRH:0
end_of_record
TN:
SF:src\main.ts
FN:9,bootstrap
FN:14,(anonymous_1)
FN:48,(anonymous_2)
FN:58,(anonymous_3)
FN:59,(anonymous_4)
FNF:5
FNH:0
FNDA:0,bootstrap
FNDA:0,(anonymous_1)
FNDA:0,(anonymous_2)
FNDA:0,(anonymous_3)
FNDA:0,(anonymous_4)
DA:1,0
DA:2,0
DA:3,0
DA:4,0
DA:5,0
DA:6,0
DA:10,0
DA:11,0
DA:12,0
DA:14,0
DA:16,0
DA:18,0
DA:20,0
DA:21,0
DA:23,0
DA:26,0
DA:29,0
DA:30,0
DA:31,0
DA:34,0
DA:40,0
DA:41,0
DA:43,0
DA:44,0
DA:47,0
DA:48,0
DA:49,0
DA:50,0
DA:51,0
DA:52,0
DA:54,0
DA:55,0
DA:58,0
DA:59,0
DA:62,0
LF:35
LH:0
BRDA:10,0,0,0
BRDA:10,0,1,0
BRDA:31,1,0,0
BRDA:31,1,1,0
BRDA:43,2,0,0
BRDA:43,2,1,0
BRF:6
BRH:0
end_of_record
TN:
SF:src\common\dto\error-response.dto.ts
FNF:0
FNH:0
DA:1,1
DA:2,1
DA:4,1
DA:10,1
DA:17,1
DA:27,1
DA:34,1
DA:41,1
DA:49,1
DA:57,1
DA:61,1
LF:11
LH:11
BRF:0
BRH:0
end_of_record
TN:
SF:src\common\dto\index.ts
FNF:0
FNH:0
DA:1,0
DA:2,0
DA:3,0
DA:4,0
LF:4
LH:0
BRF:0
BRH:0
end_of_record
TN:
SF:src\common\dto\proxy-request.dto.ts
FN:66,(anonymous_2)
FNF:1
FNH:0
FNDA:0,(anonymous_2)
DA:1,3
DA:2,3
DA:3,3
DA:4,3
DA:6,3
DA:13,3
DA:21,3
DA:29,3
DA:37,3
DA:43,3
DA:50,3
DA:57,3
DA:66,0
DA:67,3
DA:75,3
DA:83,3
LF:16
LH:15
BRF:0
BRH:0
end_of_record
TN:
SF:src\common\dto\user.dto.ts
FNF:0
FNH:0
DA:1,1
DA:2,1
DA:4,1
DA:11,1
DA:19,1
DA:28,1
DA:37,1
LF:7
LH:7
BRF:0
BRH:0
end_of_record
TN:
SF:src\common\dto\validation-error.dto.ts
FN:62,(anonymous_2)
FNF:1
FNH:0
FNDA:0,(anonymous_2)
DA:1,0
DA:2,0
DA:3,0
DA:5,0
DA:11,0
DA:18,0
DA:24,0
DA:32,0
DA:35,0
DA:41,0
DA:48,0
DA:54,0
DA:62,0
DA:63,0
LF:14
LH:0
BRF:0
BRH:0
end_of_record
TN:
SF:src\common\enums\health-status.enum.ts
FN:1,(anonymous_0)
FN:6,(anonymous_1)
FNF:2
FNH:2
FNDA:1,(anonymous_0)
FNDA:1,(anonymous_1)
DA:1,1
DA:2,1
DA:3,1
DA:6,1
DA:7,1
DA:8,1
DA:9,1
LF:7
LH:7
BRDA:1,0,0,1
BRDA:1,0,1,1
BRDA:6,1,0,1
BRDA:6,1,1,1
BRF:4
BRH:4
end_of_record
TN:
SF:src\common\enums\http-method.enum.ts
FN:1,(anonymous_0)
FNF:1
FNH:1
FNDA:6,(anonymous_0)
DA:1,6
DA:2,6
DA:3,6
DA:4,6
DA:5,6
DA:6,6
LF:6
LH:6
BRDA:1,0,0,6
BRDA:1,0,1,6
BRF:2
BRH:2
end_of_record
TN:
SF:src\common\enums\http-status.enum.ts
FN:1,(anonymous_0)
FNF:1
FNH:0
FNDA:0,(anonymous_0)
DA:1,0
DA:3,0
DA:4,0
DA:5,0
DA:6,0
DA:9,0
DA:10,0
DA:11,0
DA:14,0
DA:15,0
DA:16,0
DA:17,0
DA:18,0
DA:19,0
DA:20,0
DA:21,0
DA:24,0
DA:25,0
DA:26,0
DA:27,0
DA:28,0
LF:21
LH:0
BRDA:1,0,0,0
BRDA:1,0,1,0
BRF:2
BRH:0
end_of_record
TN:
SF:src\common\enums\index.ts
FNF:0
FNH:0
DA:1,0
DA:2,0
DA:3,0
DA:4,0
LF:4
LH:0
BRF:0
BRH:0
end_of_record
TN:
SF:src\common\enums\service-name.enum.ts
FN:1,(anonymous_0)
FNF:1
FNH:1
FNDA:6,(anonymous_0)
DA:1,6
DA:2,6
DA:3,6
DA:4,6
DA:5,6
DA:6,6
DA:7,6
DA:8,6
DA:9,6
DA:10,6
DA:11,6
DA:12,6
LF:12
LH:12
BRDA:1,0,0,6
BRDA:1,0,1,6
BRF:2
BRH:2
end_of_record
TN:
SF:src\common\exceptions\bad-gateway.exception.ts
FN:4,(anonymous_0)
FNF:1
FNH:1
FNDA:2,(anonymous_0)
DA:1,1
DA:3,1
DA:5,2
LF:3
LH:3
BRDA:8,0,0,2
BRDA:8,0,1,1
BRF:2
BRH:2
end_of_record
TN:
SF:src\common\exceptions\forbidden.exception.ts
FN:4,(anonymous_0)
FNF:1
FNH:1
FNDA:2,(anonymous_0)
DA:1,1
DA:3,1
DA:5,2
LF:3
LH:3
BRDA:8,0,0,2
BRDA:8,0,1,1
BRF:2
BRH:2
end_of_record
TN:
SF:src\common\exceptions\index.ts
FN:1,(anonymous_0)
FN:2,(anonymous_1)
FN:3,(anonymous_2)
FN:4,(anonymous_3)
FN:5,(anonymous_4)
FN:6,(anonymous_5)
FN:7,(anonymous_6)
FNF:7
FNH:0
FNDA:0,(anonymous_0)
FNDA:0,(anonymous_1)
FNDA:0,(anonymous_2)
FNDA:0,(anonymous_3)
FNDA:0,(anonymous_4)
FNDA:0,(anonymous_5)
FNDA:0,(anonymous_6)
DA:1,0
DA:2,0
DA:3,0
DA:4,0
DA:5,0
DA:6,0
DA:7,0
LF:7
LH:0
BRF:0
BRH:0
end_of_record
TN:
SF:src\common\exceptions\proxy-timeout.exception.ts
FN:4,(anonymous_0)
FNF:1
FNH:1
FNDA:4,(anonymous_0)
DA:1,6
DA:3,6
DA:5,4
LF:3
LH:3
BRF:0
BRH:0
end_of_record
TN:
SF:src\common\exceptions\rate-limit-exceeded.exception.ts
FN:4,(anonymous_0)
FNF:1
FNH:1
FNDA:4,(anonymous_0)
DA:1,6
DA:3,6
DA:5,4
LF:3
LH:3
BRF:0
BRH:0
end_of_record
TN:
SF:src\common\exceptions\service-unavailable.exception.ts
FN:4,(anonymous_0)
FNF:1
FNH:1
FNDA:16,(anonymous_0)
DA:1,6
DA:3,6
DA:5,16
LF:3
LH:3
BRDA:8,0,0,16
BRDA:8,0,1,2
BRF:2
BRH:2
end_of_record
TN:
SF:src\common\exceptions\service.exception.ts
FN:8,(anonymous_0)
FNF:1
FNH:1
FNDA:3,(anonymous_0)
DA:1,2
DA:7,2
DA:14,3
LF:3
LH:3
BRF:0
BRH:0
end_of_record
TN:
SF:src\common\exceptions\unauthorized.exception.ts
FN:4,(anonymous_0)
FNF:1
FNH:1
FNDA:2,(anonymous_0)
DA:1,1
DA:3,1
DA:5,2
LF:3
LH:3
BRDA:8,0,0,2
BRDA:8,0,1,1
BRF:2
BRH:2
end_of_record
TN:
SF:src\common\filters\global-exception.filter.ts
FN:15,(anonymous_1)
FN:18,(anonymous_2)
FN:55,(anonymous_3)
FN:77,(anonymous_4)
FN:97,(anonymous_5)
FN:113,(anonymous_6)
FN:155,(anonymous_7)
FNF:7
FNH:6
FNDA:14,(anonymous_1)
FNDA:14,(anonymous_2)
FNDA:8,(anonymous_3)
FNDA:0,(anonymous_4)
FNDA:6,(anonymous_5)
FNDA:14,(anonymous_6)
FNDA:14,(anonymous_7)
DA:1,1
DA:11,1
DA:12,1
DA:15,1
DA:16,14
DA:19,14
DA:20,14
DA:21,14
DA:23,14
DA:24,14
DA:26,14
DA:29,14
DA:30,8
DA:31,8
DA:32,6
DA:33,0
DA:34,0
DA:35,6
DA:36,5
DA:37,5
DA:39,1
DA:44,1
DA:48,14
DA:51,14
DA:52,14
DA:60,8
DA:61,8
DA:63,8
DA:82,0
DA:83,0
DA:85,0
DA:102,6
DA:119,14
DA:126,14
DA:127,8
DA:128,8
DA:129,5
DA:135,3
DA:140,6
DA:141,5
DA:147,1
DA:156,14
DA:157,14
DA:158,13
DA:159,12
DA:160,12
DA:161,12
DA:162,12
LF:48
LH:43
BRDA:24,0,0,14
BRDA:24,0,1,0
BRDA:29,1,0,8
BRDA:29,1,1,6
BRDA:32,2,0,0
BRDA:32,2,1,6
BRDA:35,3,0,5
BRDA:35,3,1,1
BRDA:64,4,0,8
BRDA:64,4,1,3
BRDA:64,4,2,3
BRDA:64,4,3,0
BRDA:66,5,0,8
BRDA:66,5,1,3
BRDA:66,5,2,0
BRDA:71,6,0,8
BRDA:71,6,1,5
BRDA:86,7,0,0
BRDA:86,7,1,0
BRDA:87,8,0,0
BRDA:87,8,1,0
BRDA:87,8,2,0
BRDA:91,9,0,0
BRDA:91,9,1,0
BRDA:103,10,0,6
BRDA:103,10,1,0
BRDA:104,11,0,6
BRDA:104,11,1,0
BRDA:126,12,0,8
BRDA:126,12,1,6
BRDA:128,13,0,5
BRDA:128,13,1,3
BRDA:140,14,0,5
BRDA:140,14,1,1
BRDA:157,15,0,1
BRDA:157,15,1,13
BRDA:157,16,0,14
BRDA:157,16,1,1
BRDA:158,17,0,1
BRDA:158,17,1,12
BRDA:158,18,0,13
BRDA:158,18,1,1
BRDA:159,19,0,0
BRDA:159,19,1,12
BRF:44
BRH:30
end_of_record
TN:
SF:src\common\interfaces\index.ts
FNF:0
FNH:0
DA:1,0
DA:2,0
DA:3,0
DA:4,0
LF:4
LH:0
BRF:0
BRH:0
end_of_record
TN:
SF:src\common\models\index.ts
FNF:0
FNH:0
DA:1,0
LF:1
LH:0
BRF:0
BRH:0
end_of_record
TN:
SF:src\common\pipes\global-validation.pipe.ts
FN:13,(anonymous_2)
FN:25,(anonymous_3)
FN:40,(anonymous_4)
FN:68,(anonymous_5)
FNF:4
FNH:4
FNDA:13,(anonymous_2)
FNDA:4,(anonymous_3)
FNDA:5,(anonymous_4)
FNDA:10,(anonymous_5)
DA:1,5
DA:12,5
DA:14,13
DA:26,4
DA:28,4
DA:35,4
DA:44,5
DA:46,5
DA:47,7
DA:49,7
DA:50,6
DA:51,6
DA:60,7
DA:61,1
DA:65,5
DA:70,10
DA:71,1
DA:74,9
LF:18
LH:18
BRDA:42,0,0,4
BRDA:47,1,0,1
BRDA:47,1,1,6
BRDA:49,2,0,6
BRDA:49,2,1,1
BRDA:60,3,0,1
BRDA:60,3,1,6
BRDA:60,4,0,7
BRDA:60,4,1,4
BRDA:70,5,0,1
BRDA:70,5,1,9
BRDA:70,6,0,10
BRDA:70,6,1,10
BRF:13
BRH:13
end_of_record
TN:
SF:src\common\pipes\index.ts
FNF:0
FNH:0
DA:1,3
DA:2,3
DA:3,3
DA:4,3
LF:4
LH:4
BRF:0
BRH:0
end_of_record
TN:
SF:src\common\pipes\json-body-validation.pipe.ts
FN:5,(anonymous_1)
FNF:1
FNH:1
FNDA:21,(anonymous_1)
DA:1,4
DA:4,4
DA:7,21
DA:8,4
DA:14,17
DA:15,17
DA:16,9
LF:7
LH:7
BRDA:7,0,0,4
BRDA:7,0,1,17
BRDA:7,1,0,21
BRDA:7,1,1,19
BRDA:15,2,0,8
BRDA:15,2,1,9
BRF:6
BRH:6
end_of_record
TN:
SF:src\common\pipes\proxy-validation.pipe.ts
FN:13,(anonymous_1)
FN:34,(anonymous_2)
FNF:2
FNH:2
FNDA:20,(anonymous_1)
FNDA:14,(anonymous_2)
DA:1,4
DA:7,4
DA:8,4
DA:9,4
DA:12,4
DA:15,20
DA:16,3
DA:20,17
DA:21,5
DA:25,12
DA:28,12
DA:33,12
DA:34,10
DA:35,14
DA:36,14
DA:41,10
DA:49,2
LF:17
LH:17
BRDA:15,0,0,3
BRDA:15,0,1,17
BRDA:20,1,0,5
BRDA:20,1,1,12
BRDA:33,2,0,10
BRDA:33,2,1,2
BRDA:36,3,0,10
BRDA:36,3,1,4
BRDA:36,4,0,14
BRDA:36,4,1,12
BRF:10
BRH:10
end_of_record
TN:
SF:src\common\pipes\validation.module.ts
FNF:0
FNH:0
DA:1,3
DA:2,3
DA:3,3
DA:4,3
DA:10,3
LF:5
LH:5
BRF:0
BRH:0
end_of_record
TN:
SF:src\common\validators\index.ts
FNF:0
FNH:0
DA:1,4
DA:2,4
DA:3,4
DA:4,4
DA:5,4
DA:6,4
DA:7,4
DA:8,4
LF:8
LH:8
BRF:0
BRH:0
end_of_record
TN:
SF:src\common\validators\is-http-method.validator.ts
FN:8,IsHttpMethod
FN:9,(anonymous_1)
FN:17,(anonymous_2)
FN:21,(anonymous_3)
FNF:4
FNH:4
FNDA:6,IsHttpMethod
FNDA:6,(anonymous_1)
FNDA:66,(anonymous_2)
FNDA:12,(anonymous_3)
DA:1,5
DA:6,5
DA:8,5
DA:9,6
DA:10,6
DA:18,66
DA:19,58
DA:22,12
DA:23,12
LF:9
LH:9
BRDA:18,0,0,8
BRDA:18,0,1,58
BRF:2
BRH:2
end_of_record
TN:
SF:src\common\validators\is-ip-address.validator.ts
FN:7,IsIpAddress
FN:8,(anonymous_1)
FN:16,(anonymous_2)
FN:27,(anonymous_3)
FNF:4
FNH:4
FNDA:3,IsIpAddress
FNDA:3,(anonymous_1)
FNDA:62,(anonymous_2)
FNDA:14,(anonymous_3)
DA:1,5
DA:7,5
DA:8,3
DA:9,3
DA:17,62
DA:20,57
DA:23,57
DA:25,57
DA:28,14
LF:9
LH:9
BRDA:17,0,0,5
BRDA:17,0,1,57
BRDA:25,1,0,57
BRDA:25,1,1,15
BRF:4
BRH:4
end_of_record
TN:
SF:src\common\validators\is-json-object.validator.ts
FN:7,IsJsonObject
FN:8,(anonymous_1)
FN:16,(anonymous_2)
FN:36,(anonymous_3)
FNF:4
FNH:4
FNDA:6,IsJsonObject
FNDA:6,(anonymous_1)
FNDA:79,(anonymous_2)
FNDA:22,(anonymous_3)
DA:1,5
DA:7,5
DA:8,6
DA:9,6
DA:17,79
DA:20,77
DA:21,52
DA:25,25
DA:26,18
DA:27,18
DA:28,9
DA:30,9
DA:34,7
DA:37,22
LF:14
LH:14
BRDA:17,0,0,2
BRDA:17,0,1,77
BRDA:17,1,0,79
BRDA:17,1,1,78
BRDA:20,2,0,52
BRDA:20,2,1,25
BRDA:20,3,0,77
BRDA:20,3,1,54
BRDA:25,4,0,18
BRDA:25,4,1,7
BRDA:28,5,0,9
BRDA:28,5,1,6
BRDA:28,5,2,5
BRF:13
BRH:13
end_of_record
TN:
SF:src\common\validators\is-port.validator.ts
FN:7,IsPort
FN:8,(anonymous_1)
FN:16,(anonymous_2)
FN:30,(anonymous_3)
FNF:4
FNH:4
FNDA:3,IsPort
FNDA:3,(anonymous_1)
FNDA:65,(anonymous_2)
FNDA:18,(anonymous_3)
DA:1,5
DA:7,5
DA:8,3
DA:9,3
DA:17,65
DA:19,9
DA:20,5
DA:22,4
DA:23,4
DA:25,56
DA:26,50
DA:28,6
DA:31,18
LF:13
LH:13
BRDA:17,0,0,9
BRDA:17,0,1,56
BRDA:19,1,0,5
BRDA:19,1,1,4
BRDA:23,2,0,4
BRDA:23,2,1,4
BRDA:23,2,2,4
BRDA:25,3,0,50
BRDA:25,3,1,6
BRDA:26,4,0,50
BRDA:26,4,1,49
BRDA:26,4,2,45
BRF:12
BRH:12
end_of_record
TN:
SF:src\common\validators\is-service-name.validator.ts
FN:8,IsServiceName
FN:9,(anonymous_1)
FN:17,(anonymous_2)
FN:21,(anonymous_3)
FNF:4
FNH:4
FNDA:2,IsServiceName
FNDA:2,(anonymous_1)
FNDA:53,(anonymous_2)
FNDA:30,(anonymous_3)
DA:1,5
DA:6,5
DA:8,5
DA:9,2
DA:10,2
DA:18,53
DA:19,45
DA:22,30
DA:23,30
LF:9
LH:9
BRDA:18,0,0,8
BRDA:18,0,1,45
BRF:2
BRH:2
end_of_record
TN:
SF:src\common\validators\is-timeout.validator.ts
FN:7,IsTimeout
FN:12,(anonymous_1)
FN:20,(anonymous_2)
FN:41,(anonymous_3)
FNF:4
FNH:4
FNDA:4,IsTimeout
FNDA:4,(anonymous_1)
FNDA:94,(anonymous_2)
FNDA:26,(anonymous_3)
DA:1,5
DA:7,5
DA:12,4
DA:13,4
DA:21,94
DA:23,94
DA:25,16
DA:26,16
DA:27,6
DA:30,10
DA:31,1
DA:33,9
DA:34,9
DA:36,78
DA:37,71
DA:39,7
DA:42,26
DA:43,26
LF:18
LH:18
BRDA:8,0,0,2
BRDA:9,1,0,2
BRDA:23,2,0,16
BRDA:23,2,1,78
BRDA:26,3,0,6
BRDA:26,3,1,10
BRDA:30,4,0,1
BRDA:30,4,1,9
BRDA:34,5,0,9
BRDA:34,5,1,9
BRDA:34,5,2,8
BRDA:36,6,0,71
BRDA:36,6,1,7
BRDA:37,7,0,71
BRDA:37,7,1,68
BRDA:37,7,2,63
BRF:16
BRH:16
end_of_record
TN:
SF:src\common\validators\is-valid-url.validator.ts
FN:7,IsValidUrl
FN:8,(anonymous_1)
FN:16,(anonymous_2)
FN:26,(anonymous_3)
FNF:4
FNH:4
FNDA:3,IsValidUrl
FNDA:3,(anonymous_1)
FNDA:66,(anonymous_2)
FNDA:15,(anonymous_3)
DA:1,5
DA:7,5
DA:8,3
DA:9,3
DA:17,66
DA:19,59
DA:20,59
DA:21,53
DA:23,6
DA:27,15
LF:10
LH:10
BRDA:17,0,0,7
BRDA:17,0,1,59
BRF:2
BRH:2
end_of_record
TN:
SF:src\common\validators\safe-path.validator.ts
FN:7,IsSafePath
FN:8,(anonymous_1)
FN:16,(anonymous_2)
FN:23,(anonymous_3)
FNF:4
FNH:4
FNDA:6,IsSafePath
FNDA:6,(anonymous_1)
FNDA:66,(anonymous_2)
FNDA:17,(anonymous_3)
DA:1,5
DA:7,5
DA:8,6
DA:9,6
DA:17,66
DA:18,59
DA:19,55
DA:20,52
DA:21,48
DA:24,17
LF:10
LH:10
BRDA:17,0,0,7
BRDA:17,0,1,59
BRDA:18,1,0,4
BRDA:18,1,1,55
BRDA:19,2,0,3
BRDA:19,2,1,52
BRDA:20,3,0,4
BRDA:20,3,1,48
BRF:8
BRH:8
end_of_record
TN:
SF:src\config\redis.config.ts
FN:13,(anonymous_0)
FNF:1
FNH:1
FNDA:3,(anonymous_0)
DA:1,3
DA:11,3
DA:13,3
LF:3
LH:3
BRDA:14,0,0,3
BRDA:14,0,1,0
BRDA:15,1,0,3
BRDA:15,1,1,0
BRDA:16,2,0,3
BRDA:16,2,1,3
BRDA:17,3,0,3
BRDA:17,3,1,0
BRDA:18,4,0,3
BRDA:18,4,1,0
BRF:10
BRH:6
end_of_record
TN:
SF:src\config\services.config.ts
FN:6,(anonymous_0)
FN:10,(anonymous_1)
FNF:2
FNH:2
FNDA:3,(anonymous_0)
FNDA:33,(anonymous_1)
DA:1,3
DA:6,3
DA:7,3
DA:8,3
DA:10,3
DA:14,33
DA:22,3
LF:7
LH:7
BRDA:7,0,0,3
BRDA:7,0,1,0
BRDA:8,1,0,3
BRDA:8,1,1,0
BRDA:13,2,0,30
BRDA:25,3,0,3
BRDA:25,3,1,0
BRDA:29,4,0,3
BRDA:29,4,1,0
BRDA:33,5,0,3
BRDA:33,5,1,0
BRDA:37,6,0,3
BRDA:37,6,1,0
BRDA:41,7,0,3
BRDA:41,7,1,0
BRDA:45,8,0,3
BRDA:45,8,1,0
BRDA:49,9,0,3
BRDA:49,9,1,0
BRDA:53,10,0,3
BRDA:53,10,1,0
BRDA:57,11,0,3
BRDA:57,11,1,0
BRDA:61,12,0,3
BRDA:61,12,1,0
BRDA:65,13,0,3
BRDA:65,13,1,0
BRF:27
BRH:14
end_of_record
TN:
SF:src\config\validation.schema.ts
FNF:0
FNH:0
DA:1,3
DA:3,3
LF:2
LH:2
BRF:0
BRH:0
end_of_record
TN:
SF:src\config\dto\index.ts
FNF:0
FNH:0
DA:1,0
LF:1
LH:0
BRF:0
BRH:0
end_of_record
TN:
SF:src\config\dto\service-config.dto.ts
FN:80,(anonymous_2)
FNF:1
FNH:0
FNDA:0,(anonymous_2)
DA:1,1
DA:2,1
DA:3,1
DA:5,1
DA:13,1
DA:22,1
DA:31,1
DA:34,1
DA:40,1
DA:47,1
DA:56,1
DA:65,1
DA:72,1
DA:80,0
DA:81,1
LF:15
LH:14
BRF:0
BRH:0
end_of_record
TN:
SF:src\health\health.controller.ts
FN:9,(anonymous_2)
FN:14,(anonymous_3)
FN:21,(anonymous_4)
FNF:3
FNH:3
FNDA:26,(anonymous_2)
FNDA:8,(anonymous_3)
FNDA:12,(anonymous_4)
DA:1,4
DA:2,4
DA:3,4
DA:4,4
DA:8,4
DA:9,26
DA:14,4
DA:15,8
DA:21,4
DA:22,12
LF:10
LH:10
BRF:0
BRH:0
end_of_record
TN:
SF:src\health\health.module.ts
FNF:0
FNH:0
DA:1,3
DA:2,3
DA:3,3
DA:4,3
DA:5,3
DA:6,3
DA:7,3
DA:8,3
DA:15,3
LF:9
LH:9
BRF:0
BRH:0
end_of_record
TN:
SF:src\health\health.service.ts
FN:41,(anonymous_3)
FN:46,(anonymous_4)
FN:71,(anonymous_5)
FN:79,(anonymous_6)
FN:90,(anonymous_7)
FN:100,(anonymous_8)
FN:114,(anonymous_9)
FN:148,(anonymous_10)
FN:166,(anonymous_11)
FN:196,(anonymous_12)
FN:207,(anonymous_13)
FN:231,(anonymous_14)
FNF:12
FNH:5
FNDA:30,(anonymous_3)
FNDA:8,(anonymous_4)
FNDA:0,(anonymous_5)
FNDA:0,(anonymous_6)
FNDA:16,(anonymous_7)
FNDA:16,(anonymous_8)
FNDA:0,(anonymous_9)
FNDA:16,(anonymous_10)
FNDA:0,(anonymous_11)
FNDA:0,(anonymous_12)
FNDA:0,(anonymous_13)
FNDA:0,(anonymous_14)
DA:1,5
DA:2,5
DA:3,5
DA:4,5
DA:36,5
DA:37,30
DA:38,30
DA:39,30
DA:42,30
DA:43,30
DA:51,8
DA:53,8
DA:54,8
DA:56,8
DA:62,0
DA:63,0
DA:72,0
DA:78,0
DA:79,0
DA:81,0
DA:91,16
DA:92,16
DA:93,1
DA:94,1
DA:97,15
DA:100,15
DA:101,16
DA:102,16
DA:105,16
DA:106,0
DA:109,16
DA:110,16
DA:111,16
DA:112,16
DA:114,0
DA:116,11
DA:117,11
DA:119,11
DA:128,11
DA:129,11
DA:131,5
DA:132,5
DA:141,5
DA:142,5
DA:146,15
DA:148,15
DA:149,16
DA:150,16
DA:153,0
DA:154,0
DA:163,15
DA:167,0
DA:168,0
DA:171,0
DA:172,0
DA:173,0
DA:174,0
DA:175,0
DA:180,0
DA:183,0
DA:197,0
DA:198,0
DA:199,0
DA:202,0
DA:203,0
DA:204,0
DA:205,0
DA:207,0
DA:209,0
DA:210,0
DA:212,0
DA:220,0
DA:221,0
DA:232,0
DA:233,0
LF:75
LH:41
BRDA:57,0,0,5
BRDA:57,0,1,3
BRDA:78,1,0,0
BRDA:78,1,1,0
BRDA:78,2,0,0
BRDA:78,2,1,0
BRDA:92,3,0,1
BRDA:92,3,1,15
BRDA:92,4,0,16
BRDA:92,4,1,15
BRDA:105,5,0,0
BRDA:105,5,1,16
BRDA:105,6,0,16
BRDA:105,6,1,0
BRDA:117,7,0,11
BRDA:117,7,1,11
BRDA:121,8,0,8
BRDA:121,8,1,3
BRDA:124,9,0,8
BRDA:124,9,1,3
BRDA:137,10,0,5
BRDA:137,10,1,1
BRDA:149,11,0,16
BRDA:149,11,1,0
BRDA:198,12,0,0
BRDA:198,12,1,0
BRDA:210,13,0,0
BRDA:210,13,1,0
BRDA:214,14,0,0
BRDA:214,14,1,0
BRDA:217,15,0,0
BRDA:217,15,1,0
BRDA:226,16,0,0
BRDA:226,16,1,0
BRF:34
BRH:17
end_of_record
TN:
SF:src\health\metrics.controller.ts
FN:6,(anonymous_2)
FN:10,(anonymous_3)
FNF:2
FNH:2
FNDA:25,(anonymous_2)
FNDA:11,(anonymous_3)
DA:1,4
DA:2,4
DA:5,4
DA:6,25
DA:10,4
DA:11,11
LF:6
LH:6
BRF:0
BRH:0
end_of_record
TN:
SF:src\health\metrics.service.ts
FN:8,(anonymous_2)
FN:13,(anonymous_3)
FNF:2
FNH:2
FNDA:23,(anonymous_2)
FNDA:10,(anonymous_3)
DA:1,5
DA:2,5
DA:5,5
DA:9,23
DA:10,23
DA:14,10
LF:6
LH:6
BRF:0
BRH:0
end_of_record
TN:
SF:src\health\dto\health-check-result.dto.ts
FN:79,(anonymous_2)
FNF:1
FNH:1
FNDA:2,(anonymous_2)
DA:1,1
DA:2,1
DA:3,1
DA:4,1
DA:6,1
DA:12,1
DA:19,1
DA:30,1
DA:37,1
DA:46,1
DA:49,1
DA:55,1
DA:62,1
DA:71,1
DA:79,2
DA:80,1
LF:16
LH:16
BRF:0
BRH:0
end_of_record
TN:
SF:src\health\dto\health.dto.ts
FNF:0
FNH:0
DA:1,4
DA:3,4
DA:5,4
DA:8,4
DA:11,4
DA:14,4
DA:16,4
DA:19,4
DA:22,4
DA:25,4
DA:28,4
LF:11
LH:11
BRF:0
BRH:0
end_of_record
TN:
SF:src\health\dto\index.ts
FNF:0
FNH:0
DA:1,0
LF:1
LH:0
BRF:0
BRH:0
end_of_record
TN:
SF:src\proxy\proxy.controller.ts
FN:30,(anonymous_4)
FN:35,(anonymous_5)
FN:38,(anonymous_6)
FN:49,(anonymous_7)
FN:52,(anonymous_8)
FN:63,(anonymous_9)
FN:66,(anonymous_10)
FN:76,(anonymous_11)
FN:79,(anonymous_12)
FNF:9
FNH:9
FNDA:18,(anonymous_4)
FNDA:8,(anonymous_5)
FNDA:10,(anonymous_6)
FNDA:3,(anonymous_7)
FNDA:2,(anonymous_8)
FNDA:3,(anonymous_9)
FNDA:2,(anonymous_10)
FNDA:3,(anonymous_11)
FNDA:1,(anonymous_12)
DA:1,3
DA:14,3
DA:15,3
DA:16,3
DA:22,3
DA:23,3
DA:29,3
DA:30,18
DA:35,3
DA:36,8
DA:37,7
DA:38,7
DA:39,10
DA:41,7
DA:49,3
DA:50,3
DA:51,2
DA:52,2
DA:53,2
DA:55,2
DA:63,3
DA:64,3
DA:65,2
DA:66,2
DA:67,2
DA:69,2
DA:76,3
DA:77,3
DA:78,2
DA:79,2
DA:80,1
DA:82,2
LF:32
LH:32
BRF:0
BRH:0
end_of_record
TN:
SF:src\proxy\proxy.module.ts
FNF:0
FNH:0
DA:1,2
DA:2,2
DA:3,2
DA:4,2
DA:5,2
DA:6,2
DA:7,2
DA:8,2
DA:9,2
DA:10,2
DA:26,2
LF:11
LH:11
BRF:0
BRH:0
end_of_record
TN:
SF:src\proxy\proxy.service.ts
FN:33,(anonymous_12)
FN:35,(anonymous_13)
FN:44,(anonymous_14)
FN:90,(anonymous_15)
FN:111,(anonymous_16)
FN:149,(anonymous_17)
FN:179,(anonymous_18)
FN:205,(anonymous_19)
FN:216,(anonymous_20)
FN:249,(anonymous_21)
FN:268,(anonymous_22)
FN:287,(anonymous_23)
FN:329,(anonymous_24)
FN:330,(anonymous_25)
FN:336,(anonymous_26)
FN:352,(anonymous_27)
FN:360,(anonymous_28)
FNF:17
FNH:15
FNDA:21,(anonymous_12)
FNDA:0,(anonymous_13)
FNDA:31,(anonymous_14)
FNDA:0,(anonymous_15)
FNDA:6,(anonymous_16)
FNDA:1,(anonymous_17)
FNDA:31,(anonymous_18)
FNDA:26,(anonymous_19)
FNDA:26,(anonymous_20)
FNDA:28,(anonymous_21)
FNDA:15,(anonymous_22)
FNDA:13,(anonymous_23)
FNDA:23,(anonymous_24)
FNDA:23,(anonymous_25)
FNDA:5,(anonymous_26)
FNDA:1,(anonymous_27)
FNDA:1,(anonymous_28)
DA:1,4
DA:3,4
DA:4,4
DA:5,4
DA:6,4
DA:7,4
DA:8,4
DA:19,4
DA:20,21
DA:21,21
DA:22,21
DA:27,21
DA:33,21
DA:41,0
DA:49,31
DA:50,31
DA:51,2
DA:61,29
DA:62,29
DA:63,1
DA:69,28
DA:70,2
DA:76,26
DA:77,26
DA:81,26
DA:90,0
DA:93,26
DA:94,26
DA:97,26
DA:99,26
DA:100,49
DA:101,49
DA:102,15
DA:105,15
DA:106,15
DA:110,15
DA:111,15
DA:112,6
DA:113,5
DA:116,13
DA:122,36
DA:123,36
DA:124,36
DA:127,36
DA:128,1
DA:129,1
DA:132,1
DA:136,35
DA:137,35
DA:139,35
DA:144,35
DA:145,12
DA:147,12
DA:148,2
DA:149,2
DA:150,1
DA:151,1
DA:153,2
DA:162,10
DA:169,23
DA:170,23
DA:171,23
DA:175,0
DA:176,0
DA:184,31
DA:185,31
DA:186,31
DA:187,31
DA:188,31
DA:201,31
DA:202,31
DA:210,26
DA:211,26
DA:212,26
DA:213,26
DA:219,26
DA:231,26
DA:232,26
DA:233,9
DA:234,9
DA:235,6
DA:236,6
DA:238,26
DA:239,26
DA:240,26
DA:246,26
DA:250,28
DA:251,28
DA:252,28
DA:253,28
DA:255,28
DA:256,3
DA:258,1
DA:259,1
DA:260,1
DA:262,2
DA:263,2
DA:265,25
DA:269,15
DA:270,15
DA:272,3
DA:275,3
DA:282,3
DA:283,1
DA:288,13
DA:289,13
DA:290,13
DA:291,13
DA:294,13
DA:303,13
DA:304,0
DA:305,0
DA:307,13
DA:308,13
DA:310,13
DA:311,2
DA:315,2
DA:322,11
DA:325,11
DA:330,23
DA:337,5
DA:339,5
DA:340,4
DA:346,5
DA:353,1
DA:354,1
DA:361,1
DA:362,1
DA:363,1
LF:129
LH:123
BRDA:50,0,0,2
BRDA:50,0,1,29
BRDA:62,1,0,1
BRDA:62,1,1,28
BRDA:69,2,0,2
BRDA:69,2,1,26
BRDA:111,3,0,15
BRDA:111,3,1,0
BRDA:112,4,0,1
BRDA:112,4,1,5
BRDA:113,5,0,5
BRDA:113,5,1,0
BRDA:127,6,0,1
BRDA:127,6,1,35
BRDA:137,7,0,35
BRDA:137,7,1,5
BRDA:137,7,2,4
BRDA:140,8,0,35
BRDA:140,8,1,30
BRDA:144,9,0,12
BRDA:144,9,1,23
BRDA:144,10,0,35
BRDA:144,10,1,34
BRDA:147,11,0,2
BRDA:147,11,1,10
BRDA:149,12,0,2
BRDA:149,12,1,0
BRDA:150,13,0,0
BRDA:150,13,1,1
BRDA:151,14,0,1
BRDA:151,14,1,0
BRDA:154,15,0,2
BRDA:154,15,1,0
BRDA:156,16,0,2
BRDA:156,16,1,0
BRDA:176,17,0,0
BRDA:176,17,1,0
BRDA:185,18,0,31
BRDA:185,18,1,0
BRDA:186,19,0,31
BRDA:186,19,1,0
BRDA:211,20,0,1
BRDA:211,20,1,25
BRDA:234,21,0,3
BRDA:234,21,1,6
BRDA:235,22,0,0
BRDA:235,22,1,6
BRDA:236,23,0,6
BRDA:236,23,1,0
BRDA:253,24,0,28
BRDA:253,24,1,0
BRDA:255,25,0,3
BRDA:255,25,1,25
BRDA:256,26,0,1
BRDA:256,26,1,2
BRDA:256,27,0,3
BRDA:256,27,1,3
BRDA:270,28,0,12
BRDA:270,28,1,3
BRDA:272,29,0,3
BRDA:272,29,1,3
BRDA:282,30,0,1
BRDA:282,30,1,2
BRDA:290,31,0,13
BRDA:290,31,1,0
BRDA:291,32,0,13
BRDA:291,32,1,0
BRDA:294,33,0,13
BRDA:294,33,1,10
BRDA:303,34,0,0
BRDA:303,34,1,13
BRDA:303,35,0,13
BRDA:303,35,1,3
BRDA:308,36,0,10
BRDA:308,36,1,3
BRDA:310,37,0,2
BRDA:310,37,1,11
BRF:77
BRH:60
end_of_record
TN:
SF:src\proxy\dto\index.ts
FNF:0
FNH:0
DA:1,0
DA:2,0
LF:2
LH:0
BRF:0
BRH:0
end_of_record
TN:
SF:src\proxy\dto\proxy-request.dto.ts
FN:46,(anonymous_2)
FNF:1
FNH:0
FNDA:0,(anonymous_2)
DA:1,1
DA:9,1
DA:10,1
DA:11,1
DA:12,1
DA:14,1
DA:17,1
DA:22,1
DA:29,1
DA:33,1
DA:41,1
DA:46,0
DA:47,1
LF:13
LH:12
BRF:0
BRH:0
end_of_record
TN:
SF:src\proxy\dto\proxy-response.dto.ts
FNF:0
FNH:0
DA:1,1
DA:2,1
DA:4,1
DA:13,1
DA:20,1
DA:23,1
DA:32,1
LF:7
LH:7
BRF:0
BRH:0
end_of_record
TN:
SF:src\proxy\models\index.ts
FNF:0
FNH:0
DA:1,0
DA:2,0
LF:2
LH:0
BRF:0
BRH:0
end_of_record
TN:
SF:src\redis\redis.constants.ts
FNF:0
FNH:0
DA:3,11
LF:1
LH:1
BRF:0
BRH:0
end_of_record
TN:
SF:src\redis\redis.module.ts
FN:14,(anonymous_2)
FN:22,(anonymous_3)
FNF:2
FNH:2
FNDA:3,(anonymous_2)
FNDA:3,(anonymous_3)
DA:1,4
DA:2,4
DA:3,4
DA:5,4
DA:6,4
DA:13,4
DA:15,3
DA:23,3
DA:24,3
DA:33,3
LF:10
LH:10
BRF:0
BRH:0
end_of_record
TN:
SF:src\redis\redis.service.ts
FN:6,(anonymous_4)
FN:8,(anonymous_5)
FN:12,(anonymous_6)
FNF:3
FNH:3
FNDA:18,(anonymous_4)
FNDA:13,(anonymous_5)
FNDA:5,(anonymous_6)
DA:1,11
DA:2,11
DA:5,11
DA:6,18
DA:9,13
DA:13,5
DA:14,5
LF:7
LH:7
BRF:0
BRH:0
end_of_record
TN:
SF:src\registry\service-registry.module.ts
FNF:0
FNH:0
DA:1,4
DA:2,4
DA:3,4
DA:10,4
LF:4
LH:4
BRF:0
BRH:0
end_of_record
TN:
SF:src\registry\service-registry.service.ts
FN:13,(anonymous_3)
FN:16,(anonymous_4)
FN:21,(anonymous_5)
FN:26,(anonymous_6)
FN:30,(anonymous_7)
FN:41,(anonymous_8)
FN:52,(anonymous_9)
FN:56,(anonymous_10)
FNF:8
FNH:7
FNDA:11,(anonymous_3)
FNDA:40,(anonymous_4)
FNDA:2,(anonymous_5)
FNDA:10,(anonymous_6)
FNDA:4,(anonymous_7)
FNDA:0,(anonymous_8)
FNDA:3,(anonymous_9)
FNDA:2,(anonymous_10)
DA:1,12
DA:2,12
DA:3,12
DA:8,12
DA:9,11
DA:11,11
DA:13,11
DA:14,11
DA:16,11
DA:17,40
DA:22,2
DA:23,2
DA:27,10
DA:31,4
DA:32,4
DA:33,1
DA:34,1
DA:37,3
DA:38,3
DA:39,3
DA:41,0
DA:44,2
DA:45,2
DA:47,1
DA:48,1
DA:53,3
DA:57,2
LF:27
LH:26
BRDA:32,0,0,1
BRDA:32,0,1,3
BRDA:41,1,0,0
BRDA:41,1,1,0
BRDA:47,2,0,1
BRDA:47,2,1,0
BRF:6
BRH:3
end_of_record
TN:
SF:src\routes\dto\index.ts
FNF:0
FNH:0
DA:1,0
LF:1
LH:0
BRF:0
BRH:0
end_of_record
TN:
SF:src\routes\dto\rate-limit-config.dto.ts
FNF:0
FNH:0
DA:1,0
DA:3,0
DA:6,0
DA:10,0
DA:14,0
DA:17,0
LF:6
LH:0
BRF:0
BRH:0
end_of_record
TN:
SF:src\routes\dto\route-config.dto.ts
FN:78,(anonymous_2)
FNF:1
FNH:0
FNDA:0,(anonymous_2)
DA:1,1
DA:2,1
DA:3,1
DA:4,1
DA:5,1
DA:7,1
DA:15,1
DA:24,1
DA:32,1
DA:40,1
DA:43,1
DA:49,1
DA:56,1
DA:63,1
DA:70,1
DA:78,0
DA:79,1
DA:89,1
LF:18
LH:17
BRF:0
BRH:0
end_of_record
TN:
SF:src\security\auth-validation.service.ts
FN:8,(anonymous_3)
FN:10,(anonymous_4)
FN:26,(anonymous_5)
FN:52,(anonymous_6)
FNF:4
FNH:3
FNDA:12,(anonymous_3)
FNDA:9,(anonymous_4)
FNDA:0,(anonymous_5)
FNDA:18,(anonymous_6)
DA:1,6
DA:2,6
DA:3,6
DA:7,6
DA:8,12
DA:11,9
DA:12,9
DA:13,2
DA:16,7
DA:17,7
DA:18,1
DA:21,6
DA:22,6
DA:23,6
DA:26,0
DA:28,4
DA:29,1
DA:32,3
DA:33,3
DA:39,3
DA:40,1
DA:42,2
DA:44,4
DA:45,4
DA:46,1
DA:48,3
DA:53,18
DA:54,14
DA:55,14
DA:56,5
DA:57,9
LF:31
LH:30
BRDA:12,0,0,2
BRDA:12,0,1,7
BRDA:17,1,0,1
BRDA:17,1,1,6
BRDA:28,2,0,1
BRDA:28,2,1,3
BRDA:28,3,0,4
BRDA:28,3,1,3
BRDA:34,4,0,3
BRDA:34,4,1,2
BRDA:34,4,2,1
BRDA:35,5,0,3
BRDA:35,5,1,0
BRDA:36,6,0,1
BRDA:36,6,1,2
BRDA:37,7,0,1
BRDA:37,7,1,2
BRDA:39,8,0,1
BRDA:39,8,1,2
BRDA:45,9,0,1
BRDA:45,9,1,3
BRDA:45,10,0,4
BRDA:45,10,1,3
BRDA:53,11,0,4
BRDA:53,11,1,14
BRDA:55,12,0,5
BRDA:55,12,1,9
BRDA:55,13,0,14
BRDA:55,13,1,13
BRDA:55,13,2,11
BRF:30
BRH:29
end_of_record
TN:
SF:src\security\rate-limit.service.ts
FN:27,(anonymous_2)
FN:43,(anonymous_3)
FN:47,(anonymous_4)
FN:99,(anonymous_5)
FN:144,(anonymous_6)
FN:159,(anonymous_7)
FN:170,(anonymous_8)
FNF:7
FNH:7
FNDA:16,(anonymous_2)
FNDA:6,(anonymous_3)
FNDA:15,(anonymous_4)
FNDA:16,(anonymous_5)
FNDA:15,(anonymous_6)
FNDA:56,(anonymous_7)
FNDA:15,(anonymous_8)
DA:1,5
DA:2,5
DA:4,5
DA:21,5
DA:28,16
DA:29,16
DA:31,16
DA:32,16
DA:35,16
DA:40,16
DA:44,6
DA:52,15
DA:53,15
DA:54,15
DA:55,15
DA:56,15
DA:59,15
DA:60,15
DA:61,15
DA:62,15
DA:64,15
DA:65,15
DA:66,15
DA:69,15
DA:71,1
DA:72,1
DA:73,1
DA:74,1
DA:84,14
DA:85,14
DA:86,14
DA:87,14
DA:89,14
DA:90,14
DA:100,16
DA:146,15
DA:147,56
DA:148,6
DA:153,9
DA:161,56
DA:166,56
DA:167,56
DA:171,15
DA:172,15
LF:44
LH:44
BRDA:65,0,0,15
BRDA:65,0,1,0
BRDA:65,1,0,15
BRDA:65,1,1,15
BRDA:65,1,2,15
BRDA:69,2,0,1
BRDA:69,2,1,14
BRDA:72,3,0,1
BRDA:72,3,1,0
BRDA:72,4,0,1
BRDA:72,4,1,1
BRDA:147,5,0,6
BRDA:147,5,1,50
BRF:13
BRH:11
end_of_record
TN:
SF:src\security\guards\index.ts
FN:1,(anonymous_0)
FN:2,(anonymous_1)
FN:3,(anonymous_2)
FNF:3
FNH:3
FNDA:9,(anonymous_0)
FNDA:3,(anonymous_1)
FNDA:3,(anonymous_2)
DA:1,12
DA:2,6
DA:3,6
LF:3
LH:3
BRF:0
BRH:0
end_of_record
TN:
SF:src\security\guards\jwt-auth.guard.ts
FN:12,(anonymous_2)
FN:14,(anonymous_3)
FNF:2
FNH:2
FNDA:23,(anonymous_2)
FNDA:6,(anonymous_3)
DA:1,4
DA:8,4
DA:11,4
DA:12,23
DA:15,6
DA:16,6
DA:17,6
DA:18,4
DA:20,2
DA:21,1
DA:22,1
LF:11
LH:11
BRDA:17,0,0,4
BRDA:17,0,1,2
BRF:2
BRH:2
end_of_record
TN:
SF:src\security\guards\optional-auth.guard.ts
FN:12,(anonymous_2)
FN:14,(anonymous_3)
FNF:2
FNH:2
FNDA:23,(anonymous_2)
FNDA:4,(anonymous_3)
DA:1,4
DA:8,4
DA:11,4
DA:12,23
DA:15,4
DA:16,4
DA:17,4
DA:18,2
DA:19,2
DA:20,1
DA:21,1
DA:24,1
LF:12
LH:12
BRDA:17,0,0,2
BRDA:17,0,1,2
BRF:2
BRH:2
end_of_record
TN:
SF:src\security\guards\rate-limit.guard.ts
FN:8,(anonymous_2)
FN:10,(anonymous_3)
FN:33,(anonymous_4)
FN:42,(anonymous_5)
FNF:4
FNH:4
FNDA:23,(anonymous_2)
FNDA:7,(anonymous_3)
FNDA:6,(anonymous_4)
FNDA:6,(anonymous_5)
DA:1,4
DA:3,4
DA:4,4
DA:7,4
DA:8,23
DA:11,7
DA:13,6
DA:14,6
DA:15,6
DA:17,6
DA:18,6
DA:19,6
DA:21,6
DA:23,6
DA:24,6
DA:25,6
DA:27,6
DA:28,1
DA:30,5
DA:34,6
DA:37,6
DA:43,6
DA:44,6
DA:45,6
LF:24
LH:24
BRDA:11,0,0,1
BRDA:11,0,1,6
BRDA:27,1,0,1
BRDA:27,1,1,5
BRDA:38,2,0,6
BRDA:38,2,1,6
BRDA:38,2,2,0
BRDA:38,2,3,0
BRDA:38,2,4,0
BRDA:43,3,0,6
BRDA:43,3,1,0
BRDA:43,3,2,0
BRDA:45,4,0,6
BRDA:45,4,1,0
BRDA:45,5,0,0
BRDA:45,5,1,6
BRF:16
BRH:9
end_of_record
TN:
SF:src\shared\interceptors\cache.interceptor.ts
FN:19,(anonymous_2)
FN:27,(anonymous_3)
FN:46,(anonymous_4)
FN:47,(anonymous_5)
FN:57,(anonymous_6)
FN:67,(anonymous_7)
FN:72,(anonymous_8)
FN:87,(anonymous_9)
FN:88,(anonymous_10)
FN:89,(anonymous_11)
FN:94,(anonymous_12)
FN:95,(anonymous_13)
FN:96,(anonymous_14)
FN:103,(anonymous_15)
FN:108,(anonymous_16)
FNF:15
FNH:8
FNDA:22,(anonymous_2)
FNDA:3,(anonymous_3)
FNDA:2,(anonymous_4)
FNDA:2,(anonymous_5)
FNDA:1,(anonymous_6)
FNDA:0,(anonymous_7)
FNDA:0,(anonymous_8)
FNDA:0,(anonymous_9)
FNDA:0,(anonymous_10)
FNDA:0,(anonymous_11)
FNDA:1,(anonymous_12)
FNDA:0,(anonymous_13)
FNDA:1,(anonymous_14)
FNDA:2,(anonymous_15)
FNDA:0,(anonymous_16)
DA:1,4
DA:8,4
DA:9,4
DA:10,4
DA:12,4
DA:15,4
DA:20,22
DA:21,22
DA:23,22
DA:24,22
DA:28,3
DA:30,3
DA:31,3
DA:32,3
DA:34,3
DA:35,1
DA:38,2
DA:39,2
DA:41,2
DA:42,2
DA:43,0
DA:46,2
DA:47,2
DA:48,2
DA:49,2
DA:50,1
DA:51,1
DA:57,1
DA:58,1
DA:60,1
DA:61,1
DA:62,1
DA:66,0
DA:67,0
DA:68,0
DA:69,0
DA:70,0
DA:71,0
DA:72,0
DA:73,0
DA:74,0
DA:75,0
DA:77,0
DA:78,0
DA:82,0
DA:86,0
DA:87,0
DA:88,0
DA:89,0
DA:93,1
DA:94,1
DA:95,0
DA:96,1
DA:104,2
DA:105,2
DA:106,2
DA:108,0
DA:110,2
DA:111,2
DA:112,2
DA:113,0
DA:114,0
DA:115,0
DA:117,2
LF:64
LH:41
BRDA:28,0,0,0
BRDA:28,0,1,3
BRDA:34,1,0,1
BRDA:34,1,1,2
BRDA:42,2,0,0
BRDA:42,2,1,2
BRDA:42,3,0,2
BRDA:42,3,1,0
BRDA:50,4,0,1
BRDA:50,4,1,0
BRDA:57,5,0,1
BRDA:57,5,1,0
BRDA:73,6,0,0
BRDA:73,6,1,0
BRDA:74,7,0,0
BRDA:74,7,1,0
BRDA:75,8,0,0
BRDA:75,8,1,0
BRDA:104,9,0,2
BRDA:104,9,1,0
BRDA:104,9,2,0
BRDA:105,10,0,2
BRDA:105,10,1,1
BRDA:112,11,0,0
BRDA:112,11,1,2
BRDA:112,12,0,2
BRDA:112,12,1,0
BRF:27
BRH:12
end_of_record
TN:
SF:src\shared\interceptors\cors.interceptor.ts
FN:19,(anonymous_2)
FN:33,(anonymous_3)
FNF:2
FNH:2
FNDA:22,(anonymous_2)
FNDA:3,(anonymous_3)
DA:1,4
DA:8,4
DA:9,4
DA:12,4
DA:19,22
DA:20,22
DA:21,22
DA:22,22
DA:26,22
DA:30,22
DA:34,3
DA:35,3
DA:36,3
DA:37,3
DA:39,3
DA:40,3
DA:41,3
DA:42,3
DA:43,3
DA:44,3
DA:46,3
DA:47,1
DA:48,1
DA:51,2
LF:24
LH:24
BRDA:34,0,0,0
BRDA:34,0,1,3
BRDA:43,1,0,3
BRDA:43,1,1,0
BRDA:46,2,0,1
BRDA:46,2,1,2
BRF:6
BRH:4
end_of_record
TN:
SF:src\shared\interceptors\index.ts
FN:1,(anonymous_0)
FN:2,(anonymous_1)
FN:3,(anonymous_2)
FN:4,(anonymous_3)
FNF:4
FNH:4
FNDA:7,(anonymous_0)
FNDA:7,(anonymous_1)
FNDA:7,(anonymous_2)
FNDA:7,(anonymous_3)
DA:1,10
DA:2,10
DA:3,10
DA:4,10
LF:4
LH:4
BRF:0
BRH:0
end_of_record
TN:
SF:src\shared\interceptors\interceptors.module.ts
FNF:0
FNH:0
DA:1,2
DA:2,2
DA:3,2
DA:4,2
DA:26,2
LF:5
LH:5
BRF:0
BRH:0
end_of_record
TN:
SF:src\shared\interceptors\logging.interceptor.ts
FN:12,(anonymous_1)
FN:15,(anonymous_2)
FN:33,(anonymous_3)
FN:42,(anonymous_4)
FN:52,(anonymous_5)
FNF:5
FNH:5
FNDA:22,(anonymous_1)
FNDA:3,(anonymous_2)
FNDA:2,(anonymous_3)
FNDA:1,(anonymous_4)
FNDA:1,(anonymous_5)
DA:1,4
DA:8,4
DA:12,4
DA:13,22
DA:16,3
DA:17,3
DA:18,3
DA:20,3
DA:21,3
DA:22,3
DA:23,3
DA:25,3
DA:28,3
DA:32,3
DA:34,2
DA:35,2
DA:38,2
DA:43,1
DA:44,1
DA:47,1
DA:52,1
LF:21
LH:21
BRDA:21,0,0,3
BRDA:21,0,1,1
BRDA:22,1,0,3
BRDA:22,1,1,3
BRDA:22,1,2,3
BRDA:23,2,0,3
BRDA:23,2,1,0
BRDA:23,2,2,0
BRDA:44,3,0,1
BRDA:44,3,1,0
BRDA:44,3,2,0
BRF:11
BRH:7
end_of_record
TN:
SF:src\shared\interceptors\response.interceptor.ts
FN:13,(anonymous_1)
FN:37,(anonymous_2)
FNF:2
FNH:2
FNDA:5,(anonymous_1)
FNDA:5,(anonymous_2)
DA:1,4
DA:8,4
DA:9,4
DA:12,4
DA:14,5
DA:15,5
DA:16,5
DA:19,5
DA:20,5
DA:21,4
DA:22,4
DA:26,5
DA:27,5
DA:28,5
DA:29,5
DA:32,5
DA:33,5
DA:34,5
DA:36,5
DA:39,5
DA:40,3
DA:49,2
LF:22
LH:22
BRDA:20,0,0,4
BRDA:20,0,1,1
BRDA:21,1,0,4
BRDA:21,1,1,4
BRDA:26,2,0,0
BRDA:26,2,1,5
BRDA:39,3,0,3
BRDA:39,3,1,2
BRDA:39,4,0,5
BRDA:39,4,1,5
BRDA:39,4,2,3
BRF:11
BRH:10
end_of_record
