TN:
SF:src\app.controller.ts
FN:8,(anonymous_2)
FN:12,(anonymous_3)
FN:18,(anonymous_4)
FNF:3
FNH:3
FNDA:2,(anonymous_2)
FNDA:1,(anonymous_3)
FNDA:1,(anonymous_4)
DA:1,1
DA:2,1
DA:3,1
DA:7,1
DA:8,2
DA:12,1
DA:13,1
DA:18,1
DA:19,1
LF:9
LH:9
BRF:0
BRH:0
end_of_record
TN:
SF:src\app.module.ts
FNF:0
FNH:0
DA:1,0
DA:2,0
DA:3,0
DA:4,0
DA:5,0
DA:6,0
DA:7,0
DA:8,0
DA:24,0
LF:9
LH:0
BRF:0
BRH:0
end_of_record
TN:
SF:src\app.service.ts
FN:5,(anonymous_1)
FNF:1
FNH:1
FNDA:1,(anonymous_1)
DA:1,1
DA:4,1
DA:6,1
LF:3
LH:3
BRF:0
BRH:0
end_of_record
TN:
SF:src\auth\auth.decorator.ts
FN:4,(anonymous_0)
FN:7,(anonymous_1)
FNF:2
FNH:2
FNDA:33,(anonymous_0)
FNDA:9,(anonymous_1)
DA:1,3
DA:3,3
DA:4,33
DA:6,3
DA:7,9
LF:5
LH:5
BRF:0
BRH:0
end_of_record
TN:
SF:src\auth\auth.module.ts
FNF:0
FNH:0
DA:1,3
DA:2,3
DA:3,3
DA:9,3
LF:4
LH:4
BRF:0
BRH:0
end_of_record
TN:
SF:src\auth\index.ts
FNF:0
FNH:0
DA:1,3
DA:2,3
DA:3,3
DA:4,3
LF:4
LH:4
BRF:0
BRH:0
end_of_record
TN:
SF:src\auth\jwt-auth.guard.ts
FN:17,(anonymous_2)
FN:19,(anonymous_3)
FN:88,(anonymous_4)
FNF:3
FNH:3
FNDA:73,(anonymous_2)
FNDA:24,(anonymous_3)
FNDA:10,(anonymous_4)
DA:1,3
DA:8,3
DA:10,3
DA:14,3
DA:15,73
DA:17,73
DA:23,24
DA:28,24
DA:29,11
DA:30,11
DA:32,13
DA:33,13
DA:36,13
DA:41,13
DA:42,1
DA:43,1
DA:47,12
DA:48,1
DA:49,1
DA:52,11
DA:55,11
DA:56,1
DA:57,1
DA:60,10
DA:63,10
DA:65,10
DA:66,0
DA:67,0
DA:71,10
DA:73,10
DA:74,10
DA:76,0
DA:80,0
DA:96,10
DA:115,10
LF:35
LH:31
BRDA:28,0,0,11
BRDA:28,0,1,13
BRDA:41,1,0,1
BRDA:41,1,1,12
BRDA:47,2,0,1
BRDA:47,2,1,11
BRDA:55,3,0,1
BRDA:55,3,1,10
BRDA:55,4,0,11
BRDA:55,4,1,11
BRDA:65,5,0,0
BRDA:65,5,1,10
BRDA:78,6,0,0
BRDA:78,6,1,0
BRDA:116,7,0,10
BRDA:116,7,1,0
BRF:16
BRH:12
end_of_record
TN:
SF:src\auth\roles.guard.ts
FN:15,(anonymous_2)
FN:17,(anonymous_3)
FN:33,(anonymous_4)
FNF:3
FNH:3
FNDA:73,(anonymous_2)
FNDA:21,(anonymous_3)
FNDA:4,(anonymous_4)
DA:1,3
DA:7,3
DA:8,3
DA:12,3
DA:13,73
DA:15,73
DA:18,21
DA:23,21
DA:24,17
DA:27,4
DA:29,4
DA:33,4
DA:34,4
DA:35,4
DA:37,0
DA:40,4
DA:41,2
DA:45,2
DA:48,4
LF:19
LH:18
BRDA:23,0,0,17
BRDA:23,0,1,4
BRDA:34,1,0,4
BRDA:34,1,1,0
BRDA:40,2,0,2
BRDA:40,2,1,2
BRF:6
BRH:5
end_of_record
TN:
SF:src\cache\cache.module.ts
FNF:0
FNH:0
DA:1,1
DA:2,1
DA:3,1
DA:10,1
LF:4
LH:4
BRF:0
BRH:0
end_of_record
TN:
SF:src\cache\redis-cache.service.ts
FN:18,(anonymous_2)
FN:20,(anonymous_3)
FN:24,(anonymous_4)
FN:28,(anonymous_5)
FN:57,(anonymous_6)
FN:62,(anonymous_7)
FN:67,(anonymous_8)
FN:71,(anonymous_9)
FN:83,(anonymous_10)
FN:94,(anonymous_11)
FN:109,(anonymous_12)
FN:131,(anonymous_13)
FN:146,(anonymous_14)
FN:160,(anonymous_15)
FN:173,(anonymous_16)
FN:187,(anonymous_17)
FNF:16
FNH:13
FNDA:23,(anonymous_2)
FNDA:16,(anonymous_3)
FNDA:1,(anonymous_4)
FNDA:16,(anonymous_5)
FNDA:0,(anonymous_6)
FNDA:14,(anonymous_7)
FNDA:0,(anonymous_8)
FNDA:0,(anonymous_9)
FNDA:1,(anonymous_10)
FNDA:4,(anonymous_11)
FNDA:4,(anonymous_12)
FNDA:3,(anonymous_13)
FNDA:3,(anonymous_14)
FNDA:2,(anonymous_15)
FNDA:2,(anonymous_16)
FNDA:3,(anonymous_17)
DA:1,6
DA:7,6
DA:8,6
DA:13,6
DA:14,23
DA:16,23
DA:18,23
DA:21,16
DA:25,1
DA:29,16
DA:30,16
DA:31,16
DA:35,16
DA:36,16
DA:40,16
DA:41,0
DA:43,16
DA:50,16
DA:51,0
DA:55,16
DA:57,16
DA:58,0
DA:59,0
DA:62,16
DA:63,14
DA:64,14
DA:67,16
DA:68,0
DA:71,16
DA:72,0
DA:73,0
DA:76,16
DA:78,15
DA:79,15
DA:84,1
DA:85,1
DA:86,1
DA:87,1
DA:89,0
DA:95,4
DA:96,1
DA:97,1
DA:100,3
DA:101,3
DA:102,2
DA:104,1
DA:105,1
DA:110,4
DA:111,1
DA:112,1
DA:115,3
DA:116,3
DA:118,3
DA:119,1
DA:121,2
DA:124,2
DA:126,1
DA:127,1
DA:132,3
DA:133,1
DA:134,1
DA:137,2
DA:138,2
DA:139,2
DA:141,0
DA:142,0
DA:147,3
DA:148,1
DA:151,2
DA:152,2
DA:153,2
DA:155,0
DA:156,0
DA:161,2
DA:162,1
DA:165,1
DA:166,1
DA:168,0
DA:169,0
DA:174,2
DA:175,1
DA:178,1
DA:179,1
DA:180,1
DA:182,0
DA:183,0
DA:188,3
LF:87
LH:71
BRDA:40,0,0,0
BRDA:40,0,1,16
BRDA:50,1,0,0
BRDA:50,1,1,16
BRDA:84,2,0,1
BRDA:84,2,1,0
BRDA:84,3,0,1
BRDA:84,3,1,1
BRDA:95,4,0,1
BRDA:95,4,1,3
BRDA:102,5,0,1
BRDA:102,5,1,1
BRDA:110,6,0,1
BRDA:110,6,1,3
BRDA:118,7,0,1
BRDA:118,7,1,2
BRDA:132,8,0,1
BRDA:132,8,1,2
BRDA:147,9,0,1
BRDA:147,9,1,2
BRDA:161,10,0,1
BRDA:161,10,1,1
BRDA:174,11,0,1
BRDA:174,11,1,1
BRF:24
BRH:21
end_of_record
TN:
SF:src\common\enums\index.ts
FNF:0
FNH:0
DA:1,8
DA:2,8
DA:3,8
LF:3
LH:3
BRF:0
BRH:0
end_of_record
TN:
SF:src\common\enums\notification-channel.enum.ts
FN:1,(anonymous_0)
FNF:1
FNH:1
FNDA:8,(anonymous_0)
DA:1,8
DA:2,8
DA:3,8
LF:3
LH:3
BRDA:1,0,0,8
BRDA:1,0,1,8
BRF:2
BRH:2
end_of_record
TN:
SF:src\common\enums\notification-priority.enum.ts
FN:1,(anonymous_0)
FNF:1
FNH:1
FNDA:8,(anonymous_0)
DA:1,8
DA:2,8
DA:3,8
LF:3
LH:3
BRDA:1,0,0,8
BRDA:1,0,1,8
BRF:2
BRH:2
end_of_record
TN:
SF:src\common\enums\notification-type.enum.ts
FN:1,(anonymous_0)
FNF:1
FNH:1
FNDA:8,(anonymous_0)
DA:1,8
DA:2,8
DA:3,8
DA:4,8
DA:5,8
DA:6,8
LF:6
LH:6
BRDA:1,0,0,8
BRDA:1,0,1,8
BRF:2
BRH:2
end_of_record
TN:
SF:src\common\interceptors\index.ts
FNF:0
FNH:0
DA:1,0
LF:1
LH:0
BRF:0
BRH:0
end_of_record
TN:
SF:src\common\interceptors\logging.interceptor.ts
FN:13,(anonymous_1)
FN:16,(anonymous_2)
FN:31,(anonymous_3)
FN:39,(anonymous_4)
FNF:4
FNH:0
FNDA:0,(anonymous_1)
FNDA:0,(anonymous_2)
FNDA:0,(anonymous_3)
FNDA:0,(anonymous_4)
DA:1,0
DA:9,0
DA:13,0
DA:14,0
DA:17,0
DA:18,0
DA:19,0
DA:20,0
DA:21,0
DA:23,0
DA:25,0
DA:29,0
DA:32,0
DA:33,0
DA:35,0
DA:40,0
DA:41,0
DA:43,0
LF:18
LH:0
BRDA:20,0,0,0
BRDA:20,0,1,0
BRDA:21,1,0,0
BRDA:21,1,1,0
BRDA:41,2,0,0
BRDA:41,2,1,0
BRF:6
BRH:0
end_of_record
TN:
SF:src\common\interfaces\index.ts
FNF:0
FNH:0
DA:1,0
LF:1
LH:0
BRF:0
BRH:0
end_of_record
TN:
SF:src\database\data-source.ts
FNF:0
FNH:0
DA:1,0
DA:2,0
DA:3,0
DA:5,0
DA:7,0
LF:5
LH:0
BRF:0
BRH:0
end_of_record
TN:
SF:src\database\database.module.ts
FN:10,(anonymous_1)
FNF:1
FNH:0
FNDA:0,(anonymous_1)
DA:1,1
DA:2,1
DA:3,1
DA:4,1
DA:10,0
DA:28,1
LF:6
LH:5
BRF:0
BRH:0
end_of_record
TN:
SF:src\database\index.ts
FNF:0
FNH:0
DA:1,0
DA:2,0
LF:2
LH:0
BRF:0
BRH:0
end_of_record
TN:
SF:src\database\migrations\1703000000000-InitialMigration.ts
FN:3,(anonymous_0)
FN:6,(anonymous_1)
FN:87,(anonymous_2)
FNF:3
FNH:0
FNDA:0,(anonymous_0)
FNDA:0,(anonymous_1)
FNDA:0,(anonymous_2)
DA:3,0
DA:4,0
DA:8,0
DA:19,0
DA:24,0
DA:43,0
DA:61,0
DA:65,0
DA:69,0
DA:73,0
DA:77,0
DA:82,0
DA:89,0
DA:90,0
DA:91,0
DA:92,0
DA:93,0
DA:94,0
DA:97,0
DA:98,0
DA:101,0
DA:102,0
LF:22
LH:0
BRF:0
BRH:0
end_of_record
TN:
SF:src\entities\index.ts
FNF:0
FNH:0
DA:1,2
DA:2,2
LF:2
LH:2
BRF:0
BRH:0
end_of_record
TN:
SF:src\entities\notification-settings.entity.ts
FNF:0
FNH:0
DA:1,6
DA:10,6
DA:12,6
DA:16,6
DA:19,6
DA:22,6
DA:26,6
DA:29,6
DA:32,6
DA:35,6
DA:38,6
DA:41,6
LF:12
LH:12
BRF:0
BRH:0
end_of_record
TN:
SF:src\entities\notification.entity.ts
FNF:0
FNH:0
DA:1,6
DA:9,6
DA:18,6
DA:20,6
DA:24,6
DA:31,6
DA:34,6
DA:37,6
DA:40,6
DA:47,6
DA:50,6
DA:53,6
DA:57,6
DA:60,6
DA:63,6
LF:15
LH:15
BRF:0
BRH:0
end_of_record
TN:
SF:src\health\health.controller.ts
FN:14,(anonymous_2)
FN:26,(anonymous_3)
FN:39,(anonymous_4)
FN:42,(anonymous_5)
FN:43,(anonymous_6)
FN:46,(anonymous_7)
FN:59,(anonymous_8)
FN:64,(anonymous_9)
FN:73,(anonymous_10)
FN:81,(anonymous_11)
FNF:10
FNH:0
FNDA:0,(anonymous_2)
FNDA:0,(anonymous_3)
FNDA:0,(anonymous_4)
FNDA:0,(anonymous_5)
FNDA:0,(anonymous_6)
FNDA:0,(anonymous_7)
FNDA:0,(anonymous_8)
FNDA:0,(anonymous_9)
FNDA:0,(anonymous_10)
FNDA:0,(anonymous_11)
DA:1,0
DA:2,0
DA:9,0
DA:13,0
DA:15,0
DA:16,0
DA:17,0
DA:18,0
DA:26,0
DA:27,0
DA:29,0
DA:33,0
DA:37,0
DA:39,0
DA:42,0
DA:43,0
DA:47,0
DA:59,0
DA:60,0
DA:62,0
DA:64,0
DA:73,0
DA:75,0
DA:79,0
DA:81,0
LF:25
LH:0
BRDA:27,0,0,0
BRDA:27,0,1,0
BRDA:29,1,0,0
BRDA:29,1,1,0
BRDA:33,2,0,0
BRDA:33,2,1,0
BRDA:60,3,0,0
BRDA:60,3,1,0
BRDA:75,4,0,0
BRDA:75,4,1,0
BRF:10
BRH:0
end_of_record
TN:
SF:src\health\health.module.ts
FNF:0
FNH:0
DA:1,0
DA:2,0
DA:3,0
DA:14,0
LF:4
LH:0
BRF:0
BRH:0
end_of_record
TN:
SF:src\notification\email.service.ts
FN:9,(anonymous_11)
FN:30,(anonymous_12)
FN:38,(anonymous_13)
FN:65,(anonymous_14)
FN:87,(anonymous_15)
FN:104,(anonymous_16)
FN:119,(anonymous_17)
FN:152,(anonymous_18)
FN:181,(anonymous_19)
FN:221,(anonymous_20)
FN:255,(anonymous_21)
FN:270,(anonymous_22)
FN:271,(anonymous_23)
FNF:13
FNH:13
FNDA:5,(anonymous_11)
FNDA:30,(anonymous_12)
FNDA:5,(anonymous_13)
FNDA:7,(anonymous_14)
FNDA:3,(anonymous_15)
FNDA:9,(anonymous_16)
FNDA:6,(anonymous_17)
FNDA:7,(anonymous_18)
FNDA:7,(anonymous_19)
FNDA:8,(anonymous_20)
FNDA:6,(anonymous_21)
FNDA:1,(anonymous_22)
FNDA:1,(anonymous_23)
DA:1,5
DA:2,5
DA:3,5
DA:5,5
DA:6,5
DA:7,5
DA:9,5
DA:10,5
DA:11,5
DA:12,5
DA:25,5
DA:26,30
DA:31,30
DA:32,30
DA:34,30
DA:35,30
DA:42,5
DA:47,5
DA:48,5
DA:49,4
DA:50,4
DA:51,4
DA:53,1
DA:58,1
DA:66,7
DA:70,7
DA:71,7
DA:72,7
DA:74,7
DA:91,3
DA:92,3
DA:93,3
DA:98,3
DA:105,9
DA:113,9
DA:125,6
DA:126,6
DA:127,2
DA:131,4
DA:132,3
DA:137,3
DA:138,3
DA:140,1
DA:144,1
DA:153,7
DA:155,7
DA:156,3
DA:159,3
DA:162,4
DA:163,4
DA:165,4
DA:166,4
DA:170,1
DA:174,1
DA:187,7
DA:189,2
DA:198,2
DA:209,3
DA:222,8
DA:226,8
DA:227,1
DA:230,7
DA:232,2
DA:238,2
DA:245,3
DA:256,6
DA:271,1
LF:67
LH:67
BRDA:9,0,0,5
BRDA:9,0,1,5
BRDA:113,1,0,9
BRDA:113,1,1,2
BRDA:123,2,0,3
BRDA:131,3,0,3
BRDA:131,3,1,1
BRDA:134,4,0,3
BRDA:134,4,1,0
BRDA:142,5,0,1
BRDA:142,5,1,0
BRDA:155,6,0,3
BRDA:155,6,1,4
BRDA:155,7,0,7
BRDA:155,7,1,5
BRDA:155,7,2,4
BRDA:172,8,0,1
BRDA:172,8,1,0
BRDA:187,9,0,2
BRDA:187,9,1,2
BRDA:187,9,2,3
BRDA:187,9,3,3
BRDA:191,10,0,2
BRDA:191,10,1,0
BRDA:200,11,0,2
BRDA:200,11,1,0
BRDA:211,12,0,3
BRDA:211,12,1,0
BRDA:226,13,0,1
BRDA:226,13,1,7
BRDA:230,14,0,2
BRDA:230,14,1,2
BRDA:230,14,2,3
BRDA:230,14,3,3
BRF:34
BRH:28
end_of_record
TN:
SF:src\notification\integration.service.ts
FN:23,(anonymous_2)
FN:35,(anonymous_3)
FN:56,(anonymous_4)
FN:77,(anonymous_5)
FN:98,(anonymous_6)
FN:119,(anonymous_7)
FN:142,(anonymous_8)
FN:163,(anonymous_9)
FN:187,(anonymous_10)
FN:209,(anonymous_11)
FN:230,(anonymous_12)
FN:251,(anonymous_13)
FN:277,(anonymous_14)
FN:297,(anonymous_15)
FNF:14
FNH:1
FNDA:19,(anonymous_2)
FNDA:0,(anonymous_3)
FNDA:0,(anonymous_4)
FNDA:0,(anonymous_5)
FNDA:0,(anonymous_6)
FNDA:0,(anonymous_7)
FNDA:0,(anonymous_8)
FNDA:0,(anonymous_9)
FNDA:0,(anonymous_10)
FNDA:0,(anonymous_11)
FNDA:0,(anonymous_12)
FNDA:0,(anonymous_13)
FNDA:0,(anonymous_14)
FNDA:0,(anonymous_15)
DA:1,1
DA:2,1
DA:3,1
DA:4,1
DA:19,1
DA:20,19
DA:24,19
DA:25,19
DA:27,19
DA:36,0
DA:37,0
DA:43,0
DA:45,0
DA:49,0
DA:57,0
DA:58,0
DA:64,0
DA:66,0
DA:70,0
DA:78,0
DA:79,0
DA:85,0
DA:87,0
DA:91,0
DA:99,0
DA:100,0
DA:106,0
DA:108,0
DA:112,0
DA:120,0
DA:121,0
DA:127,0
DA:131,0
DA:135,0
DA:143,0
DA:144,0
DA:150,0
DA:152,0
DA:156,0
DA:170,0
DA:181,0
DA:193,0
DA:203,0
DA:214,0
DA:224,0
DA:235,0
DA:245,0
DA:259,0
DA:271,0
DA:282,0
DA:291,0
DA:305,0
DA:317,0
LF:53
LH:9
BRDA:28,0,0,19
BRDA:28,0,1,19
BRDA:168,1,0,0
BRDA:257,2,0,0
BRF:4
BRH:2
end_of_record
TN:
SF:src\notification\notification.controller.ts
FN:54,(anonymous_4)
FN:62,(anonymous_5)
FN:98,(anonymous_6)
FN:126,(anonymous_7)
FN:159,(anonymous_8)
FN:181,(anonymous_9)
FN:206,(anonymous_10)
FN:243,(anonymous_11)
FN:281,(anonymous_12)
FN:315,(anonymous_13)
FN:347,(anonymous_14)
FN:383,(anonymous_15)
FN:421,(anonymous_16)
FN:458,(anonymous_17)
FN:494,(anonymous_18)
FN:529,(anonymous_19)
FN:564,(anonymous_20)
FN:613,(anonymous_21)
FN:655,(anonymous_22)
FN:696,(anonymous_23)
FN:716,(anonymous_24)
FNF:21
FNH:21
FNDA:54,(anonymous_4)
FNDA:7,(anonymous_5)
FNDA:5,(anonymous_6)
FNDA:2,(anonymous_7)
FNDA:2,(anonymous_8)
FNDA:2,(anonymous_9)
FNDA:3,(anonymous_10)
FNDA:1,(anonymous_11)
FNDA:2,(anonymous_12)
FNDA:1,(anonymous_13)
FNDA:1,(anonymous_14)
FNDA:2,(anonymous_15)
FNDA:2,(anonymous_16)
FNDA:3,(anonymous_17)
FNDA:2,(anonymous_18)
FNDA:3,(anonymous_19)
FNDA:2,(anonymous_20)
FNDA:2,(anonymous_21)
FNDA:1,(anonymous_22)
FNDA:2,(anonymous_23)
FNDA:3,(anonymous_24)
DA:1,3
DA:16,3
DA:28,3
DA:29,3
DA:43,3
DA:44,3
DA:51,3
DA:52,54
DA:54,54
DA:62,3
DA:67,7
DA:72,7
DA:73,2
DA:76,2
DA:81,5
DA:85,5
DA:89,5
DA:98,3
DA:102,5
DA:107,5
DA:108,2
DA:111,2
DA:114,3
DA:115,3
DA:117,3
DA:126,3
DA:131,2
DA:134,2
DA:135,1
DA:138,1
DA:141,1
DA:145,1
DA:147,1
DA:159,3
DA:163,2
DA:164,2
DA:168,2
DA:169,1
DA:181,3
DA:185,2
DA:189,2
DA:190,2
DA:194,2
DA:206,3
DA:209,3
DA:213,3
DA:228,3
DA:229,3
DA:233,3
DA:243,3
DA:246,1
DA:250,1
DA:266,1
DA:267,1
DA:271,1
DA:281,3
DA:284,2
DA:288,2
DA:300,2
DA:301,2
DA:305,2
DA:315,3
DA:318,1
DA:322,1
DA:334,1
DA:335,1
DA:339,1
DA:347,3
DA:350,1
DA:354,1
DA:368,1
DA:369,1
DA:373,1
DA:383,3
DA:386,2
DA:390,2
DA:406,2
DA:407,2
DA:411,2
DA:421,3
DA:424,2
DA:428,2
DA:443,2
DA:444,2
DA:448,2
DA:458,3
DA:461,3
DA:465,3
DA:479,3
DA:480,3
DA:484,3
DA:494,3
DA:497,2
DA:501,2
DA:514,2
DA:515,2
DA:519,2
DA:529,3
DA:532,3
DA:536,3
DA:549,3
DA:550,3
DA:554,3
DA:564,3
DA:567,2
DA:571,2
DA:584,2
DA:585,2
DA:589,2
DA:613,3
DA:621,2
DA:624,2
DA:625,1
DA:628,1
DA:632,1
DA:633,1
DA:635,1
DA:655,3
DA:663,1
DA:667,1
DA:672,1
DA:676,1
DA:696,3
DA:699,2
DA:701,2
DA:702,2
DA:706,2
DA:716,3
DA:720,3
DA:725,3
DA:726,1
DA:729,1
DA:732,2
DA:733,2
LF:134
LH:134
BRDA:72,0,0,2
BRDA:72,0,1,5
BRDA:72,1,0,7
BRDA:72,1,1,4
BRDA:107,2,0,2
BRDA:107,2,1,3
BRDA:107,3,0,5
BRDA:107,3,1,3
BRDA:134,4,0,1
BRDA:134,4,1,1
BRDA:134,5,0,2
BRDA:134,5,1,1
BRDA:254,6,0,1
BRDA:254,6,1,0
BRDA:358,7,0,1
BRDA:358,7,1,0
BRDA:394,8,0,2
BRDA:394,8,1,0
BRDA:469,9,0,3
BRDA:469,9,1,0
BRDA:469,10,0,2
BRDA:469,10,1,1
BRDA:505,11,0,2
BRDA:505,11,1,0
BRDA:624,12,0,1
BRDA:624,12,1,1
BRDA:624,13,0,2
BRDA:624,13,1,1
BRDA:725,14,0,1
BRDA:725,14,1,2
BRDA:725,15,0,3
BRDA:725,15,1,2
BRF:32
BRH:27
end_of_record
TN:
SF:src\notification\notification.module.ts
FN:20,(anonymous_1)
FNF:1
FNH:1
FNDA:19,(anonymous_1)
DA:1,1
DA:2,1
DA:3,1
DA:4,1
DA:5,1
DA:6,1
DA:7,1
DA:8,1
DA:9,1
DA:10,1
DA:11,1
DA:12,1
DA:23,19
DA:25,19
DA:27,0
DA:32,19
DA:50,1
LF:17
LH:16
BRDA:25,0,0,0
BRDA:25,0,1,19
BRF:2
BRH:1
end_of_record
TN:
SF:src\notification\notification.service.ts
FN:28,(anonymous_4)
FN:40,(anonymous_5)
FN:88,(anonymous_6)
FN:116,(anonymous_7)
FN:138,(anonymous_8)
FN:145,(anonymous_9)
FN:158,(anonymous_10)
FN:204,(anonymous_11)
FN:235,(anonymous_12)
FN:266,(anonymous_13)
FN:282,(anonymous_14)
FN:289,(anonymous_15)
FN:306,(anonymous_16)
FN:330,(anonymous_17)
FN:344,(anonymous_18)
FN:363,(anonymous_19)
FN:364,(anonymous_20)
FN:376,(anonymous_21)
FN:394,(anonymous_22)
FN:398,(anonymous_23)
FN:405,(anonymous_24)
FN:420,(anonymous_25)
FNF:22
FNH:19
FNDA:50,(anonymous_4)
FNDA:13,(anonymous_5)
FNDA:14,(anonymous_6)
FNDA:5,(anonymous_7)
FNDA:1,(anonymous_8)
FNDA:2,(anonymous_9)
FNDA:7,(anonymous_10)
FNDA:2,(anonymous_11)
FNDA:2,(anonymous_12)
FNDA:6,(anonymous_13)
FNDA:11,(anonymous_14)
FNDA:2,(anonymous_15)
FNDA:4,(anonymous_16)
FNDA:3,(anonymous_17)
FNDA:106,(anonymous_18)
FNDA:106,(anonymous_19)
FNDA:106,(anonymous_20)
FNDA:0,(anonymous_21)
FNDA:0,(anonymous_22)
FNDA:0,(anonymous_23)
FNDA:13,(anonymous_24)
FNDA:5,(anonymous_25)
DA:1,4
DA:2,4
DA:3,4
DA:4,4
DA:5,4
DA:6,4
DA:8,4
DA:17,4
DA:18,4
DA:19,4
DA:20,4
DA:21,4
DA:24,4
DA:25,50
DA:26,50
DA:30,50
DA:32,50
DA:33,50
DA:34,50
DA:35,50
DA:36,50
DA:37,50
DA:43,13
DA:47,13
DA:48,13
DA:50,13
DA:51,0
DA:54,0
DA:57,13
DA:58,13
DA:59,13
DA:61,5
DA:62,5
DA:64,0
DA:65,0
DA:67,1
DA:68,1
DA:70,4
DA:71,4
DA:73,3
DA:74,3
DA:76,0
DA:79,13
DA:80,1
DA:83,1
DA:87,12
DA:88,12
DA:89,14
DA:90,3
DA:92,11
DA:93,0
DA:95,11
DA:98,12
DA:103,12
DA:105,12
DA:106,2
DA:109,12
DA:113,12
DA:120,5
DA:122,5
DA:123,5
DA:124,1
DA:126,5
DA:127,1
DA:130,5
DA:137,5
DA:138,1
DA:146,2
DA:151,2
DA:152,1
DA:159,7
DA:163,7
DA:164,6
DA:165,1
DA:166,1
DA:170,5
DA:172,1
DA:173,1
DA:174,1
DA:176,1
DA:181,1
DA:185,4
DA:188,4
DA:189,3
DA:192,3
DA:193,3
DA:194,0
DA:201,3
DA:208,2
DA:209,2
DA:211,2
DA:212,2
DA:214,2
DA:216,2
DA:219,2
DA:224,2
DA:225,1
DA:232,2
DA:236,2
DA:237,2
DA:238,2
DA:239,0
DA:242,0
DA:245,2
DA:251,2
DA:252,2
DA:254,0
DA:259,0
DA:269,6
DA:271,5
DA:272,1
DA:275,1
DA:276,1
DA:279,5
DA:283,11
DA:290,2
DA:293,2
DA:296,2
DA:297,1
DA:300,2
DA:310,4
DA:314,4
DA:315,2
DA:316,2
DA:317,1
DA:319,1
DA:323,3
DA:334,3
DA:335,3
DA:337,3
DA:340,3
DA:341,3
DA:342,4
DA:344,4
DA:345,106
DA:346,106
DA:351,106
DA:352,105
DA:354,1
DA:358,1
DA:362,4
DA:363,106
DA:364,106
DA:367,3
DA:370,3
DA:381,0
DA:393,0
DA:394,0
DA:395,0
DA:398,0
DA:399,0
DA:402,0
DA:406,13
DA:423,5
LF:154
LH:136
BRDA:47,0,0,13
BRDA:47,0,1,0
BRDA:48,1,0,13
BRDA:48,1,1,0
BRDA:50,2,0,0
BRDA:50,2,1,13
BRDA:50,3,0,13
BRDA:50,3,1,0
BRDA:57,4,0,13
BRDA:57,4,1,0
BRDA:59,5,0,5
BRDA:59,5,1,0
BRDA:59,5,2,1
BRDA:59,5,3,4
BRDA:59,5,4,3
BRDA:59,5,5,0
BRDA:79,6,0,1
BRDA:79,6,1,12
BRDA:87,7,0,12
BRDA:87,7,1,4
BRDA:89,8,0,3
BRDA:89,8,1,11
BRDA:89,9,0,14
BRDA:89,9,1,5
BRDA:92,10,0,0
BRDA:92,10,1,11
BRDA:92,11,0,11
BRDA:92,11,1,9
BRDA:105,12,0,2
BRDA:105,12,1,10
BRDA:120,13,0,1
BRDA:120,14,0,1
BRDA:123,15,0,1
BRDA:123,15,1,4
BRDA:126,16,0,1
BRDA:126,16,1,4
BRDA:151,17,0,1
BRDA:151,17,1,1
BRDA:164,18,0,1
BRDA:164,18,1,5
BRDA:170,19,0,1
BRDA:170,19,1,4
BRDA:173,20,0,1
BRDA:173,20,1,0
BRDA:193,21,0,0
BRDA:193,21,1,3
BRDA:224,22,0,1
BRDA:224,22,1,1
BRDA:238,23,0,0
BRDA:238,23,1,2
BRDA:251,24,0,2
BRDA:251,24,1,0
BRDA:261,25,0,0
BRDA:261,25,1,0
BRDA:271,26,0,1
BRDA:271,26,1,4
BRDA:296,27,0,1
BRDA:296,27,1,1
BRDA:314,28,0,2
BRDA:314,28,1,2
BRDA:352,29,0,104
BRDA:352,29,1,1
BRDA:414,30,0,13
BRDA:414,30,1,6
BRDA:415,31,0,13
BRDA:415,31,1,0
BRF:66
BRH:51
end_of_record
TN:
SF:src\notification\dto\create-notification.dto.ts
FNF:0
FNH:0
DA:1,4
DA:11,4
DA:12,4
DA:18,4
DA:24,4
DA:32,4
DA:40,4
DA:48,4
DA:58,4
DA:70,4
DA:79,4
DA:87,4
LF:12
LH:12
BRF:0
BRH:0
end_of_record
TN:
SF:src\notification\dto\get-notifications.dto.ts
FN:13,(anonymous_2)
FN:18,(anonymous_3)
FN:29,(anonymous_4)
FN:48,(anonymous_5)
FNF:4
FNH:4
FNDA:8,(anonymous_2)
FNDA:6,(anonymous_3)
FNDA:6,(anonymous_4)
FNDA:1,(anonymous_5)
DA:1,4
DA:2,4
DA:3,4
DA:11,4
DA:13,4
DA:18,6
DA:24,8
DA:29,6
DA:35,8
DA:44,4
DA:48,1
DA:53,4
LF:12
LH:12
BRF:0
BRH:0
end_of_record
TN:
SF:src\notification\dto\index.ts
FNF:0
FNH:0
DA:1,4
DA:2,4
DA:3,4
DA:4,4
DA:5,4
DA:6,4
DA:7,4
LF:7
LH:7
BRF:0
BRH:0
end_of_record
TN:
SF:src\notification\dto\notification-settings.dto.ts
FNF:0
FNH:0
DA:1,4
DA:3,4
DA:5,4
DA:8,4
DA:11,4
DA:14,4
DA:17,4
DA:20,4
DA:23,4
DA:26,4
DA:29,4
DA:32,4
LF:12
LH:12
BRF:0
BRH:0
end_of_record
TN:
SF:src\notification\dto\notification.dto.ts
FNF:0
FNH:0
DA:1,4
DA:2,4
DA:8,4
DA:10,4
DA:13,4
DA:19,4
DA:22,4
DA:25,4
DA:28,4
DA:34,4
DA:37,4
DA:45,4
DA:48,4
LF:13
LH:13
BRF:0
BRH:0
end_of_record
TN:
SF:src\notification\dto\paginated-notifications.dto.ts
FNF:0
FNH:0
DA:1,4
DA:2,4
DA:4,4
DA:9,4
DA:12,4
DA:15,4
DA:18,4
LF:7
LH:7
BRF:0
BRH:0
end_of_record
TN:
SF:src\notification\dto\update-notification-settings.dto.ts
FNF:0
FNH:0
DA:1,4
DA:2,4
DA:4,4
DA:12,4
DA:21,4
DA:29,4
DA:37,4
DA:45,4
DA:53,4
DA:61,4
LF:10
LH:10
BRF:0
BRH:0
end_of_record
TN:
SF:src\notification\dto\webhook-events.dto.ts
FNF:0
FNH:0
DA:1,5
DA:2,5
DA:11,5
DA:17,5
DA:24,5
DA:32,5
DA:36,5
DA:43,5
DA:57,5
DA:68,5
DA:75,5
DA:87,5
DA:96,5
DA:103,5
DA:117,5
DA:128,5
DA:135,5
DA:148,5
DA:158,5
DA:165,5
DA:178,5
DA:188,5
DA:195,5
DA:206,5
LF:24
LH:24
BRF:0
BRH:0
end_of_record
