{"C:\\Users\\Oleg\\Documents\\GitHub\\cryo\\backend\\social-service\\src\\app.controller.ts": {"path":"C:\\Users\\Oleg\\Documents\\GitHub\\cryo\\backend\\social-service\\src\\app.controller.ts","statementMap":{"0":{"start":{"line":1,"column":0},"end":{"line":1,"column":49}},"1":{"start":{"line":2,"column":0},"end":{"line":2,"column":69}},"2":{"start":{"line":3,"column":0},"end":{"line":3,"column":43}},"3":{"start":{"line":7,"column":7},"end":{"line":23,"column":null}},"4":{"start":{"line":8,"column":31},"end":{"line":8,"column":43}},"5":{"start":{"line":14,"column":4},"end":{"line":14,"column":38}},"6":{"start":{"line":21,"column":4},"end":{"line":21,"column":39}},"7":{"start":{"line":7,"column":13},"end":{"line":7,"column":26}},"8":{"start":{"line":13,"column":2},"end":{"line":15,"column":null}},"9":{"start":{"line":20,"column":2},"end":{"line":22,"column":null}},"10":{"start":{"line":7,"column":13},"end":{"line":23,"column":null}}},"fnMap":{"0":{"name":"(anonymous_2)","decl":{"start":{"line":8,"column":2},"end":{"line":8,"column":31}},"loc":{"start":{"line":8,"column":53},"end":{"line":8,"column":57}}},"1":{"name":"(anonymous_3)","decl":{"start":{"line":13,"column":2},"end":{"line":13,"column":10}},"loc":{"start":{"line":13,"column":10},"end":{"line":15,"column":3}}},"2":{"name":"(anonymous_4)","decl":{"start":{"line":20,"column":2},"end":{"line":20,"column":11}},"loc":{"start":{"line":20,"column":11},"end":{"line":22,"column":3}}}},"branchMap":{},"s":{"0":1,"1":1,"2":1,"3":1,"4":2,"5":1,"6":1,"7":1,"8":1,"9":1,"10":1},"f":{"0":2,"1":1,"2":1},"b":{}}
,"C:\\Users\\Oleg\\Documents\\GitHub\\cryo\\backend\\social-service\\src\\app.module.ts": {"path":"C:\\Users\\Oleg\\Documents\\GitHub\\cryo\\backend\\social-service\\src\\app.module.ts","statementMap":{"0":{"start":{"line":1,"column":0},"end":{"line":1,"column":40}},"1":{"start":{"line":2,"column":0},"end":{"line":2,"column":48}},"2":{"start":{"line":3,"column":0},"end":{"line":3,"column":52}},"3":{"start":{"line":4,"column":0},"end":{"line":4,"column":61}},"4":{"start":{"line":5,"column":0},"end":{"line":5,"column":50}},"5":{"start":{"line":6,"column":0},"end":{"line":6,"column":49}},"6":{"start":{"line":7,"column":0},"end":{"line":7,"column":43}},"7":{"start":{"line":8,"column":0},"end":{"line":8,"column":57}},"8":{"start":{"line":9,"column":0},"end":{"line":9,"column":60}},"9":{"start":{"line":10,"column":0},"end":{"line":10,"column":54}},"10":{"start":{"line":11,"column":0},"end":{"line":11,"column":61}},"11":{"start":{"line":12,"column":0},"end":{"line":12,"column":57}},"12":{"start":{"line":13,"column":0},"end":{"line":13,"column":68}},"13":{"start":{"line":14,"column":0},"end":{"line":14,"column":62}},"14":{"start":{"line":54,"column":7},"end":{"line":54,"column":null}},"15":{"start":{"line":54,"column":13},"end":{"line":54,"column":22}},"16":{"start":{"line":54,"column":13},"end":{"line":54,"column":null}}},"fnMap":{},"branchMap":{},"s":{"0":0,"1":0,"2":0,"3":0,"4":0,"5":0,"6":0,"7":0,"8":0,"9":0,"10":0,"11":0,"12":0,"13":0,"14":0,"15":0,"16":0},"f":{},"b":{}}
,"C:\\Users\\Oleg\\Documents\\GitHub\\cryo\\backend\\social-service\\src\\app.service.ts": {"path":"C:\\Users\\Oleg\\Documents\\GitHub\\cryo\\backend\\social-service\\src\\app.service.ts","statementMap":{"0":{"start":{"line":1,"column":0},"end":{"line":1,"column":44}},"1":{"start":{"line":4,"column":7},"end":{"line":18,"column":null}},"2":{"start":{"line":6,"column":4},"end":{"line":6,"column":40}},"3":{"start":{"line":10,"column":4},"end":{"line":16,"column":6}},"4":{"start":{"line":4,"column":13},"end":{"line":4,"column":23}},"5":{"start":{"line":4,"column":13},"end":{"line":18,"column":null}}},"fnMap":{"0":{"name":"(anonymous_1)","decl":{"start":{"line":5,"column":2},"end":{"line":5,"column":10}},"loc":{"start":{"line":5,"column":10},"end":{"line":7,"column":3}}},"1":{"name":"(anonymous_2)","decl":{"start":{"line":9,"column":2},"end":{"line":9,"column":11}},"loc":{"start":{"line":9,"column":11},"end":{"line":17,"column":3}}}},"branchMap":{"0":{"loc":{"start":{"line":15,"column":19},"end":{"line":15,"column":56}},"type":"binary-expr","locations":[{"start":{"line":15,"column":19},"end":{"line":15,"column":39}},{"start":{"line":15,"column":43},"end":{"line":15,"column":56}}]}},"s":{"0":1,"1":1,"2":1,"3":1,"4":1,"5":1},"f":{"0":1,"1":1},"b":{"0":[1,0]}}
,"C:\\Users\\Oleg\\Documents\\GitHub\\cryo\\backend\\social-service\\src\\main.ts": {"path":"C:\\Users\\Oleg\\Documents\\GitHub\\cryo\\backend\\social-service\\src\\main.ts","statementMap":{"0":{"start":{"line":1,"column":0},"end":{"line":1,"column":43}},"1":{"start":{"line":2,"column":0},"end":{"line":2,"column":48}},"2":{"start":{"line":3,"column":0},"end":{"line":3,"column":65}},"3":{"start":{"line":4,"column":0},"end":{"line":4,"column":41}},"4":{"start":{"line":7,"column":14},"end":{"line":7,"column":49}},"5":{"start":{"line":10,"column":2},"end":{"line":16,"column":4}},"6":{"start":{"line":19,"column":2},"end":{"line":23,"column":5}},"7":{"start":{"line":26,"column":17},"end":{"line":31,"column":12}},"8":{"start":{"line":33,"column":19},"end":{"line":33,"column":60}},"9":{"start":{"line":34,"column":2},"end":{"line":34,"column":49}},"10":{"start":{"line":36,"column":15},"end":{"line":36,"column":39}},"11":{"start":{"line":37,"column":2},"end":{"line":37,"column":25}},"12":{"start":{"line":39,"column":2},"end":{"line":39,"column":72}},"13":{"start":{"line":40,"column":2},"end":{"line":40,"column":74}},"14":{"start":{"line":43,"column":0},"end":{"line":43,"column":12}}},"fnMap":{"0":{"name":"bootstrap","decl":{"start":{"line":6,"column":15},"end":{"line":6,"column":24}},"loc":{"start":{"line":6,"column":24},"end":{"line":41,"column":1}}}},"branchMap":{"0":{"loc":{"start":{"line":20,"column":12},"end":{"line":20,"column":42}},"type":"binary-expr","locations":[{"start":{"line":20,"column":12},"end":{"line":20,"column":35}},{"start":{"line":20,"column":39},"end":{"line":20,"column":42}}]},"1":{"loc":{"start":{"line":36,"column":15},"end":{"line":36,"column":39}},"type":"binary-expr","locations":[{"start":{"line":36,"column":15},"end":{"line":36,"column":31}},{"start":{"line":36,"column":35},"end":{"line":36,"column":39}}]}},"s":{"0":0,"1":0,"2":0,"3":0,"4":0,"5":0,"6":0,"7":0,"8":0,"9":0,"10":0,"11":0,"12":0,"13":0,"14":0},"f":{"0":0},"b":{"0":[0,0],"1":[0,0]}}
,"C:\\Users\\Oleg\\Documents\\GitHub\\cryo\\backend\\social-service\\src\\auth\\guards\\friendship.guard.ts": {"path":"C:\\Users\\Oleg\\Documents\\GitHub\\cryo\\backend\\social-service\\src\\auth\\guards\\friendship.guard.ts","statementMap":{"0":{"start":{"line":1,"column":0},"end":{"line":1,"column":83}},"1":{"start":{"line":2,"column":0},"end":{"line":2,"column":63}},"2":{"start":{"line":3,"column":0},"end":{"line":3,"column":84}},"3":{"start":{"line":7,"column":7},"end":{"line":40,"column":null}},"4":{"start":{"line":11,"column":45},"end":{"line":11,"column":61}},"5":{"start":{"line":15,"column":20},"end":{"line":15,"column":68}},"6":{"start":{"line":16,"column":23},"end":{"line":16,"column":43}},"7":{"start":{"line":18,"column":4},"end":{"line":21,"column":5}},"8":{"start":{"line":20,"column":6},"end":{"line":20,"column":19}},"9":{"start":{"line":24,"column":21},"end":{"line":24,"column":43}},"10":{"start":{"line":26,"column":4},"end":{"line":30,"column":5}},"11":{"start":{"line":29,"column":6},"end":{"line":29,"column":18}},"12":{"start":{"line":32,"column":23},"end":{"line":32,"column":86}},"13":{"start":{"line":34,"column":4},"end":{"line":36,"column":5}},"14":{"start":{"line":35,"column":6},"end":{"line":35,"column":38}},"15":{"start":{"line":38,"column":4},"end":{"line":38,"column":16}},"16":{"start":{"line":7,"column":13},"end":{"line":7,"column":28}},"17":{"start":{"line":7,"column":13},"end":{"line":40,"column":null}}},"fnMap":{"0":{"name":"(anonymous_4)","decl":{"start":{"line":8,"column":2},"end":{"line":8,"column":null}},"loc":{"start":{"line":11,"column":75},"end":{"line":12,"column":6}}},"1":{"name":"(anonymous_5)","decl":{"start":{"line":14,"column":2},"end":{"line":14,"column":7}},"loc":{"start":{"line":14,"column":45},"end":{"line":39,"column":3}}}},"branchMap":{"0":{"loc":{"start":{"line":18,"column":4},"end":{"line":21,"column":5}},"type":"if","locations":[{"start":{"line":18,"column":4},"end":{"line":21,"column":5}}]},"1":{"loc":{"start":{"line":26,"column":4},"end":{"line":30,"column":5}},"type":"if","locations":[{"start":{"line":26,"column":4},"end":{"line":30,"column":5}}]},"2":{"loc":{"start":{"line":34,"column":4},"end":{"line":36,"column":5}},"type":"if","locations":[{"start":{"line":34,"column":4},"end":{"line":36,"column":5}}]}},"s":{"0":2,"1":2,"2":2,"3":2,"4":5,"5":4,"6":4,"7":4,"8":1,"9":3,"10":3,"11":1,"12":2,"13":2,"14":1,"15":1,"16":2,"17":2},"f":{"0":5,"1":4},"b":{"0":[1],"1":[1],"2":[1]}}
,"C:\\Users\\Oleg\\Documents\\GitHub\\cryo\\backend\\social-service\\src\\auth\\guards\\internal-auth.guard.ts": {"path":"C:\\Users\\Oleg\\Documents\\GitHub\\cryo\\backend\\social-service\\src\\auth\\guards\\internal-auth.guard.ts","statementMap":{"0":{"start":{"line":1,"column":0},"end":{"line":1,"column":98}},"1":{"start":{"line":4,"column":7},"end":{"line":15,"column":null}},"2":{"start":{"line":5,"column":19},"end":{"line":5,"column":96}},"3":{"start":{"line":8,"column":20},"end":{"line":8,"column":55}},"4":{"start":{"line":9,"column":19},"end":{"line":9,"column":76}},"5":{"start":{"line":10,"column":4},"end":{"line":12,"column":5}},"6":{"start":{"line":11,"column":6},"end":{"line":11,"column":64}},"7":{"start":{"line":13,"column":4},"end":{"line":13,"column":16}},"8":{"start":{"line":4,"column":13},"end":{"line":4,"column":30}},"9":{"start":{"line":4,"column":13},"end":{"line":15,"column":null}}},"fnMap":{"0":{"name":"(anonymous_1)","decl":{"start":{"line":4,"column":7},"end":{"line":4,"column":13}},"loc":{"start":{"line":4,"column":7},"end":{"line":15,"column":1}}},"1":{"name":"(anonymous_2)","decl":{"start":{"line":7,"column":2},"end":{"line":7,"column":13}},"loc":{"start":{"line":7,"column":39},"end":{"line":14,"column":3}}}},"branchMap":{"0":{"loc":{"start":{"line":5,"column":35},"end":{"line":5,"column":95}},"type":"binary-expr","locations":[{"start":{"line":5,"column":35},"end":{"line":5,"column":65}},{"start":{"line":5,"column":69},"end":{"line":5,"column":95}}]},"1":{"loc":{"start":{"line":10,"column":4},"end":{"line":12,"column":5}},"type":"if","locations":[{"start":{"line":10,"column":4},"end":{"line":12,"column":5}}]},"2":{"loc":{"start":{"line":10,"column":8},"end":{"line":10,"column":48}},"type":"binary-expr","locations":[{"start":{"line":10,"column":8},"end":{"line":10,"column":15}},{"start":{"line":10,"column":19},"end":{"line":10,"column":48}}]}},"s":{"0":2,"1":2,"2":12,"3":3,"4":3,"5":3,"6":2,"7":1,"8":2,"9":2},"f":{"0":12,"1":3},"b":{"0":[12,12],"1":[2],"2":[3,2]}}
,"C:\\Users\\Oleg\\Documents\\GitHub\\cryo\\backend\\social-service\\src\\auth\\guards\\jwt-auth.guard.ts": {"path":"C:\\Users\\Oleg\\Documents\\GitHub\\cryo\\backend\\social-service\\src\\auth\\guards\\jwt-auth.guard.ts","statementMap":{"0":{"start":{"line":1,"column":0},"end":{"line":1,"column":98}},"1":{"start":{"line":5,"column":7},"end":{"line":38,"column":null}},"2":{"start":{"line":7,"column":20},"end":{"line":7,"column":68}},"3":{"start":{"line":8,"column":4},"end":{"line":35,"column":5}},"4":{"start":{"line":9,"column":25},"end":{"line":9,"column":54}},"5":{"start":{"line":10,"column":6},"end":{"line":12,"column":7}},"6":{"start":{"line":11,"column":8},"end":{"line":11,"column":83}},"7":{"start":{"line":14,"column":20},"end":{"line":14,"column":44}},"8":{"start":{"line":20,"column":6},"end":{"line":22,"column":7}},"9":{"start":{"line":21,"column":8},"end":{"line":21,"column":76}},"10":{"start":{"line":26,"column":19},"end":{"line":26,"column":69}},"11":{"start":{"line":28,"column":6},"end":{"line":28,"column":26}},"12":{"start":{"line":31,"column":6},"end":{"line":33,"column":7}},"13":{"start":{"line":32,"column":8},"end":{"line":32,"column":16}},"14":{"start":{"line":34,"column":6},"end":{"line":34,"column":66}},"15":{"start":{"line":36,"column":4},"end":{"line":36,"column":16}},"16":{"start":{"line":5,"column":13},"end":{"line":5,"column":25}},"17":{"start":{"line":5,"column":13},"end":{"line":38,"column":null}}},"fnMap":{"0":{"name":"(anonymous_1)","decl":{"start":{"line":6,"column":2},"end":{"line":6,"column":13}},"loc":{"start":{"line":6,"column":39},"end":{"line":37,"column":3}}}},"branchMap":{"0":{"loc":{"start":{"line":10,"column":6},"end":{"line":12,"column":7}},"type":"if","locations":[{"start":{"line":10,"column":6},"end":{"line":12,"column":7}}]},"1":{"loc":{"start":{"line":10,"column":10},"end":{"line":10,"column":58}},"type":"binary-expr","locations":[{"start":{"line":10,"column":10},"end":{"line":10,"column":21}},{"start":{"line":10,"column":25},"end":{"line":10,"column":58}}]},"2":{"loc":{"start":{"line":20,"column":6},"end":{"line":22,"column":7}},"type":"if","locations":[{"start":{"line":20,"column":6},"end":{"line":22,"column":7}}]},"3":{"loc":{"start":{"line":31,"column":6},"end":{"line":33,"column":7}},"type":"if","locations":[{"start":{"line":31,"column":6},"end":{"line":33,"column":7}}]}},"s":{"0":4,"1":4,"2":5,"3":5,"4":5,"5":5,"6":2,"7":3,"8":3,"9":1,"10":2,"11":2,"12":3,"13":3,"14":0,"15":2,"16":4,"17":4},"f":{"0":5},"b":{"0":[2],"1":[5,4],"2":[1],"3":[3]}}
,"C:\\Users\\Oleg\\Documents\\GitHub\\cryo\\backend\\social-service\\src\\auth\\guards\\rate-limit.guard.ts": {"path":"C:\\Users\\Oleg\\Documents\\GitHub\\cryo\\backend\\social-service\\src\\auth\\guards\\rate-limit.guard.ts","statementMap":{"0":{"start":{"line":1,"column":0},"end":{"line":1,"column":83}},"1":{"start":{"line":2,"column":0},"end":{"line":2,"column":54}},"2":{"start":{"line":4,"column":0},"end":{"line":4,"column":99}},"3":{"start":{"line":6,"column":22},"end":{"line":6,"column":24}},"4":{"start":{"line":7,"column":28},"end":{"line":7,"column":30}},"5":{"start":{"line":10,"column":7},"end":{"line":43,"column":null}},"6":{"start":{"line":11,"column":54},"end":{"line":11,"column":73}},"7":{"start":{"line":14,"column":20},"end":{"line":14,"column":55}},"8":{"start":{"line":15,"column":19},"end":{"line":15,"column":39}},"9":{"start":{"line":17,"column":4},"end":{"line":20,"column":5}},"10":{"start":{"line":19,"column":6},"end":{"line":19,"column":18}},"11":{"start":{"line":22,"column":16},"end":{"line":22,"column":47}},"12":{"start":{"line":23,"column":25},"end":{"line":23,"column":65}},"13":{"start":{"line":25,"column":4},"end":{"line":31,"column":5}},"14":{"start":{"line":29,"column":6},"end":{"line":29,"column":79}},"15":{"start":{"line":30,"column":6},"end":{"line":30,"column":18}},"16":{"start":{"line":33,"column":4},"end":{"line":35,"column":5}},"17":{"start":{"line":34,"column":6},"end":{"line":34,"column":58}},"18":{"start":{"line":37,"column":24},"end":{"line":37,"column":55}},"19":{"start":{"line":38,"column":22},"end":{"line":38,"column":90}},"20":{"start":{"line":39,"column":16},"end":{"line":39,"column":70}},"21":{"start":{"line":40,"column":4},"end":{"line":40,"column":71}},"22":{"start":{"line":41,"column":4},"end":{"line":41,"column":16}},"23":{"start":{"line":10,"column":13},"end":{"line":10,"column":27}},"24":{"start":{"line":10,"column":13},"end":{"line":43,"column":null}}},"fnMap":{"0":{"name":"(anonymous_4)","decl":{"start":{"line":11,"column":2},"end":{"line":11,"column":15}},"loc":{"start":{"line":11,"column":73},"end":{"line":11,"column":77}}},"1":{"name":"(anonymous_5)","decl":{"start":{"line":13,"column":2},"end":{"line":13,"column":7}},"loc":{"start":{"line":13,"column":45},"end":{"line":42,"column":3}}}},"branchMap":{"0":{"loc":{"start":{"line":17,"column":4},"end":{"line":20,"column":5}},"type":"if","locations":[{"start":{"line":17,"column":4},"end":{"line":20,"column":5}}]},"1":{"loc":{"start":{"line":25,"column":4},"end":{"line":31,"column":5}},"type":"if","locations":[{"start":{"line":25,"column":4},"end":{"line":31,"column":5}}]},"2":{"loc":{"start":{"line":25,"column":8},"end":{"line":25,"column":59}},"type":"binary-expr","locations":[{"start":{"line":25,"column":8},"end":{"line":25,"column":34}},{"start":{"line":25,"column":38},"end":{"line":25,"column":59}}]},"3":{"loc":{"start":{"line":33,"column":4},"end":{"line":35,"column":5}},"type":"if","locations":[{"start":{"line":33,"column":4},"end":{"line":35,"column":5}}]},"4":{"loc":{"start":{"line":38,"column":22},"end":{"line":38,"column":90}},"type":"cond-expr","locations":[{"start":{"line":38,"column":57},"end":{"line":38,"column":78}},{"start":{"line":38,"column":81},"end":{"line":38,"column":90}}]},"5":{"loc":{"start":{"line":39,"column":16},"end":{"line":39,"column":70}},"type":"cond-expr","locations":[{"start":{"line":39,"column":28},"end":{"line":39,"column":48}},{"start":{"line":39,"column":51},"end":{"line":39,"column":70}}]}},"s":{"0":2,"1":2,"2":2,"3":2,"4":2,"5":2,"6":5,"7":4,"8":4,"9":4,"10":1,"11":3,"12":3,"13":3,"14":1,"15":1,"16":2,"17":1,"18":1,"19":1,"20":1,"21":1,"22":1,"23":2,"24":2},"f":{"0":5,"1":4},"b":{"0":[1],"1":[1],"2":[3,3],"3":[1],"4":[1,0],"5":[1,0]}}
,"C:\\Users\\Oleg\\Documents\\GitHub\\cryo\\backend\\social-service\\src\\cache\\cache.module.ts": {"path":"C:\\Users\\Oleg\\Documents\\GitHub\\cryo\\backend\\social-service\\src\\cache\\cache.module.ts","statementMap":{"0":{"start":{"line":1,"column":0},"end":{"line":1,"column":40}},"1":{"start":{"line":2,"column":0},"end":{"line":2,"column":91}},"2":{"start":{"line":3,"column":0},"end":{"line":3,"column":55}},"3":{"start":{"line":4,"column":0},"end":{"line":4,"column":47}},"4":{"start":{"line":7,"column":2},"end":{"line":9,"column":40}},"5":{"start":{"line":11,"column":41},"end":{"line":15,"column":2}},"6":{"start":{"line":17,"column":0},"end":{"line":25,"column":1}},"7":{"start":{"line":18,"column":2},"end":{"line":24,"column":5}},"8":{"start":{"line":32,"column":7},"end":{"line":32,"column":null}},"9":{"start":{"line":32,"column":13},"end":{"line":32,"column":30}},"10":{"start":{"line":32,"column":13},"end":{"line":32,"column":null}}},"fnMap":{},"branchMap":{"0":{"loc":{"start":{"line":7,"column":2},"end":{"line":9,"column":40}},"type":"binary-expr","locations":[{"start":{"line":7,"column":2},"end":{"line":7,"column":60}},{"start":{"line":8,"column":2},"end":{"line":8,"column":33}},{"start":{"line":9,"column":2},"end":{"line":9,"column":40}}]},"1":{"loc":{"start":{"line":7,"column":3},"end":{"line":7,"column":32}},"type":"binary-expr","locations":[{"start":{"line":7,"column":3},"end":{"line":7,"column":26}},{"start":{"line":7,"column":30},"end":{"line":7,"column":32}}]},"2":{"loc":{"start":{"line":17,"column":0},"end":{"line":25,"column":1}},"type":"if","locations":[{"start":{"line":17,"column":0},"end":{"line":25,"column":1}}]},"3":{"loc":{"start":{"line":20,"column":10},"end":{"line":20,"column":43}},"type":"binary-expr","locations":[{"start":{"line":20,"column":10},"end":{"line":20,"column":32}},{"start":{"line":20,"column":36},"end":{"line":20,"column":43}}]},"4":{"loc":{"start":{"line":21,"column":19},"end":{"line":21,"column":51}},"type":"binary-expr","locations":[{"start":{"line":21,"column":19},"end":{"line":21,"column":41}},{"start":{"line":21,"column":45},"end":{"line":21,"column":51}}]},"5":{"loc":{"start":{"line":23,"column":17},"end":{"line":23,"column":44}},"type":"binary-expr","locations":[{"start":{"line":23,"column":17},"end":{"line":23,"column":37}},{"start":{"line":23,"column":41},"end":{"line":23,"column":44}}]}},"s":{"0":0,"1":0,"2":0,"3":0,"4":0,"5":0,"6":0,"7":0,"8":0,"9":0,"10":0},"f":{},"b":{"0":[0,0,0],"1":[0,0],"2":[0],"3":[0,0],"4":[0,0],"5":[0,0]}}
,"C:\\Users\\Oleg\\Documents\\GitHub\\cryo\\backend\\social-service\\src\\cache\\cache.service.ts": {"path":"C:\\Users\\Oleg\\Documents\\GitHub\\cryo\\backend\\social-service\\src\\cache\\cache.service.ts","statementMap":{"0":{"start":{"line":1,"column":0},"end":{"line":1,"column":52}},"1":{"start":{"line":2,"column":0},"end":{"line":2,"column":54}},"2":{"start":{"line":6,"column":7},"end":{"line":54,"column":null}},"3":{"start":{"line":7,"column":45},"end":{"line":7,"column":64}},"4":{"start":{"line":10,"column":4},"end":{"line":10,"column":47}},"5":{"start":{"line":14,"column":4},"end":{"line":14,"column":49}},"6":{"start":{"line":18,"column":4},"end":{"line":18,"column":37}},"7":{"start":{"line":22,"column":4},"end":{"line":22,"column":36}},"8":{"start":{"line":27,"column":4},"end":{"line":27,"column":51}},"9":{"start":{"line":31,"column":4},"end":{"line":31,"column":57}},"10":{"start":{"line":35,"column":4},"end":{"line":35,"column":52}},"11":{"start":{"line":39,"column":4},"end":{"line":39,"column":59}},"12":{"start":{"line":43,"column":4},"end":{"line":43,"column":44}},"13":{"start":{"line":44,"column":4},"end":{"line":44,"column":45}},"14":{"start":{"line":48,"column":4},"end":{"line":48,"column":54}},"15":{"start":{"line":52,"column":4},"end":{"line":52,"column":62}},"16":{"start":{"line":6,"column":13},"end":{"line":6,"column":25}},"17":{"start":{"line":6,"column":13},"end":{"line":54,"column":null}}},"fnMap":{"0":{"name":"(anonymous_4)","decl":{"start":{"line":7,"column":2},"end":{"line":7,"column":15}},"loc":{"start":{"line":7,"column":64},"end":{"line":7,"column":68}}},"1":{"name":"(anonymous_5)","decl":{"start":{"line":9,"column":2},"end":{"line":9,"column":7}},"loc":{"start":{"line":9,"column":26},"end":{"line":11,"column":3}}},"2":{"name":"(anonymous_6)","decl":{"start":{"line":13,"column":2},"end":{"line":13,"column":7}},"loc":{"start":{"line":13,"column":50},"end":{"line":15,"column":3}}},"3":{"name":"(anonymous_7)","decl":{"start":{"line":17,"column":2},"end":{"line":17,"column":7}},"loc":{"start":{"line":17,"column":23},"end":{"line":19,"column":3}}},"4":{"name":"(anonymous_8)","decl":{"start":{"line":21,"column":2},"end":{"line":21,"column":7}},"loc":{"start":{"line":21,"column":13},"end":{"line":23,"column":3}}},"5":{"name":"(anonymous_9)","decl":{"start":{"line":26,"column":2},"end":{"line":26,"column":7}},"loc":{"start":{"line":26,"column":36},"end":{"line":28,"column":3}}},"6":{"name":"(anonymous_10)","decl":{"start":{"line":30,"column":2},"end":{"line":30,"column":7}},"loc":{"start":{"line":30,"column":60},"end":{"line":32,"column":3}}},"7":{"name":"(anonymous_11)","decl":{"start":{"line":34,"column":2},"end":{"line":34,"column":7}},"loc":{"start":{"line":34,"column":37},"end":{"line":36,"column":3}}},"8":{"name":"(anonymous_12)","decl":{"start":{"line":38,"column":2},"end":{"line":38,"column":7}},"loc":{"start":{"line":38,"column":64},"end":{"line":40,"column":3}}},"9":{"name":"(anonymous_13)","decl":{"start":{"line":42,"column":2},"end":{"line":42,"column":7}},"loc":{"start":{"line":42,"column":42},"end":{"line":45,"column":3}}},"10":{"name":"(anonymous_14)","decl":{"start":{"line":47,"column":2},"end":{"line":47,"column":7}},"loc":{"start":{"line":47,"column":39},"end":{"line":49,"column":3}}},"11":{"name":"(anonymous_15)","decl":{"start":{"line":51,"column":2},"end":{"line":51,"column":7}},"loc":{"start":{"line":51,"column":67},"end":{"line":53,"column":3}}}},"branchMap":{"0":{"loc":{"start":{"line":30,"column":51},"end":{"line":30,"column":60}},"type":"default-arg","locations":[{"start":{"line":30,"column":57},"end":{"line":30,"column":60}}]},"1":{"loc":{"start":{"line":38,"column":55},"end":{"line":38,"column":64}},"type":"default-arg","locations":[{"start":{"line":38,"column":61},"end":{"line":38,"column":64}}]},"2":{"loc":{"start":{"line":51,"column":58},"end":{"line":51,"column":67}},"type":"default-arg","locations":[{"start":{"line":51,"column":64},"end":{"line":51,"column":67}}]}},"s":{"0":9,"1":9,"2":9,"3":19,"4":7,"5":4,"6":0,"7":0,"8":0,"9":0,"10":0,"11":0,"12":0,"13":0,"14":0,"15":0,"16":9,"17":9},"f":{"0":19,"1":7,"2":4,"3":0,"4":0,"5":0,"6":0,"7":0,"8":0,"9":0,"10":0,"11":0},"b":{"0":[0],"1":[0],"2":[0]}}
,"C:\\Users\\Oleg\\Documents\\GitHub\\cryo\\backend\\social-service\\src\\clients\\achievement.service.client.ts": {"path":"C:\\Users\\Oleg\\Documents\\GitHub\\cryo\\backend\\social-service\\src\\clients\\achievement.service.client.ts","statementMap":{"0":{"start":{"line":1,"column":0},"end":{"line":1,"column":52}},"1":{"start":{"line":2,"column":0},"end":{"line":2,"column":44}},"2":{"start":{"line":3,"column":0},"end":{"line":3,"column":59}},"3":{"start":{"line":4,"column":0},"end":{"line":4,"column":35}},"4":{"start":{"line":24,"column":37},"end":{"line":177,"column":null}},"5":{"start":{"line":34,"column":31},"end":{"line":34,"column":44}},"6":{"start":{"line":25,"column":19},"end":{"line":25,"column":70}},"7":{"start":{"line":26,"column":19},"end":{"line":26,"column":106}},"8":{"start":{"line":27,"column":19},"end":{"line":32,"column":4}},"9":{"start":{"line":40,"column":61},"end":{"line":43,"column":6}},"10":{"start":{"line":47,"column":4},"end":{"line":82,"column":5}},"11":{"start":{"line":47,"column":23},"end":{"line":47,"column":24}},"12":{"start":{"line":48,"column":6},"end":{"line":81,"column":7}},"13":{"start":{"line":49,"column":8},"end":{"line":49,"column":79}},"14":{"start":{"line":51,"column":23},"end":{"line":56,"column":10}},"15":{"start":{"line":54,"column":12},"end":{"line":54,"column":90}},"16":{"start":{"line":54,"column":29},"end":{"line":54,"column":77}},"17":{"start":{"line":58,"column":8},"end":{"line":60,"column":9}},"18":{"start":{"line":59,"column":10},"end":{"line":59,"column":80}},"19":{"start":{"line":62,"column":8},"end":{"line":62,"column":22}},"20":{"start":{"line":64,"column":8},"end":{"line":64,"column":26}},"21":{"start":{"line":67,"column":8},"end":{"line":70,"column":9}},"22":{"start":{"line":68,"column":10},"end":{"line":68,"column":108}},"23":{"start":{"line":69,"column":10},"end":{"line":69,"column":22}},"24":{"start":{"line":72,"column":8},"end":{"line":75,"column":9}},"25":{"start":{"line":73,"column":10},"end":{"line":73,"column":126}},"26":{"start":{"line":74,"column":10},"end":{"line":74,"column":16}},"27":{"start":{"line":77,"column":22},"end":{"line":77,"column":84}},"28":{"start":{"line":78,"column":8},"end":{"line":78,"column":129}},"29":{"start":{"line":80,"column":8},"end":{"line":80,"column":32}},"30":{"start":{"line":84,"column":4},"end":{"line":84,"column":20}},"31":{"start":{"line":88,"column":4},"end":{"line":91,"column":5}},"32":{"start":{"line":89,"column":21},"end":{"line":89,"column":43}},"33":{"start":{"line":90,"column":6},"end":{"line":90,"column":73}},"34":{"start":{"line":92,"column":4},"end":{"line":92,"column":17}},"35":{"start":{"line":96,"column":4},"end":{"line":98,"column":5}},"36":{"start":{"line":97,"column":6},"end":{"line":97,"column":27}},"37":{"start":{"line":99,"column":4},"end":{"line":99,"column":25}},"38":{"start":{"line":103,"column":4},"end":{"line":103,"column":59}},"39":{"start":{"line":103,"column":34},"end":{"line":103,"column":57}},"40":{"start":{"line":107,"column":4},"end":{"line":131,"column":5}},"41":{"start":{"line":108,"column":6},"end":{"line":108,"column":98}},"42":{"start":{"line":110,"column":6},"end":{"line":124,"column":8}},"43":{"start":{"line":112,"column":10},"end":{"line":121,"column":null}},"44":{"start":{"line":118,"column":18},"end":{"line":118,"column":95}},"45":{"start":{"line":119,"column":18},"end":{"line":119,"column":30}},"46":{"start":{"line":126,"column":6},"end":{"line":126,"column":92}},"47":{"start":{"line":128,"column":6},"end":{"line":128,"column":120}},"48":{"start":{"line":139,"column":4},"end":{"line":145,"column":7}},"49":{"start":{"line":140,"column":6},"end":{"line":144,"column":7}},"50":{"start":{"line":141,"column":8},"end":{"line":141,"column":39}},"51":{"start":{"line":143,"column":8},"end":{"line":143,"column":98}},"52":{"start":{"line":152,"column":4},"end":{"line":175,"column":5}},"53":{"start":{"line":153,"column":6},"end":{"line":153,"column":68}},"54":{"start":{"line":155,"column":23},"end":{"line":168,"column":null}},"55":{"start":{"line":157,"column":10},"end":{"line":166,"column":null}},"56":{"start":{"line":163,"column":18},"end":{"line":163,"column":89}},"57":{"start":{"line":164,"column":18},"end":{"line":164,"column":30}},"58":{"start":{"line":171,"column":6},"end":{"line":171,"column":47}},"59":{"start":{"line":173,"column":6},"end":{"line":173,"column":105}},"60":{"start":{"line":174,"column":6},"end":{"line":174,"column":16}},"61":{"start":{"line":24,"column":13},"end":{"line":24,"column":37}},"62":{"start":{"line":24,"column":13},"end":{"line":177,"column":null}}},"fnMap":{"0":{"name":"(anonymous_2)","decl":{"start":{"line":34,"column":2},"end":{"line":34,"column":31}},"loc":{"start":{"line":34,"column":55},"end":{"line":34,"column":59}}},"1":{"name":"(anonymous_3)","decl":{"start":{"line":36,"column":10},"end":{"line":36,"column":15}},"loc":{"start":{"line":38,"column":30},"end":{"line":85,"column":3}}},"2":{"name":"(anonymous_4)","decl":{"start":{"line":53,"column":29},"end":{"line":53,"column":30}},"loc":{"start":{"line":54,"column":12},"end":{"line":54,"column":90}}},"3":{"name":"(anonymous_5)","decl":{"start":{"line":54,"column":23},"end":{"line":54,"column":26}},"loc":{"start":{"line":54,"column":29},"end":{"line":54,"column":77}}},"4":{"name":"(anonymous_6)","decl":{"start":{"line":87,"column":10},"end":{"line":87,"column":23}},"loc":{"start":{"line":87,"column":38},"end":{"line":93,"column":3}}},"5":{"name":"(anonymous_7)","decl":{"start":{"line":95,"column":10},"end":{"line":95,"column":25}},"loc":{"start":{"line":95,"column":40},"end":{"line":100,"column":3}}},"6":{"name":"(anonymous_8)","decl":{"start":{"line":102,"column":10},"end":{"line":102,"column":15}},"loc":{"start":{"line":102,"column":26},"end":{"line":104,"column":3}}},"7":{"name":"(anonymous_9)","decl":{"start":{"line":103,"column":23},"end":{"line":103,"column":30}},"loc":{"start":{"line":103,"column":34},"end":{"line":103,"column":57}}},"8":{"name":"(anonymous_10)","decl":{"start":{"line":106,"column":2},"end":{"line":106,"column":7}},"loc":{"start":{"line":106,"column":45},"end":{"line":132,"column":3}}},"9":{"name":"(anonymous_11)","decl":{"start":{"line":111,"column":8},"end":{"line":111,"column":13}},"loc":{"start":{"line":112,"column":10},"end":{"line":121,"column":null}}},"10":{"name":"(anonymous_12)","decl":{"start":{"line":117,"column":27},"end":{"line":117,"column":28}},"loc":{"start":{"line":117,"column":37},"end":{"line":120,"column":17}}},"11":{"name":"(anonymous_13)","decl":{"start":{"line":137,"column":2},"end":{"line":137,"column":7}},"loc":{"start":{"line":137,"column":50},"end":{"line":146,"column":3}}},"12":{"name":"(anonymous_14)","decl":{"start":{"line":139,"column":17},"end":{"line":139,"column":22}},"loc":{"start":{"line":139,"column":28},"end":{"line":145,"column":5}}},"13":{"name":"(anonymous_15)","decl":{"start":{"line":151,"column":2},"end":{"line":151,"column":7}},"loc":{"start":{"line":151,"column":42},"end":{"line":176,"column":3}}},"14":{"name":"(anonymous_16)","decl":{"start":{"line":156,"column":8},"end":{"line":156,"column":13}},"loc":{"start":{"line":157,"column":10},"end":{"line":166,"column":null}}},"15":{"name":"(anonymous_17)","decl":{"start":{"line":162,"column":27},"end":{"line":162,"column":28}},"loc":{"start":{"line":162,"column":37},"end":{"line":165,"column":17}}}},"branchMap":{"0":{"loc":{"start":{"line":26,"column":29},"end":{"line":26,"column":105}},"type":"binary-expr","locations":[{"start":{"line":26,"column":29},"end":{"line":26,"column":64}},{"start":{"line":26,"column":68},"end":{"line":26,"column":105}}]},"1":{"loc":{"start":{"line":38,"column":4},"end":{"line":38,"column":30}},"type":"default-arg","locations":[{"start":{"line":38,"column":28},"end":{"line":38,"column":30}}]},"2":{"loc":{"start":{"line":58,"column":8},"end":{"line":60,"column":9}},"type":"if","locations":[{"start":{"line":58,"column":8},"end":{"line":60,"column":9}}]},"3":{"loc":{"start":{"line":67,"column":8},"end":{"line":70,"column":9}},"type":"if","locations":[{"start":{"line":67,"column":8},"end":{"line":70,"column":9}}]},"4":{"loc":{"start":{"line":72,"column":8},"end":{"line":75,"column":9}},"type":"if","locations":[{"start":{"line":72,"column":8},"end":{"line":75,"column":9}}]},"5":{"loc":{"start":{"line":88,"column":4},"end":{"line":91,"column":5}},"type":"if","locations":[{"start":{"line":88,"column":4},"end":{"line":91,"column":5}}]},"6":{"loc":{"start":{"line":90,"column":13},"end":{"line":90,"column":72}},"type":"binary-expr","locations":[{"start":{"line":90,"column":13},"end":{"line":90,"column":39}},{"start":{"line":90,"column":43},"end":{"line":90,"column":56}},{"start":{"line":90,"column":60},"end":{"line":90,"column":72}}]},"7":{"loc":{"start":{"line":96,"column":4},"end":{"line":98,"column":5}},"type":"if","locations":[{"start":{"line":96,"column":4},"end":{"line":98,"column":5}}]},"8":{"loc":{"start":{"line":171,"column":13},"end":{"line":171,"column":46}},"type":"binary-expr","locations":[{"start":{"line":171,"column":13},"end":{"line":171,"column":40}},{"start":{"line":171,"column":44},"end":{"line":171,"column":46}}]}},"s":{"0":9,"1":9,"2":9,"3":9,"4":9,"5":19,"6":19,"7":19,"8":19,"9":4,"10":4,"11":4,"12":5,"13":5,"14":5,"15":5,"16":0,"17":2,"18":0,"19":2,"20":3,"21":3,"22":0,"23":0,"24":3,"25":2,"26":2,"27":1,"28":1,"29":1,"30":2,"31":3,"32":3,"33":3,"34":0,"35":5,"36":5,"37":0,"38":1,"39":1,"40":2,"41":2,"42":2,"43":3,"44":2,"45":2,"46":1,"47":1,"48":0,"49":0,"50":0,"51":0,"52":2,"53":2,"54":2,"55":2,"56":1,"57":1,"58":1,"59":1,"60":1,"61":9,"62":9},"f":{"0":19,"1":4,"2":5,"3":0,"4":3,"5":5,"6":1,"7":1,"8":2,"9":3,"10":2,"11":0,"12":0,"13":2,"14":2,"15":1},"b":{"0":[19,0],"1":[0],"2":[0],"3":[0],"4":[2],"5":[3],"6":[3,0,0],"7":[5],"8":[1,0]}}
,"C:\\Users\\Oleg\\Documents\\GitHub\\cryo\\backend\\social-service\\src\\clients\\circuit-breaker.service.ts": {"path":"C:\\Users\\Oleg\\Documents\\GitHub\\cryo\\backend\\social-service\\src\\clients\\circuit-breaker.service.ts","statementMap":{"0":{"start":{"line":1,"column":0},"end":{"line":1,"column":52}},"1":{"start":{"line":9,"column":0},"end":{"line":9,"column":null}},"2":{"start":{"line":10,"column":2},"end":{"line":10,"column":null}},"3":{"start":{"line":11,"column":2},"end":{"line":11,"column":null}},"4":{"start":{"line":12,"column":2},"end":{"line":12,"column":null}},"5":{"start":{"line":23,"column":34},"end":{"line":149,"column":null}},"6":{"start":{"line":24,"column":19},"end":{"line":24,"column":67}},"7":{"start":{"line":25,"column":19},"end":{"line":25,"column":62}},"8":{"start":{"line":26,"column":19},"end":{"line":30,"column":4}},"9":{"start":{"line":40,"column":17},"end":{"line":40,"column":55}},"10":{"start":{"line":41,"column":20},"end":{"line":41,"column":56}},"11":{"start":{"line":44,"column":4},"end":{"line":52,"column":5}},"12":{"start":{"line":45,"column":6},"end":{"line":51,"column":7}},"13":{"start":{"line":47,"column":8},"end":{"line":47,"column":47}},"14":{"start":{"line":48,"column":8},"end":{"line":48,"column":77}},"15":{"start":{"line":50,"column":8},"end":{"line":50,"column":73}},"16":{"start":{"line":54,"column":4},"end":{"line":61,"column":5}},"17":{"start":{"line":55,"column":21},"end":{"line":55,"column":31}},"18":{"start":{"line":56,"column":6},"end":{"line":56,"column":34}},"19":{"start":{"line":57,"column":6},"end":{"line":57,"column":20}},"20":{"start":{"line":59,"column":6},"end":{"line":59,"column":40}},"21":{"start":{"line":60,"column":6},"end":{"line":60,"column":18}},"22":{"start":{"line":68,"column":20},"end":{"line":68,"column":50}},"23":{"start":{"line":69,"column":4},"end":{"line":71,"column":5}},"24":{"start":{"line":70,"column":6},"end":{"line":70,"column":18}},"25":{"start":{"line":73,"column":4},"end":{"line":73,"column":47}},"26":{"start":{"line":80,"column":4},"end":{"line":80,"column":50}},"27":{"start":{"line":87,"column":48},"end":{"line":87,"column":50}},"28":{"start":{"line":88,"column":4},"end":{"line":90,"column":5}},"29":{"start":{"line":89,"column":6},"end":{"line":89,"column":35}},"30":{"start":{"line":91,"column":4},"end":{"line":91,"column":17}},"31":{"start":{"line":98,"column":20},"end":{"line":98,"column":50}},"32":{"start":{"line":99,"column":4},"end":{"line":105,"column":5}},"33":{"start":{"line":100,"column":6},"end":{"line":100,"column":42}},"34":{"start":{"line":101,"column":6},"end":{"line":101,"column":27}},"35":{"start":{"line":102,"column":6},"end":{"line":102,"column":28}},"36":{"start":{"line":103,"column":6},"end":{"line":103,"column":34}},"37":{"start":{"line":104,"column":6},"end":{"line":104,"column":73}},"38":{"start":{"line":109,"column":4},"end":{"line":116,"column":5}},"39":{"start":{"line":110,"column":6},"end":{"line":115,"column":9}},"40":{"start":{"line":117,"column":4},"end":{"line":117,"column":43}},"41":{"start":{"line":121,"column":20},"end":{"line":121,"column":56}},"42":{"start":{"line":122,"column":4},"end":{"line":122,"column":24}},"43":{"start":{"line":124,"column":4},"end":{"line":129,"column":5}},"44":{"start":{"line":126,"column":6},"end":{"line":126,"column":42}},"45":{"start":{"line":127,"column":6},"end":{"line":127,"column":27}},"46":{"start":{"line":128,"column":6},"end":{"line":128,"column":77}},"47":{"start":{"line":133,"column":20},"end":{"line":133,"column":56}},"48":{"start":{"line":134,"column":4},"end":{"line":134,"column":23}},"49":{"start":{"line":135,"column":4},"end":{"line":135,"column":41}},"50":{"start":{"line":137,"column":4},"end":{"line":147,"column":5}},"51":{"start":{"line":139,"column":6},"end":{"line":139,"column":40}},"52":{"start":{"line":140,"column":6},"end":{"line":140,"column":89}},"53":{"start":{"line":141,"column":11},"end":{"line":147,"column":5}},"54":{"start":{"line":143,"column":6},"end":{"line":143,"column":40}},"55":{"start":{"line":144,"column":6},"end":{"line":146,"column":8}},"56":{"start":{"line":23,"column":13},"end":{"line":23,"column":34}},"57":{"start":{"line":23,"column":13},"end":{"line":149,"column":null}}},"fnMap":{"0":{"name":"(anonymous_1)","decl":{"start":{"line":9,"column":0},"end":{"line":9,"column":5}},"loc":{"start":{"line":9,"column":17},"end":{"line":13,"column":1}}},"1":{"name":"(anonymous_2)","decl":{"start":{"line":23,"column":7},"end":{"line":23,"column":13}},"loc":{"start":{"line":23,"column":7},"end":{"line":149,"column":1}}},"2":{"name":"(anonymous_3)","decl":{"start":{"line":35,"column":2},"end":{"line":35,"column":7}},"loc":{"start":{"line":38,"column":48},"end":{"line":62,"column":3}}},"3":{"name":"(anonymous_4)","decl":{"start":{"line":67,"column":2},"end":{"line":67,"column":13}},"loc":{"start":{"line":67,"column":33},"end":{"line":74,"column":3}}},"4":{"name":"(anonymous_5)","decl":{"start":{"line":79,"column":2},"end":{"line":79,"column":10}},"loc":{"start":{"line":79,"column":30},"end":{"line":81,"column":3}}},"5":{"name":"(anonymous_6)","decl":{"start":{"line":86,"column":2},"end":{"line":86,"column":13}},"loc":{"start":{"line":86,"column":13},"end":{"line":92,"column":3}}},"6":{"name":"(anonymous_7)","decl":{"start":{"line":97,"column":2},"end":{"line":97,"column":7}},"loc":{"start":{"line":97,"column":27},"end":{"line":106,"column":3}}},"7":{"name":"(anonymous_8)","decl":{"start":{"line":108,"column":10},"end":{"line":108,"column":28}},"loc":{"start":{"line":108,"column":48},"end":{"line":118,"column":3}}},"8":{"name":"(anonymous_9)","decl":{"start":{"line":120,"column":10},"end":{"line":120,"column":19}},"loc":{"start":{"line":120,"column":39},"end":{"line":130,"column":3}}},"9":{"name":"(anonymous_10)","decl":{"start":{"line":132,"column":10},"end":{"line":132,"column":19}},"loc":{"start":{"line":132,"column":71},"end":{"line":148,"column":3}}}},"branchMap":{"0":{"loc":{"start":{"line":9,"column":5},"end":{"line":9,"column":null}},"type":"binary-expr","locations":[{"start":{"line":9,"column":5},"end":{"line":9,"column":17}},{"start":{"line":9,"column":5},"end":{"line":9,"column":null}}]},"1":{"loc":{"start":{"line":38,"column":4},"end":{"line":38,"column":48}},"type":"default-arg","locations":[{"start":{"line":38,"column":46},"end":{"line":38,"column":48}}]},"2":{"loc":{"start":{"line":44,"column":4},"end":{"line":52,"column":5}},"type":"if","locations":[{"start":{"line":44,"column":4},"end":{"line":52,"column":5}}]},"3":{"loc":{"start":{"line":45,"column":6},"end":{"line":51,"column":7}},"type":"if","locations":[{"start":{"line":45,"column":6},"end":{"line":51,"column":7}},{"start":{"line":49,"column":13},"end":{"line":51,"column":7}}]},"4":{"loc":{"start":{"line":69,"column":4},"end":{"line":71,"column":5}},"type":"if","locations":[{"start":{"line":69,"column":4},"end":{"line":71,"column":5}}]},"5":{"loc":{"start":{"line":80,"column":11},"end":{"line":80,"column":49}},"type":"binary-expr","locations":[{"start":{"line":80,"column":11},"end":{"line":80,"column":41}},{"start":{"line":80,"column":45},"end":{"line":80,"column":49}}]},"6":{"loc":{"start":{"line":99,"column":4},"end":{"line":105,"column":5}},"type":"if","locations":[{"start":{"line":99,"column":4},"end":{"line":105,"column":5}}]},"7":{"loc":{"start":{"line":109,"column":4},"end":{"line":116,"column":5}},"type":"if","locations":[{"start":{"line":109,"column":4},"end":{"line":116,"column":5}}]},"8":{"loc":{"start":{"line":124,"column":4},"end":{"line":129,"column":5}},"type":"if","locations":[{"start":{"line":124,"column":4},"end":{"line":129,"column":5}}]},"9":{"loc":{"start":{"line":137,"column":4},"end":{"line":147,"column":5}},"type":"if","locations":[{"start":{"line":137,"column":4},"end":{"line":147,"column":5}},{"start":{"line":141,"column":11},"end":{"line":147,"column":5}}]},"10":{"loc":{"start":{"line":141,"column":11},"end":{"line":147,"column":5}},"type":"if","locations":[{"start":{"line":141,"column":11},"end":{"line":147,"column":5}}]}},"s":{"0":2,"1":2,"2":2,"3":2,"4":2,"5":2,"6":19,"7":19,"8":19,"9":7,"10":7,"11":7,"12":2,"13":0,"14":0,"15":2,"16":5,"17":5,"18":2,"19":2,"20":3,"21":3,"22":1,"23":1,"24":0,"25":1,"26":1,"27":0,"28":0,"29":0,"30":0,"31":0,"32":0,"33":0,"34":0,"35":0,"36":0,"37":0,"38":12,"39":3,"40":12,"41":2,"42":2,"43":2,"44":0,"45":0,"46":0,"47":3,"48":3,"49":3,"50":3,"51":0,"52":0,"53":3,"54":1,"55":1,"56":2,"57":2},"f":{"0":2,"1":19,"2":7,"3":1,"4":1,"5":0,"6":0,"7":12,"8":2,"9":3},"b":{"0":[2,2],"1":[2],"2":[2],"3":[0,2],"4":[0],"5":[1,0],"6":[0],"7":[3],"8":[0],"9":[0,3],"10":[1]}}
,"C:\\Users\\Oleg\\Documents\\GitHub\\cryo\\backend\\social-service\\src\\clients\\clients.module.ts": {"path":"C:\\Users\\Oleg\\Documents\\GitHub\\cryo\\backend\\social-service\\src\\clients\\clients.module.ts","statementMap":{"0":{"start":{"line":1,"column":0},"end":{"line":1,"column":40}},"1":{"start":{"line":2,"column":0},"end":{"line":2,"column":43}},"2":{"start":{"line":3,"column":0},"end":{"line":3,"column":61}},"3":{"start":{"line":4,"column":0},"end":{"line":4,"column":58}},"4":{"start":{"line":5,"column":0},"end":{"line":5,"column":74}},"5":{"start":{"line":6,"column":0},"end":{"line":6,"column":72}},"6":{"start":{"line":7,"column":0},"end":{"line":7,"column":66}},"7":{"start":{"line":8,"column":0},"end":{"line":8,"column":83}},"8":{"start":{"line":9,"column":0},"end":{"line":9,"column":58}},"9":{"start":{"line":54,"column":7},"end":{"line":54,"column":null}},"10":{"start":{"line":54,"column":13},"end":{"line":54,"column":26}},"11":{"start":{"line":54,"column":13},"end":{"line":54,"column":null}},"12":{"start":{"line":17,"column":59},"end":{"line":35,"column":8}},"13":{"start":{"line":22,"column":28},"end":{"line":22,"column":78}},"14":{"start":{"line":23,"column":10},"end":{"line":23,"column":69}}},"fnMap":{"0":{"name":"(anonymous_1)","decl":{"start":{"line":17,"column":18},"end":{"line":17,"column":23}},"loc":{"start":{"line":17,"column":59},"end":{"line":35,"column":8}}},"1":{"name":"(anonymous_2)","decl":{"start":{"line":21,"column":20},"end":{"line":21,"column":21}},"loc":{"start":{"line":21,"column":43},"end":{"line":24,"column":9}}}},"branchMap":{},"s":{"0":0,"1":0,"2":0,"3":0,"4":0,"5":0,"6":0,"7":0,"8":0,"9":0,"10":0,"11":0,"12":0,"13":0,"14":0},"f":{"0":0,"1":0},"b":{}}
,"C:\\Users\\Oleg\\Documents\\GitHub\\cryo\\backend\\social-service\\src\\clients\\external-services-health.service.ts": {"path":"C:\\Users\\Oleg\\Documents\\GitHub\\cryo\\backend\\social-service\\src\\clients\\external-services-health.service.ts","statementMap":{"0":{"start":{"line":1,"column":0},"end":{"line":1,"column":52}},"1":{"start":{"line":2,"column":0},"end":{"line":2,"column":56}},"2":{"start":{"line":3,"column":0},"end":{"line":3,"column":58}},"3":{"start":{"line":4,"column":0},"end":{"line":4,"column":74}},"4":{"start":{"line":5,"column":0},"end":{"line":5,"column":72}},"5":{"start":{"line":6,"column":0},"end":{"line":6,"column":66}},"6":{"start":{"line":17,"column":42},"end":{"line":209,"column":null}},"7":{"start":{"line":22,"column":21},"end":{"line":22,"column":40}},"8":{"start":{"line":23,"column":21},"end":{"line":23,"column":48}},"9":{"start":{"line":24,"column":21},"end":{"line":24,"column":47}},"10":{"start":{"line":25,"column":21},"end":{"line":25,"column":44}},"11":{"start":{"line":18,"column":19},"end":{"line":18,"column":75}},"12":{"start":{"line":19,"column":19},"end":{"line":19,"column":67}},"13":{"start":{"line":28,"column":4},"end":{"line":28,"column":34}},"14":{"start":{"line":36,"column":4},"end":{"line":36,"column":68}},"15":{"start":{"line":38,"column":4},"end":{"line":42,"column":7}},"16":{"start":{"line":44,"column":4},"end":{"line":44,"column":28}},"17":{"start":{"line":51,"column":50},"end":{"line":51,"column":52}},"18":{"start":{"line":52,"column":4},"end":{"line":54,"column":5}},"19":{"start":{"line":53,"column":6},"end":{"line":53,"column":35}},"20":{"start":{"line":55,"column":4},"end":{"line":55,"column":18}},"21":{"start":{"line":62,"column":4},"end":{"line":62,"column":54}},"22":{"start":{"line":69,"column":4},"end":{"line":73,"column":5}},"23":{"start":{"line":70,"column":6},"end":{"line":72,"column":7}},"24":{"start":{"line":71,"column":8},"end":{"line":71,"column":21}},"25":{"start":{"line":74,"column":4},"end":{"line":74,"column":16}},"26":{"start":{"line":78,"column":21},"end":{"line":78,"column":84}},"27":{"start":{"line":80,"column":4},"end":{"line":86,"column":5}},"28":{"start":{"line":81,"column":6},"end":{"line":85,"column":9}},"29":{"start":{"line":90,"column":22},"end":{"line":90,"column":32}},"30":{"start":{"line":92,"column":4},"end":{"line":122,"column":5}},"31":{"start":{"line":94,"column":6},"end":{"line":101,"column":8}},"32":{"start":{"line":98,"column":10},"end":{"line":98,"column":80}},"33":{"start":{"line":103,"column":27},"end":{"line":103,"column":49}},"34":{"start":{"line":105,"column":6},"end":{"line":110,"column":9}},"35":{"start":{"line":112,"column":6},"end":{"line":112,"column":80}},"36":{"start":{"line":114,"column":6},"end":{"line":119,"column":9}},"37":{"start":{"line":121,"column":6},"end":{"line":121,"column":91}},"38":{"start":{"line":126,"column":22},"end":{"line":126,"column":32}},"39":{"start":{"line":128,"column":4},"end":{"line":156,"column":5}},"40":{"start":{"line":131,"column":26},"end":{"line":131,"column":88}},"41":{"start":{"line":133,"column":6},"end":{"line":146,"column":7}},"42":{"start":{"line":134,"column":29},"end":{"line":134,"column":51}},"43":{"start":{"line":136,"column":8},"end":{"line":141,"column":11}},"44":{"start":{"line":143,"column":8},"end":{"line":143,"column":90}},"45":{"start":{"line":145,"column":8},"end":{"line":145,"column":51}},"46":{"start":{"line":148,"column":6},"end":{"line":153,"column":9}},"47":{"start":{"line":155,"column":6},"end":{"line":155,"column":99}},"48":{"start":{"line":160,"column":22},"end":{"line":160,"column":32}},"49":{"start":{"line":162,"column":4},"end":{"line":192,"column":5}},"50":{"start":{"line":164,"column":6},"end":{"line":171,"column":8}},"51":{"start":{"line":168,"column":10},"end":{"line":168,"column":91}},"52":{"start":{"line":173,"column":27},"end":{"line":173,"column":49}},"53":{"start":{"line":175,"column":6},"end":{"line":180,"column":9}},"54":{"start":{"line":182,"column":6},"end":{"line":182,"column":87}},"55":{"start":{"line":184,"column":6},"end":{"line":189,"column":9}},"56":{"start":{"line":191,"column":6},"end":{"line":191,"column":98}},"57":{"start":{"line":196,"column":20},"end":{"line":198,"column":16}},"58":{"start":{"line":197,"column":6},"end":{"line":197,"column":99}},"59":{"start":{"line":200,"column":4},"end":{"line":200,"column":60}},"60":{"start":{"line":204,"column":4},"end":{"line":206,"column":5}},"61":{"start":{"line":205,"column":6},"end":{"line":205,"column":27}},"62":{"start":{"line":207,"column":4},"end":{"line":207,"column":25}},"63":{"start":{"line":17,"column":13},"end":{"line":17,"column":42}},"64":{"start":{"line":35,"column":8},"end":{"line":45,"column":null}},"65":{"start":{"line":17,"column":13},"end":{"line":209,"column":null}}},"fnMap":{"0":{"name":"(anonymous_2)","decl":{"start":{"line":21,"column":2},"end":{"line":21,"column":null}},"loc":{"start":{"line":25,"column":65},"end":{"line":29,"column":3}}},"1":{"name":"(anonymous_3)","decl":{"start":{"line":35,"column":2},"end":{"line":35,"column":7}},"loc":{"start":{"line":35,"column":27},"end":{"line":45,"column":3}}},"2":{"name":"(anonymous_4)","decl":{"start":{"line":50,"column":2},"end":{"line":50,"column":17}},"loc":{"start":{"line":50,"column":17},"end":{"line":56,"column":3}}},"3":{"name":"(anonymous_5)","decl":{"start":{"line":61,"column":2},"end":{"line":61,"column":18}},"loc":{"start":{"line":61,"column":38},"end":{"line":63,"column":3}}},"4":{"name":"(anonymous_6)","decl":{"start":{"line":68,"column":2},"end":{"line":68,"column":23}},"loc":{"start":{"line":68,"column":23},"end":{"line":75,"column":3}}},"5":{"name":"(anonymous_7)","decl":{"start":{"line":77,"column":10},"end":{"line":77,"column":32}},"loc":{"start":{"line":77,"column":32},"end":{"line":87,"column":3}}},"6":{"name":"(anonymous_8)","decl":{"start":{"line":89,"column":10},"end":{"line":89,"column":15}},"loc":{"start":{"line":89,"column":32},"end":{"line":123,"column":3}}},"7":{"name":"(anonymous_9)","decl":{"start":{"line":96,"column":8},"end":{"line":96,"column":13}},"loc":{"start":{"line":96,"column":19},"end":{"line":99,"column":9}}},"8":{"name":"(anonymous_10)","decl":{"start":{"line":125,"column":10},"end":{"line":125,"column":15}},"loc":{"start":{"line":125,"column":40},"end":{"line":157,"column":3}}},"9":{"name":"(anonymous_11)","decl":{"start":{"line":159,"column":10},"end":{"line":159,"column":15}},"loc":{"start":{"line":159,"column":39},"end":{"line":193,"column":3}}},"10":{"name":"(anonymous_12)","decl":{"start":{"line":166,"column":8},"end":{"line":166,"column":13}},"loc":{"start":{"line":166,"column":19},"end":{"line":169,"column":9}}},"11":{"name":"(anonymous_13)","decl":{"start":{"line":195,"column":10},"end":{"line":195,"column":26}},"loc":{"start":{"line":195,"column":26},"end":{"line":201,"column":3}}},"12":{"name":"(anonymous_14)","decl":{"start":{"line":196,"column":63},"end":{"line":196,"column":69}},"loc":{"start":{"line":197,"column":6},"end":{"line":197,"column":99}}},"13":{"name":"(anonymous_15)","decl":{"start":{"line":203,"column":10},"end":{"line":203,"column":25}},"loc":{"start":{"line":203,"column":40},"end":{"line":208,"column":3}}}},"branchMap":{"0":{"loc":{"start":{"line":62,"column":11},"end":{"line":62,"column":53}},"type":"binary-expr","locations":[{"start":{"line":62,"column":11},"end":{"line":62,"column":45}},{"start":{"line":62,"column":49},"end":{"line":62,"column":53}}]},"1":{"loc":{"start":{"line":70,"column":6},"end":{"line":72,"column":7}},"type":"if","locations":[{"start":{"line":70,"column":6},"end":{"line":72,"column":7}}]},"2":{"loc":{"start":{"line":70,"column":10},"end":{"line":70,"column":64}},"type":"binary-expr","locations":[{"start":{"line":70,"column":10},"end":{"line":70,"column":33}},{"start":{"line":70,"column":37},"end":{"line":70,"column":64}}]},"3":{"loc":{"start":{"line":133,"column":6},"end":{"line":146,"column":7}},"type":"if","locations":[{"start":{"line":133,"column":6},"end":{"line":146,"column":7}},{"start":{"line":144,"column":13},"end":{"line":146,"column":7}}]},"4":{"loc":{"start":{"line":197,"column":41},"end":{"line":197,"column":97}},"type":"cond-expr","locations":[{"start":{"line":197,"column":63},"end":{"line":197,"column":92}},{"start":{"line":197,"column":95},"end":{"line":197,"column":97}}]},"5":{"loc":{"start":{"line":204,"column":4},"end":{"line":206,"column":5}},"type":"if","locations":[{"start":{"line":204,"column":4},"end":{"line":206,"column":5}}]}},"s":{"0":2,"1":2,"2":2,"3":2,"4":2,"5":2,"6":2,"7":19,"8":19,"9":19,"10":19,"11":19,"12":19,"13":19,"14":0,"15":0,"16":0,"17":1,"18":1,"19":3,"20":1,"21":0,"22":1,"23":1,"24":1,"25":0,"26":19,"27":19,"28":57,"29":0,"30":0,"31":0,"32":0,"33":0,"34":0,"35":0,"36":0,"37":0,"38":0,"39":0,"40":0,"41":0,"42":0,"43":0,"44":0,"45":0,"46":0,"47":0,"48":0,"49":0,"50":0,"51":0,"52":0,"53":0,"54":0,"55":0,"56":0,"57":0,"58":0,"59":0,"60":0,"61":0,"62":0,"63":2,"64":2,"65":2},"f":{"0":19,"1":0,"2":1,"3":0,"4":1,"5":19,"6":0,"7":0,"8":0,"9":0,"10":0,"11":0,"12":0,"13":0},"b":{"0":[0,0],"1":[1],"2":[1,1],"3":[0,0],"4":[0,0],"5":[0]}}
,"C:\\Users\\Oleg\\Documents\\GitHub\\cryo\\backend\\social-service\\src\\clients\\notification.service.client.ts": {"path":"C:\\Users\\Oleg\\Documents\\GitHub\\cryo\\backend\\social-service\\src\\clients\\notification.service.client.ts","statementMap":{"0":{"start":{"line":1,"column":0},"end":{"line":1,"column":52}},"1":{"start":{"line":2,"column":0},"end":{"line":2,"column":44}},"2":{"start":{"line":3,"column":0},"end":{"line":3,"column":59}},"3":{"start":{"line":4,"column":0},"end":{"line":4,"column":35}},"4":{"start":{"line":23,"column":38},"end":{"line":191,"column":null}},"5":{"start":{"line":33,"column":31},"end":{"line":33,"column":44}},"6":{"start":{"line":24,"column":19},"end":{"line":24,"column":71}},"7":{"start":{"line":25,"column":19},"end":{"line":25,"column":108}},"8":{"start":{"line":26,"column":19},"end":{"line":31,"column":4}},"9":{"start":{"line":39,"column":61},"end":{"line":42,"column":6}},"10":{"start":{"line":46,"column":4},"end":{"line":81,"column":5}},"11":{"start":{"line":46,"column":23},"end":{"line":46,"column":24}},"12":{"start":{"line":47,"column":6},"end":{"line":80,"column":7}},"13":{"start":{"line":48,"column":8},"end":{"line":48,"column":73}},"14":{"start":{"line":50,"column":23},"end":{"line":55,"column":10}},"15":{"start":{"line":53,"column":12},"end":{"line":53,"column":91}},"16":{"start":{"line":53,"column":29},"end":{"line":53,"column":78}},"17":{"start":{"line":57,"column":8},"end":{"line":59,"column":9}},"18":{"start":{"line":58,"column":10},"end":{"line":58,"column":82}},"19":{"start":{"line":61,"column":8},"end":{"line":61,"column":22}},"20":{"start":{"line":63,"column":8},"end":{"line":63,"column":26}},"21":{"start":{"line":66,"column":8},"end":{"line":69,"column":9}},"22":{"start":{"line":67,"column":10},"end":{"line":67,"column":102}},"23":{"start":{"line":68,"column":10},"end":{"line":68,"column":22}},"24":{"start":{"line":71,"column":8},"end":{"line":74,"column":9}},"25":{"start":{"line":72,"column":10},"end":{"line":72,"column":120}},"26":{"start":{"line":73,"column":10},"end":{"line":73,"column":16}},"27":{"start":{"line":76,"column":22},"end":{"line":76,"column":84}},"28":{"start":{"line":77,"column":8},"end":{"line":77,"column":123}},"29":{"start":{"line":79,"column":8},"end":{"line":79,"column":32}},"30":{"start":{"line":83,"column":4},"end":{"line":83,"column":20}},"31":{"start":{"line":87,"column":4},"end":{"line":90,"column":5}},"32":{"start":{"line":88,"column":21},"end":{"line":88,"column":43}},"33":{"start":{"line":89,"column":6},"end":{"line":89,"column":73}},"34":{"start":{"line":91,"column":4},"end":{"line":91,"column":17}},"35":{"start":{"line":95,"column":4},"end":{"line":97,"column":5}},"36":{"start":{"line":96,"column":6},"end":{"line":96,"column":44}},"37":{"start":{"line":98,"column":4},"end":{"line":98,"column":17}},"38":{"start":{"line":102,"column":4},"end":{"line":104,"column":5}},"39":{"start":{"line":103,"column":6},"end":{"line":103,"column":27}},"40":{"start":{"line":105,"column":4},"end":{"line":105,"column":25}},"41":{"start":{"line":109,"column":4},"end":{"line":109,"column":59}},"42":{"start":{"line":109,"column":34},"end":{"line":109,"column":57}},"43":{"start":{"line":113,"column":4},"end":{"line":137,"column":5}},"44":{"start":{"line":114,"column":6},"end":{"line":114,"column":83}},"45":{"start":{"line":116,"column":6},"end":{"line":130,"column":8}},"46":{"start":{"line":118,"column":10},"end":{"line":127,"column":null}},"47":{"start":{"line":124,"column":18},"end":{"line":124,"column":85}},"48":{"start":{"line":125,"column":18},"end":{"line":125,"column":30}},"49":{"start":{"line":132,"column":6},"end":{"line":132,"column":80}},"50":{"start":{"line":134,"column":6},"end":{"line":134,"column":109}},"51":{"start":{"line":146,"column":4},"end":{"line":152,"column":7}},"52":{"start":{"line":147,"column":6},"end":{"line":151,"column":7}},"53":{"start":{"line":148,"column":8},"end":{"line":148,"column":41}},"54":{"start":{"line":150,"column":8},"end":{"line":150,"column":92}},"55":{"start":{"line":159,"column":4},"end":{"line":161,"column":5}},"56":{"start":{"line":160,"column":6},"end":{"line":160,"column":13}},"57":{"start":{"line":163,"column":4},"end":{"line":163,"column":80}},"58":{"start":{"line":165,"column":4},"end":{"line":189,"column":5}},"59":{"start":{"line":166,"column":6},"end":{"line":180,"column":8}},"60":{"start":{"line":168,"column":10},"end":{"line":177,"column":null}},"61":{"start":{"line":174,"column":18},"end":{"line":174,"column":92}},"62":{"start":{"line":175,"column":18},"end":{"line":175,"column":30}},"63":{"start":{"line":182,"column":6},"end":{"line":182,"column":65}},"64":{"start":{"line":184,"column":6},"end":{"line":184,"column":94}},"65":{"start":{"line":186,"column":6},"end":{"line":188,"column":7}},"66":{"start":{"line":187,"column":8},"end":{"line":187,"column":55}},"67":{"start":{"line":23,"column":13},"end":{"line":23,"column":38}},"68":{"start":{"line":23,"column":13},"end":{"line":191,"column":null}}},"fnMap":{"0":{"name":"(anonymous_2)","decl":{"start":{"line":33,"column":2},"end":{"line":33,"column":31}},"loc":{"start":{"line":33,"column":55},"end":{"line":33,"column":59}}},"1":{"name":"(anonymous_3)","decl":{"start":{"line":35,"column":10},"end":{"line":35,"column":15}},"loc":{"start":{"line":37,"column":30},"end":{"line":84,"column":3}}},"2":{"name":"(anonymous_4)","decl":{"start":{"line":52,"column":29},"end":{"line":52,"column":30}},"loc":{"start":{"line":53,"column":12},"end":{"line":53,"column":91}}},"3":{"name":"(anonymous_5)","decl":{"start":{"line":53,"column":23},"end":{"line":53,"column":26}},"loc":{"start":{"line":53,"column":29},"end":{"line":53,"column":78}}},"4":{"name":"(anonymous_6)","decl":{"start":{"line":86,"column":10},"end":{"line":86,"column":23}},"loc":{"start":{"line":86,"column":38},"end":{"line":92,"column":3}}},"5":{"name":"(anonymous_7)","decl":{"start":{"line":94,"column":10},"end":{"line":94,"column":26}},"loc":{"start":{"line":94,"column":41},"end":{"line":99,"column":3}}},"6":{"name":"(anonymous_8)","decl":{"start":{"line":101,"column":10},"end":{"line":101,"column":25}},"loc":{"start":{"line":101,"column":40},"end":{"line":106,"column":3}}},"7":{"name":"(anonymous_9)","decl":{"start":{"line":108,"column":10},"end":{"line":108,"column":15}},"loc":{"start":{"line":108,"column":26},"end":{"line":110,"column":3}}},"8":{"name":"(anonymous_10)","decl":{"start":{"line":109,"column":23},"end":{"line":109,"column":30}},"loc":{"start":{"line":109,"column":34},"end":{"line":109,"column":57}}},"9":{"name":"(anonymous_11)","decl":{"start":{"line":112,"column":2},"end":{"line":112,"column":7}},"loc":{"start":{"line":112,"column":49},"end":{"line":138,"column":3}}},"10":{"name":"(anonymous_12)","decl":{"start":{"line":117,"column":8},"end":{"line":117,"column":13}},"loc":{"start":{"line":118,"column":10},"end":{"line":127,"column":null}}},"11":{"name":"(anonymous_13)","decl":{"start":{"line":123,"column":27},"end":{"line":123,"column":28}},"loc":{"start":{"line":123,"column":37},"end":{"line":126,"column":17}}},"12":{"name":"(anonymous_14)","decl":{"start":{"line":144,"column":2},"end":{"line":144,"column":7}},"loc":{"start":{"line":144,"column":54},"end":{"line":153,"column":3}}},"13":{"name":"(anonymous_15)","decl":{"start":{"line":146,"column":17},"end":{"line":146,"column":22}},"loc":{"start":{"line":146,"column":28},"end":{"line":152,"column":5}}},"14":{"name":"(anonymous_16)","decl":{"start":{"line":158,"column":2},"end":{"line":158,"column":7}},"loc":{"start":{"line":158,"column":67},"end":{"line":190,"column":3}}},"15":{"name":"(anonymous_17)","decl":{"start":{"line":167,"column":8},"end":{"line":167,"column":13}},"loc":{"start":{"line":168,"column":10},"end":{"line":177,"column":null}}},"16":{"name":"(anonymous_18)","decl":{"start":{"line":173,"column":27},"end":{"line":173,"column":28}},"loc":{"start":{"line":173,"column":37},"end":{"line":176,"column":17}}}},"branchMap":{"0":{"loc":{"start":{"line":25,"column":29},"end":{"line":25,"column":107}},"type":"binary-expr","locations":[{"start":{"line":25,"column":29},"end":{"line":25,"column":65}},{"start":{"line":25,"column":69},"end":{"line":25,"column":107}}]},"1":{"loc":{"start":{"line":37,"column":4},"end":{"line":37,"column":30}},"type":"default-arg","locations":[{"start":{"line":37,"column":28},"end":{"line":37,"column":30}}]},"2":{"loc":{"start":{"line":57,"column":8},"end":{"line":59,"column":9}},"type":"if","locations":[{"start":{"line":57,"column":8},"end":{"line":59,"column":9}}]},"3":{"loc":{"start":{"line":66,"column":8},"end":{"line":69,"column":9}},"type":"if","locations":[{"start":{"line":66,"column":8},"end":{"line":69,"column":9}}]},"4":{"loc":{"start":{"line":66,"column":12},"end":{"line":66,"column":70}},"type":"binary-expr","locations":[{"start":{"line":66,"column":12},"end":{"line":66,"column":37}},{"start":{"line":66,"column":41},"end":{"line":66,"column":70}}]},"5":{"loc":{"start":{"line":71,"column":8},"end":{"line":74,"column":9}},"type":"if","locations":[{"start":{"line":71,"column":8},"end":{"line":74,"column":9}}]},"6":{"loc":{"start":{"line":87,"column":4},"end":{"line":90,"column":5}},"type":"if","locations":[{"start":{"line":87,"column":4},"end":{"line":90,"column":5}}]},"7":{"loc":{"start":{"line":89,"column":13},"end":{"line":89,"column":72}},"type":"binary-expr","locations":[{"start":{"line":89,"column":13},"end":{"line":89,"column":39}},{"start":{"line":89,"column":43},"end":{"line":89,"column":56}},{"start":{"line":89,"column":60},"end":{"line":89,"column":72}}]},"8":{"loc":{"start":{"line":95,"column":4},"end":{"line":97,"column":5}},"type":"if","locations":[{"start":{"line":95,"column":4},"end":{"line":97,"column":5}}]},"9":{"loc":{"start":{"line":102,"column":4},"end":{"line":104,"column":5}},"type":"if","locations":[{"start":{"line":102,"column":4},"end":{"line":104,"column":5}}]},"10":{"loc":{"start":{"line":159,"column":4},"end":{"line":161,"column":5}},"type":"if","locations":[{"start":{"line":159,"column":4},"end":{"line":161,"column":5}}]}},"s":{"0":9,"1":9,"2":9,"3":9,"4":9,"5":19,"6":19,"7":19,"8":19,"9":3,"10":3,"11":3,"12":5,"13":5,"14":5,"15":5,"16":0,"17":2,"18":0,"19":2,"20":3,"21":3,"22":0,"23":0,"24":3,"25":1,"26":1,"27":2,"28":2,"29":2,"30":1,"31":3,"32":3,"33":3,"34":0,"35":0,"36":0,"37":0,"38":4,"39":4,"40":0,"41":2,"42":2,"43":2,"44":2,"45":2,"46":4,"47":3,"48":3,"49":1,"50":1,"51":0,"52":0,"53":0,"54":0,"55":1,"56":0,"57":1,"58":1,"59":1,"60":1,"61":0,"62":0,"63":1,"64":0,"65":0,"66":0,"67":9,"68":9},"f":{"0":19,"1":3,"2":5,"3":0,"4":3,"5":0,"6":4,"7":2,"8":2,"9":2,"10":4,"11":3,"12":0,"13":0,"14":1,"15":1,"16":0},"b":{"0":[19,0],"1":[0],"2":[0],"3":[0],"4":[3,0],"5":[1],"6":[3],"7":[3,0,0],"8":[0],"9":[4],"10":[0]}}
,"C:\\Users\\Oleg\\Documents\\GitHub\\cryo\\backend\\social-service\\src\\clients\\user.service.client.ts": {"path":"C:\\Users\\Oleg\\Documents\\GitHub\\cryo\\backend\\social-service\\src\\clients\\user.service.client.ts","statementMap":{"0":{"start":{"line":1,"column":0},"end":{"line":1,"column":52}},"1":{"start":{"line":2,"column":0},"end":{"line":2,"column":44}},"2":{"start":{"line":3,"column":0},"end":{"line":3,"column":64}},"3":{"start":{"line":5,"column":0},"end":{"line":5,"column":54}},"4":{"start":{"line":6,"column":0},"end":{"line":6,"column":35}},"5":{"start":{"line":16,"column":30},"end":{"line":296,"column":null}},"6":{"start":{"line":27,"column":21},"end":{"line":27,"column":34}},"7":{"start":{"line":28,"column":21},"end":{"line":28,"column":35}},"8":{"start":{"line":17,"column":19},"end":{"line":17,"column":63}},"9":{"start":{"line":18,"column":19},"end":{"line":18,"column":92}},"10":{"start":{"line":19,"column":19},"end":{"line":24,"column":4}},"11":{"start":{"line":35,"column":61},"end":{"line":38,"column":6}},"12":{"start":{"line":42,"column":4},"end":{"line":77,"column":5}},"13":{"start":{"line":42,"column":23},"end":{"line":42,"column":24}},"14":{"start":{"line":43,"column":6},"end":{"line":76,"column":7}},"15":{"start":{"line":44,"column":8},"end":{"line":44,"column":86}},"16":{"start":{"line":46,"column":23},"end":{"line":51,"column":10}},"17":{"start":{"line":49,"column":12},"end":{"line":49,"column":78}},"18":{"start":{"line":49,"column":29},"end":{"line":49,"column":65}},"19":{"start":{"line":53,"column":8},"end":{"line":55,"column":9}},"20":{"start":{"line":54,"column":10},"end":{"line":54,"column":69}},"21":{"start":{"line":57,"column":8},"end":{"line":57,"column":22}},"22":{"start":{"line":59,"column":8},"end":{"line":59,"column":26}},"23":{"start":{"line":62,"column":8},"end":{"line":65,"column":9}},"24":{"start":{"line":63,"column":10},"end":{"line":63,"column":89}},"25":{"start":{"line":64,"column":10},"end":{"line":64,"column":22}},"26":{"start":{"line":67,"column":8},"end":{"line":70,"column":9}},"27":{"start":{"line":68,"column":10},"end":{"line":68,"column":107}},"28":{"start":{"line":69,"column":10},"end":{"line":69,"column":16}},"29":{"start":{"line":72,"column":22},"end":{"line":72,"column":84}},"30":{"start":{"line":73,"column":8},"end":{"line":73,"column":110}},"31":{"start":{"line":75,"column":8},"end":{"line":75,"column":32}},"32":{"start":{"line":79,"column":4},"end":{"line":79,"column":20}},"33":{"start":{"line":83,"column":4},"end":{"line":86,"column":5}},"34":{"start":{"line":84,"column":21},"end":{"line":84,"column":43}},"35":{"start":{"line":85,"column":6},"end":{"line":85,"column":73}},"36":{"start":{"line":87,"column":4},"end":{"line":87,"column":17}},"37":{"start":{"line":91,"column":4},"end":{"line":93,"column":5}},"38":{"start":{"line":92,"column":6},"end":{"line":92,"column":27}},"39":{"start":{"line":94,"column":4},"end":{"line":94,"column":25}},"40":{"start":{"line":98,"column":4},"end":{"line":98,"column":59}},"41":{"start":{"line":98,"column":34},"end":{"line":98,"column":57}},"42":{"start":{"line":102,"column":4},"end":{"line":104,"column":5}},"43":{"start":{"line":103,"column":6},"end":{"line":103,"column":16}},"44":{"start":{"line":107,"column":31},"end":{"line":107,"column":33}},"45":{"start":{"line":108,"column":34},"end":{"line":108,"column":36}},"46":{"start":{"line":110,"column":4},"end":{"line":117,"column":5}},"47":{"start":{"line":111,"column":21},"end":{"line":111,"column":81}},"48":{"start":{"line":112,"column":6},"end":{"line":116,"column":7}},"49":{"start":{"line":113,"column":8},"end":{"line":113,"column":33}},"50":{"start":{"line":115,"column":8},"end":{"line":115,"column":29}},"51":{"start":{"line":119,"column":4},"end":{"line":122,"column":5}},"52":{"start":{"line":120,"column":6},"end":{"line":120,"column":66}},"53":{"start":{"line":121,"column":6},"end":{"line":121,"column":25}},"54":{"start":{"line":124,"column":4},"end":{"line":124,"column":109}},"55":{"start":{"line":126,"column":4},"end":{"line":158,"column":5}},"56":{"start":{"line":127,"column":23},"end":{"line":143,"column":null}},"57":{"start":{"line":129,"column":10},"end":{"line":141,"column":null}},"58":{"start":{"line":136,"column":29},"end":{"line":136,"column":37}},"59":{"start":{"line":138,"column":18},"end":{"line":138,"column":79}},"60":{"start":{"line":139,"column":18},"end":{"line":139,"column":30}},"61":{"start":{"line":146,"column":27},"end":{"line":146,"column":47}},"62":{"start":{"line":149,"column":6},"end":{"line":151,"column":7}},"63":{"start":{"line":150,"column":8},"end":{"line":150,"column":80}},"64":{"start":{"line":153,"column":6},"end":{"line":153,"column":47}},"65":{"start":{"line":155,"column":6},"end":{"line":155,"column":95}},"66":{"start":{"line":157,"column":6},"end":{"line":157,"column":25}},"67":{"start":{"line":162,"column":21},"end":{"line":162,"column":51}},"68":{"start":{"line":163,"column":19},"end":{"line":163,"column":65}},"69":{"start":{"line":164,"column":4},"end":{"line":167,"column":5}},"70":{"start":{"line":165,"column":6},"end":{"line":165,"column":88}},"71":{"start":{"line":166,"column":6},"end":{"line":166,"column":20}},"72":{"start":{"line":169,"column":4},"end":{"line":196,"column":5}},"73":{"start":{"line":170,"column":23},"end":{"line":185,"column":8}},"74":{"start":{"line":172,"column":10},"end":{"line":182,"column":null}},"75":{"start":{"line":177,"column":29},"end":{"line":177,"column":37}},"76":{"start":{"line":179,"column":18},"end":{"line":179,"column":88}},"77":{"start":{"line":180,"column":18},"end":{"line":180,"column":30}},"78":{"start":{"line":187,"column":21},"end":{"line":187,"column":45}},"79":{"start":{"line":188,"column":6},"end":{"line":188,"column":57}},"80":{"start":{"line":190,"column":6},"end":{"line":190,"column":73}},"81":{"start":{"line":191,"column":6},"end":{"line":191,"column":20}},"82":{"start":{"line":193,"column":6},"end":{"line":193,"column":104}},"83":{"start":{"line":195,"column":6},"end":{"line":195,"column":18}},"84":{"start":{"line":200,"column":4},"end":{"line":202,"column":5}},"85":{"start":{"line":201,"column":6},"end":{"line":201,"column":16}},"86":{"start":{"line":204,"column":28},"end":{"line":204,"column":54}},"87":{"start":{"line":205,"column":21},"end":{"line":205,"column":109}},"88":{"start":{"line":207,"column":19},"end":{"line":207,"column":79}},"89":{"start":{"line":208,"column":4},"end":{"line":211,"column":5}},"90":{"start":{"line":209,"column":6},"end":{"line":209,"column":82}},"91":{"start":{"line":210,"column":6},"end":{"line":210,"column":20}},"92":{"start":{"line":213,"column":4},"end":{"line":243,"column":5}},"93":{"start":{"line":214,"column":23},"end":{"line":230,"column":null}},"94":{"start":{"line":216,"column":10},"end":{"line":228,"column":null}},"95":{"start":{"line":223,"column":29},"end":{"line":223,"column":37}},"96":{"start":{"line":225,"column":18},"end":{"line":225,"column":80}},"97":{"start":{"line":226,"column":18},"end":{"line":226,"column":30}},"98":{"start":{"line":233,"column":22},"end":{"line":233,"column":79}},"99":{"start":{"line":236,"column":6},"end":{"line":236,"column":58}},"100":{"start":{"line":238,"column":6},"end":{"line":238,"column":94}},"101":{"start":{"line":239,"column":6},"end":{"line":239,"column":21}},"102":{"start":{"line":241,"column":6},"end":{"line":241,"column":107}},"103":{"start":{"line":242,"column":6},"end":{"line":242,"column":16}},"104":{"start":{"line":250,"column":21},"end":{"line":250,"column":51}},"105":{"start":{"line":251,"column":19},"end":{"line":251,"column":61}},"106":{"start":{"line":253,"column":4},"end":{"line":256,"column":5}},"107":{"start":{"line":254,"column":6},"end":{"line":254,"column":57}},"108":{"start":{"line":255,"column":6},"end":{"line":255,"column":20}},"109":{"start":{"line":258,"column":4},"end":{"line":285,"column":5}},"110":{"start":{"line":259,"column":23},"end":{"line":273,"column":null}},"111":{"start":{"line":261,"column":10},"end":{"line":271,"column":null}},"112":{"start":{"line":266,"column":29},"end":{"line":266,"column":37}},"113":{"start":{"line":268,"column":18},"end":{"line":268,"column":86}},"114":{"start":{"line":269,"column":18},"end":{"line":269,"column":30}},"115":{"start":{"line":276,"column":6},"end":{"line":279,"column":7}},"116":{"start":{"line":277,"column":8},"end":{"line":277,"column":61}},"117":{"start":{"line":278,"column":8},"end":{"line":278,"column":63}},"118":{"start":{"line":281,"column":6},"end":{"line":281,"column":22}},"119":{"start":{"line":283,"column":6},"end":{"line":283,"column":88}},"120":{"start":{"line":284,"column":6},"end":{"line":284,"column":18}},"121":{"start":{"line":292,"column":4},"end":{"line":292,"column":64}},"122":{"start":{"line":293,"column":4},"end":{"line":293,"column":64}},"123":{"start":{"line":294,"column":4},"end":{"line":294,"column":62}},"124":{"start":{"line":16,"column":13},"end":{"line":16,"column":30}},"125":{"start":{"line":16,"column":13},"end":{"line":296,"column":null}}},"fnMap":{"0":{"name":"(anonymous_2)","decl":{"start":{"line":26,"column":2},"end":{"line":26,"column":null}},"loc":{"start":{"line":28,"column":47},"end":{"line":29,"column":6}}},"1":{"name":"(anonymous_3)","decl":{"start":{"line":31,"column":10},"end":{"line":31,"column":15}},"loc":{"start":{"line":33,"column":30},"end":{"line":80,"column":3}}},"2":{"name":"(anonymous_4)","decl":{"start":{"line":48,"column":29},"end":{"line":48,"column":30}},"loc":{"start":{"line":49,"column":12},"end":{"line":49,"column":78}}},"3":{"name":"(anonymous_5)","decl":{"start":{"line":49,"column":23},"end":{"line":49,"column":26}},"loc":{"start":{"line":49,"column":29},"end":{"line":49,"column":65}}},"4":{"name":"(anonymous_6)","decl":{"start":{"line":82,"column":10},"end":{"line":82,"column":23}},"loc":{"start":{"line":82,"column":38},"end":{"line":88,"column":3}}},"5":{"name":"(anonymous_7)","decl":{"start":{"line":90,"column":10},"end":{"line":90,"column":25}},"loc":{"start":{"line":90,"column":40},"end":{"line":95,"column":3}}},"6":{"name":"(anonymous_8)","decl":{"start":{"line":97,"column":10},"end":{"line":97,"column":15}},"loc":{"start":{"line":97,"column":26},"end":{"line":99,"column":3}}},"7":{"name":"(anonymous_9)","decl":{"start":{"line":98,"column":23},"end":{"line":98,"column":30}},"loc":{"start":{"line":98,"column":34},"end":{"line":98,"column":57}}},"8":{"name":"(anonymous_10)","decl":{"start":{"line":101,"column":2},"end":{"line":101,"column":7}},"loc":{"start":{"line":101,"column":35},"end":{"line":159,"column":3}}},"9":{"name":"(anonymous_11)","decl":{"start":{"line":128,"column":8},"end":{"line":128,"column":13}},"loc":{"start":{"line":129,"column":10},"end":{"line":141,"column":null}}},"10":{"name":"(anonymous_12)","decl":{"start":{"line":136,"column":20},"end":{"line":136,"column":21}},"loc":{"start":{"line":136,"column":29},"end":{"line":136,"column":37}}},"11":{"name":"(anonymous_13)","decl":{"start":{"line":137,"column":27},"end":{"line":137,"column":28}},"loc":{"start":{"line":137,"column":37},"end":{"line":140,"column":17}}},"12":{"name":"(anonymous_14)","decl":{"start":{"line":161,"column":2},"end":{"line":161,"column":7}},"loc":{"start":{"line":161,"column":38},"end":{"line":197,"column":3}}},"13":{"name":"(anonymous_15)","decl":{"start":{"line":171,"column":8},"end":{"line":171,"column":13}},"loc":{"start":{"line":172,"column":10},"end":{"line":182,"column":null}}},"14":{"name":"(anonymous_16)","decl":{"start":{"line":177,"column":20},"end":{"line":177,"column":21}},"loc":{"start":{"line":177,"column":29},"end":{"line":177,"column":37}}},"15":{"name":"(anonymous_17)","decl":{"start":{"line":178,"column":27},"end":{"line":178,"column":28}},"loc":{"start":{"line":178,"column":37},"end":{"line":181,"column":17}}},"16":{"name":"(anonymous_18)","decl":{"start":{"line":199,"column":2},"end":{"line":199,"column":7}},"loc":{"start":{"line":199,"column":53},"end":{"line":244,"column":3}}},"17":{"name":"(anonymous_19)","decl":{"start":{"line":215,"column":8},"end":{"line":215,"column":13}},"loc":{"start":{"line":216,"column":10},"end":{"line":228,"column":null}}},"18":{"name":"(anonymous_20)","decl":{"start":{"line":223,"column":20},"end":{"line":223,"column":21}},"loc":{"start":{"line":223,"column":29},"end":{"line":223,"column":37}}},"19":{"name":"(anonymous_21)","decl":{"start":{"line":224,"column":27},"end":{"line":224,"column":28}},"loc":{"start":{"line":224,"column":37},"end":{"line":227,"column":17}}},"20":{"name":"(anonymous_22)","decl":{"start":{"line":249,"column":2},"end":{"line":249,"column":7}},"loc":{"start":{"line":249,"column":34},"end":{"line":286,"column":3}}},"21":{"name":"(anonymous_23)","decl":{"start":{"line":260,"column":8},"end":{"line":260,"column":13}},"loc":{"start":{"line":261,"column":10},"end":{"line":271,"column":null}}},"22":{"name":"(anonymous_24)","decl":{"start":{"line":266,"column":20},"end":{"line":266,"column":21}},"loc":{"start":{"line":266,"column":29},"end":{"line":266,"column":37}}},"23":{"name":"(anonymous_25)","decl":{"start":{"line":267,"column":27},"end":{"line":267,"column":28}},"loc":{"start":{"line":267,"column":37},"end":{"line":270,"column":17}}},"24":{"name":"(anonymous_26)","decl":{"start":{"line":291,"column":2},"end":{"line":291,"column":7}},"loc":{"start":{"line":291,"column":42},"end":{"line":295,"column":3}}}},"branchMap":{"0":{"loc":{"start":{"line":18,"column":29},"end":{"line":18,"column":91}},"type":"binary-expr","locations":[{"start":{"line":18,"column":29},"end":{"line":18,"column":57}},{"start":{"line":18,"column":61},"end":{"line":18,"column":91}}]},"1":{"loc":{"start":{"line":33,"column":4},"end":{"line":33,"column":30}},"type":"default-arg","locations":[{"start":{"line":33,"column":28},"end":{"line":33,"column":30}}]},"2":{"loc":{"start":{"line":53,"column":8},"end":{"line":55,"column":9}},"type":"if","locations":[{"start":{"line":53,"column":8},"end":{"line":55,"column":9}}]},"3":{"loc":{"start":{"line":62,"column":8},"end":{"line":65,"column":9}},"type":"if","locations":[{"start":{"line":62,"column":8},"end":{"line":65,"column":9}}]},"4":{"loc":{"start":{"line":67,"column":8},"end":{"line":70,"column":9}},"type":"if","locations":[{"start":{"line":67,"column":8},"end":{"line":70,"column":9}}]},"5":{"loc":{"start":{"line":83,"column":4},"end":{"line":86,"column":5}},"type":"if","locations":[{"start":{"line":83,"column":4},"end":{"line":86,"column":5}}]},"6":{"loc":{"start":{"line":85,"column":13},"end":{"line":85,"column":72}},"type":"binary-expr","locations":[{"start":{"line":85,"column":13},"end":{"line":85,"column":39}},{"start":{"line":85,"column":43},"end":{"line":85,"column":56}},{"start":{"line":85,"column":60},"end":{"line":85,"column":72}}]},"7":{"loc":{"start":{"line":91,"column":4},"end":{"line":93,"column":5}},"type":"if","locations":[{"start":{"line":91,"column":4},"end":{"line":93,"column":5}}]},"8":{"loc":{"start":{"line":102,"column":4},"end":{"line":104,"column":5}},"type":"if","locations":[{"start":{"line":102,"column":4},"end":{"line":104,"column":5}}]},"9":{"loc":{"start":{"line":112,"column":6},"end":{"line":116,"column":7}},"type":"if","locations":[{"start":{"line":112,"column":6},"end":{"line":116,"column":7}},{"start":{"line":114,"column":13},"end":{"line":116,"column":7}}]},"10":{"loc":{"start":{"line":119,"column":4},"end":{"line":122,"column":5}},"type":"if","locations":[{"start":{"line":119,"column":4},"end":{"line":122,"column":5}}]},"11":{"loc":{"start":{"line":146,"column":27},"end":{"line":146,"column":47}},"type":"binary-expr","locations":[{"start":{"line":146,"column":27},"end":{"line":146,"column":41}},{"start":{"line":146,"column":45},"end":{"line":146,"column":47}}]},"12":{"loc":{"start":{"line":164,"column":4},"end":{"line":167,"column":5}},"type":"if","locations":[{"start":{"line":164,"column":4},"end":{"line":167,"column":5}}]},"13":{"loc":{"start":{"line":200,"column":4},"end":{"line":202,"column":5}},"type":"if","locations":[{"start":{"line":200,"column":4},"end":{"line":202,"column":5}}]},"14":{"loc":{"start":{"line":2
[...]
,"C:\\Users\\Oleg\\Documents\\GitHub\\cryo\\backend\\social-service\\src\\messages\\dto\\send-message.dto.ts": {"path":"C:\\Users\\Oleg\\Documents\\GitHub\\cryo\\backend\\social-service\\src\\messages\\dto\\send-message.dto.ts","statementMap":{"0":{"start":{"line":1,"column":0},"end":{"line":1,"column":46}},"1":{"start":{"line":2,"column":0},"end":{"line":2,"column":85}},"2":{"start":{"line":4,"column":0},"end":{"line":4,"column":13}},"3":{"start":{"line":11,"column":2},"end":{"line":11,"column":null}},"4":{"start":{"line":23,"column":2},"end":{"line":23,"column":null}}},"fnMap":{},"branchMap":{},"s":{"0":2,"1":2,"2":2,"3":2,"4":2},"f":{},"b":{}}
,"C:\\Users\\Oleg\\Documents\\GitHub\\cryo\\backend\\social-service\\src\\messages\\dto\\unread-count.dto.ts": {"path":"C:\\Users\\Oleg\\Documents\\GitHub\\cryo\\backend\\social-service\\src\\messages\\dto\\unread-count.dto.ts","statementMap":{"0":{"start":{"line":1,"column":0},"end":{"line":1,"column":46}},"1":{"start":{"line":3,"column":0},"end":{"line":3,"column":13}},"2":{"start":{"line":8,"column":2},"end":{"line":8,"column":null}},"3":{"start":{"line":14,"column":2},"end":{"line":14,"column":null}}},"fnMap":{},"branchMap":{},"s":{"0":0,"1":0,"2":0,"3":0},"f":{},"b":{}}
,"C:\\Users\\Oleg\\Documents\\GitHub\\cryo\\backend\\social-service\\src\\messages\\entities\\message.entity.ts": {"path":"C:\\Users\\Oleg\\Documents\\GitHub\\cryo\\backend\\social-service\\src\\messages\\entities\\message.entity.ts","statementMap":{"0":{"start":{"line":1,"column":0},"end":{"line":1,"column":null}},"1":{"start":{"line":11,"column":7},"end":{"line":37,"column":null}},"2":{"start":{"line":11,"column":13},"end":{"line":11,"column":20}},"3":{"start":{"line":13,"column":2},"end":{"line":13,"column":null}},"4":{"start":{"line":17,"column":2},"end":{"line":17,"column":null}},"5":{"start":{"line":21,"column":2},"end":{"line":21,"column":null}},"6":{"start":{"line":24,"column":2},"end":{"line":24,"column":null}},"7":{"start":{"line":27,"column":2},"end":{"line":27,"column":null}},"8":{"start":{"line":30,"column":2},"end":{"line":30,"column":null}},"9":{"start":{"line":33,"column":2},"end":{"line":33,"column":null}},"10":{"start":{"line":36,"column":2},"end":{"line":36,"column":null}},"11":{"start":{"line":11,"column":13},"end":{"line":37,"column":null}}},"fnMap":{},"branchMap":{},"s":{"0":3,"1":3,"2":3,"3":3,"4":3,"5":3,"6":3,"7":3,"8":3,"9":3,"10":3,"11":3},"f":{},"b":{}}
,"C:\\Users\\Oleg\\Documents\\GitHub\\cryo\\backend\\social-service\\src\\migrations\\1703000000000-InitialMigration.ts": {"path":"C:\\Users\\Oleg\\Documents\\GitHub\\cryo\\backend\\social-service\\src\\migrations\\1703000000000-InitialMigration.ts","statementMap":{"0":{"start":{"line":4,"column":2},"end":{"line":4,"column":41}},"1":{"start":{"line":8,"column":4},"end":{"line":10,"column":7}},"2":{"start":{"line":12,"column":4},"end":{"line":25,"column":7}},"3":{"start":{"line":28,"column":4},"end":{"line":28,"column":97}},"4":{"start":{"line":29,"column":4},"end":{"line":31,"column":6}},"5":{"start":{"line":32,"column":4},"end":{"line":34,"column":6}},"6":{"start":{"line":35,"column":4},"end":{"line":37,"column":6}},"7":{"start":{"line":38,"column":4},"end":{"line":40,"column":6}},"8":{"start":{"line":43,"column":4},"end":{"line":56,"column":7}},"9":{"start":{"line":59,"column":4},"end":{"line":59,"column":99}},"10":{"start":{"line":60,"column":4},"end":{"line":60,"column":95}},"11":{"start":{"line":61,"column":4},"end":{"line":63,"column":6}},"12":{"start":{"line":64,"column":4},"end":{"line":66,"column":6}},"13":{"start":{"line":67,"column":4},"end":{"line":69,"column":6}},"14":{"start":{"line":72,"column":4},"end":{"line":74,"column":7}},"15":{"start":{"line":76,"column":4},"end":{"line":88,"column":7}},"16":{"start":{"line":91,"column":4},"end":{"line":93,"column":6}},"17":{"start":{"line":94,"column":4},"end":{"line":96,"column":6}},"18":{"start":{"line":97,"column":4},"end":{"line":99,"column":6}},"19":{"start":{"line":104,"column":4},"end":{"line":104,"column":58}},"20":{"start":{"line":105,"column":4},"end":{"line":105,"column":60}},"21":{"start":{"line":107,"column":4},"end":{"line":107,"column":53}},"22":{"start":{"line":109,"column":4},"end":{"line":109,"column":56}},"23":{"start":{"line":110,"column":4},"end":{"line":110,"column":66}},"24":{"start":{"line":3,"column":0},"end":{"line":3,"column":13}}},"fnMap":{"0":{"name":"(anonymous_0)","decl":{"start":{"line":3,"column":0},"end":{"line":3,"column":13}},"loc":{"start":{"line":3,"column":0},"end":{"line":112,"column":1}}},"1":{"name":"(anonymous_1)","decl":{"start":{"line":6,"column":9},"end":{"line":6,"column":14}},"loc":{"start":{"line":6,"column":42},"end":{"line":100,"column":3}}},"2":{"name":"(anonymous_2)","decl":{"start":{"line":102,"column":9},"end":{"line":102,"column":14}},"loc":{"start":{"line":102,"column":44},"end":{"line":111,"column":3}}}},"branchMap":{},"s":{"0":0,"1":0,"2":0,"3":0,"4":0,"5":0,"6":0,"7":0,"8":0,"9":0,"10":0,"11":0,"12":0,"13":0,"14":0,"15":0,"16":0,"17":0,"18":0,"19":0,"20":0,"21":0,"22":0,"23":0,"24":0},"f":{"0":0,"1":0,"2":0},"b":{}}
,"C:\\Users\\Oleg\\Documents\\GitHub\\cryo\\backend\\social-service\\src\\status\\status.controller.ts": {"path":"C:\\Users\\Oleg\\Documents\\GitHub\\cryo\\backend\\social-service\\src\\status\\status.controller.ts","statementMap":{"0":{"start":{"line":1,"column":0},"end":{"line":1,"column":98}},"1":{"start":{"line":2,"column":0},"end":{"line":2,"column":49}},"2":{"start":{"line":3,"column":0},"end":{"line":3,"column":52}},"3":{"start":{"line":4,"column":0},"end":{"line":4,"column":null}},"4":{"start":{"line":12,"column":0},"end":{"line":12,"column":61}},"5":{"start":{"line":13,"column":0},"end":{"line":13,"column":58}},"6":{"start":{"line":19,"column":7},"end":{"line":47,"column":null}},"7":{"start":{"line":20,"column":31},"end":{"line":20,"column":46}},"8":{"start":{"line":27,"column":19},"end":{"line":27,"column":34}},"9":{"start":{"line":28,"column":4},"end":{"line":28,"column":70}},"10":{"start":{"line":36,"column":19},"end":{"line":36,"column":34}},"11":{"start":{"line":37,"column":4},"end":{"line":37,"column":54}},"12":{"start":{"line":44,"column":19},"end":{"line":44,"column":34}},"13":{"start":{"line":45,"column":4},"end":{"line":45,"column":55}},"14":{"start":{"line":19,"column":13},"end":{"line":19,"column":29}},"15":{"start":{"line":26,"column":8},"end":{"line":29,"column":null}},"16":{"start":{"line":35,"column":8},"end":{"line":38,"column":null}},"17":{"start":{"line":43,"column":8},"end":{"line":46,"column":null}},"18":{"start":{"line":19,"column":13},"end":{"line":47,"column":null}}},"fnMap":{"0":{"name":"(anonymous_4)","decl":{"start":{"line":20,"column":2},"end":{"line":20,"column":31}},"loc":{"start":{"line":20,"column":59},"end":{"line":20,"column":63}}},"1":{"name":"(anonymous_5)","decl":{"start":{"line":26,"column":2},"end":{"line":26,"column":7}},"loc":{"start":{"line":26,"column":74},"end":{"line":29,"column":3}}},"2":{"name":"(anonymous_6)","decl":{"start":{"line":35,"column":2},"end":{"line":35,"column":7}},"loc":{"start":{"line":35,"column":48},"end":{"line":38,"column":3}}},"3":{"name":"(anonymous_7)","decl":{"start":{"line":43,"column":2},"end":{"line":43,"column":7}},"loc":{"start":{"line":43,"column":48},"end":{"line":46,"column":3}}}},"branchMap":{},"s":{"0":1,"1":1,"2":1,"3":1,"4":1,"5":1,"6":1,"7":4,"8":1,"9":1,"10":1,"11":1,"12":1,"13":1,"14":1,"15":1,"16":1,"17":1,"18":1},"f":{"0":4,"1":1,"2":1,"3":1},"b":{}}
,"C:\\Users\\Oleg\\Documents\\GitHub\\cryo\\backend\\social-service\\src\\status\\status.module.ts": {"path":"C:\\Users\\Oleg\\Documents\\GitHub\\cryo\\backend\\social-service\\src\\status\\status.module.ts","statementMap":{"0":{"start":{"line":1,"column":0},"end":{"line":1,"column":40}},"1":{"start":{"line":2,"column":0},"end":{"line":2,"column":48}},"2":{"start":{"line":3,"column":0},"end":{"line":3,"column":63}},"3":{"start":{"line":4,"column":0},"end":{"line":4,"column":58}},"4":{"start":{"line":5,"column":0},"end":{"line":5,"column":49}},"5":{"start":{"line":6,"column":0},"end":{"line":6,"column":55}},"6":{"start":{"line":14,"column":7},"end":{"line":14,"column":null}},"7":{"start":{"line":14,"column":13},"end":{"line":14,"column":25}},"8":{"start":{"line":14,"column":13},"end":{"line":14,"column":null}}},"fnMap":{},"branchMap":{},"s":{"0":0,"1":0,"2":0,"3":0,"4":0,"5":0,"6":0,"7":0,"8":0},"f":{},"b":{}}
,"C:\\Users\\Oleg\\Documents\\GitHub\\cryo\\backend\\social-service\\src\\status\\status.service.ts": {"path":"C:\\Users\\Oleg\\Documents\\GitHub\\cryo\\backend\\social-service\\src\\status\\status.service.ts","statementMap":{"0":{"start":{"line":1,"column":0},"end":{"line":1,"column":52}},"1":{"start":{"line":2,"column":0},"end":{"line":2,"column":51}},"2":{"start":{"line":3,"column":0},"end":{"line":3,"column":37}},"3":{"start":{"line":4,"column":0},"end":{"line":4,"column":63}},"4":{"start":{"line":5,"column":0},"end":{"line":5,"column":57}},"5":{"start":{"line":6,"column":0},"end":{"line":6,"column":60}},"6":{"start":{"line":7,"column":0},"end":{"line":7,"column":54}},"7":{"start":{"line":11,"column":26},"end":{"line":11,"column":33}},"8":{"start":{"line":14,"column":7},"end":{"line":120,"column":null}},"9":{"start":{"line":17,"column":21},"end":{"line":17,"column":39}},"10":{"start":{"line":18,"column":44},"end":{"line":18,"column":63}},"11":{"start":{"line":19,"column":21},"end":{"line":19,"column":37}},"12":{"start":{"line":23,"column":4},"end":{"line":23,"column":35}},"13":{"start":{"line":27,"column":23},"end":{"line":32,"column":6}},"14":{"start":{"line":34,"column":4},"end":{"line":34,"column":63}},"15":{"start":{"line":35,"column":4},"end":{"line":35,"column":89}},"16":{"start":{"line":39,"column":23},"end":{"line":44,"column":6}},"17":{"start":{"line":46,"column":4},"end":{"line":46,"column":63}},"18":{"start":{"line":47,"column":4},"end":{"line":47,"column":58}},"19":{"start":{"line":51,"column":25},"end":{"line":51,"column":92}},"20":{"start":{"line":52,"column":4},"end":{"line":54,"column":5}},"21":{"start":{"line":53,"column":6},"end":{"line":53,"column":48}},"22":{"start":{"line":56,"column":21},"end":{"line":56,"column":70}},"23":{"start":{"line":57,"column":4},"end":{"line":60,"column":5}},"24":{"start":{"line":58,"column":6},"end":{"line":58,"column":89}},"25":{"start":{"line":59,"column":6},"end":{"line":59,"column":44}},"26":{"start":{"line":62,"column":4},"end":{"line":62,"column":16}},"27":{"start":{"line":66,"column":24},"end":{"line":69,"column":6}},"28":{"start":{"line":70,"column":4},"end":{"line":72,"column":5}},"29":{"start":{"line":71,"column":6},"end":{"line":71,"column":16}},"30":{"start":{"line":74,"column":22},"end":{"line":74,"column":52}},"31":{"start":{"line":74,"column":41},"end":{"line":74,"column":51}},"32":{"start":{"line":75,"column":46},"end":{"line":75,"column":48}},"33":{"start":{"line":77,"column":4},"end":{"line":94,"column":5}},"34":{"start":{"line":78,"column":21},"end":{"line":78,"column":55}},"35":{"start":{"line":79,"column":6},"end":{"line":93,"column":7}},"36":{"start":{"line":80,"column":8},"end":{"line":85,"column":11}},"37":{"start":{"line":88,"column":8},"end":{"line":92,"column":11}},"38":{"start":{"line":96,"column":4},"end":{"line":96,"column":26}},"39":{"start":{"line":100,"column":16},"end":{"line":100,"column":26}},"40":{"start":{"line":101,"column":4},"end":{"line":101,"column":70}},"41":{"start":{"line":103,"column":16},"end":{"line":103,"column":40}},"42":{"start":{"line":104,"column":25},"end":{"line":104,"column":71}},"43":{"start":{"line":105,"column":4},"end":{"line":108,"column":5}},"44":{"start":{"line":106,"column":6},"end":{"line":106,"column":34}},"45":{"start":{"line":107,"column":6},"end":{"line":107,"column":72}},"46":{"start":{"line":112,"column":4},"end":{"line":117,"column":5}},"47":{"start":{"line":113,"column":32},"end":{"line":113,"column":69}},"48":{"start":{"line":114,"column":6},"end":{"line":116,"column":7}},"49":{"start":{"line":115,"column":8},"end":{"line":115,"column":40}},"50":{"start":{"line":118,"column":4},"end":{"line":118,"column":18}},"51":{"start":{"line":14,"column":13},"end":{"line":14,"column":26}},"52":{"start":{"line":14,"column":13},"end":{"line":120,"column":null}}},"fnMap":{"0":{"name":"(anonymous_4)","decl":{"start":{"line":15,"column":2},"end":{"line":15,"column":null}},"loc":{"start":{"line":19,"column":51},"end":{"line":20,"column":6}}},"1":{"name":"(anonymous_5)","decl":{"start":{"line":22,"column":10},"end":{"line":22,"column":21}},"loc":{"start":{"line":22,"column":36},"end":{"line":24,"column":3}}},"2":{"name":"(anonymous_6)","decl":{"start":{"line":26,"column":2},"end":{"line":26,"column":7}},"loc":{"start":{"line":26,"column":60},"end":{"line":36,"column":3}}},"3":{"name":"(anonymous_7)","decl":{"start":{"line":38,"column":2},"end":{"line":38,"column":7}},"loc":{"start":{"line":38,"column":39},"end":{"line":48,"column":3}}},"4":{"name":"(anonymous_8)","decl":{"start":{"line":50,"column":2},"end":{"line":50,"column":7}},"loc":{"start":{"line":50,"column":36},"end":{"line":63,"column":3}}},"5":{"name":"(anonymous_9)","decl":{"start":{"line":65,"column":2},"end":{"line":65,"column":7}},"loc":{"start":{"line":65,"column":39},"end":{"line":97,"column":3}}},"6":{"name":"(anonymous_10)","decl":{"start":{"line":74,"column":34},"end":{"line":74,"column":35}},"loc":{"start":{"line":74,"column":41},"end":{"line":74,"column":51}}},"7":{"name":"(anonymous_11)","decl":{"start":{"line":99,"column":2},"end":{"line":99,"column":7}},"loc":{"start":{"line":99,"column":37},"end":{"line":109,"column":3}}},"8":{"name":"(anonymous_12)","decl":{"start":{"line":111,"column":10},"end":{"line":111,"column":25}},"loc":{"start":{"line":111,"column":46},"end":{"line":119,"column":3}}}},"branchMap":{"0":{"loc":{"start":{"line":52,"column":4},"end":{"line":54,"column":5}},"type":"if","locations":[{"start":{"line":52,"column":4},"end":{"line":54,"column":5}}]},"1":{"loc":{"start":{"line":57,"column":4},"end":{"line":60,"column":5}},"type":"if","locations":[{"start":{"line":57,"column":4},"end":{"line":60,"column":5}}]},"2":{"loc":{"start":{"line":70,"column":4},"end":{"line":72,"column":5}},"type":"if","locations":[{"start":{"line":70,"column":4},"end":{"line":72,"column":5}}]},"3":{"loc":{"start":{"line":70,"column":8},"end":{"line":70,"column":40}},"type":"binary-expr","locations":[{"start":{"line":70,"column":8},"end":{"line":70,"column":16}},{"start":{"line":70,"column":20},"end":{"line":70,"column":40}}]},"4":{"loc":{"start":{"line":79,"column":6},"end":{"line":93,"column":7}},"type":"if","locations":[{"start":{"line":79,"column":6},"end":{"line":93,"column":7}},{"start":{"line":86,"column":13},"end":{"line":93,"column":7}}]},"5":{"loc":{"start":{"line":105,"column":4},"end":{"line":108,"column":5}},"type":"if","locations":[{"start":{"line":105,"column":4},"end":{"line":108,"column":5}}]},"6":{"loc":{"start":{"line":112,"column":4},"end":{"line":117,"column":5}},"type":"if","locations":[{"start":{"line":112,"column":4},"end":{"line":117,"column":5}}]},"7":{"loc":{"start":{"line":114,"column":6},"end":{"line":116,"column":7}},"type":"if","locations":[{"start":{"line":114,"column":6},"end":{"line":116,"column":7}}]}},"s":{"0":2,"1":2,"2":2,"3":2,"4":2,"5":2,"6":2,"7":2,"8":2,"9":7,"10":7,"11":7,"12":6,"13":1,"14":1,"15":1,"16":1,"17":1,"18":1,"19":3,"20":3,"21":2,"22":1,"23":1,"24":1,"25":1,"26":0,"27":1,"28":1,"29":0,"30":1,"31":2,"32":1,"33":1,"34":2,"35":2,"36":1,"37":1,"38":1,"39":0,"40":0,"41":0,"42":0,"43":0,"44":0,"45":0,"46":3,"47":3,"48":3,"49":1,"50":3,"51":2,"52":2},"f":{"0":7,"1":6,"2":1,"3":1,"4":3,"5":1,"6":2,"7":0,"8":3},"b":{"0":[2],"1":[1],"2":[0],"3":[1,1],"4":[1,1],"5":[0],"6":[3],"7":[1]}}
,"C:\\Users\\Oleg\\Documents\\GitHub\\cryo\\backend\\social-service\\src\\status\\dto\\friend-status.dto.ts": {"path":"C:\\Users\\Oleg\\Documents\\GitHub\\cryo\\backend\\social-service\\src\\status\\dto\\friend-status.dto.ts","statementMap":{"0":{"start":{"line":1,"column":0},"end":{"line":1,"column":67}},"1":{"start":{"line":2,"column":0},"end":{"line":2,"column":58}},"2":{"start":{"line":4,"column":0},"end":{"line":4,"column":13}},"3":{"start":{"line":9,"column":2},"end":{"line":9,"column":null}},"4":{"start":{"line":16,"column":2},"end":{"line":16,"column":null}},"5":{"start":{"line":22,"column":2},"end":{"line":22,"column":null}},"6":{"start":{"line":28,"column":2},"end":{"line":28,"column":null}}},"fnMap":{},"branchMap":{},"s":{"0":1,"1":1,"2":1,"3":1,"4":1,"5":1,"6":1},"f":{},"b":{}}
,"C:\\Users\\Oleg\\Documents\\GitHub\\cryo\\backend\\social-service\\src\\status\\dto\\index.ts": {"path":"C:\\Users\\Oleg\\Documents\\GitHub\\cryo\\backend\\social-service\\src\\status\\dto\\index.ts","statementMap":{"0":{"start":{"line":1,"column":0},"end":{"line":1,"column":36}},"1":{"start":{"line":2,"column":0},"end":{"line":2,"column":33}}},"fnMap":{},"branchMap":{},"s":{"0":0,"1":0},"f":{},"b":{}}
,"C:\\Users\\Oleg\\Documents\\GitHub\\cryo\\backend\\social-service\\src\\status\\dto\\set-status.dto.ts": {"path":"C:\\Users\\Oleg\\Documents\\GitHub\\cryo\\backend\\social-service\\src\\status\\dto\\set-status.dto.ts","statementMap":{"0":{"start":{"line":1,"column":0},"end":{"line":1,"column":54}},"1":{"start":{"line":2,"column":0},"end":{"line":2,"column":66}},"2":{"start":{"line":4,"column":0},"end":{"line":4,"column":13}},"3":{"start":{"line":12,"column":2},"end":{"line":12,"column":null}}},"fnMap":{},"branchMap":{},"s":{"0":2,"1":2,"2":2,"3":2},"f":{},"b":{}}
,"C:\\Users\\Oleg\\Documents\\GitHub\\cryo\\backend\\social-service\\src\\status\\entities\\online-status.entity.ts": {"path":"C:\\Users\\Oleg\\Documents\\GitHub\\cryo\\backend\\social-service\\src\\status\\entities\\online-status.entity.ts","statementMap":{"0":{"start":{"line":1,"column":0},"end":{"line":1,"column":90}},"1":{"start":{"line":2,"column":0},"end":{"line":2,"column":48}},"2":{"start":{"line":5,"column":7},"end":{"line":24,"column":null}},"3":{"start":{"line":5,"column":13},"end":{"line":5,"column":25}},"4":{"start":{"line":7,"column":2},"end":{"line":7,"column":null}},"5":{"start":{"line":11,"column":2},"end":{"line":11,"column":null}},"6":{"start":{"line":14,"column":2},"end":{"line":14,"column":null}},"7":{"start":{"line":17,"column":2},"end":{"line":17,"column":null}},"8":{"start":{"line":20,"column":2},"end":{"line":20,"column":null}},"9":{"start":{"line":23,"column":2},"end":{"line":23,"column":null}},"10":{"start":{"line":5,"column":13},"end":{"line":24,"column":null}}},"fnMap":{},"branchMap":{},"s":{"0":3,"1":3,"2":3,"3":3,"4":3,"5":3,"6":3,"7":3,"8":3,"9":3,"10":3},"f":{},"b":{}}
,"C:\\Users\\Oleg\\Documents\\GitHub\\cryo\\backend\\social-service\\src\\status\\entities\\user-status.enum.ts": {"path":"C:\\Users\\Oleg\\Documents\\GitHub\\cryo\\backend\\social-service\\src\\status\\entities\\user-status.enum.ts","statementMap":{"0":{"start":{"line":1,"column":0},"end":{"line":1,"column":null}},"1":{"start":{"line":2,"column":2},"end":{"line":2,"column":null}},"2":{"start":{"line":3,"column":2},"end":{"line":3,"column":null}},"3":{"start":{"line":4,"column":2},"end":{"line":4,"column":null}}},"fnMap":{"0":{"name":"(anonymous_0)","decl":{"start":{"line":1,"column":0},"end":{"line":1,"column":12}},"loc":{"start":{"line":1,"column":22},"end":{"line":5,"column":1}}}},"branchMap":{"0":{"loc":{"start":{"line":1,"column":12},"end":{"line":1,"column":null}},"type":"binary-expr","locations":[{"start":{"line":1,"column":12},"end":{"line":1,"column":22}},{"start":{"line":1,"column":22},"end":{"line":1,"column":null}}]}},"s":{"0":8,"1":8,"2":8,"3":8},"f":{"0":8},"b":{"0":[8,8]}}
}
