{"C:\\Users\\Oleg\\Documents\\GitHub\\cryo\\backend\\social-service\\src\\app.module.ts": {"path":"C:\\Users\\Oleg\\Documents\\GitHub\\cryo\\backend\\social-service\\src\\app.module.ts","statementMap":{"0":{"start":{"line":1,"column":0},"end":{"line":1,"column":40}},"1":{"start":{"line":2,"column":0},"end":{"line":2,"column":48}},"2":{"start":{"line":3,"column":0},"end":{"line":3,"column":57}},"3":{"start":{"line":4,"column":0},"end":{"line":4,"column":60}},"4":{"start":{"line":5,"column":0},"end":{"line":5,"column":54}},"5":{"start":{"line":6,"column":0},"end":{"line":6,"column":54}},"6":{"start":{"line":7,"column":0},"end":{"line":7,"column":57}},"7":{"start":{"line":8,"column":0},"end":{"line":8,"column":57}},"8":{"start":{"line":9,"column":0},"end":{"line":9,"column":66}},"9":{"start":{"line":10,"column":0},"end":{"line":10,"column":61}},"10":{"start":{"line":11,"column":0},"end":{"line":11,"column":70}},"11":{"start":{"line":42,"column":7},"end":{"line":42,"column":null}},"12":{"start":{"line":42,"column":13},"end":{"line":42,"column":22}},"13":{"start":{"line":42,"column":13},"end":{"line":42,"column":null}}},"fnMap":{},"branchMap":{"0":{"loc":{"start":{"line":18,"column":12},"end":{"line":18,"column":51}},"type":"binary-expr","locations":[{"start":{"line":18,"column":12},"end":{"line":18,"column":37}},{"start":{"line":18,"column":41},"end":{"line":18,"column":51}}]},"1":{"loc":{"start":{"line":19,"column":21},"end":{"line":19,"column":56}},"type":"binary-expr","locations":[{"start":{"line":19,"column":21},"end":{"line":19,"column":46}},{"start":{"line":19,"column":50},"end":{"line":19,"column":56}}]},"2":{"loc":{"start":{"line":20,"column":16},"end":{"line":20,"column":55}},"type":"binary-expr","locations":[{"start":{"line":20,"column":16},"end":{"line":20,"column":45}},{"start":{"line":20,"column":49},"end":{"line":20,"column":55}}]},"3":{"loc":{"start":{"line":21,"column":16},"end":{"line":21,"column":59}},"type":"binary-expr","locations":[{"start":{"line":21,"column":16},"end":{"line":21,"column":45}},{"start":{"line":21,"column":49},"end":{"line":21,"column":59}}]},"4":{"loc":{"start":{"line":22,"column":16},"end":{"line":22,"column":56}},"type":"binary-expr","locations":[{"start":{"line":22,"column":16},"end":{"line":22,"column":41}},{"start":{"line":22,"column":45},"end":{"line":22,"column":56}}]}},"s":{"0":0,"1":0,"2":0,"3":0,"4":0,"5":0,"6":0,"7":0,"8":0,"9":0,"10":0,"11":0,"12":0,"13":0},"f":{},"b":{"0":[0,0],"1":[0,0],"2":[0,0],"3":[0,0],"4":[0,0]}}
,"C:\\Users\\Oleg\\Documents\\GitHub\\cryo\\backend\\social-service\\src\\main.ts": {"path":"C:\\Users\\Oleg\\Documents\\GitHub\\cryo\\backend\\social-service\\src\\main.ts","statementMap":{"0":{"start":{"line":1,"column":0},"end":{"line":1,"column":43}},"1":{"start":{"line":2,"column":0},"end":{"line":2,"column":41}},"2":{"start":{"line":3,"column":0},"end":{"line":3,"column":48}},"3":{"start":{"line":4,"column":0},"end":{"line":4,"column":65}},"4":{"start":{"line":7,"column":14},"end":{"line":7,"column":49}},"5":{"start":{"line":9,"column":2},"end":{"line":9,"column":29}},"6":{"start":{"line":11,"column":2},"end":{"line":17,"column":4}},"7":{"start":{"line":19,"column":17},"end":{"line":26,"column":12}},"8":{"start":{"line":27,"column":19},"end":{"line":27,"column":60}},"9":{"start":{"line":28,"column":2},"end":{"line":28,"column":49}},"10":{"start":{"line":30,"column":2},"end":{"line":30,"column":25}},"11":{"start":{"line":32,"column":0},"end":{"line":32,"column":12}}},"fnMap":{"0":{"name":"bootstrap","decl":{"start":{"line":6,"column":15},"end":{"line":6,"column":24}},"loc":{"start":{"line":6,"column":24},"end":{"line":31,"column":1}}}},"branchMap":{},"s":{"0":0,"1":0,"2":0,"3":0,"4":0,"5":0,"6":0,"7":0,"8":0,"9":0,"10":0,"11":0},"f":{"0":0},"b":{}}
,"C:\\Users\\Oleg\\Documents\\GitHub\\cryo\\backend\\social-service\\src\\auth\\guards\\friendship.guard.ts": {"path":"C:\\Users\\Oleg\\Documents\\GitHub\\cryo\\backend\\social-service\\src\\auth\\guards\\friendship.guard.ts","statementMap":{"0":{"start":{"line":1,"column":0},"end":{"line":1,"column":null}},"1":{"start":{"line":7,"column":0},"end":{"line":7,"column":63}},"2":{"start":{"line":8,"column":0},"end":{"line":8,"column":84}},"3":{"start":{"line":12,"column":7},"end":{"line":48,"column":null}},"4":{"start":{"line":16,"column":45},"end":{"line":16,"column":61}},"5":{"start":{"line":20,"column":20},"end":{"line":20,"column":68}},"6":{"start":{"line":21,"column":23},"end":{"line":21,"column":43}},"7":{"start":{"line":23,"column":4},"end":{"line":26,"column":5}},"8":{"start":{"line":25,"column":6},"end":{"line":25,"column":19}},"9":{"start":{"line":29,"column":21},"end":{"line":29,"column":43}},"10":{"start":{"line":31,"column":4},"end":{"line":35,"column":5}},"11":{"start":{"line":34,"column":6},"end":{"line":34,"column":18}},"12":{"start":{"line":37,"column":23},"end":{"line":39,"column":null}},"13":{"start":{"line":42,"column":4},"end":{"line":44,"column":5}},"14":{"start":{"line":43,"column":6},"end":{"line":43,"column":38}},"15":{"start":{"line":46,"column":4},"end":{"line":46,"column":16}},"16":{"start":{"line":12,"column":13},"end":{"line":12,"column":28}},"17":{"start":{"line":12,"column":13},"end":{"line":48,"column":null}}},"fnMap":{"0":{"name":"(anonymous_4)","decl":{"start":{"line":13,"column":2},"end":{"line":13,"column":null}},"loc":{"start":{"line":16,"column":75},"end":{"line":17,"column":6}}},"1":{"name":"(anonymous_5)","decl":{"start":{"line":19,"column":2},"end":{"line":19,"column":7}},"loc":{"start":{"line":19,"column":45},"end":{"line":47,"column":3}}}},"branchMap":{"0":{"loc":{"start":{"line":23,"column":4},"end":{"line":26,"column":5}},"type":"if","locations":[{"start":{"line":23,"column":4},"end":{"line":26,"column":5}}]},"1":{"loc":{"start":{"line":31,"column":4},"end":{"line":35,"column":5}},"type":"if","locations":[{"start":{"line":31,"column":4},"end":{"line":35,"column":5}}]},"2":{"loc":{"start":{"line":42,"column":4},"end":{"line":44,"column":5}},"type":"if","locations":[{"start":{"line":42,"column":4},"end":{"line":44,"column":5}}]}},"s":{"0":2,"1":2,"2":2,"3":2,"4":5,"5":4,"6":4,"7":4,"8":1,"9":3,"10":3,"11":1,"12":2,"13":2,"14":1,"15":1,"16":2,"17":2},"f":{"0":5,"1":4},"b":{"0":[1],"1":[1],"2":[1]}}
,"C:\\Users\\Oleg\\Documents\\GitHub\\cryo\\backend\\social-service\\src\\auth\\guards\\jwt-auth.guard.ts": {"path":"C:\\Users\\Oleg\\Documents\\GitHub\\cryo\\backend\\social-service\\src\\auth\\guards\\jwt-auth.guard.ts","statementMap":{"0":{"start":{"line":1,"column":0},"end":{"line":1,"column":null}},"1":{"start":{"line":10,"column":7},"end":{"line":45,"column":null}},"2":{"start":{"line":12,"column":20},"end":{"line":12,"column":68}},"3":{"start":{"line":13,"column":4},"end":{"line":42,"column":5}},"4":{"start":{"line":14,"column":25},"end":{"line":14,"column":54}},"5":{"start":{"line":15,"column":6},"end":{"line":19,"column":7}},"6":{"start":{"line":16,"column":8},"end":{"line":18,"column":10}},"7":{"start":{"line":21,"column":20},"end":{"line":21,"column":44}},"8":{"start":{"line":27,"column":6},"end":{"line":29,"column":7}},"9":{"start":{"line":28,"column":8},"end":{"line":28,"column":76}},"10":{"start":{"line":33,"column":19},"end":{"line":33,"column":69}},"11":{"start":{"line":35,"column":6},"end":{"line":35,"column":26}},"12":{"start":{"line":38,"column":6},"end":{"line":40,"column":7}},"13":{"start":{"line":39,"column":8},"end":{"line":39,"column":16}},"14":{"start":{"line":41,"column":6},"end":{"line":41,"column":66}},"15":{"start":{"line":43,"column":4},"end":{"line":43,"column":16}},"16":{"start":{"line":10,"column":13},"end":{"line":10,"column":25}},"17":{"start":{"line":10,"column":13},"end":{"line":45,"column":null}}},"fnMap":{"0":{"name":"(anonymous_1)","decl":{"start":{"line":11,"column":2},"end":{"line":11,"column":13}},"loc":{"start":{"line":11,"column":39},"end":{"line":44,"column":3}}}},"branchMap":{"0":{"loc":{"start":{"line":15,"column":6},"end":{"line":19,"column":7}},"type":"if","locations":[{"start":{"line":15,"column":6},"end":{"line":19,"column":7}}]},"1":{"loc":{"start":{"line":15,"column":10},"end":{"line":15,"column":58}},"type":"binary-expr","locations":[{"start":{"line":15,"column":10},"end":{"line":15,"column":21}},{"start":{"line":15,"column":25},"end":{"line":15,"column":58}}]},"2":{"loc":{"start":{"line":27,"column":6},"end":{"line":29,"column":7}},"type":"if","locations":[{"start":{"line":27,"column":6},"end":{"line":29,"column":7}}]},"3":{"loc":{"start":{"line":38,"column":6},"end":{"line":40,"column":7}},"type":"if","locations":[{"start":{"line":38,"column":6},"end":{"line":40,"column":7}}]}},"s":{"0":4,"1":4,"2":5,"3":5,"4":5,"5":5,"6":2,"7":3,"8":3,"9":1,"10":2,"11":2,"12":3,"13":3,"14":0,"15":2,"16":4,"17":4},"f":{"0":5},"b":{"0":[2],"1":[5,4],"2":[1],"3":[3]}}
,"C:\\Users\\Oleg\\Documents\\GitHub\\cryo\\backend\\social-service\\src\\auth\\guards\\rate-limit.guard.ts": {"path":"C:\\Users\\Oleg\\Documents\\GitHub\\cryo\\backend\\social-service\\src\\auth\\guards\\rate-limit.guard.ts","statementMap":{"0":{"start":{"line":1,"column":0},"end":{"line":1,"column":null}},"1":{"start":{"line":7,"column":0},"end":{"line":7,"column":54}},"2":{"start":{"line":9,"column":0},"end":{"line":9,"column":99}},"3":{"start":{"line":11,"column":22},"end":{"line":11,"column":24}},"4":{"start":{"line":12,"column":28},"end":{"line":12,"column":30}},"5":{"start":{"line":15,"column":7},"end":{"line":48,"column":null}},"6":{"start":{"line":16,"column":54},"end":{"line":16,"column":73}},"7":{"start":{"line":19,"column":20},"end":{"line":19,"column":55}},"8":{"start":{"line":20,"column":19},"end":{"line":20,"column":39}},"9":{"start":{"line":22,"column":4},"end":{"line":25,"column":5}},"10":{"start":{"line":24,"column":6},"end":{"line":24,"column":18}},"11":{"start":{"line":27,"column":16},"end":{"line":27,"column":47}},"12":{"start":{"line":28,"column":25},"end":{"line":28,"column":65}},"13":{"start":{"line":30,"column":4},"end":{"line":36,"column":5}},"14":{"start":{"line":34,"column":6},"end":{"line":34,"column":79}},"15":{"start":{"line":35,"column":6},"end":{"line":35,"column":18}},"16":{"start":{"line":38,"column":4},"end":{"line":40,"column":5}},"17":{"start":{"line":39,"column":6},"end":{"line":39,"column":58}},"18":{"start":{"line":42,"column":24},"end":{"line":42,"column":55}},"19":{"start":{"line":43,"column":22},"end":{"line":43,"column":90}},"20":{"start":{"line":44,"column":16},"end":{"line":44,"column":70}},"21":{"start":{"line":45,"column":4},"end":{"line":45,"column":71}},"22":{"start":{"line":46,"column":4},"end":{"line":46,"column":16}},"23":{"start":{"line":15,"column":13},"end":{"line":15,"column":27}},"24":{"start":{"line":15,"column":13},"end":{"line":48,"column":null}}},"fnMap":{"0":{"name":"(anonymous_4)","decl":{"start":{"line":16,"column":2},"end":{"line":16,"column":15}},"loc":{"start":{"line":16,"column":73},"end":{"line":16,"column":77}}},"1":{"name":"(anonymous_5)","decl":{"start":{"line":18,"column":2},"end":{"line":18,"column":7}},"loc":{"start":{"line":18,"column":45},"end":{"line":47,"column":3}}}},"branchMap":{"0":{"loc":{"start":{"line":22,"column":4},"end":{"line":25,"column":5}},"type":"if","locations":[{"start":{"line":22,"column":4},"end":{"line":25,"column":5}}]},"1":{"loc":{"start":{"line":30,"column":4},"end":{"line":36,"column":5}},"type":"if","locations":[{"start":{"line":30,"column":4},"end":{"line":36,"column":5}}]},"2":{"loc":{"start":{"line":30,"column":8},"end":{"line":30,"column":59}},"type":"binary-expr","locations":[{"start":{"line":30,"column":8},"end":{"line":30,"column":34}},{"start":{"line":30,"column":38},"end":{"line":30,"column":59}}]},"3":{"loc":{"start":{"line":38,"column":4},"end":{"line":40,"column":5}},"type":"if","locations":[{"start":{"line":38,"column":4},"end":{"line":40,"column":5}}]},"4":{"loc":{"start":{"line":43,"column":22},"end":{"line":43,"column":90}},"type":"cond-expr","locations":[{"start":{"line":43,"column":57},"end":{"line":43,"column":78}},{"start":{"line":43,"column":81},"end":{"line":43,"column":90}}]},"5":{"loc":{"start":{"line":44,"column":16},"end":{"line":44,"column":70}},"type":"cond-expr","locations":[{"start":{"line":44,"column":28},"end":{"line":44,"column":48}},{"start":{"line":44,"column":51},"end":{"line":44,"column":70}}]}},"s":{"0":2,"1":2,"2":2,"3":2,"4":2,"5":2,"6":5,"7":4,"8":4,"9":4,"10":1,"11":3,"12":3,"13":3,"14":1,"15":1,"16":2,"17":1,"18":1,"19":1,"20":1,"21":1,"22":1,"23":2,"24":2},"f":{"0":5,"1":4},"b":{"0":[1],"1":[1],"2":[3,3],"3":[1],"4":[1,0],"5":[1,0]}}
,"C:\\Users\\Oleg\\Documents\\GitHub\\cryo\\backend\\social-service\\src\\cache\\cache.module.ts": {"path":"C:\\Users\\Oleg\\Documents\\GitHub\\cryo\\backend\\social-service\\src\\cache\\cache.module.ts","statementMap":{"0":{"start":{"line":1,"column":0},"end":{"line":1,"column":40}},"1":{"start":{"line":2,"column":0},"end":{"line":2,"column":null}},"2":{"start":{"line":7,"column":0},"end":{"line":7,"column":55}},"3":{"start":{"line":8,"column":0},"end":{"line":8,"column":47}},"4":{"start":{"line":11,"column":2},"end":{"line":13,"column":40}},"5":{"start":{"line":15,"column":41},"end":{"line":19,"column":2}},"6":{"start":{"line":21,"column":0},"end":{"line":29,"column":1}},"7":{"start":{"line":22,"column":2},"end":{"line":28,"column":5}},"8":{"start":{"line":36,"column":7},"end":{"line":36,"column":null}},"9":{"start":{"line":36,"column":13},"end":{"line":36,"column":30}},"10":{"start":{"line":36,"column":13},"end":{"line":36,"column":null}}},"fnMap":{},"branchMap":{"0":{"loc":{"start":{"line":11,"column":2},"end":{"line":13,"column":40}},"type":"binary-expr","locations":[{"start":{"line":11,"column":2},"end":{"line":11,"column":60}},{"start":{"line":12,"column":2},"end":{"line":12,"column":33}},{"start":{"line":13,"column":2},"end":{"line":13,"column":40}}]},"1":{"loc":{"start":{"line":11,"column":3},"end":{"line":11,"column":32}},"type":"binary-expr","locations":[{"start":{"line":11,"column":3},"end":{"line":11,"column":26}},{"start":{"line":11,"column":30},"end":{"line":11,"column":32}}]},"2":{"loc":{"start":{"line":21,"column":0},"end":{"line":29,"column":1}},"type":"if","locations":[{"start":{"line":21,"column":0},"end":{"line":29,"column":1}}]},"3":{"loc":{"start":{"line":24,"column":10},"end":{"line":24,"column":43}},"type":"binary-expr","locations":[{"start":{"line":24,"column":10},"end":{"line":24,"column":32}},{"start":{"line":24,"column":36},"end":{"line":24,"column":43}}]},"4":{"loc":{"start":{"line":25,"column":19},"end":{"line":25,"column":51}},"type":"binary-expr","locations":[{"start":{"line":25,"column":19},"end":{"line":25,"column":41}},{"start":{"line":25,"column":45},"end":{"line":25,"column":51}}]},"5":{"loc":{"start":{"line":27,"column":17},"end":{"line":27,"column":44}},"type":"binary-expr","locations":[{"start":{"line":27,"column":17},"end":{"line":27,"column":37}},{"start":{"line":27,"column":41},"end":{"line":27,"column":44}}]}},"s":{"0":0,"1":0,"2":0,"3":0,"4":0,"5":0,"6":0,"7":0,"8":0,"9":0,"10":0},"f":{},"b":{"0":[0,0,0],"1":[0,0],"2":[0],"3":[0,0],"4":[0,0],"5":[0,0]}}
,"C:\\Users\\Oleg\\Documents\\GitHub\\cryo\\backend\\social-service\\src\\cache\\cache.service.ts": {"path":"C:\\Users\\Oleg\\Documents\\GitHub\\cryo\\backend\\social-service\\src\\cache\\cache.service.ts","statementMap":{"0":{"start":{"line":1,"column":0},"end":{"line":1,"column":52}},"1":{"start":{"line":2,"column":0},"end":{"line":2,"column":54}},"2":{"start":{"line":6,"column":7},"end":{"line":62,"column":null}},"3":{"start":{"line":7,"column":45},"end":{"line":7,"column":64}},"4":{"start":{"line":10,"column":4},"end":{"line":10,"column":47}},"5":{"start":{"line":14,"column":4},"end":{"line":14,"column":49}},"6":{"start":{"line":18,"column":4},"end":{"line":18,"column":37}},"7":{"start":{"line":22,"column":4},"end":{"line":22,"column":36}},"8":{"start":{"line":27,"column":4},"end":{"line":27,"column":51}},"9":{"start":{"line":31,"column":4},"end":{"line":31,"column":57}},"10":{"start":{"line":35,"column":4},"end":{"line":35,"column":52}},"11":{"start":{"line":43,"column":4},"end":{"line":43,"column":59}},"12":{"start":{"line":47,"column":4},"end":{"line":47,"column":44}},"13":{"start":{"line":48,"column":4},"end":{"line":48,"column":45}},"14":{"start":{"line":52,"column":4},"end":{"line":52,"column":54}},"15":{"start":{"line":60,"column":4},"end":{"line":60,"column":62}},"16":{"start":{"line":6,"column":13},"end":{"line":6,"column":25}},"17":{"start":{"line":6,"column":13},"end":{"line":62,"column":null}}},"fnMap":{"0":{"name":"(anonymous_4)","decl":{"start":{"line":7,"column":2},"end":{"line":7,"column":15}},"loc":{"start":{"line":7,"column":64},"end":{"line":7,"column":68}}},"1":{"name":"(anonymous_5)","decl":{"start":{"line":9,"column":2},"end":{"line":9,"column":7}},"loc":{"start":{"line":9,"column":26},"end":{"line":11,"column":3}}},"2":{"name":"(anonymous_6)","decl":{"start":{"line":13,"column":2},"end":{"line":13,"column":7}},"loc":{"start":{"line":13,"column":50},"end":{"line":15,"column":3}}},"3":{"name":"(anonymous_7)","decl":{"start":{"line":17,"column":2},"end":{"line":17,"column":7}},"loc":{"start":{"line":17,"column":23},"end":{"line":19,"column":3}}},"4":{"name":"(anonymous_8)","decl":{"start":{"line":21,"column":2},"end":{"line":21,"column":7}},"loc":{"start":{"line":21,"column":13},"end":{"line":23,"column":3}}},"5":{"name":"(anonymous_9)","decl":{"start":{"line":26,"column":2},"end":{"line":26,"column":7}},"loc":{"start":{"line":26,"column":36},"end":{"line":28,"column":3}}},"6":{"name":"(anonymous_10)","decl":{"start":{"line":30,"column":2},"end":{"line":30,"column":7}},"loc":{"start":{"line":30,"column":60},"end":{"line":32,"column":3}}},"7":{"name":"(anonymous_11)","decl":{"start":{"line":34,"column":2},"end":{"line":34,"column":7}},"loc":{"start":{"line":34,"column":37},"end":{"line":36,"column":3}}},"8":{"name":"(anonymous_12)","decl":{"start":{"line":38,"column":2},"end":{"line":38,"column":7}},"loc":{"start":{"line":41,"column":13},"end":{"line":44,"column":3}}},"9":{"name":"(anonymous_13)","decl":{"start":{"line":46,"column":2},"end":{"line":46,"column":7}},"loc":{"start":{"line":46,"column":42},"end":{"line":49,"column":3}}},"10":{"name":"(anonymous_14)","decl":{"start":{"line":51,"column":2},"end":{"line":51,"column":7}},"loc":{"start":{"line":51,"column":39},"end":{"line":53,"column":3}}},"11":{"name":"(anonymous_15)","decl":{"start":{"line":55,"column":2},"end":{"line":55,"column":7}},"loc":{"start":{"line":58,"column":13},"end":{"line":61,"column":3}}}},"branchMap":{"0":{"loc":{"start":{"line":30,"column":51},"end":{"line":30,"column":60}},"type":"default-arg","locations":[{"start":{"line":30,"column":57},"end":{"line":30,"column":60}}]},"1":{"loc":{"start":{"line":41,"column":4},"end":{"line":41,"column":13}},"type":"default-arg","locations":[{"start":{"line":41,"column":10},"end":{"line":41,"column":13}}]},"2":{"loc":{"start":{"line":58,"column":4},"end":{"line":58,"column":13}},"type":"default-arg","locations":[{"start":{"line":58,"column":10},"end":{"line":58,"column":13}}]}},"s":{"0":0,"1":0,"2":0,"3":0,"4":0,"5":0,"6":0,"7":0,"8":0,"9":0,"10":0,"11":0,"12":0,"13":0,"14":0,"15":0,"16":0,"17":0},"f":{"0":0,"1":0,"2":0,"3":0,"4":0,"5":0,"6":0,"7":0,"8":0,"9":0,"10":0,"11":0},"b":{"0":[0],"1":[0],"2":[0]}}
,"C:\\Users\\Oleg\\Documents\\GitHub\\cryo\\backend\\social-service\\src\\clients\\achievement.service.client.ts": {"path":"C:\\Users\\Oleg\\Documents\\GitHub\\cryo\\backend\\social-service\\src\\clients\\achievement.service.client.ts","statementMap":{"0":{"start":{"line":1,"column":0},"end":{"line":1,"column":44}},"1":{"start":{"line":2,"column":0},"end":{"line":2,"column":44}},"2":{"start":{"line":3,"column":0},"end":{"line":3,"column":38}},"3":{"start":{"line":14,"column":7},"end":{"line":27,"column":null}},"4":{"start":{"line":17,"column":31},"end":{"line":17,"column":44}},"5":{"start":{"line":15,"column":19},"end":{"line":15,"column":67}},"6":{"start":{"line":20,"column":4},"end":{"line":25,"column":6}},"7":{"start":{"line":14,"column":13},"end":{"line":14,"column":37}},"8":{"start":{"line":14,"column":13},"end":{"line":27,"column":null}}},"fnMap":{"0":{"name":"(anonymous_2)","decl":{"start":{"line":17,"column":2},"end":{"line":17,"column":31}},"loc":{"start":{"line":17,"column":55},"end":{"line":17,"column":59}}},"1":{"name":"(anonymous_3)","decl":{"start":{"line":19,"column":2},"end":{"line":19,"column":7}},"loc":{"start":{"line":19,"column":45},"end":{"line":26,"column":3}}}},"branchMap":{},"s":{"0":7,"1":7,"2":7,"3":7,"4":0,"5":0,"6":0,"7":7,"8":7},"f":{"0":0,"1":0},"b":{}}
,"C:\\Users\\Oleg\\Documents\\GitHub\\cryo\\backend\\social-service\\src\\clients\\clients.module.ts": {"path":"C:\\Users\\Oleg\\Documents\\GitHub\\cryo\\backend\\social-service\\src\\clients\\clients.module.ts","statementMap":{"0":{"start":{"line":1,"column":0},"end":{"line":1,"column":40}},"1":{"start":{"line":2,"column":0},"end":{"line":2,"column":43}},"2":{"start":{"line":3,"column":0},"end":{"line":3,"column":58}},"3":{"start":{"line":4,"column":0},"end":{"line":4,"column":74}},"4":{"start":{"line":5,"column":0},"end":{"line":5,"column":72}},"5":{"start":{"line":25,"column":7},"end":{"line":25,"column":null}},"6":{"start":{"line":25,"column":13},"end":{"line":25,"column":26}},"7":{"start":{"line":25,"column":13},"end":{"line":25,"column":null}}},"fnMap":{},"branchMap":{},"s":{"0":0,"1":0,"2":0,"3":0,"4":0,"5":0,"6":0,"7":0},"f":{},"b":{}}
,"C:\\Users\\Oleg\\Documents\\GitHub\\cryo\\backend\\social-service\\src\\clients\\notification.service.client.ts": {"path":"C:\\Users\\Oleg\\Documents\\GitHub\\cryo\\backend\\social-service\\src\\clients\\notification.service.client.ts","statementMap":{"0":{"start":{"line":1,"column":0},"end":{"line":1,"column":44}},"1":{"start":{"line":2,"column":0},"end":{"line":2,"column":44}},"2":{"start":{"line":3,"column":0},"end":{"line":3,"column":38}},"3":{"start":{"line":15,"column":7},"end":{"line":27,"column":null}},"4":{"start":{"line":18,"column":31},"end":{"line":18,"column":44}},"5":{"start":{"line":16,"column":19},"end":{"line":16,"column":68}},"6":{"start":{"line":23,"column":4},"end":{"line":25,"column":6}},"7":{"start":{"line":15,"column":13},"end":{"line":15,"column":38}},"8":{"start":{"line":15,"column":13},"end":{"line":27,"column":null}}},"fnMap":{"0":{"name":"(anonymous_2)","decl":{"start":{"line":18,"column":2},"end":{"line":18,"column":31}},"loc":{"start":{"line":18,"column":55},"end":{"line":18,"column":59}}},"1":{"name":"(anonymous_3)","decl":{"start":{"line":20,"column":2},"end":{"line":20,"column":7}},"loc":{"start":{"line":20,"column":49},"end":{"line":26,"column":3}}}},"branchMap":{},"s":{"0":7,"1":7,"2":7,"3":7,"4":0,"5":0,"6":0,"7":7,"8":7},"f":{"0":0,"1":0},"b":{}}
,"C:\\Users\\Oleg\\Documents\\GitHub\\cryo\\backend\\social-service\\src\\clients\\user.service.client.ts": {"path":"C:\\Users\\Oleg\\Documents\\GitHub\\cryo\\backend\\social-service\\src\\clients\\user.service.client.ts","statementMap":{"0":{"start":{"line":1,"column":0},"end":{"line":1,"column":44}},"1":{"start":{"line":2,"column":0},"end":{"line":2,"column":44}},"2":{"start":{"line":3,"column":0},"end":{"line":3,"column":43}},"3":{"start":{"line":7,"column":7},"end":{"line":49,"column":null}},"4":{"start":{"line":11,"column":31},"end":{"line":11,"column":44}},"5":{"start":{"line":9,"column":19},"end":{"line":9,"column":60}},"6":{"start":{"line":14,"column":4},"end":{"line":16,"column":5}},"7":{"start":{"line":15,"column":6},"end":{"line":15,"column":16}},"8":{"start":{"line":17,"column":21},"end":{"line":22,"column":null}},"9":{"start":{"line":22,"column":27},"end":{"line":22,"column":35}},"10":{"start":{"line":24,"column":4},"end":{"line":24,"column":26}},"11":{"start":{"line":28,"column":21},"end":{"line":31,"column":null}},"12":{"start":{"line":31,"column":27},"end":{"line":31,"column":35}},"13":{"start":{"line":33,"column":4},"end":{"line":33,"column":27}},"14":{"start":{"line":40,"column":21},"end":{"line":45,"column":null}},"15":{"start":{"line":45,"column":27},"end":{"line":45,"column":35}},"16":{"start":{"line":47,"column":4},"end":{"line":47,"column":20}},"17":{"start":{"line":7,"column":13},"end":{"line":7,"column":30}},"18":{"start":{"line":7,"column":13},"end":{"line":49,"column":null}}},"fnMap":{"0":{"name":"(anonymous_2)","decl":{"start":{"line":11,"column":2},"end":{"line":11,"column":31}},"loc":{"start":{"line":11,"column":55},"end":{"line":11,"column":59}}},"1":{"name":"(anonymous_3)","decl":{"start":{"line":13,"column":2},"end":{"line":13,"column":7}},"loc":{"start":{"line":13,"column":35},"end":{"line":25,"column":3}}},"2":{"name":"(anonymous_4)","decl":{"start":{"line":22,"column":18},"end":{"line":22,"column":19}},"loc":{"start":{"line":22,"column":27},"end":{"line":22,"column":35}}},"3":{"name":"(anonymous_5)","decl":{"start":{"line":27,"column":2},"end":{"line":27,"column":7}},"loc":{"start":{"line":27,"column":38},"end":{"line":34,"column":3}}},"4":{"name":"(anonymous_6)","decl":{"start":{"line":31,"column":18},"end":{"line":31,"column":19}},"loc":{"start":{"line":31,"column":27},"end":{"line":31,"column":35}}},"5":{"name":"(anonymous_7)","decl":{"start":{"line":36,"column":2},"end":{"line":36,"column":7}},"loc":{"start":{"line":38,"column":22},"end":{"line":48,"column":3}}},"6":{"name":"(anonymous_8)","decl":{"start":{"line":45,"column":18},"end":{"line":45,"column":19}},"loc":{"start":{"line":45,"column":27},"end":{"line":45,"column":35}}}},"branchMap":{"0":{"loc":{"start":{"line":14,"column":4},"end":{"line":16,"column":5}},"type":"if","locations":[{"start":{"line":14,"column":4},"end":{"line":16,"column":5}}]}},"s":{"0":7,"1":7,"2":7,"3":7,"4":0,"5":0,"6":0,"7":0,"8":0,"9":0,"10":0,"11":0,"12":0,"13":0,"14":0,"15":0,"16":0,"17":7,"18":7},"f":{"0":0,"1":0,"2":0,"3":0,"4":0,"5":0,"6":0},"b":{"0":[0]}}
,"C:\\Users\\Oleg\\Documents\\GitHub\\cryo\\backend\\social-service\\src\\common\\decorators\\index.ts": {"path":"C:\\Users\\Oleg\\Documents\\GitHub\\cryo\\backend\\social-service\\src\\common\\decorators\\index.ts","statementMap":{"0":{"start":{"line":1,"column":0},"end":{"line":1,"column":45}}},"fnMap":{},"branchMap":{},"s":{"0":0},"f":{},"b":{}}
,"C:\\Users\\Oleg\\Documents\\GitHub\\cryo\\backend\\social-service\\src\\common\\decorators\\is-not-same-user.decorator.ts": {"path":"C:\\Users\\Oleg\\Documents\\GitHub\\cryo\\backend\\social-service\\src\\common\\decorators\\is-not-same-user.decorator.ts","statementMap":{"0":{"start":{"line":7,"column":0},"end":{"line":7,"column":16}},"1":{"start":{"line":1,"column":0},"end":{"line":1,"column":null}},"2":{"start":{"line":11,"column":4},"end":{"line":30,"column":6}},"3":{"start":{"line":12,"column":8},"end":{"line":29,"column":11}},"4":{"start":{"line":20,"column":50},"end":{"line":20,"column":66}},"5":{"start":{"line":21,"column":42},"end":{"line":21,"column":82}},"6":{"start":{"line":22,"column":20},"end":{"line":22,"column":50}},"7":{"start":{"line":25,"column":50},"end":{"line":25,"column":66}},"8":{"start":{"line":26,"column":20},"end":{"line":26,"column":95}}},"fnMap":{"0":{"name":"IsNotSameUser","decl":{"start":{"line":7,"column":16},"end":{"line":7,"column":29}},"loc":{"start":{"line":9,"column":41},"end":{"line":31,"column":1}}},"1":{"name":"(anonymous_1)","decl":{"start":{"line":11,"column":11},"end":{"line":11,"column":21}},"loc":{"start":{"line":11,"column":57},"end":{"line":30,"column":5}}},"2":{"name":"(anonymous_2)","decl":{"start":{"line":19,"column":16},"end":{"line":19,"column":24}},"loc":{"start":{"line":19,"column":62},"end":{"line":23,"column":17}}},"3":{"name":"(anonymous_3)","decl":{"start":{"line":24,"column":16},"end":{"line":24,"column":30}},"loc":{"start":{"line":24,"column":56},"end":{"line":27,"column":17}}}},"branchMap":{},"s":{"0":0,"1":0,"2":0,"3":0,"4":0,"5":0,"6":0,"7":0,"8":0},"f":{"0":0,"1":0,"2":0,"3":0},"b":{}}
,"C:\\Users\\Oleg\\Documents\\GitHub\\cryo\\backend\\social-service\\src\\common\\dto\\error-response.dto.ts": {"path":"C:\\Users\\Oleg\\Documents\\GitHub\\cryo\\backend\\social-service\\src\\common\\dto\\error-response.dto.ts","statementMap":{"0":{"start":{"line":1,"column":0},"end":{"line":1,"column":46}},"1":{"start":{"line":3,"column":0},"end":{"line":3,"column":13}},"2":{"start":{"line":8,"column":2},"end":{"line":8,"column":null}},"3":{"start":{"line":14,"column":2},"end":{"line":14,"column":null}},"4":{"start":{"line":20,"column":2},"end":{"line":20,"column":null}},"5":{"start":{"line":26,"column":2},"end":{"line":26,"column":null}},"6":{"start":{"line":32,"column":2},"end":{"line":32,"column":null}}},"fnMap":{},"branchMap":{},"s":{"0":0,"1":0,"2":0,"3":0,"4":0,"5":0,"6":0},"f":{},"b":{}}
,"C:\\Users\\Oleg\\Documents\\GitHub\\cryo\\backend\\social-service\\src\\common\\dto\\index.ts": {"path":"C:\\Users\\Oleg\\Documents\\GitHub\\cryo\\backend\\social-service\\src\\common\\dto\\index.ts","statementMap":{"0":{"start":{"line":1,"column":0},"end":{"line":1,"column":37}},"1":{"start":{"line":2,"column":0},"end":{"line":2,"column":33}},"2":{"start":{"line":3,"column":0},"end":{"line":3,"column":39}},"3":{"start":{"line":4,"column":0},"end":{"line":4,"column":33}}},"fnMap":{},"branchMap":{},"s":{"0":0,"1":0,"2":0,"3":0},"f":{},"b":{}}
,"C:\\Users\\Oleg\\Documents\\GitHub\\cryo\\backend\\social-service\\src\\common\\dto\\pagination.dto.ts": {"path":"C:\\Users\\Oleg\\Documents\\GitHub\\cryo\\backend\\social-service\\src\\common\\dto\\pagination.dto.ts","statementMap":{"0":{"start":{"line":1,"column":0},"end":{"line":1,"column":46}},"1":{"start":{"line":3,"column":0},"end":{"line":3,"column":13}},"2":{"start":{"line":8,"column":2},"end":{"line":8,"column":null}},"3":{"start":{"line":14,"column":2},"end":{"line":14,"column":null}},"4":{"start":{"line":20,"column":2},"end":{"line":20,"column":null}},"5":{"start":{"line":26,"column":2},"end":{"line":26,"column":null}}},"fnMap":{},"branchMap":{},"s":{"0":0,"1":0,"2":0,"3":0,"4":0,"5":0},"f":{},"b":{}}
,"C:\\Users\\Oleg\\Documents\\GitHub\\cryo\\backend\\social-service\\src\\common\\dto\\success-response.dto.ts": {"path":"C:\\Users\\Oleg\\Documents\\GitHub\\cryo\\backend\\social-service\\src\\common\\dto\\success-response.dto.ts","statementMap":{"0":{"start":{"line":1,"column":0},"end":{"line":1,"column":46}},"1":{"start":{"line":3,"column":0},"end":{"line":3,"column":13}},"2":{"start":{"line":8,"column":2},"end":{"line":8,"column":null}},"3":{"start":{"line":14,"column":2},"end":{"line":14,"column":null}},"4":{"start":{"line":20,"column":2},"end":{"line":20,"column":null}}},"fnMap":{},"branchMap":{},"s":{"0":0,"1":0,"2":0,"3":0,"4":0},"f":{},"b":{}}
,"C:\\Users\\Oleg\\Documents\\GitHub\\cryo\\backend\\social-service\\src\\common\\dto\\uuid-param.dto.ts": {"path":"C:\\Users\\Oleg\\Documents\\GitHub\\cryo\\backend\\social-service\\src\\common\\dto\\uuid-param.dto.ts","statementMap":{"0":{"start":{"line":1,"column":0},"end":{"line":1,"column":46}},"1":{"start":{"line":2,"column":0},"end":{"line":2,"column":53}},"2":{"start":{"line":4,"column":0},"end":{"line":4,"column":13}},"3":{"start":{"line":11,"column":2},"end":{"line":11,"column":null}}},"fnMap":{},"branchMap":{},"s":{"0":0,"1":0,"2":0,"3":0},"f":{},"b":{}}
,"C:\\Users\\Oleg\\Documents\\GitHub\\cryo\\backend\\social-service\\src\\common\\exceptions\\already-friends.exception.ts": {"path":"C:\\Users\\Oleg\\Documents\\GitHub\\cryo\\backend\\social-service\\src\\common\\exceptions\\already-friends.exception.ts","statementMap":{"0":{"start":{"line":1,"column":0},"end":{"line":1,"column":59}},"1":{"start":{"line":5,"column":4},"end":{"line":12,"column":6}},"2":{"start":{"line":3,"column":0},"end":{"line":3,"column":13}}},"fnMap":{"0":{"name":"(anonymous_0)","decl":{"start":{"line":4,"column":2},"end":{"line":4,"column":null}},"loc":{"start":{"line":4,"column":2},"end":{"line":13,"column":3}}}},"branchMap":{},"s":{"0":7,"1":1,"2":7},"f":{"0":1},"b":{}}
,"C:\\Users\\Oleg\\Documents\\GitHub\\cryo\\backend\\social-service\\src\\common\\exceptions\\friend-request-not-found.exception.ts": {"path":"C:\\Users\\Oleg\\Documents\\GitHub\\cryo\\backend\\social-service\\src\\common\\exceptions\\friend-request-not-found.exception.ts","statementMap":{"0":{"start":{"line":1,"column":0},"end":{"line":1,"column":59}},"1":{"start":{"line":5,"column":4},"end":{"line":12,"column":6}},"2":{"start":{"line":3,"column":0},"end":{"line":3,"column":13}}},"fnMap":{"0":{"name":"(anonymous_0)","decl":{"start":{"line":4,"column":2},"end":{"line":4,"column":14}},"loc":{"start":{"line":4,"column":31},"end":{"line":13,"column":3}}}},"branchMap":{},"s":{"0":7,"1":0,"2":7},"f":{"0":0},"b":{}}
,"C:\\Users\\Oleg\\Documents\\GitHub\\cryo\\backend\\social-service\\src\\common\\exceptions\\message-not-found.exception.ts": {"path":"C:\\Users\\Oleg\\Documents\\GitHub\\cryo\\backend\\social-service\\src\\common\\exceptions\\message-not-found.exception.ts","statementMap":{"0":{"start":{"line":1,"column":0},"end":{"line":1,"column":59}},"1":{"start":{"line":5,"column":4},"end":{"line":12,"column":6}},"2":{"start":{"line":3,"column":0},"end":{"line":3,"column":13}}},"fnMap":{"0":{"name":"(anonymous_0)","decl":{"start":{"line":4,"column":2},"end":{"line":4,"column":14}},"loc":{"start":{"line":4,"column":31},"end":{"line":13,"column":3}}}},"branchMap":{},"s":{"0":2,"1":2,"2":2},"f":{"0":2},"b":{}}
,"C:\\Users\\Oleg\\Documents\\GitHub\\cryo\\backend\\social-service\\src\\common\\exceptions\\not-friends.exception.ts": {"path":"C:\\Users\\Oleg\\Documents\\GitHub\\cryo\\backend\\social-service\\src\\common\\exceptions\\not-friends.exception.ts","statementMap":{"0":{"start":{"line":1,"column":0},"end":{"line":1,"column":59}},"1":{"start":{"line":5,"column":4},"end":{"line":12,"column":6}},"2":{"start":{"line":3,"column":0},"end":{"line":3,"column":13}}},"fnMap":{"0":{"name":"(anonymous_0)","decl":{"start":{"line":4,"column":2},"end":{"line":4,"column":null}},"loc":{"start":{"line":4,"column":2},"end":{"line":13,"column":3}}}},"branchMap":{},"s":{"0":7,"1":2,"2":7},"f":{"0":2},"b":{}}
,"C:\\Users\\Oleg\\Documents\\GitHub\\cryo\\backend\\social-service\\src\\common\\exceptions\\rate-limit-exceeded.exception.ts": {"path":"C:\\Users\\Oleg\\Documents\\GitHub\\cryo\\backend\\social-service\\src\\common\\exceptions\\rate-limit-exceeded.exception.ts","statementMap":{"0":{"start":{"line":1,"column":0},"end":{"line":1,"column":59}},"1":{"start":{"line":5,"column":4},"end":{"line":12,"column":6}},"2":{"start":{"line":3,"column":0},"end":{"line":3,"column":13}}},"fnMap":{"0":{"name":"(anonymous_0)","decl":{"start":{"line":4,"column":2},"end":{"line":4,"column":14}},"loc":{"start":{"line":4,"column":27},"end":{"line":13,"column":3}}}},"branchMap":{},"s":{"0":2,"1":1,"2":2},"f":{"0":1},"b":{}}
,"C:\\Users\\Oleg\\Documents\\GitHub\\cryo\\backend\\social-service\\src\\database\\database.module.ts": {"path":"C:\\Users\\Oleg\\Documents\\GitHub\\cryo\\backend\\social-service\\src\\database\\database.module.ts","statementMap":{"0":{"start":{"line":1,"column":0},"end":{"line":1,"column":40}},"1":{"start":{"line":2,"column":0},"end":{"line":2,"column":48}},"2":{"start":{"line":3,"column":0},"end":{"line":3,"column":67}},"3":{"start":{"line":4,"column":0},"end":{"line":4,"column":62}},"4":{"start":{"line":5,"column":0},"end":{"line":5,"column":71}},"5":{"start":{"line":25,"column":7},"end":{"line":25,"column":null}},"6":{"start":{"line":25,"column":13},"end":{"line":25,"column":27}},"7":{"start":{"line":25,"column":13},"end":{"line":25,"column":null}}},"fnMap":{},"branchMap":{"0":{"loc":{"start":{"line":11,"column":12},"end":{"line":11,"column":51}},"type":"binary-expr","locations":[{"start":{"line":11,"column":12},"end":{"line":11,"column":37}},{"start":{"line":11,"column":41},"end":{"line":11,"column":51}}]},"1":{"loc":{"start":{"line":12,"column":21},"end":{"line":12,"column":56}},"type":"binary-expr","locations":[{"start":{"line":12,"column":21},"end":{"line":12,"column":46}},{"start":{"line":12,"column":50},"end":{"line":12,"column":56}}]},"2":{"loc":{"start":{"line":13,"column":16},"end":{"line":13,"column":55}},"type":"binary-expr","locations":[{"start":{"line":13,"column":16},"end":{"line":13,"column":45}},{"start":{"line":13,"column":49},"end":{"line":13,"column":55}}]},"3":{"loc":{"start":{"line":14,"column":16},"end":{"line":14,"column":59}},"type":"binary-expr","locations":[{"start":{"line":14,"column":16},"end":{"line":14,"column":45}},{"start":{"line":14,"column":49},"end":{"line":14,"column":59}}]},"4":{"loc":{"start":{"line":15,"column":16},"end":{"line":15,"column":56}},"type":"binary-expr","locations":[{"start":{"line":15,"column":16},"end":{"line":15,"column":41}},{"start":{"line":15,"column":45},"end":{"line":15,"column":56}}]}},"s":{"0":0,"1":0,"2":0,"3":0,"4":0,"5":0,"6":0,"7":0},"f":{},"b":{"0":[0,0],"1":[0,0],"2":[0,0],"3":[0,0],"4":[0,0]}}
,"C:\\Users\\Oleg\\Documents\\GitHub\\cryo\\backend\\social-service\\src\\database\\typeorm.config.ts": {"path":"C:\\Users\\Oleg\\Documents\\GitHub\\cryo\\backend\\social-service\\src\\database\\typeorm.config.ts","statementMap":{"0":{"start":{"line":1,"column":0},"end":{"line":1,"column":37}},"1":{"start":{"line":2,"column":0},"end":{"line":2,"column":67}},"2":{"start":{"line":3,"column":0},"end":{"line":3,"column":62}},"3":{"start":{"line":4,"column":0},"end":{"line":4,"column":71}},"4":{"start":{"line":6,"column":13},"end":{"line":18,"column":3}}},"fnMap":{},"branchMap":{"0":{"loc":{"start":{"line":8,"column":8},"end":{"line":8,"column":47}},"type":"binary-expr","locations":[{"start":{"line":8,"column":8},"end":{"line":8,"column":33}},{"start":{"line":8,"column":37},"end":{"line":8,"column":47}}]},"1":{"loc":{"start":{"line":9,"column":17},"end":{"line":9,"column":52}},"type":"binary-expr","locations":[{"start":{"line":9,"column":17},"end":{"line":9,"column":42}},{"start":{"line":9,"column":46},"end":{"line":9,"column":52}}]},"2":{"loc":{"start":{"line":10,"column":12},"end":{"line":10,"column":51}},"type":"binary-expr","locations":[{"start":{"line":10,"column":12},"end":{"line":10,"column":41}},{"start":{"line":10,"column":45},"end":{"line":10,"column":51}}]},"3":{"loc":{"start":{"line":11,"column":12},"end":{"line":11,"column":55}},"type":"binary-expr","locations":[{"start":{"line":11,"column":12},"end":{"line":11,"column":41}},{"start":{"line":11,"column":45},"end":{"line":11,"column":55}}]},"4":{"loc":{"start":{"line":12,"column":12},"end":{"line":12,"column":52}},"type":"binary-expr","locations":[{"start":{"line":12,"column":12},"end":{"line":12,"column":37}},{"start":{"line":12,"column":41},"end":{"line":12,"column":52}}]}},"s":{"0":0,"1":0,"2":0,"3":0,"4":0},"f":{},"b":{"0":[0,0],"1":[0,0],"2":[0,0],"3":[0,0],"4":[0,0]}}
,"C:\\Users\\Oleg\\Documents\\GitHub\\cryo\\backend\\social-service\\src\\database\\migrations\\1703000000000-InitialMigration.ts": {"path":"C:\\Users\\Oleg\\Documents\\GitHub\\cryo\\backend\\social-service\\src\\database\\migrations\\1703000000000-InitialMigration.ts","statementMap":{"0":{"start":{"line":1,"column":0},"end":{"line":1,"column":77}},"1":{"start":{"line":4,"column":2},"end":{"line":4,"column":41}},"2":{"start":{"line":8,"column":4},"end":{"line":53,"column":6}},"3":{"start":{"line":56,"column":4},"end":{"line":63,"column":6}},"4":{"start":{"line":66,"column":4},"end":{"line":72,"column":6}},"5":{"start":{"line":74,"column":4},"end":{"line":80,"column":6}},"6":{"start":{"line":83,"column":4},"end":{"line":132,"column":6}},"7":{"start":{"line":135,"column":4},"end":{"line":141,"column":6}},"8":{"start":{"line":143,"column":4},"end":{"line":149,"column":6}},"9":{"start":{"line":152,"column":4},"end":{"line":194,"column":6}},"10":{"start":{"line":197,"column":4},"end":{"line":203,"column":6}},"11":{"start":{"line":207,"column":4},"end":{"line":207,"column":49}},"12":{"start":{"line":208,"column":4},"end":{"line":208,"column":44}},"13":{"start":{"line":209,"column":4},"end":{"line":209,"column":47}},"14":{"start":{"line":3,"column":0},"end":{"line":3,"column":13}}},"fnMap":{"0":{"name":"(anonymous_0)","decl":{"start":{"line":3,"column":0},"end":{"line":3,"column":13}},"loc":{"start":{"line":3,"column":0},"end":{"line":211,"column":1}}},"1":{"name":"(anonymous_1)","decl":{"start":{"line":6,"column":9},"end":{"line":6,"column":14}},"loc":{"start":{"line":6,"column":42},"end":{"line":204,"column":3}}},"2":{"name":"(anonymous_2)","decl":{"start":{"line":206,"column":9},"end":{"line":206,"column":14}},"loc":{"start":{"line":206,"column":44},"end":{"line":210,"column":3}}}},"branchMap":{},"s":{"0":0,"1":0,"2":0,"3":0,"4":0,"5":0,"6":0,"7":0,"8":0,"9":0,"10":0,"11":0,"12":0,"13":0,"14":0},"f":{"0":0,"1":0,"2":0},"b":{}}
,"C:\\Users\\Oleg\\Documents\\GitHub\\cryo\\backend\\social-service\\src\\dto\\index.ts": {"path":"C:\\Users\\Oleg\\Documents\\GitHub\\cryo\\backend\\social-service\\src\\dto\\index.ts","statementMap":{"0":{"start":{"line":2,"column":0},"end":{"line":2,"column":30}},"1":{"start":{"line":5,"column":0},"end":{"line":5,"column":31}},"2":{"start":{"line":8,"column":0},"end":{"line":8,"column":32}},"3":{"start":{"line":11,"column":0},"end":{"line":11,"column":30}},"4":{"start":{"line":14,"column":0},"end":{"line":14,"column":37}}},"fnMap":{},"branchMap":{},"s":{"0":0,"1":0,"2":0,"3":0,"4":0},"f":{},"b":{}}
,"C:\\Users\\Oleg\\Documents\\GitHub\\cryo\\backend\\social-service\\src\\friends\\friends.controller.ts": {"path":"C:\\Users\\Oleg\\Documents\\GitHub\\cryo\\backend\\social-service\\src\\friends\\friends.controller.ts","statementMap":{"0":{"start":{"line":1,"column":0},"end":{"line":1,"column":null}},"1":{"start":{"line":14,"column":0},"end":{"line":14,"column":51}},"2":{"start":{"line":15,"column":0},"end":{"line":15,"column":69}},"3":{"start":{"line":16,"column":0},"end":{"line":16,"column":58}},"4":{"start":{"line":17,"column":0},"end":{"line":17,"column":71}},"5":{"start":{"line":19,"column":0},"end":{"line":19,"column":61}},"6":{"start":{"line":25,"column":7},"end":{"line":92,"column":null}},"7":{"start":{"line":26,"column":31},"end":{"line":26,"column":47}},"8":{"start":{"line":35,"column":23},"end":{"line":35,"column":38}},"9":{"start":{"line":36,"column":4},"end":{"line":36,"column":75}},"10":{"start":{"line":45,"column":19},"end":{"line":45,"column":34}},"11":{"start":{"line":46,"column":4},"end":{"line":46,"column":70}},"12":{"start":{"line":56,"column":19},"end":{"line":56,"column":34}},"13":{"start":{"line":57,"column":4},"end":{"line":57,"column":70}},"14":{"start":{"line":67,"column":19},"end":{"line":67,"column":34}},"15":{"start":{"line":68,"column":4},"end":{"line":68,"column":61}},"16":{"start":{"line":74,"column":19},"end":{"line":74,"column":34}},"17":{"start":{"line":75,"column":4},"end":{"line":75,"column":57}},"18":{"start":{"line":81,"column":19},"end":{"line":81,"column":34}},"19":{"start":{"line":82,"column":4},"end":{"line":82,"column":57}},"20":{"start":{"line":88,"column":19},"end":{"line":88,"column":34}},"21":{"start":{"line":90,"column":4},"end":{"line":90,"column":58}},"22":{"start":{"line":25,"column":13},"end":{"line":25,"column":30}},"23":{"start":{"line":30,"column":8},"end":{"line":37,"column":null}},"24":{"start":{"line":41,"column":8},"end":{"line":47,"column":null}},"25":{"start":{"line":52,"column":8},"end":{"line":58,"column":null}},"26":{"start":{"line":63,"column":8},"end":{"line":69,"column":null}},"27":{"start":{"line":73,"column":8},"end":{"line":76,"column":null}},"28":{"start":{"line":80,"column":8},"end":{"line":83,"column":null}},"29":{"start":{"line":87,"column":8},"end":{"line":91,"column":null}},"30":{"start":{"line":25,"column":13},"end":{"line":92,"column":null}}},"fnMap":{"0":{"name":"(anonymous_4)","decl":{"start":{"line":26,"column":2},"end":{"line":26,"column":31}},"loc":{"start":{"line":26,"column":61},"end":{"line":26,"column":65}}},"1":{"name":"(anonymous_5)","decl":{"start":{"line":30,"column":2},"end":{"line":30,"column":7}},"loc":{"start":{"line":32,"column":37},"end":{"line":37,"column":3}}},"2":{"name":"(anonymous_6)","decl":{"start":{"line":41,"column":2},"end":{"line":41,"column":7}},"loc":{"start":{"line":43,"column":41},"end":{"line":47,"column":3}}},"3":{"name":"(anonymous_7)","decl":{"start":{"line":52,"column":2},"end":{"line":52,"column":7}},"loc":{"start":{"line":54,"column":41},"end":{"line":58,"column":3}}},"4":{"name":"(anonymous_8)","decl":{"start":{"line":63,"column":2},"end":{"line":63,"column":7}},"loc":{"start":{"line":65,"column":39},"end":{"line":69,"column":3}}},"5":{"name":"(anonymous_9)","decl":{"start":{"line":73,"column":2},"end":{"line":73,"column":7}},"loc":{"start":{"line":73,"column":75},"end":{"line":76,"column":3}}},"6":{"name":"(anonymous_10)","decl":{"start":{"line":80,"column":2},"end":{"line":80,"column":7}},"loc":{"start":{"line":80,"column":49},"end":{"line":83,"column":3}}},"7":{"name":"(anonymous_11)","decl":{"start":{"line":87,"column":2},"end":{"line":87,"column":7}},"loc":{"start":{"line":87,"column":70},"end":{"line":91,"column":3}}}},"branchMap":{},"s":{"0":1,"1":1,"2":1,"3":1,"4":1,"5":1,"6":1,"7":8,"8":1,"9":1,"10":1,"11":1,"12":1,"13":1,"14":1,"15":1,"16":1,"17":1,"18":1,"19":1,"20":1,"21":1,"22":1,"23":1,"24":1,"25":1,"26":1,"27":1,"28":1,"29":1,"30":1},"f":{"0":8,"1":1,"2":1,"3":1,"4":1,"5":1,"6":1,"7":1},"b":{}}
,"C:\\Users\\Oleg\\Documents\\GitHub\\cryo\\backend\\social-service\\src\\friends\\friends.module.ts": {"path":"C:\\Users\\Oleg\\Documents\\GitHub\\cryo\\backend\\social-service\\src\\friends\\friends.module.ts","statementMap":{"0":{"start":{"line":1,"column":0},"end":{"line":1,"column":40}},"1":{"start":{"line":2,"column":0},"end":{"line":2,"column":48}},"2":{"start":{"line":3,"column":0},"end":{"line":3,"column":58}},"3":{"start":{"line":4,"column":0},"end":{"line":4,"column":51}},"4":{"start":{"line":5,"column":0},"end":{"line":5,"column":57}},"5":{"start":{"line":6,"column":0},"end":{"line":6,"column":58}},"6":{"start":{"line":14,"column":7},"end":{"line":14,"column":null}},"7":{"start":{"line":14,"column":13},"end":{"line":14,"column":26}},"8":{"start":{"line":14,"column":13},"end":{"line":14,"column":null}}},"fnMap":{},"branchMap":{},"s":{"0":0,"1":0,"2":0,"3":0,"4":0,"5":0,"6":0,"7":0,"8":0},"f":{},"b":{}}
,"C:\\Users\\Oleg\\Documents\\GitHub\\cryo\\backend\\social-service\\src\\friends\\friends.service.ts": {"path":"C:\\Users\\Oleg\\Documents\\GitHub\\cryo\\backend\\social-service\\src\\friends\\friends.service.ts","statementMap":{"0":{"start":{"line":1,"column":0},"end":{"line":1,"column":44}},"1":{"start":{"line":2,"column":0},"end":{"line":2,"column":51}},"2":{"start":{"line":3,"column":0},"end":{"line":3,"column":55}},"3":{"start":{"line":4,"column":0},"end":{"line":4,"column":58}},"4":{"start":{"line":5,"column":0},"end":{"line":5,"column":69}},"5":{"start":{"line":7,"column":0},"end":{"line":7,"column":89}},"6":{"start":{"line":8,"column":0},"end":{"line":8,"column":105}},"7":{"start":{"line":9,"column":0},"end":{"line":9,"column":81}},"8":{"start":{"line":10,"column":0},"end":{"line":10,"column":67}},"9":{"start":{"line":11,"column":0},"end":{"line":11,"column":83}},"10":{"start":{"line":12,"column":0},"end":{"line":12,"column":81}},"11":{"start":{"line":16,"column":7},"end":{"line":206,"column":null}},"12":{"start":{"line":19,"column":21},"end":{"line":19,"column":43}},"13":{"start":{"line":20,"column":21},"end":{"line":20,"column":40}},"14":{"start":{"line":21,"column":21},"end":{"line":21,"column":48}},"15":{"start":{"line":22,"column":21},"end":{"line":22,"column":47}},"16":{"start":{"line":29,"column":4},"end":{"line":31,"column":5}},"17":{"start":{"line":30,"column":6},"end":{"line":30,"column":67}},"18":{"start":{"line":33,"column":31},"end":{"line":33,"column":78}},"19":{"start":{"line":35,"column":4},"end":{"line":42,"column":5}},"20":{"start":{"line":36,"column":6},"end":{"line":38,"column":7}},"21":{"start":{"line":37,"column":8},"end":{"line":37,"column":44}},"22":{"start":{"line":39,"column":6},"end":{"line":41,"column":7}},"23":{"start":{"line":40,"column":8},"end":{"line":40,"column":64}},"24":{"start":{"line":44,"column":23},"end":{"line":49,"column":6}},"25":{"start":{"line":51,"column":25},"end":{"line":51,"column":73}},"26":{"start":{"line":54,"column":4},"end":{"line":60,"column":7}},"27":{"start":{"line":62,"column":4},"end":{"line":62,"column":24}},"28":{"start":{"line":69,"column":20},"end":{"line":72,"column":6}},"29":{"start":{"line":74,"column":4},"end":{"line":76,"column":5}},"30":{"start":{"line":75,"column":6},"end":{"line":75,"column":58}},"31":{"start":{"line":78,"column":4},"end":{"line":78,"column":47}},"32":{"start":{"line":80,"column":30},"end":{"line":85,"column":6}},"33":{"start":{"line":87,"column":4},"end":{"line":87,"column":71}},"34":{"start":{"line":89,"column":24},"end":{"line":89,"column":58}},"35":{"start":{"line":90,"column":4},"end":{"line":96,"column":5}},"36":{"start":{"line":91,"column":6},"end":{"line":95,"column":9}},"37":{"start":{"line":98,"column":4},"end":{"line":98,"column":19}},"38":{"start":{"line":102,"column":20},"end":{"line":105,"column":6}},"39":{"start":{"line":107,"column":4},"end":{"line":112,"column":5}},"40":{"start":{"line":111,"column":6},"end":{"line":111,"column":58}},"41":{"start":{"line":114,"column":4},"end":{"line":114,"column":52}},"42":{"start":{"line":118,"column":23},"end":{"line":118,"column":66}},"43":{"start":{"line":120,"column":4},"end":{"line":122,"column":5}},"44":{"start":{"line":121,"column":6},"end":{"line":121,"column":38}},"45":{"start":{"line":124,"column":30},"end":{"line":124,"column":73}},"46":{"start":{"line":126,"column":4},"end":{"line":130,"column":5}},"47":{"start":{"line":127,"column":6},"end":{"line":127,"column":78}},"48":{"start":{"line":129,"column":6},"end":{"line":129,"column":57}},"49":{"start":{"line":134,"column":37},"end":{"line":134,"column":44}},"50":{"start":{"line":136,"column":48},"end":{"line":139,"column":6}},"51":{"start":{"line":141,"column":29},"end":{"line":146,"column":6}},"52":{"start":{"line":148,"column":22},"end":{"line":148,"column":52}},"53":{"start":{"line":148,"column":41},"end":{"line":148,"column":51}},"54":{"start":{"line":149,"column":24},"end":{"line":149,"column":77}},"55":{"start":{"line":151,"column":28},"end":{"line":154,"column":6}},"56":{"start":{"line":152,"column":19},"end":{"line":152,"column":65}},"57":{"start":{"line":152,"column":44},"end":{"line":152,"column":64}},"58":{"start":{"line":153,"column":6},"end":{"line":153,"column":40}},"59":{"start":{"line":156,"column":4},"end":{"line":164,"column":6}},"60":{"start":{"line":168,"column":4},"end":{"line":174,"column":7}},"61":{"start":{"line":178,"column":23},"end":{"line":178,"column":66}},"62":{"start":{"line":179,"column":4},"end":{"line":179,"column":75}},"63":{"start":{"line":186,"column":4},"end":{"line":191,"column":7}},"64":{"start":{"line":195,"column":4},"end":{"line":197,"column":7}},"65":{"start":{"line":204,"column":4},"end":{"line":204,"column":68}},"66":{"start":{"line":16,"column":13},"end":{"line":16,"column":27}},"67":{"start":{"line":16,"column":13},"end":{"line":206,"column":null}}},"fnMap":{"0":{"name":"(anonymous_4)","decl":{"start":{"line":17,"column":2},"end":{"line":17,"column":null}},"loc":{"start":{"line":22,"column":71},"end":{"line":23,"column":6}}},"1":{"name":"(anonymous_5)","decl":{"start":{"line":25,"column":2},"end":{"line":25,"column":7}},"loc":{"start":{"line":27,"column":20},"end":{"line":63,"column":3}}},"2":{"name":"(anonymous_6)","decl":{"start":{"line":65,"column":2},"end":{"line":65,"column":7}},"loc":{"start":{"line":67,"column":18},"end":{"line":99,"column":3}}},"3":{"name":"(anonymous_7)","decl":{"start":{"line":101,"column":2},"end":{"line":101,"column":7}},"loc":{"start":{"line":101,"column":62},"end":{"line":115,"column":3}}},"4":{"name":"(anonymous_8)","decl":{"start":{"line":117,"column":2},"end":{"line":117,"column":7}},"loc":{"start":{"line":117,"column":53},"end":{"line":131,"column":3}}},"5":{"name":"(anonymous_9)","decl":{"start":{"line":133,"column":2},"end":{"line":133,"column":7}},"loc":{"start":{"line":133,"column":59},"end":{"line":165,"column":3}}},"6":{"name":"(anonymous_10)","decl":{"start":{"line":148,"column":34},"end":{"line":148,"column":35}},"loc":{"start":{"line":148,"column":41},"end":{"line":148,"column":51}}},"7":{"name":"(anonymous_11)","decl":{"start":{"line":151,"column":40},"end":{"line":151,"column":41}},"loc":{"start":{"line":151,"column":46},"end":{"line":154,"column":5}}},"8":{"name":"(anonymous_12)","decl":{"start":{"line":152,"column":36},"end":{"line":152,"column":37}},"loc":{"start":{"line":152,"column":44},"end":{"line":152,"column":64}}},"9":{"name":"(anonymous_13)","decl":{"start":{"line":167,"column":2},"end":{"line":167,"column":7}},"loc":{"start":{"line":167,"column":40},"end":{"line":175,"column":3}}},"10":{"name":"(anonymous_14)","decl":{"start":{"line":177,"column":2},"end":{"line":177,"column":7}},"loc":{"start":{"line":177,"column":56},"end":{"line":180,"column":3}}},"11":{"name":"(anonymous_15)","decl":{"start":{"line":182,"column":10},"end":{"line":182,"column":15}},"loc":{"start":{"line":184,"column":19},"end":{"line":192,"column":3}}},"12":{"name":"(anonymous_16)","decl":{"start":{"line":194,"column":10},"end":{"line":194,"column":15}},"loc":{"start":{"line":194,"column":46},"end":{"line":198,"column":3}}},"13":{"name":"(anonymous_17)","decl":{"start":{"line":200,"column":2},"end":{"line":200,"column":7}},"loc":{"start":{"line":202,"column":25},"end":{"line":205,"column":3}}}},"branchMap":{"0":{"loc":{"start":{"line":29,"column":4},"end":{"line":31,"column":5}},"type":"if","locations":[{"start":{"line":29,"column":4},"end":{"line":31,"column":5}}]},"1":{"loc":{"start":{"line":35,"column":4},"end":{"line":42,"column":5}},"type":"if","locations":[{"start":{"line":35,"column":4},"end":{"line":42,"column":5}}]},"2":{"loc":{"start":{"line":36,"column":6},"end":{"line":38,"column":7}},"type":"if","locations":[{"start":{"line":36,"column":6},"end":{"line":38,"column":7}}]},"3":{"loc":{"start":{"line":39,"column":6},"end":{"line":41,"column":7}},"type":"if","locations":[{"start":{"line":39,"column":6},"end":{"line":41,"column":7}}]},"4":{"loc":{"start":{"line":74,"column":4},"end":{"line":76,"column":5}},"type":"if","locations":[{"start":{"line":74,"column":4},"end":{"line":76,"column":5}}]},"5":{"loc":{"start":{"line":74,"column":8},"end":{"line":74,"column":47}},"type":"binary-expr","locations":[{"start":{"line":74,"column":8},"end":{"line":74,"column":16}},{"start":{"line":74,"column":20},"end":{"line":74,"column":47}}]},"6":{"loc":{"start":{"line":90,"column":4},"end":{"line":96,"column":5}},"type":"if","locations":[{"start":{"line":90,"column":4},"end":{"line":96,"column":5}}]},"7":{"loc":{"start":{"line":107,"column":4},"end":{"line":112,"column":5}},"type":"if","locations":[{"start":{"line":107,"column":4},"end":{"line":112,"column":5}}]},"8":{"loc":{"start":{"line":108,"column":6},"end":{"line":109,"column":64}},"type":"binary-expr","locations":[{"start":{"line":108,"column":6},"end":{"line":108,"column":14}},{"start":{"line":109,"column":7},"end":{"line":109,"column":34}},{"start":{"line":109,"column":38},"end":{"line":109,"column":63}}]},"9":{"loc":{"start":{"line":120,"column":4},"end":{"line":122,"column":5}},"type":"if","locations":[{"start":{"line":120,"column":4},"end":{"line":122,"column":5}}]},"10":{"loc":{"start":{"line":120,"column":8},"end":{"line":120,"column":70}},"type":"binary-expr","locations":[{"start":{"line":120,"column":8},"end":{"line":120,"column":19}},{"start":{"line":120,"column":23},"end":{"line":120,"column":70}}]},"11":{"loc":{"start":{"line":126,"column":4},"end":{"line":130,"column":5}},"type":"if","locations":[{"start":{"line":126,"column":4},"end":{"line":130,"column":5}},{"start":{"line":128,"column":11},"end":{"line":130,"column":5}}]},"12":{"loc":{"start":{"line":134,"column":12},"end":{"line":134,"column":20}},"type":"default-arg","locations":[{"start":{"line":134,"column":19},"end":{"line":134,"column":20}}]},"13":{"loc":{"start":{"line":134,"column":22},"end":{"line":134,"column":32}},"type":"default-arg","locations":[{"start":{"line":134,"column":30},"end":{"line":134,"column":32}}]},"14":{"loc":{"start":{"line":179,"column":11},"end":{"line":179,"column":74}},"type":"binary-expr","locations":[{"start":{"line":179,"column":11},"end":{"line":179,"column":23}},{"start":{"line":179,"column":27},"end":{"line":179,"column":74}}]}},"s":{"0":7,"1":7,"2":7,"3":7,"4":7,"5":7,"6":7,"7":7,"8":7,"9":7,"10":7,"11":7,"12":11,"13":11,"14":11,"15":11,"16":4,"17":1,"18":3,"19":3,"20":2,"21":1,"22":1,"23":1,"24":1,"25":1,"26":1,"27":1,"28":1,"29":1,"30":0,"31":1,"32":1,"33":1,"34":1,"35":1,"36":1,"37":1,"38":1,"39":1,"40":0,"41":1,"42":1,"43":1,"44":0,"45":1,"46":1,"47":1,"48":0,"49":1,"50":1,"51":1,"52":1,"53":1,"54":1,"55":1,"56":1,"57":1,"58":1,"59":1,"60":0,"61":2,"62":2,"63":7,"64":1,"65":0,"66":7,"67":7},"f":{"0":11,"1":4,"2":1,"3":1,"4":1,"5":1,"6":1,"7":1,"8":1,"9":0,"10":2,"11":7,"12":1,"13":0},"b":{"0":[1],"1":[2],"2":[1],"3":[1],"4":[0],"5":[1,1],"6":[1],"7":[0],"8":[1,1,0],"9":[0],"10":[1,1],"11":[1,0],"12":[0],"13":[0],"14":[2,1]}}
,"C:\\Users\\Oleg\\Documents\\GitHub\\cryo\\backend\\social-service\\src\\friends\\dto\\accept-friend-request.dto.ts": {"path":"C:\\Users\\Oleg\\Documents\\GitHub\\cryo\\backend\\social-service\\src\\friends\\dto\\accept-friend-request.dto.ts","statementMap":{"0":{"start":{"line":1,"column":0},"end":{"line":1,"column":46}},"1":{"start":{"line":2,"column":0},"end":{"line":2,"column":53}},"2":{"start":{"line":4,"column":0},"end":{"line":4,"column":13}},"3":{"start":{"line":11,"column":2},"end":{"line":11,"column":null}}},"fnMap":{},"branchMap":{},"s":{"0":0,"1":0,"2":0,"3":0},"f":{},"b":{}}
,"C:\\Users\\Oleg\\Documents\\GitHub\\cryo\\backend\\social-service\\src\\friends\\dto\\bulk-friend-action.dto.ts": {"path":"C:\\Users\\Oleg\\Documents\\GitHub\\cryo\\backend\\social-service\\src\\friends\\dto\\bulk-friend-action.dto.ts","statementMap":{"0":{"start":{"line":1,"column":0},"end":{"line":1,"column":46}},"1":{"start":{"line":2,"column":0},"end":{"line":2,"column":null}},"2":{"start":{"line":10,"column":0},"end":{"line":10,"column":13}},"3":{"start":{"line":24,"column":2},"end":{"line":24,"column":null}}},"fnMap":{},"branchMap":{},"s":{"0":0,"1":0,"2":0,"3":0},"f":{},"b":{}}
,"C:\\Users\\Oleg\\Documents\\GitHub\\cryo\\backend\\social-service\\src\\friends\\dto\\decline-friend-request.dto.ts": {"path":"C:\\Users\\Oleg\\Documents\\GitHub\\cryo\\backend\\social-service\\src\\friends\\dto\\decline-friend-request.dto.ts","statementMap":{"0":{"start":{"line":1,"column":0},"end":{"line":1,"column":46}},"1":{"start":{"line":2,"column":0},"end":{"line":2,"column":53}},"2":{"start":{"line":4,"column":0},"end":{"line":4,"column":13}},"3":{"start":{"line":11,"column":2},"end":{"line":11,"column":null}}},"fnMap":{},"branchMap":{},"s":{"0":0,"1":0,"2":0,"3":0},"f":{},"b":{}}
,"C:\\Users\\Oleg\\Documents\\GitHub\\cryo\\backend\\social-service\\src\\friends\\dto\\friend.dto.ts": {"path":"C:\\Users\\Oleg\\Documents\\GitHub\\cryo\\backend\\social-service\\src\\friends\\dto\\friend.dto.ts","statementMap":{"0":{"start":{"line":1,"column":0},"end":{"line":1,"column":67}},"1":{"start":{"line":2,"column":0},"end":{"line":2,"column":70}},"2":{"start":{"line":3,"column":0},"end":{"line":3,"column":68}},"3":{"start":{"line":5,"column":0},"end":{"line":5,"column":13}},"4":{"start":{"line":10,"column":2},"end":{"line":10,"column":null}},"5":{"start":{"line":16,"column":2},"end":{"line":16,"column":null}},"6":{"start":{"line":23,"column":2},"end":{"line":23,"column":null}},"7":{"start":{"line":29,"column":2},"end":{"line":29,"column":null}},"8":{"start":{"line":35,"column":2},"end":{"line":35,"column":null}},"9":{"start":{"line":38,"column":0},"end":{"line":38,"column":13}},"10":{"start":{"line":43,"column":2},"end":{"line":43,"column":null}},"11":{"start":{"line":49,"column":2},"end":{"line":49,"column":null}},"12":{"start":{"line":55,"column":2},"end":{"line":55,"column":null}},"13":{"start":{"line":62,"column":2},"end":{"line":62,"column":null}},"14":{"start":{"line":68,"column":2},"end":{"line":68,"column":null}},"15":{"start":{"line":74,"column":2},"end":{"line":74,"column":null}},"16":{"start":{"line":71,"column":16},"end":{"line":71,"column":26}}},"fnMap":{"0":{"name":"(anonymous_2)","decl":{"start":{"line":71,"column":10},"end":{"line":71,"column":13}},"loc":{"start":{"line":71,"column":16},"end":{"line":71,"column":26}}}},"branchMap":{},"s":{"0":0,"1":0,"2":0,"3":0,"4":0,"5":0,"6":0,"7":0,"8":0,"9":0,"10":0,"11":0,"12":0,"13":0,"14":0,"15":0,"16":0},"f":{"0":0},"b":{}}
,"C:\\Users\\Oleg\\Documents\\GitHub\\cryo\\backend\\social-service\\src\\friends\\dto\\friends-query.dto.ts": {"path":"C:\\Users\\Oleg\\Documents\\GitHub\\cryo\\backend\\social-service\\src\\friends\\dto\\friends-query.dto.ts","statementMap":{"0":{"start":{"line":1,"column":0},"end":{"line":1,"column":54}},"1":{"start":{"line":2,"column":0},"end":{"line":2,"column":46}},"2":{"start":{"line":3,"column":0},"end":{"line":3,"column":70}},"3":{"start":{"line":15,"column":2},"end":{"line":15,"column":20}},"4":{"start":{"line":27,"column":2},"end":{"line":27,"column":22}},"5":{"start":{"line":36,"column":2},"end":{"line":36,"column":26}},"6":{"start":{"line":5,"column":0},"end":{"line":5,"column":13}},"7":{"start":{"line":15,"column":2},"end":{"line":15,"column":null}},"8":{"start":{"line":14,"column":28},"end":{"line":14,"column":47}},"9":{"start":{"line":27,"column":2},"end":{"line":27,"column":null}},"10":{"start":{"line":26,"column":28},"end":{"line":26,"column":47}},"11":{"start":{"line":36,"column":2},"end":{"line":36,"column":null}}},"fnMap":{"0":{"name":"(anonymous_2)","decl":{"start":{"line":5,"column":0},"end":{"line":5,"column":13}},"loc":{"start":{"line":5,"column":0},"end":{"line":37,"column":1}}},"1":{"name":"(anonymous_3)","decl":{"start":{"line":14,"column":13},"end":{"line":14,"column":14}},"loc":{"start":{"line":14,"column":28},"end":{"line":14,"column":47}}},"2":{"name":"(anonymous_4)","decl":{"start":{"line":26,"column":13},"end":{"line":26,"column":14}},"loc":{"start":{"line":26,"column":28},"end":{"line":26,"column":47}}}},"branchMap":{},"s":{"0":1,"1":1,"2":1,"3":0,"4":0,"5":0,"6":1,"7":1,"8":0,"9":1,"10":0,"11":1},"f":{"0":0,"1":0,"2":0},"b":{}}
,"C:\\Users\\Oleg\\Documents\\GitHub\\cryo\\backend\\social-service\\src\\friends\\dto\\friends-response.dto.ts": {"path":"C:\\Users\\Oleg\\Documents\\GitHub\\cryo\\backend\\social-service\\src\\friends\\dto\\friends-response.dto.ts","statementMap":{"0":{"start":{"line":1,"column":0},"end":{"line":1,"column":46}},"1":{"start":{"line":2,"column":0},"end":{"line":2,"column":41}},"2":{"start":{"line":3,"column":0},"end":{"line":3,"column":49}},"3":{"start":{"line":5,"column":0},"end":{"line":5,"column":13}},"4":{"start":{"line":10,"column":2},"end":{"line":10,"column":null}},"5":{"start":{"line":16,"column":2},"end":{"line":16,"column":null}},"6":{"start":{"line":13,"column":16},"end":{"line":13,"column":29}}},"fnMap":{"0":{"name":"(anonymous_2)","decl":{"start":{"line":13,"column":10},"end":{"line":13,"column":13}},"loc":{"start":{"line":13,"column":16},"end":{"line":13,"column":29}}}},"branchMap":{},"s":{"0":0,"1":0,"2":0,"3":0,"4":0,"5":0,"6":0},"f":{"0":0},"b":{}}
,"C:\\Users\\Oleg\\Documents\\GitHub\\cryo\\backend\\social-service\\src\\friends\\dto\\friends-stats.dto.ts": {"path":"C:\\Users\\Oleg\\Documents\\GitHub\\cryo\\backend\\social-service\\src\\friends\\dto\\friends-stats.dto.ts","statementMap":{"0":{"start":{"line":1,"column":0},"end":{"line":1,"column":46}},"1":{"start":{"line":3,"column":0},"end":{"line":3,"column":13}},"2":{"start":{"line":8,"column":2},"end":{"line":8,"column":null}},"3":{"start":{"line":14,"column":2},"end":{"line":14,"column":null}},"4":{"start":{"line":20,"column":2},"end":{"line":20,"column":null}},"5":{"start":{"line":26,"column":2},"end":{"line":26,"column":null}}},"fnMap":{},"branchMap":{},"s":{"0":0,"1":0,"2":0,"3":0,"4":0,"5":0},"f":{},"b":{}}
,"C:\\Users\\Oleg\\Documents\\GitHub\\cryo\\backend\\social-service\\src\\friends\\dto\\index.ts": {"path":"C:\\Users\\Oleg\\Documents\\GitHub\\cryo\\backend\\social-service\\src\\friends\\dto\\index.ts","statementMap":{"0":{"start":{"line":1,"column":0},"end":{"line":1,"column":44}},"1":{"start":{"line":2,"column":0},"end":{"line":2,"column":41}},"2":{"start":{"line":3,"column":0},"end":{"line":3,"column":45}},"3":{"start":{"line":4,"column":0},"end":{"line":4,"column":29}},"4":{"start":{"line":5,"column":0},"end":{"line":5,"column":36}},"5":{"start":{"line":6,"column":0},"end":{"line":6,"column":39}},"6":{"start":{"line":7,"column":0},"end":{"line":7,"column":36}},"7":{"start":{"line":8,"column":0},"end":{"line":8,"column":41}},"8":{"start":{"line":9,"column":0},"end":{"line":9,"column":42}},"9":{"start":{"line":10,"column":0},"end":{"line":10,"column":41}}},"fnMap":{},"branchMap":{},"s":{"0":0,"1":0,"2":0,"3":0,"4":0,"5":0,"6":0,"7":0,"8":0,"9":0},"f":{},"b":{}}
,"C:\\Users\\Oleg\\Documents\\GitHub\\cryo\\backend\\social-service\\src\\friends\\dto\\search-users-query.dto.ts": {"path":"C:\\Users\\Oleg\\Documents\\GitHub\\cryo\\backend\\social-service\\src\\friends\\dto\\search-users-query.dto.ts","statementMap":{"0":{"start":{"line":1,"column":0},"end":{"line":1,"column":46}},"1":{"start":{"line":2,"column":0},"end":{"line":2,"column":77}},"2":{"start":{"line":4,"column":0},"end":{"line":4,"column":13}},"3":{"start":{"line":15,"column":2},"end":{"line":15,"column":null}}},"fnMap":{},"branchMap":{},"s":{"0":0,"1":0,"2":0,"3":0},"f":{},"b":{}}
,"C:\\Users\\Oleg\\Documents\\GitHub\\cryo\\backend\\social-service\\src\\friends\\dto\\send-friend-request.dto.ts": {"path":"C:\\Users\\Oleg\\Documents\\GitHub\\cryo\\backend\\social-service\\src\\friends\\dto\\send-friend-request.dto.ts","statementMap":{"0":{"start":{"line":1,"column":0},"end":{"line":1,"column":46}},"1":{"start":{"line":2,"column":0},"end":{"line":2,"column":null}},"2":{"start":{"line":10,"column":0},"end":{"line":10,"column":13}},"3":{"start":{"line":17,"column":2},"end":{"line":17,"column":null}},"4":{"start":{"line":27,"column":2},"end":{"line":27,"column":null}}},"fnMap":{},"branchMap":{},"s":{"0":1,"1":1,"2":1,"3":1,"4":1},"f":{},"b":{}}
,"C:\\Users\\Oleg\\Documents\\GitHub\\cryo\\backend\\social-service\\src\\friends\\dto\\user-search-result.dto.ts": {"path":"C:\\Users\\Oleg\\Documents\\GitHub\\cryo\\backend\\social-service\\src\\friends\\dto\\user-search-result.dto.ts","statementMap":{"0":{"start":{"line":1,"column":0},"end":{"line":1,"column":67}},"1":{"start":{"line":3,"column":0},"end":{"line":3,"column":13}},"2":{"start":{"line":5,"column":2},"end":{"line":5,"column":null}},"3":{"start":{"line":8,"column":2},"end":{"line":8,"column":null}},"4":{"start":{"line":11,"column":2},"end":{"line":11,"column":null}}},"fnMap":{},"branchMap":{},"s":{"0":0,"1":0,"2":0,"3":0,"4":0},"f":{},"b":{}}
,"C:\\Users\\Oleg\\Documents\\GitHub\\cryo\\backend\\social-service\\src\\friends\\entities\\friendship-status.enum.ts": {"path":"C:\\Users\\Oleg\\Documents\\GitHub\\cryo\\backend\\social-service\\src\\friends\\entities\\friendship-status.enum.ts","statementMap":{"0":{"start":{"line":1,"column":0},"end":{"line":1,"column":null}},"1":{"start":{"line":2,"column":2},"end":{"line":2,"column":null}},"2":{"start":{"line":3,"column":2},"end":{"line":3,"column":null}},"3":{"start":{"line":4,"column":2},"end":{"line":4,"column":null}},"4":{"start":{"line":5,"column":2},"end":{"line":5,"column":null}}},"fnMap":{"0":{"name":"(anonymous_0)","decl":{"start":{"line":1,"column":0},"end":{"line":1,"column":12}},"loc":{"start":{"line":1,"column":28},"end":{"line":6,"column":1}}}},"branchMap":{"0":{"loc":{"start":{"line":1,"column":12},"end":{"line":1,"column":null}},"type":"binary-expr","locations":[{"start":{"line":1,"column":12},"end":{"line":1,"column":28}},{"start":{"line":1,"column":28},"end":{"line":1,"column":null}}]}},"s":{"0":7,"1":7,"2":7,"3":7,"4":7},"f":{"0":7},"b":{"0":[7,7]}}
,"C:\\Users\\Oleg\\Documents\\GitHub\\cryo\\backend\\social-service\\src\\friends\\entities\\friendship.entity.ts": {"path":"C:\\Users\\Oleg\\Documents\\GitHub\\cryo\\backend\\social-service\\src\\friends\\entities\\friendship.entity.ts","statementMap":{"0":{"start":{"line":1,"column":0},"end":{"line":1,"column":null}},"1":{"start":{"line":9,"column":0},"end":{"line":9,"column":60}},"2":{"start":{"line":13,"column":7},"end":{"line":36,"column":null}},"3":{"start":{"line":13,"column":13},"end":{"line":13,"column":23}},"4":{"start":{"line":15,"column":2},"end":{"line":15,"column":null}},"5":{"start":{"line":19,"column":2},"end":{"line":19,"column":null}},"6":{"start":{"line":23,"column":2},"end":{"line":23,"column":null}},"7":{"start":{"line":26,"column":2},"end":{"line":26,"column":null}},"8":{"start":{"line":29,"column":2},"end":{"line":29,"column":null}},"9":{"start":{"line":32,"column":2},"end":{"line":32,"column":null}},"10":{"start":{"line":35,"column":2},"end":{"line":35,"column":null}},"11":{"start":{"line":13,"column":13},"end":{"line":36,"column":null}}},"fnMap":{},"branchMap":{},"s":{"0":7,"1":7,"2":7,"3":7,"4":7,"5":7,"6":7,"7":7,"8":7,"9":7,"10":7,"11":7},"f":{},"b":{}}
,"C:\\Users\\Oleg\\Documents\\GitHub\\cryo\\backend\\social-service\\src\\health\\health.controller.ts": {"path":"C:\\Users\\Oleg\\Documents\\GitHub\\cryo\\backend\\social-service\\src\\health\\health.controller.ts","statementMap":{"0":{"start":{"line":1,"column":0},"end":{"line":1,"column":49}},"1":{"start":{"line":2,"column":0},"end":{"line":2,"column":56}},"2":{"start":{"line":6,"column":7},"end":{"line":15,"column":null}},"3":{"start":{"line":10,"column":4},"end":{"line":13,"column":6}},"4":{"start":{"line":6,"column":13},"end":{"line":6,"column":29}},"5":{"start":{"line":9,"column":2},"end":{"line":14,"column":null}},"6":{"start":{"line":6,"column":13},"end":{"line":15,"column":null}}},"fnMap":{"0":{"name":"(anonymous_2)","decl":{"start":{"line":9,"column":2},"end":{"line":9,"column":7}},"loc":{"start":{"line":9,"column":7},"end":{"line":14,"column":3}}}},"branchMap":{},"s":{"0":0,"1":0,"2":0,"3":0,"4":0,"5":0,"6":0},"f":{"0":0},"b":{}}
,"C:\\Users\\Oleg\\Documents\\GitHub\\cryo\\backend\\social-service\\src\\health\\health.module.ts": {"path":"C:\\Users\\Oleg\\Documents\\GitHub\\cryo\\backend\\social-service\\src\\health\\health.module.ts","statementMap":{"0":{"start":{"line":1,"column":0},"end":{"line":1,"column":40}},"1":{"start":{"line":2,"column":0},"end":{"line":2,"column":55}},"2":{"start":{"line":7,"column":7},"end":{"line":7,"column":null}},"3":{"start":{"line":7,"column":13},"end":{"line":7,"column":25}},"4":{"start":{"line":7,"column":13},"end":{"line":7,"column":null}}},"fnMap":{},"branchMap":{},"s":{"0":0,"1":0,"2":0,"3":0,"4":0},"f":{},"b":{}}
,"C:\\Users\\Oleg\\Documents\\GitHub\\cryo\\backend\\social-service\\src\\messages\\messages.controller.ts": {"path":"C:\\Users\\Oleg\\Documents\\GitHub\\cryo\\backend\\social-service\\src\\messages\\messages.controller.ts","statementMap":{"0":{"start":{"line":1,"column":0},"end":{"line":1,"column":null}},"1":{"start":{"line":14,"column":0},"end":{"line":14,"column":55}},"2":{"start":{"line":15,"column":0},"end":{"line":15,"column":56}},"3":{"start":{"line":16,"column":0},"end":{"line":16,"column":60}},"4":{"start":{"line":17,"column":0},"end":{"line":17,"column":71}},"5":{"start":{"line":19,"column":0},"end":{"line":19,"column":61}},"6":{"start":{"line":20,"column":0},"end":{"line":20,"column":66}},"7":{"start":{"line":21,"column":0},"end":{"line":21,"column":65}},"8":{"start":{"line":27,"column":7},"end":{"line":65,"column":null}},"9":{"start":{"line":28,"column":31},"end":{"line":28,"column":49}},"10":{"start":{"line":33,"column":23},"end":{"line":33,"column":38}},"11":{"start":{"line":34,"column":4},"end":{"line":34,"column":62}},"12":{"start":{"line":40,"column":19},"end":{"line":40,"column":34}},"13":{"start":{"line":41,"column":4},"end":{"line":41,"column":58}},"14":{"start":{"line":51,"column":19},"end":{"line":51,"column":34}},"15":{"start":{"line":52,"column":4},"end":{"line":52,"column":74}},"16":{"start":{"line":62,"column":19},"end":{"line":62,"column":34}},"17":{"start":{"line":63,"column":4},"end":{"line":63,"column":62}},"18":{"start":{"line":27,"column":13},"end":{"line":27,"column":31}},"19":{"start":{"line":32,"column":8},"end":{"line":35,"column":null}},"20":{"start":{"line":39,"column":8},"end":{"line":42,"column":null}},"21":{"start":{"line":46,"column":8},"end":{"line":53,"column":null}},"22":{"start":{"line":58,"column":8},"end":{"line":64,"column":null}},"23":{"start":{"line":27,"column":13},"end":{"line":65,"column":null}}},"fnMap":{"0":{"name":"(anonymous_4)","decl":{"start":{"line":28,"column":2},"end":{"line":28,"column":31}},"loc":{"start":{"line":28,"column":65},"end":{"line":28,"column":69}}},"1":{"name":"(anonymous_5)","decl":{"start":{"line":32,"column":2},"end":{"line":32,"column":7}},"loc":{"start":{"line":32,"column":72},"end":{"line":35,"column":3}}},"2":{"name":"(anonymous_6)","decl":{"start":{"line":39,"column":2},"end":{"line":39,"column":7}},"loc":{"start":{"line":39,"column":48},"end":{"line":42,"column":3}}},"3":{"name":"(anonymous_7)","decl":{"start":{"line":46,"column":2},"end":{"line":46,"column":7}},"loc":{"start":{"line":49,"column":36},"end":{"line":53,"column":3}}},"4":{"name":"(anonymous_8)","decl":{"start":{"line":58,"column":2},"end":{"line":58,"column":7}},"loc":{"start":{"line":60,"column":41},"end":{"line":64,"column":3}}}},"branchMap":{},"s":{"0":1,"1":1,"2":1,"3":1,"4":1,"5":1,"6":1,"7":1,"8":1,"9":5,"10":1,"11":1,"12":1,"13":1,"14":1,"15":1,"16":1,"17":1,"18":1,"19":1,"20":1,"21":1,"22":1,"23":1},"f":{"0":5,"1":1,"2":1,"3":1,"4":1},"b":{}}
,"C:\\Users\\Oleg\\Documents\\GitHub\\cryo\\backend\\social-service\\src\\messages\\messages.module.ts": {"path":"C:\\Users\\Oleg\\Documents\\GitHub\\cryo\\backend\\social-service\\src\\messages\\messages.module.ts","statementMap":{"0":{"start":{"line":1,"column":0},"end":{"line":1,"column":40}},"1":{"start":{"line":2,"column":0},"end":{"line":2,"column":48}},"2":{"start":{"line":3,"column":0},"end":{"line":3,"column":52}},"3":{"start":{"line":4,"column":0},"end":{"line":4,"column":58}},"4":{"start":{"line":5,"column":0},"end":{"line":5,"column":55}},"5":{"start":{"line":6,"column":0},"end":{"line":6,"column":59}},"6":{"start":{"line":7,"column":0},"end":{"line":7,"column":58}},"7":{"start":{"line":15,"column":7},"end":{"line":15,"column":null}},"8":{"start":{"line":15,"column":13},"end":{"line":15,"column":27}},"9":{"start":{"line":15,"column":13},"end":{"line":15,"column":null}}},"fnMap":{},"branchMap":{},"s":{"0":0,"1":0,"2":0,"3":0,"4":0,"5":0,"6":0,"7":0,"8":0,"9":0},"f":{},"b":{}}
,"C:\\Users\\Oleg\\Documents\\GitHub\\cryo\\backend\\social-service\\src\\messages\\messaging.service.ts": {"path":"C:\\Users\\Oleg\\Documents\\GitHub\\cryo\\backend\\social-service\\src\\messages\\messaging.service.ts","statementMap":{"0":{"start":{"line":1,"column":0},"end":{"line":1,"column":44}},"1":{"start":{"line":2,"column":0},"end":{"line":2,"column":51}},"2":{"start":{"line":3,"column":0},"end":{"line":3,"column":37}},"3":{"start":{"line":4,"column":0},"end":{"line":4,"column":52}},"4":{"start":{"line":5,"column":0},"end":{"line":5,"column":60}},"5":{"start":{"line":6,"column":0},"end":{"line":6,"column":81}},"6":{"start":{"line":9,"column":0},"end":{"line":9,"column":92}},"7":{"start":{"line":10,"column":0},"end":{"line":10,"column":83}},"8":{"start":{"line":11,"column":0},"end":{"line":11,"column":67}},"9":{"start":{"line":14,"column":7},"end":{"line":131,"column":null}},"10":{"start":{"line":17,"column":21},"end":{"line":17,"column":40}},"11":{"start":{"line":18,"column":21},"end":{"line":18,"column":37}},"12":{"start":{"line":19,"column":21},"end":{"line":19,"column":48}},"13":{"start":{"line":20,"column":21},"end":{"line":20,"column":40}},"14":{"start":{"line":24,"column":23},"end":{"line":26,"column":null}},"15":{"start":{"line":28,"column":4},"end":{"line":30,"column":5}},"16":{"start":{"line":29,"column":6},"end":{"line":29,"column":38}},"17":{"start":{"line":32,"column":20},"end":{"line":36,"column":6}},"18":{"start":{"line":38,"column":25},"end":{"line":38,"column":67}},"19":{"start":{"line":40,"column":4},"end":{"line":46,"column":7}},"20":{"start":{"line":48,"column":4},"end":{"line":48,"column":24}},"21":{"start":{"line":54,"column":27},"end":{"line":60,"column":null}},"22":{"start":{"line":63,"column":23},"end":{"line":63,"column":71}},"23":{"start":{"line":63,"column":56},"end":{"line":63,"column":70}},"24":{"start":{"line":64,"column":25},"end":{"line":64,"column":79}},"25":{"start":{"line":66,"column":26},"end":{"line":74,"column":6}},"26":{"start":{"line":67,"column":26},"end":{"line":67,"column":75}},"27":{"start":{"line":67,"column":51},"end":{"line":67,"column":74}},"28":{"start":{"line":68,"column":6},"end":{"line":73,"column":8}},"29":{"start":{"line":76,"column":4},"end":{"line":76,"column":25}},"30":{"start":{"line":84,"column":37},"end":{"line":84,"column":44}},"31":{"start":{"line":86,"column":27},"end":{"line":89,"column":6}},"32":{"start":{"line":91,"column":30},"end":{"line":96,"column":6}},"33":{"start":{"line":98,"column":4},"end":{"line":106,"column":6}},"34":{"start":{"line":110,"column":20},"end":{"line":110,"column":77}},"35":{"start":{"line":112,"column":4},"end":{"line":114,"column":5}},"36":{"start":{"line":113,"column":6},"end":{"line":113,"column":52}},"37":{"start":{"line":116,"column":4},"end":{"line":120,"column":5}},"38":{"start":{"line":117,"column":6},"end":{"line":117,"column":28}},"39":{"start":{"line":118,"column":6},"end":{"line":118,"column":34}},"40":{"start":{"line":119,"column":6},"end":{"line":119,"column":49}},"41":{"start":{"line":124,"column":4},"end":{"line":129,"column":7}},"42":{"start":{"line":14,"column":13},"end":{"line":14,"column":29}},"43":{"start":{"line":14,"column":13},"end":{"line":131,"column":null}}},"fnMap":{"0":{"name":"(anonymous_4)","decl":{"start":{"line":15,"column":2},"end":{"line":15,"column":null}},"loc":{"start":{"line":20,"column":57},"end":{"line":21,"column":6}}},"1":{"name":"(anonymous_5)","decl":{"start":{"line":23,"column":2},"end":{"line":23,"column":7}},"loc":{"start":{"line":23,"column":59},"end":{"line":49,"column":3}}},"2":{"name":"(anonymous_6)","decl":{"start":{"line":51,"column":2},"end":{"line":51,"column":7}},"loc":{"start":{"line":51,"column":39},"end":{"line":77,"column":3}}},"3":{"name":"(anonymous_7)","decl":{"start":{"line":63,"column":42},"end":{"line":63,"column":43}},"loc":{"start":{"line":63,"column":56},"end":{"line":63,"column":70}}},"4":{"name":"(anonymous_8)","decl":{"start":{"line":66,"column":45},"end":{"line":66,"column":46}},"loc":{"start":{"line":66,"column":58},"end":{"line":74,"column":5}}},"5":{"name":"(anonymous_9)","decl":{"start":{"line":67,"column":44},"end":{"line":67,"column":45}},"loc":{"start":{"line":67,"column":51},"end":{"line":67,"column":74}}},"6":{"name":"(anonymous_10)","decl":{"start":{"line":79,"column":2},"end":{"line":79,"column":7}},"loc":{"start":{"line":82,"column":29},"end":{"line":107,"column":3}}},"7":{"name":"(anonymous_11)","decl":{"start":{"line":109,"column":2},"end":{"line":109,"column":7}},"loc":{"start":{"line":109,"column":52},"end":{"line":121,"column":3}}},"8":{"name":"(anonymous_12)","decl":{"start":{"line":123,"column":2},"end":{"line":123,"column":7}},"loc":{"start":{"line":123,"column":37},"end":{"line":130,"column":3}}}},"branchMap":{"0":{"loc":{"start":{"line":28,"column":4},"end":{"line":30,"column":5}},"type":"if","locations":[{"start":{"line":28,"column":4},"end":{"line":30,"column":5}}]},"1":{"loc":{"start":{"line":84,"column":12},"end":{"line":84,"column":20}},"type":"default-arg","locations":[{"start":{"line":84,"column":19},"end":{"line":84,"column":20}}]},"2":{"loc":{"start":{"li
[...]
,"C:\\Users\\Oleg\\Documents\\GitHub\\cryo\\backend\\social-service\\src\\messages\\dto\\message.dto.ts": {"path":"C:\\Users\\Oleg\\Documents\\GitHub\\cryo\\backend\\social-service\\src\\messages\\dto\\message.dto.ts","statementMap":{"0":{"start":{"line":1,"column":0},"end":{"line":1,"column":67}},"1":{"start":{"line":3,"column":0},"end":{"line":3,"column":13}},"2":{"start":{"line":8,"column":2},"end":{"line":8,"column":null}},"3":{"start":{"line":14,"column":2},"end":{"line":14,"column":null}},"4":{"start":{"line":20,"column":2},"end":{"line":20,"column":null}},"5":{"start":{"line":26,"column":2},"end":{"line":26,"column":null}},"6":{"start":{"line":32,"column":2},"end":{"line":32,"column":null}},"7":{"start":{"line":38,"column":2},"end":{"line":38,"column":null}},"8":{"start":{"line":44,"column":2},"end":{"line":44,"column":null}}},"fnMap":{},"branchMap":{},"s":{"0":0,"1":0,"2":0,"3":0,"4":0,"5":0,"6":0,"7":0,"8":0},"f":{},"b":{}}
,"C:\\Users\\Oleg\\Documents\\GitHub\\cryo\\backend\\social-service\\src\\messages\\dto\\messages-query.dto.ts": {"path":"C:\\Users\\Oleg\\Documents\\GitHub\\cryo\\backend\\social-service\\src\\messages\\dto\\messages-query.dto.ts","statementMap":{"0":{"start":{"line":1,"column":0},"end":{"line":1,"column":54}},"1":{"start":{"line":2,"column":0},"end":{"line":2,"column":46}},"2":{"start":{"line":3,"column":0},"end":{"line":3,"column":62}},"3":{"start":{"line":15,"column":2},"end":{"line":15,"column":20}},"4":{"start":{"line":27,"column":2},"end":{"line":27,"column":22}},"5":{"start":{"line":5,"column":0},"end":{"line":5,"column":13}},"6":{"start":{"line":15,"column":2},"end":{"line":15,"column":null}},"7":{"start":{"line":14,"column":28},"end":{"line":14,"column":47}},"8":{"start":{"line":27,"column":2},"end":{"line":27,"column":null}},"9":{"start":{"line":26,"column":28},"end":{"line":26,"column":47}}},"fnMap":{"0":{"name":"(anonymous_2)","decl":{"start":{"line":5,"column":0},"end":{"line":5,"column":13}},"loc":{"start":{"line":5,"column":0},"end":{"line":28,"column":1}}},"1":{"name":"(anonymous_3)","decl":{"start":{"line":14,"column":13},"end":{"line":14,"column":14}},"loc":{"start":{"line":14,"column":28},"end":{"line":14,"column":47}}},"2":{"name":"(anonymous_4)","decl":{"start":{"line":26,"column":13},"end":{"line":26,"column":14}},"loc":{"start":{"line":26,"column":28},"end":{"line":26,"column":47}}}},"branchMap":{},"s":{"0":1,"1":1,"2":1,"3":0,"4":0,"5":1,"6":1,"7":0,"8":1,"9":0},"f":{"0":0,"1":0,"2":0},"b":{}}
,"C:\\Users\\Oleg\\Documents\\GitHub\\cryo\\backend\\social-service\\src\\messages\\dto\\send-message.dto.ts": {"path":"C:\\Users\\Oleg\\Documents\\GitHub\\cryo\\backend\\social-service\\src\\messages\\dto\\send-message.dto.ts","statementMap":{"0":{"start":{"line":1,"column":0},"end":{"line":1,"column":46}},"1":{"start":{"line":2,"column":0},"end":{"line":2,"column":null}},"2":{"start":{"line":10,"column":0},"end":{"line":10,"column":13}},"3":{"start":{"line":17,"column":2},"end":{"line":17,"column":null}},"4":{"start":{"line":29,"column":2},"end":{"line":29,"column":null}}},"fnMap":{},"branchMap":{},"s":{"0":1,"1":1,"2":1,"3":1,"4":1},"f":{},"b":{}}
,"C:\\Users\\Oleg\\Documents\\GitHub\\cryo\\backend\\social-service\\src\\messages\\dto\\unread-count.dto.ts": {"path":"C:\\Users\\Oleg\\Documents\\GitHub\\cryo\\backend\\social-service\\src\\messages\\dto\\unread-count.dto.ts","statementMap":{"0":{"start":{"line":1,"column":0},"end":{"line":1,"column":46}},"1":{"start":{"line":3,"column":0},"end":{"line":3,"column":13}},"2":{"start":{"line":8,"column":2},"end":{"line":8,"column":null}},"3":{"start":{"line":14,"column":2},"end":{"line":14,"column":null}}},"fnMap":{},"branchMap":{},"s":{"0":0,"1":0,"2":0,"3":0},"f":{},"b":{}}
,"C:\\Users\\Oleg\\Documents\\GitHub\\cryo\\backend\\social-service\\src\\messages\\entities\\message.entity.ts": {"path":"C:\\Users\\Oleg\\Documents\\GitHub\\cryo\\backend\\social-service\\src\\messages\\entities\\message.entity.ts","statementMap":{"0":{"start":{"line":1,"column":0},"end":{"line":1,"column":null}},"1":{"start":{"line":11,"column":7},"end":{"line":37,"column":null}},"2":{"start":{"line":11,"column":13},"end":{"line":11,"column":20}},"3":{"start":{"line":13,"column":2},"end":{"line":13,"column":null}},"4":{"start":{"line":17,"column":2},"end":{"line":17,"column":null}},"5":{"start":{"line":21,"column":2},"end":{"line":21,"column":null}},"6":{"start":{"line":24,"column":2},"end":{"line":24,"column":null}},"7":{"start":{"line":27,"column":2},"end":{"line":27,"column":null}},"8":{"start":{"line":30,"column":2},"end":{"line":30,"column":null}},"9":{"start":{"line":33,"column":2},"end":{"line":33,"column":null}},"10":{"start":{"line":36,"column":2},"end":{"line":36,"column":null}},"11":{"start":{"line":11,"column":13},"end":{"line":37,"column":null}}},"fnMap":{},"branchMap":{},"s":{"0":2,"1":2,"2":2,"3":2,"4":2,"5":2,"6":2,"7":2,"8":2,"9":2,"10":2,"11":2},"f":{},"b":{}}
,"C:\\Users\\Oleg\\Documents\\GitHub\\cryo\\backend\\social-service\\src\\status\\status.controller.ts": {"path":"C:\\Users\\Oleg\\Documents\\GitHub\\cryo\\backend\\social-service\\src\\status\\status.controller.ts","statementMap":{"0":{"start":{"line":1,"column":0},"end":{"line":1,"column":null}},"1":{"start":{"line":11,"column":0},"end":{"line":11,"column":49}},"2":{"start":{"line":12,"column":0},"end":{"line":12,"column":52}},"3":{"start":{"line":13,"column":0},"end":{"line":13,"column":71}},"4":{"start":{"line":15,"column":0},"end":{"line":15,"column":61}},"5":{"start":{"line":21,"column":7},"end":{"line":46,"column":null}},"6":{"start":{"line":22,"column":31},"end":{"line":22,"column":46}},"7":{"start":{"line":28,"column":19},"end":{"line":28,"column":34}},"8":{"start":{"line":29,"column":4},"end":{"line":29,"column":70}},"9":{"start":{"line":36,"column":19},"end":{"line":36,"column":34}},"10":{"start":{"line":37,"column":4},"end":{"line":37,"column":54}},"11":{"start":{"line":43,"column":19},"end":{"line":43,"column":34}},"12":{"start":{"line":44,"column":4},"end":{"line":44,"column":55}},"13":{"start":{"line":21,"column":13},"end":{"line":21,"column":29}},"14":{"start":{"line":27,"column":8},"end":{"line":30,"column":null}},"15":{"start":{"line":35,"column":8},"end":{"line":38,"column":null}},"16":{"start":{"line":42,"column":8},"end":{"line":45,"column":null}},"17":{"start":{"line":21,"column":13},"end":{"line":46,"column":null}}},"fnMap":{"0":{"name":"(anonymous_4)","decl":{"start":{"line":22,"column":2},"end":{"line":22,"column":31}},"loc":{"start":{"line":22,"column":59},"end":{"line":22,"column":63}}},"1":{"name":"(anonymous_5)","decl":{"start":{"line":27,"column":2},"end":{"line":27,"column":7}},"loc":{"start":{"line":27,"column":74},"end":{"line":30,"column":3}}},"2":{"name":"(anonymous_6)","decl":{"start":{"line":35,"column":2},"end":{"line":35,"column":7}},"loc":{"start":{"line":35,"column":48},"end":{"line":38,"column":3}}},"3":{"name":"(anonymous_7)","decl":{"start":{"line":42,"column":2},"end":{"line":42,"column":7}},"loc":{"start":{"line":42,"column":48},"end":{"line":45,"column":3}}}},"branchMap":{},"s":{"0":1,"1":1,"2":1,"3":1,"4":1,"5":1,"6":4,"7":1,"8":1,"9":1,"10":1,"11":1,"12":1,"13":1,"14":1,"15":1,"16":1,"17":1},"f":{"0":4,"1":1,"2":1,"3":1},"b":{}}
,"C:\\Users\\Oleg\\Documents\\GitHub\\cryo\\backend\\social-service\\src\\status\\status.module.ts": {"path":"C:\\Users\\Oleg\\Documents\\GitHub\\cryo\\backend\\social-service\\src\\status\\status.module.ts","statementMap":{"0":{"start":{"line":1,"column":0},"end":{"line":1,"column":40}},"1":{"start":{"line":2,"column":0},"end":{"line":2,"column":48}},"2":{"start":{"line":3,"column":0},"end":{"line":3,"column":63}},"3":{"start":{"line":4,"column":0},"end":{"line":4,"column":58}},"4":{"start":{"line":5,"column":0},"end":{"line":5,"column":49}},"5":{"start":{"line":6,"column":0},"end":{"line":6,"column":55}},"6":{"start":{"line":14,"column":7},"end":{"line":14,"column":null}},"7":{"start":{"line":14,"column":13},"end":{"line":14,"column":25}},"8":{"start":{"line":14,"column":13},"end":{"line":14,"column":null}}},"fnMap":{},"branchMap":{},"s":{"0":0,"1":0,"2":0,"3":0,"4":0,"5":0,"6":0,"7":0,"8":0},"f":{},"b":{}}
,"C:\\Users\\Oleg\\Documents\\GitHub\\cryo\\backend\\social-service\\src\\status\\status.service.ts": {"path":"C:\\Users\\Oleg\\Documents\\GitHub\\cryo\\backend\\social-service\\src\\status\\status.service.ts","statementMap":{"0":{"start":{"line":1,"column":0},"end":{"line":1,"column":52}},"1":{"start":{"line":2,"column":0},"end":{"line":2,"column":51}},"2":{"start":{"line":3,"column":0},"end":{"line":3,"column":37}},"3":{"start":{"line":4,"column":0},"end":{"line":4,"column":63}},"4":{"start":{"line":5,"column":0},"end":{"line":5,"column":57}},"5":{"start":{"line":6,"column":0},"end":{"line":6,"column":60}},"6":{"start":{"line":7,"column":0},"end":{"line":7,"column":54}},"7":{"start":{"line":11,"column":26},"end":{"line":11,"column":33}},"8":{"start":{"line":14,"column":7},"end":{"line":130,"column":null}},"9":{"start":{"line":17,"column":21},"end":{"line":17,"column":39}},"10":{"start":{"line":18,"column":44},"end":{"line":18,"column":63}},"11":{"start":{"line":19,"column":21},"end":{"line":19,"column":37}},"12":{"start":{"line":23,"column":4},"end":{"line":23,"column":35}},"13":{"start":{"line":27,"column":23},"end":{"line":32,"column":6}},"14":{"start":{"line":34,"column":4},"end":{"line":34,"column":63}},"15":{"start":{"line":35,"column":4},"end":{"line":39,"column":6}},"16":{"start":{"line":43,"column":23},"end":{"line":48,"column":6}},"17":{"start":{"line":50,"column":4},"end":{"line":50,"column":63}},"18":{"start":{"line":51,"column":4},"end":{"line":51,"column":58}},"19":{"start":{"line":55,"column":25},"end":{"line":56,"column":null}},"20":{"start":{"line":58,"column":4},"end":{"line":60,"column":5}},"21":{"start":{"line":59,"column":6},"end":{"line":59,"column":48}},"22":{"start":{"line":62,"column":21},"end":{"line":62,"column":70}},"23":{"start":{"line":63,"column":4},"end":{"line":70,"column":5}},"24":{"start":{"line":64,"column":6},"end":{"line":68,"column":8}},"25":{"start":{"line":69,"column":6},"end":{"line":69,"column":44}},"26":{"start":{"line":72,"column":4},"end":{"line":72,"column":16}},"27":{"start":{"line":76,"column":24},"end":{"line":79,"column":6}},"28":{"start":{"line":80,"column":4},"end":{"line":82,"column":5}},"29":{"start":{"line":81,"column":6},"end":{"line":81,"column":16}},"30":{"start":{"line":84,"column":22},"end":{"line":84,"column":52}},"31":{"start":{"line":84,"column":41},"end":{"line":84,"column":51}},"32":{"start":{"line":85,"column":46},"end":{"line":85,"column":48}},"33":{"start":{"line":87,"column":4},"end":{"line":104,"column":5}},"34":{"start":{"line":88,"column":21},"end":{"line":88,"column":55}},"35":{"start":{"line":89,"column":6},"end":{"line":103,"column":7}},"36":{"start":{"line":90,"column":8},"end":{"line":95,"column":11}},"37":{"start":{"line":98,"column":8},"end":{"line":102,"column":11}},"38":{"start":{"line":106,"column":4},"end":{"line":106,"column":26}},"39":{"start":{"line":110,"column":16},"end":{"line":110,"column":26}},"40":{"start":{"line":111,"column":4},"end":{"line":111,"column":70}},"41":{"start":{"line":113,"column":16},"end":{"line":113,"column":40}},"42":{"start":{"line":114,"column":25},"end":{"line":114,"column":71}},"43":{"start":{"line":115,"column":4},"end":{"line":118,"column":5}},"44":{"start":{"line":116,"column":6},"end":{"line":116,"column":34}},"45":{"start":{"line":117,"column":6},"end":{"line":117,"column":72}},"46":{"start":{"line":122,"column":4},"end":{"line":127,"column":5}},"47":{"start":{"line":123,"column":32},"end":{"line":123,"column":69}},"48":{"start":{"line":124,"column":6},"end":{"line":126,"column":7}},"49":{"start":{"line":125,"column":8},"end":{"line":125,"column":40}},"50":{"start":{"line":128,"column":4},"end":{"line":128,"column":18}},"51":{"start":{"line":14,"column":13},"end":{"line":14,"column":26}},"52":{"start":{"line":14,"column":13},"end":{"line":130,"column":null}}},"fnMap":{"0":{"name":"(anonymous_4)","decl":{"start":{"line":15,"column":2},"end":{"line":15,"column":null}},"loc":{"start":{"line":19,"column":51},"end":{"line":20,"column":6}}},"1":{"name":"(anonymous_5)","decl":{"start":{"line":22,"column":10},"end":{"line":22,"column":21}},"loc":{"start":{"line":22,"column":36},"end":{"line":24,"column":3}}},"2":{"name":"(anonymous_6)","decl":{"start":{"line":26,"column":2},"end":{"line":26,"column":7}},"loc":{"start":{"line":26,"column":60},"end":{"line":40,"column":3}}},"3":{"name":"(anonymous_7)","decl":{"start":{"line":42,"column":2},"end":{"line":42,"column":7}},"loc":{"start":{"line":42,"column":39},"end":{"line":52,"column":3}}},"4":{"name":"(anonymous_8)","decl":{"start":{"line":54,"column":2},"end":{"line":54,"column":7}},"loc":{"start":{"line":54,"column":36},"end":{"line":73,"column":3}}},"5":{"name":"(anonymous_9)","decl":{"start":{"line":75,"column":2},"end":{"line":75,"column":7}},"loc":{"start":{"line":75,"column":39},"end":{"line":107,"column":3}}},"6":{"name":"(anonymous_10)","decl":{"start":{"line":84,"column":34},"end":{"line":84,"column":35}},"loc":{"start":{"line":84,"column":41},"end":{"line":84,"column":51}}},"7":{"name":"(anonymous_11)","decl":{"start":{"line":109,"column":2},"end":{"line":109,"column":7}},"loc":{"start":{"line":109,"column":37},"end":{"line":119,"column":3}}},"8":{"name":"(anonymous_12)","decl":{"start":{"line":121,"column":10},"end":{"line":121,"column":25}},"loc":{"start":{"line":121,"column":46},"end":{"line":129,"column":3}}}},"branchMap":{"0":{"loc":{"start":{"line":58,"column":4},"end":{"line":60,"column":5}},"type":"if","locations":[{"start":{"line":58,"column":4},"end":{"line":60,"column":5}}]},"1":{"loc":{"start":{"line":63,"column":4},"end":{"line":70,"column":5}},"type":"if","locations":[{"start":{"line":63,"column":4},"end":{"line":70,"column":5}}]},"2":{"loc":{"start":{"line":80,"column":4},"end":{"line":82,"column":5}},"type":"if","locations":[{"start":{"line":80,"column":4},"end":{"line":82,"column":5}}]},"3":{"loc":{"start":{"line":80,"column":8},"end":{"line":80,"column":40}},"type":"binary-expr","locations":[{"start":{"line":80,"column":8},"end":{"line":80,"column":16}},{"start":{"line":80,"column":20},"end":{"line":80,"column":40}}]},"4":{"loc":{"start":{"line":89,"column":6},"end":{"line":103,"column":7}},"type":"if","locations":[{"start":{"line":89,"column":6},"end":{"line":103,"column":7}},{"start":{"line":96,"column":13},"end":{"line":103,"column":7}}]},"5":{"loc":{"start":{"line":115,"column":4},"end":{"line":118,"column":5}},"type":"if","locations":[{"start":{"line":115,"column":4},"end":{"line":118,"column":5}}]},"6":{"loc":{"start":{"line":122,"column":4},"end":{"line":127,"column":5}},"type":"if","locations":[{"start":{"line":122,"column":4},"end":{"line":127,"column":5}}]},"7":{"loc":{"start":{"line":124,"column":6},"end":{"line":126,"column":7}},"type":"if","locations":[{"start":{"line":124,"column":6},"end":{"line":126,"column":7}}]}},"s":{"0":2,"1":2,"2":2,"3":2,"4":2,"5":2,"6":2,"7":2,"8":2,"9":7,"10":7,"11":7,"12":6,"13":1,"14":1,"15":1,"16":1,"17":1,"18":1,"19":3,"20":3,"21":2,"22":1,"23":1,"24":1,"25":1,"26":0,"27":1,"28":1,"29":0,"30":1,"31":2,"32":1,"33":1,"34":2,"35":2,"36":1,"37":1,"38":1,"39":0,"40":0,"41":0,"42":0,"43":0,"44":0,"45":0,"46":3,"47":3,"48":3,"49":1,"50":3,"51":2,"52":2},"f":{"0":7,"1":6,"2":1,"3":1,"4":3,"5":1,"6":2,"7":0,"8":3},"b":{"0":[2],"1":[1],"2":[0],"3":[1,1],"4":[1,1],"5":[0],"6":[3],"7":[1]}}
,"C:\\Users\\Oleg\\Documents\\GitHub\\cryo\\backend\\social-service\\src\\status\\dto\\friend-status.dto.ts": {"path":"C:\\Users\\Oleg\\Documents\\GitHub\\cryo\\backend\\social-service\\src\\status\\dto\\friend-status.dto.ts","statementMap":{"0":{"start":{"line":1,"column":0},"end":{"line":1,"column":67}},"1":{"start":{"line":2,"column":0},"end":{"line":2,"column":58}},"2":{"start":{"line":4,"column":0},"end":{"line":4,"column":13}},"3":{"start":{"line":9,"column":2},"end":{"line":9,"column":null}},"4":{"start":{"line":16,"column":2},"end":{"line":16,"column":null}},"5":{"start":{"line":22,"column":2},"end":{"line":22,"column":null}},"6":{"start":{"line":28,"column":2},"end":{"line":28,"column":null}}},"fnMap":{},"branchMap":{},"s":{"0":0,"1":0,"2":0,"3":0,"4":0,"5":0,"6":0},"f":{},"b":{}}
,"C:\\Users\\Oleg\\Documents\\GitHub\\cryo\\backend\\social-service\\src\\status\\dto\\index.ts": {"path":"C:\\Users\\Oleg\\Documents\\GitHub\\cryo\\backend\\social-service\\src\\status\\dto\\index.ts","statementMap":{"0":{"start":{"line":1,"column":0},"end":{"line":1,"column":36}},"1":{"start":{"line":2,"column":0},"end":{"line":2,"column":33}}},"fnMap":{},"branchMap":{},"s":{"0":0,"1":0},"f":{},"b":{}}
,"C:\\Users\\Oleg\\Documents\\GitHub\\cryo\\backend\\social-service\\src\\status\\dto\\set-status.dto.ts": {"path":"C:\\Users\\Oleg\\Documents\\GitHub\\cryo\\backend\\social-service\\src\\status\\dto\\set-status.dto.ts","statementMap":{"0":{"start":{"line":1,"column":0},"end":{"line":1,"column":54}},"1":{"start":{"line":2,"column":0},"end":{"line":2,"column":66}},"2":{"start":{"line":4,"column":0},"end":{"line":4,"column":13}},"3":{"start":{"line":12,"column":2},"end":{"line":12,"column":null}}},"fnMap":{},"branchMap":{},"s":{"0":1,"1":1,"2":1,"3":1},"f":{},"b":{}}
,"C:\\Users\\Oleg\\Documents\\GitHub\\cryo\\backend\\social-service\\src\\status\\entities\\online-status.entity.ts": {"path":"C:\\Users\\Oleg\\Documents\\GitHub\\cryo\\backend\\social-service\\src\\status\\entities\\online-status.entity.ts","statementMap":{"0":{"start":{"line":1,"column":0},"end":{"line":1,"column":null}},"1":{"start":{"line":8,"column":0},"end":{"line":8,"column":48}},"2":{"start":{"line":11,"column":7},"end":{"line":30,"column":null}},"3":{"start":{"line":11,"column":13},"end":{"line":11,"column":25}},"4":{"start":{"line":13,"column":2},"end":{"line":13,"column":null}},"5":{"start":{"line":17,"column":2},"end":{"line":17,"column":null}},"6":{"start":{"line":20,"column":2},"end":{"line":20,"column":null}},"7":{"start":{"line":23,"column":2},"end":{"line":23,"column":null}},"8":{"start":{"line":26,"column":2},"end":{"line":26,"column":null}},"9":{"start":{"line":29,"column":2},"end":{"line":29,"column":null}},"10":{"start":{"line":11,"column":13},"end":{"line":30,"column":null}}},"fnMap":{},"branchMap":{},"s":{"0":2,"1":2,"2":2,"3":2,"4":2,"5":2,"6":2,"7":2,"8":2,"9":2,"10":2},"f":{},"b":{}}
,"C:\\Users\\Oleg\\Documents\\GitHub\\cryo\\backend\\social-service\\src\\status\\entities\\user-status.enum.ts": {"path":"C:\\Users\\Oleg\\Documents\\GitHub\\cryo\\backend\\social-service\\src\\status\\entities\\user-status.enum.ts","statementMap":{"0":{"start":{"line":1,"column":0},"end":{"line":1,"column":null}},"1":{"start":{"line":2,"column":2},"end":{"line":2,"column":null}},"2":{"start":{"line":3,"column":2},"end":{"line":3,"column":null}},"3":{"start":{"line":4,"column":2},"end":{"line":4,"column":null}}},"fnMap":{"0":{"name":"(anonymous_0)","decl":{"start":{"line":1,"column":0},"end":{"line":1,"column":12}},"loc":{"start":{"line":1,"column":22},"end":{"line":5,"column":1}}}},"branchMap":{"0":{"loc":{"start":{"line":1,"column":12},"end":{"line":1,"column":null}},"type":"binary-expr","locations":[{"start":{"line":1,"column":12},"end":{"line":1,"column":22}},{"start":{"line":1,"column":22},"end":{"line":1,"column":null}}]}},"s":{"0":2,"1":2,"2":2,"3":2},"f":{"0":2},"b":{"0":[2,2]}}
}
