TN:
SF:src\app.module.ts
FNF:0
FNH:0
DA:1,0
DA:2,0
DA:3,0
DA:4,0
DA:5,0
DA:6,0
DA:7,0
DA:8,0
DA:9,0
DA:10,0
DA:11,0
DA:42,0
LF:12
LH:0
BRDA:18,0,0,0
BRDA:18,0,1,0
BRDA:19,1,0,0
BRDA:19,1,1,0
BRDA:20,2,0,0
BRDA:20,2,1,0
BRDA:21,3,0,0
BRDA:21,3,1,0
BRDA:22,4,0,0
BRDA:22,4,1,0
BRF:10
BRH:0
end_of_record
TN:
SF:src\main.ts
FN:6,bootstrap
FNF:1
FNH:0
FNDA:0,bootstrap
DA:1,0
DA:2,0
DA:3,0
DA:4,0
DA:7,0
DA:9,0
DA:11,0
DA:19,0
DA:27,0
DA:28,0
DA:30,0
DA:32,0
LF:12
LH:0
BRF:0
BRH:0
end_of_record
TN:
SF:src\auth\guards\friendship.guard.ts
FN:13,(anonymous_4)
FN:19,(anonymous_5)
FNF:2
FNH:2
FNDA:5,(anonymous_4)
FNDA:4,(anonymous_5)
DA:1,2
DA:7,2
DA:8,2
DA:12,2
DA:16,5
DA:20,4
DA:21,4
DA:23,4
DA:25,1
DA:29,3
DA:31,3
DA:34,1
DA:37,2
DA:42,2
DA:43,1
DA:46,1
LF:16
LH:16
BRDA:23,0,0,1
BRDA:31,1,0,1
BRDA:42,2,0,1
BRF:3
BRH:3
end_of_record
TN:
SF:src\auth\guards\jwt-auth.guard.ts
FN:11,(anonymous_1)
FNF:1
FNH:1
FNDA:5,(anonymous_1)
DA:1,4
DA:10,4
DA:12,5
DA:13,5
DA:14,5
DA:15,5
DA:16,2
DA:21,3
DA:27,3
DA:28,1
DA:33,2
DA:35,2
DA:38,3
DA:39,3
DA:41,0
DA:43,2
LF:16
LH:15
BRDA:15,0,0,2
BRDA:15,1,0,5
BRDA:15,1,1,4
BRDA:27,2,0,1
BRDA:38,3,0,3
BRF:5
BRH:5
end_of_record
TN:
SF:src\auth\guards\rate-limit.guard.ts
FN:16,(anonymous_4)
FN:18,(anonymous_5)
FNF:2
FNH:2
FNDA:5,(anonymous_4)
FNDA:4,(anonymous_5)
DA:1,2
DA:7,2
DA:9,2
DA:11,2
DA:12,2
DA:15,2
DA:16,5
DA:19,4
DA:20,4
DA:22,4
DA:24,1
DA:27,3
DA:28,3
DA:30,3
DA:34,1
DA:35,1
DA:38,2
DA:39,1
DA:42,1
DA:43,1
DA:44,1
DA:45,1
DA:46,1
LF:23
LH:23
BRDA:22,0,0,1
BRDA:30,1,0,1
BRDA:30,2,0,3
BRDA:30,2,1,3
BRDA:38,3,0,1
BRDA:43,4,0,1
BRDA:43,4,1,0
BRDA:44,5,0,1
BRDA:44,5,1,0
BRF:9
BRH:7
end_of_record
TN:
SF:src\cache\cache.module.ts
FNF:0
FNH:0
DA:1,0
DA:2,0
DA:7,0
DA:8,0
DA:11,0
DA:15,0
DA:21,0
DA:22,0
DA:36,0
LF:9
LH:0
BRDA:11,0,0,0
BRDA:11,0,1,0
BRDA:11,0,2,0
BRDA:11,1,0,0
BRDA:11,1,1,0
BRDA:21,2,0,0
BRDA:24,3,0,0
BRDA:24,3,1,0
BRDA:25,4,0,0
BRDA:25,4,1,0
BRDA:27,5,0,0
BRDA:27,5,1,0
BRF:12
BRH:0
end_of_record
TN:
SF:src\cache\cache.service.ts
FN:7,(anonymous_4)
FN:9,(anonymous_5)
FN:13,(anonymous_6)
FN:17,(anonymous_7)
FN:21,(anonymous_8)
FN:26,(anonymous_9)
FN:30,(anonymous_10)
FN:34,(anonymous_11)
FN:38,(anonymous_12)
FN:46,(anonymous_13)
FN:51,(anonymous_14)
FN:55,(anonymous_15)
FNF:12
FNH:0
FNDA:0,(anonymous_4)
FNDA:0,(anonymous_5)
FNDA:0,(anonymous_6)
FNDA:0,(anonymous_7)
FNDA:0,(anonymous_8)
FNDA:0,(anonymous_9)
FNDA:0,(anonymous_10)
FNDA:0,(anonymous_11)
FNDA:0,(anonymous_12)
FNDA:0,(anonymous_13)
FNDA:0,(anonymous_14)
FNDA:0,(anonymous_15)
DA:1,0
DA:2,0
DA:6,0
DA:7,0
DA:10,0
DA:14,0
DA:18,0
DA:22,0
DA:27,0
DA:31,0
DA:35,0
DA:43,0
DA:47,0
DA:48,0
DA:52,0
DA:60,0
LF:16
LH:0
BRDA:30,0,0,0
BRDA:41,1,0,0
BRDA:58,2,0,0
BRF:3
BRH:0
end_of_record
TN:
SF:src\clients\achievement.service.client.ts
FN:17,(anonymous_2)
FN:19,(anonymous_3)
FNF:2
FNH:0
FNDA:0,(anonymous_2)
FNDA:0,(anonymous_3)
DA:1,7
DA:2,7
DA:3,7
DA:14,7
DA:15,0
DA:17,0
DA:20,0
LF:7
LH:4
BRF:0
BRH:0
end_of_record
TN:
SF:src\clients\clients.module.ts
FNF:0
FNH:0
DA:1,0
DA:2,0
DA:3,0
DA:4,0
DA:5,0
DA:25,0
LF:6
LH:0
BRF:0
BRH:0
end_of_record
TN:
SF:src\clients\notification.service.client.ts
FN:18,(anonymous_2)
FN:20,(anonymous_3)
FNF:2
FNH:0
FNDA:0,(anonymous_2)
FNDA:0,(anonymous_3)
DA:1,7
DA:2,7
DA:3,7
DA:15,7
DA:16,0
DA:18,0
DA:23,0
LF:7
LH:4
BRF:0
BRH:0
end_of_record
TN:
SF:src\clients\user.service.client.ts
FN:11,(anonymous_2)
FN:13,(anonymous_3)
FN:22,(anonymous_4)
FN:27,(anonymous_5)
FN:31,(anonymous_6)
FN:36,(anonymous_7)
FN:45,(anonymous_8)
FNF:7
FNH:0
FNDA:0,(anonymous_2)
FNDA:0,(anonymous_3)
FNDA:0,(anonymous_4)
FNDA:0,(anonymous_5)
FNDA:0,(anonymous_6)
FNDA:0,(anonymous_7)
FNDA:0,(anonymous_8)
DA:1,7
DA:2,7
DA:3,7
DA:7,7
DA:9,0
DA:11,0
DA:14,0
DA:15,0
DA:17,0
DA:22,0
DA:24,0
DA:28,0
DA:31,0
DA:33,0
DA:40,0
DA:45,0
DA:47,0
LF:17
LH:4
BRDA:14,0,0,0
BRF:1
BRH:0
end_of_record
TN:
SF:src\common\decorators\index.ts
FNF:0
FNH:0
DA:1,0
LF:1
LH:0
BRF:0
BRH:0
end_of_record
TN:
SF:src\common\decorators\is-not-same-user.decorator.ts
FN:7,IsNotSameUser
FN:11,(anonymous_1)
FN:19,(anonymous_2)
FN:24,(anonymous_3)
FNF:4
FNH:0
FNDA:0,IsNotSameUser
FNDA:0,(anonymous_1)
FNDA:0,(anonymous_2)
FNDA:0,(anonymous_3)
DA:1,0
DA:7,0
DA:11,0
DA:12,0
DA:20,0
DA:21,0
DA:22,0
DA:25,0
DA:26,0
LF:9
LH:0
BRF:0
BRH:0
end_of_record
TN:
SF:src\common\dto\error-response.dto.ts
FNF:0
FNH:0
DA:1,0
DA:3,0
DA:8,0
DA:14,0
DA:20,0
DA:26,0
DA:32,0
LF:7
LH:0
BRF:0
BRH:0
end_of_record
TN:
SF:src\common\dto\index.ts
FNF:0
FNH:0
DA:1,0
DA:2,0
DA:3,0
DA:4,0
LF:4
LH:0
BRF:0
BRH:0
end_of_record
TN:
SF:src\common\dto\pagination.dto.ts
FNF:0
FNH:0
DA:1,0
DA:3,0
DA:8,0
DA:14,0
DA:20,0
DA:26,0
LF:6
LH:0
BRF:0
BRH:0
end_of_record
TN:
SF:src\common\dto\success-response.dto.ts
FNF:0
FNH:0
DA:1,0
DA:3,0
DA:8,0
DA:14,0
DA:20,0
LF:5
LH:0
BRF:0
BRH:0
end_of_record
TN:
SF:src\common\dto\uuid-param.dto.ts
FNF:0
FNH:0
DA:1,0
DA:2,0
DA:4,0
DA:11,0
LF:4
LH:0
BRF:0
BRH:0
end_of_record
TN:
SF:src\common\exceptions\already-friends.exception.ts
FN:4,(anonymous_0)
FNF:1
FNH:1
FNDA:1,(anonymous_0)
DA:1,7
DA:3,7
DA:5,1
LF:3
LH:3
BRF:0
BRH:0
end_of_record
TN:
SF:src\common\exceptions\friend-request-not-found.exception.ts
FN:4,(anonymous_0)
FNF:1
FNH:0
FNDA:0,(anonymous_0)
DA:1,7
DA:3,7
DA:5,0
LF:3
LH:2
BRF:0
BRH:0
end_of_record
TN:
SF:src\common\exceptions\message-not-found.exception.ts
FN:4,(anonymous_0)
FNF:1
FNH:1
FNDA:2,(anonymous_0)
DA:1,2
DA:3,2
DA:5,2
LF:3
LH:3
BRF:0
BRH:0
end_of_record
TN:
SF:src\common\exceptions\not-friends.exception.ts
FN:4,(anonymous_0)
FNF:1
FNH:1
FNDA:2,(anonymous_0)
DA:1,7
DA:3,7
DA:5,2
LF:3
LH:3
BRF:0
BRH:0
end_of_record
TN:
SF:src\common\exceptions\rate-limit-exceeded.exception.ts
FN:4,(anonymous_0)
FNF:1
FNH:1
FNDA:1,(anonymous_0)
DA:1,2
DA:3,2
DA:5,1
LF:3
LH:3
BRF:0
BRH:0
end_of_record
TN:
SF:src\database\database.module.ts
FNF:0
FNH:0
DA:1,0
DA:2,0
DA:3,0
DA:4,0
DA:5,0
DA:25,0
LF:6
LH:0
BRDA:11,0,0,0
BRDA:11,0,1,0
BRDA:12,1,0,0
BRDA:12,1,1,0
BRDA:13,2,0,0
BRDA:13,2,1,0
BRDA:14,3,0,0
BRDA:14,3,1,0
BRDA:15,4,0,0
BRDA:15,4,1,0
BRF:10
BRH:0
end_of_record
TN:
SF:src\database\typeorm.config.ts
FNF:0
FNH:0
DA:1,0
DA:2,0
DA:3,0
DA:4,0
DA:6,0
LF:5
LH:0
BRDA:8,0,0,0
BRDA:8,0,1,0
BRDA:9,1,0,0
BRDA:9,1,1,0
BRDA:10,2,0,0
BRDA:10,2,1,0
BRDA:11,3,0,0
BRDA:11,3,1,0
BRDA:12,4,0,0
BRDA:12,4,1,0
BRF:10
BRH:0
end_of_record
TN:
SF:src\database\migrations\1703000000000-InitialMigration.ts
FN:3,(anonymous_0)
FN:6,(anonymous_1)
FN:206,(anonymous_2)
FNF:3
FNH:0
FNDA:0,(anonymous_0)
FNDA:0,(anonymous_1)
FNDA:0,(anonymous_2)
DA:1,0
DA:3,0
DA:4,0
DA:8,0
DA:56,0
DA:66,0
DA:74,0
DA:83,0
DA:135,0
DA:143,0
DA:152,0
DA:197,0
DA:207,0
DA:208,0
DA:209,0
LF:15
LH:0
BRF:0
BRH:0
end_of_record
TN:
SF:src\dto\index.ts
FNF:0
FNH:0
DA:2,0
DA:5,0
DA:8,0
DA:11,0
DA:14,0
LF:5
LH:0
BRF:0
BRH:0
end_of_record
TN:
SF:src\friends\friends.controller.ts
FN:26,(anonymous_4)
FN:30,(anonymous_5)
FN:41,(anonymous_6)
FN:52,(anonymous_7)
FN:63,(anonymous_8)
FN:73,(anonymous_9)
FN:80,(anonymous_10)
FN:87,(anonymous_11)
FNF:8
FNH:8
FNDA:8,(anonymous_4)
FNDA:1,(anonymous_5)
FNDA:1,(anonymous_6)
FNDA:1,(anonymous_7)
FNDA:1,(anonymous_8)
FNDA:1,(anonymous_9)
FNDA:1,(anonymous_10)
FNDA:1,(anonymous_11)
DA:1,1
DA:14,1
DA:15,1
DA:16,1
DA:17,1
DA:19,1
DA:25,1
DA:26,8
DA:30,1
DA:35,1
DA:36,1
DA:41,1
DA:45,1
DA:46,1
DA:52,1
DA:56,1
DA:57,1
DA:63,1
DA:67,1
DA:68,1
DA:73,1
DA:74,1
DA:75,1
DA:80,1
DA:81,1
DA:82,1
DA:87,1
DA:88,1
DA:90,1
LF:29
LH:29
BRF:0
BRH:0
end_of_record
TN:
SF:src\friends\friends.module.ts
FNF:0
FNH:0
DA:1,0
DA:2,0
DA:3,0
DA:4,0
DA:5,0
DA:6,0
DA:14,0
LF:7
LH:0
BRF:0
BRH:0
end_of_record
TN:
SF:src\friends\friends.service.ts
FN:17,(anonymous_4)
FN:25,(anonymous_5)
FN:65,(anonymous_6)
FN:101,(anonymous_7)
FN:117,(anonymous_8)
FN:133,(anonymous_9)
FN:148,(anonymous_10)
FN:151,(anonymous_11)
FN:152,(anonymous_12)
FN:167,(anonymous_13)
FN:177,(anonymous_14)
FN:182,(anonymous_15)
FN:194,(anonymous_16)
FN:200,(anonymous_17)
FNF:14
FNH:12
FNDA:11,(anonymous_4)
FNDA:4,(anonymous_5)
FNDA:1,(anonymous_6)
FNDA:1,(anonymous_7)
FNDA:1,(anonymous_8)
FNDA:1,(anonymous_9)
FNDA:1,(anonymous_10)
FNDA:1,(anonymous_11)
FNDA:1,(anonymous_12)
FNDA:0,(anonymous_13)
FNDA:2,(anonymous_14)
FNDA:7,(anonymous_15)
FNDA:1,(anonymous_16)
FNDA:0,(anonymous_17)
DA:1,7
DA:2,7
DA:3,7
DA:4,7
DA:5,7
DA:7,7
DA:8,7
DA:9,7
DA:10,7
DA:11,7
DA:12,7
DA:16,7
DA:19,11
DA:20,11
DA:21,11
DA:22,11
DA:29,4
DA:30,1
DA:33,3
DA:35,3
DA:36,2
DA:37,1
DA:39,1
DA:40,1
DA:44,1
DA:51,1
DA:54,1
DA:62,1
DA:69,1
DA:74,1
DA:75,0
DA:78,1
DA:80,1
DA:87,1
DA:89,1
DA:90,1
DA:91,1
DA:98,1
DA:102,1
DA:107,1
DA:111,0
DA:114,1
DA:118,1
DA:120,1
DA:121,0
DA:124,1
DA:126,1
DA:127,1
DA:129,0
DA:134,1
DA:136,1
DA:141,1
DA:148,1
DA:149,1
DA:151,1
DA:152,1
DA:153,1
DA:156,1
DA:168,0
DA:178,2
DA:179,2
DA:186,7
DA:195,1
DA:204,0
LF:64
LH:58
BRDA:29,0,0,1
BRDA:35,1,0,2
BRDA:36,2,0,1
BRDA:39,3,0,1
BRDA:74,4,0,0
BRDA:74,5,0,1
BRDA:74,5,1,1
BRDA:90,6,0,1
BRDA:107,7,0,0
BRDA:108,8,0,1
BRDA:108,8,1,1
BRDA:108,8,2,0
BRDA:120,9,0,0
BRDA:120,10,0,1
BRDA:120,10,1,1
BRDA:126,11,0,1
BRDA:126,11,1,0
BRDA:134,12,0,0
BRDA:134,13,0,0
BRDA:179,14,0,2
BRDA:179,14,1,1
BRF:21
BRH:14
end_of_record
TN:
SF:src\friends\dto\accept-friend-request.dto.ts
FNF:0
FNH:0
DA:1,0
DA:2,0
DA:4,0
DA:11,0
LF:4
LH:0
BRF:0
BRH:0
end_of_record
TN:
SF:src\friends\dto\bulk-friend-action.dto.ts
FNF:0
FNH:0
DA:1,0
DA:2,0
DA:10,0
DA:24,0
LF:4
LH:0
BRF:0
BRH:0
end_of_record
TN:
SF:src\friends\dto\decline-friend-request.dto.ts
FNF:0
FNH:0
DA:1,0
DA:2,0
DA:4,0
DA:11,0
LF:4
LH:0
BRF:0
BRH:0
end_of_record
TN:
SF:src\friends\dto\friend.dto.ts
FN:71,(anonymous_2)
FNF:1
FNH:0
FNDA:0,(anonymous_2)
DA:1,0
DA:2,0
DA:3,0
DA:5,0
DA:10,0
DA:16,0
DA:23,0
DA:29,0
DA:35,0
DA:38,0
DA:43,0
DA:49,0
DA:55,0
DA:62,0
DA:68,0
DA:71,0
DA:74,0
LF:17
LH:0
BRF:0
BRH:0
end_of_record
TN:
SF:src\friends\dto\friends-query.dto.ts
FN:5,(anonymous_2)
FN:14,(anonymous_3)
FN:26,(anonymous_4)
FNF:3
FNH:0
FNDA:0,(anonymous_2)
FNDA:0,(anonymous_3)
FNDA:0,(anonymous_4)
DA:1,1
DA:2,1
DA:3,1
DA:5,1
DA:14,0
DA:15,1
DA:26,0
DA:27,1
DA:36,1
LF:9
LH:7
BRF:0
BRH:0
end_of_record
TN:
SF:src\friends\dto\friends-response.dto.ts
FN:13,(anonymous_2)
FNF:1
FNH:0
FNDA:0,(anonymous_2)
DA:1,0
DA:2,0
DA:3,0
DA:5,0
DA:10,0
DA:13,0
DA:16,0
LF:7
LH:0
BRF:0
BRH:0
end_of_record
TN:
SF:src\friends\dto\friends-stats.dto.ts
FNF:0
FNH:0
DA:1,0
DA:3,0
DA:8,0
DA:14,0
DA:20,0
DA:26,0
LF:6
LH:0
BRF:0
BRH:0
end_of_record
TN:
SF:src\friends\dto\index.ts
FNF:0
FNH:0
DA:1,0
DA:2,0
DA:3,0
DA:4,0
DA:5,0
DA:6,0
DA:7,0
DA:8,0
DA:9,0
DA:10,0
LF:10
LH:0
BRF:0
BRH:0
end_of_record
TN:
SF:src\friends\dto\search-users-query.dto.ts
FNF:0
FNH:0
DA:1,0
DA:2,0
DA:4,0
DA:15,0
LF:4
LH:0
BRF:0
BRH:0
end_of_record
TN:
SF:src\friends\dto\send-friend-request.dto.ts
FNF:0
FNH:0
DA:1,1
DA:2,1
DA:10,1
DA:17,1
DA:27,1
LF:5
LH:5
BRF:0
BRH:0
end_of_record
TN:
SF:src\friends\dto\user-search-result.dto.ts
FNF:0
FNH:0
DA:1,0
DA:3,0
DA:5,0
DA:8,0
DA:11,0
LF:5
LH:0
BRF:0
BRH:0
end_of_record
TN:
SF:src\friends\entities\friendship-status.enum.ts
FN:1,(anonymous_0)
FNF:1
FNH:1
FNDA:7,(anonymous_0)
DA:1,7
DA:2,7
DA:3,7
DA:4,7
DA:5,7
LF:5
LH:5
BRDA:1,0,0,7
BRDA:1,0,1,7
BRF:2
BRH:2
end_of_record
TN:
SF:src\friends\entities\friendship.entity.ts
FNF:0
FNH:0
DA:1,7
DA:9,7
DA:13,7
DA:15,7
DA:19,7
DA:23,7
DA:26,7
DA:29,7
DA:32,7
DA:35,7
LF:10
LH:10
BRF:0
BRH:0
end_of_record
TN:
SF:src\health\health.controller.ts
FN:9,(anonymous_2)
FNF:1
FNH:0
FNDA:0,(anonymous_2)
DA:1,0
DA:2,0
DA:6,0
DA:9,0
DA:10,0
LF:5
LH:0
BRF:0
BRH:0
end_of_record
TN:
SF:src\health\health.module.ts
FNF:0
FNH:0
DA:1,0
DA:2,0
DA:7,0
LF:3
LH:0
BRF:0
BRH:0
end_of_record
TN:
SF:src\messages\messages.controller.ts
FN:28,(anonymous_4)
FN:32,(anonymous_5)
FN:39,(anonymous_6)
FN:46,(anonymous_7)
FN:58,(anonymous_8)
FNF:5
FNH:5
FNDA:5,(anonymous_4)
FNDA:1,(anonymous_5)
FNDA:1,(anonymous_6)
FNDA:1,(anonymous_7)
FNDA:1,(anonymous_8)
DA:1,1
DA:14,1
DA:15,1
DA:16,1
DA:17,1
DA:19,1
DA:20,1
DA:21,1
DA:27,1
DA:28,5
DA:32,1
DA:33,1
DA:34,1
DA:39,1
DA:40,1
DA:41,1
DA:46,1
DA:51,1
DA:52,1
DA:58,1
DA:62,1
DA:63,1
LF:22
LH:22
BRF:0
BRH:0
end_of_record
TN:
SF:src\messages\messages.module.ts
FNF:0
FNH:0
DA:1,0
DA:2,0
DA:3,0
DA:4,0
DA:5,0
DA:6,0
DA:7,0
DA:15,0
LF:8
LH:0
BRF:0
BRH:0
end_of_record
TN:
SF:src\messages\messaging.service.ts
FN:15,(anonymous_4)
FN:23,(anonymous_5)
FN:51,(anonymous_6)
FN:63,(anonymous_7)
FN:66,(anonymous_8)
FN:67,(anonymous_9)
FN:79,(anonymous_10)
FN:109,(anonymous_11)
FN:123,(anonymous_12)
FNF:9
FNH:5
FNDA:9,(anonymous_4)
FNDA:2,(anonymous_5)
FNDA:0,(anonymous_6)
FNDA:0,(anonymous_7)
FNDA:0,(anonymous_8)
FNDA:0,(anonymous_9)
FNDA:1,(anonymous_10)
FNDA:4,(anonymous_11)
FNDA:1,(anonymous_12)
DA:1,2
DA:2,2
DA:3,2
DA:4,2
DA:5,2
DA:6,2
DA:9,2
DA:10,2
DA:11,2
DA:14,2
DA:17,9
DA:18,9
DA:19,9
DA:20,9
DA:24,2
DA:28,2
DA:29,1
DA:32,1
DA:38,1
DA:40,1
DA:48,1
DA:54,0
DA:63,0
DA:64,0
DA:66,0
DA:67,0
DA:68,0
DA:76,0
DA:84,1
DA:86,1
DA:91,1
DA:98,1
DA:110,4
DA:112,4
DA:113,2
DA:116,2
DA:117,1
DA:118,1
DA:119,1
DA:124,1
LF:40
LH:33
BRDA:28,0,0,1
BRDA:84,1,0,0
BRDA:84,2,0,0
BRDA:112,3,0,2
BRDA:112,4,0,4
BRDA:112,4,1,3
BRDA:116,5,0,1
BRF:7
BRH:5
end_of_record
TN:
SF:src\messages\dto\bulk-mark-read.dto.ts
FNF:0
FNH:0
DA:1,0
DA:2,0
DA:10,0
DA:24,0
LF:4
LH:0
BRF:0
BRH:0
end_of_record
TN:
SF:src\messages\dto\conversation-response.dto.ts
FN:13,(anonymous_2)
FNF:1
FNH:0
FNDA:0,(anonymous_2)
DA:1,0
DA:2,0
DA:3,0
DA:5,0
DA:10,0
DA:13,0
DA:16,0
LF:7
LH:0
BRF:0
BRH:0
end_of_record
TN:
SF:src\messages\dto\conversation.dto.ts
FN:20,(anonymous_2)
FN:23,(anonymous_3)
FNF:2
FNH:0
FNDA:0,(anonymous_2)
FNDA:0,(anonymous_3)
DA:1,0
DA:2,0
DA:3,0
DA:7,0
DA:10,0
DA:13,0
DA:16,0
DA:18,0
DA:20,0
DA:21,0
DA:23,0
DA:24,0
DA:27,0
LF:13
LH:0
BRF:0
BRH:0
end_of_record
TN:
SF:src\messages\dto\index.ts
FNF:0
FNH:0
DA:1,0
DA:2,0
DA:3,0
DA:4,0
DA:5,0
DA:6,0
DA:7,0
DA:8,0
LF:8
LH:0
BRF:0
BRH:0
end_of_record
TN:
SF:src\messages\dto\mark-as-read.dto.ts
FNF:0
FNH:0
DA:1,0
DA:2,0
DA:4,0
DA:11,0
LF:4
LH:0
BRF:0
BRH:0
end_of_record
TN:
SF:src\messages\dto\message.dto.ts
FNF:0
FNH:0
DA:1,0
DA:3,0
DA:8,0
DA:14,0
DA:20,0
DA:26,0
DA:32,0
DA:38,0
DA:44,0
LF:9
LH:0
BRF:0
BRH:0
end_of_record
TN:
SF:src\messages\dto\messages-query.dto.ts
FN:5,(anonymous_2)
FN:14,(anonymous_3)
FN:26,(anonymous_4)
FNF:3
FNH:0
FNDA:0,(anonymous_2)
FNDA:0,(anonymous_3)
FNDA:0,(anonymous_4)
DA:1,1
DA:2,1
DA:3,1
DA:5,1
DA:14,0
DA:15,1
DA:26,0
DA:27,1
LF:8
LH:6
BRF:0
BRH:0
end_of_record
TN:
SF:src\messages\dto\send-message.dto.ts
FNF:0
FNH:0
DA:1,1
DA:2,1
DA:10,1
DA:17,1
DA:29,1
LF:5
LH:5
BRF:0
BRH:0
end_of_record
TN:
SF:src\messages\dto\unread-count.dto.ts
FNF:0
FNH:0
DA:1,0
DA:3,0
DA:8,0
DA:14,0
LF:4
LH:0
BRF:0
BRH:0
end_of_record
TN:
SF:src\messages\entities\message.entity.ts
FNF:0
FNH:0
DA:1,2
DA:11,2
DA:13,2
DA:17,2
DA:21,2
DA:24,2
DA:27,2
DA:30,2
DA:33,2
DA:36,2
LF:10
LH:10
BRF:0
BRH:0
end_of_record
TN:
SF:src\status\status.controller.ts
FN:22,(anonymous_4)
FN:27,(anonymous_5)
FN:35,(anonymous_6)
FN:42,(anonymous_7)
FNF:4
FNH:4
FNDA:4,(anonymous_4)
FNDA:1,(anonymous_5)
FNDA:1,(anonymous_6)
FNDA:1,(anonymous_7)
DA:1,1
DA:11,1
DA:12,1
DA:13,1
DA:15,1
DA:21,1
DA:22,4
DA:27,1
DA:28,1
DA:29,1
DA:35,1
DA:36,1
DA:37,1
DA:42,1
DA:43,1
DA:44,1
LF:16
LH:16
BRF:0
BRH:0
end_of_record
TN:
SF:src\status\status.module.ts
FNF:0
FNH:0
DA:1,0
DA:2,0
DA:3,0
DA:4,0
DA:5,0
DA:6,0
DA:14,0
LF:7
LH:0
BRF:0
BRH:0
end_of_record
TN:
SF:src\status\status.service.ts
FN:15,(anonymous_4)
FN:22,(anonymous_5)
FN:26,(anonymous_6)
FN:42,(anonymous_7)
FN:54,(anonymous_8)
FN:75,(anonymous_9)
FN:84,(anonymous_10)
FN:109,(anonymous_11)
FN:121,(anonymous_12)
FNF:9
FNH:8
FNDA:7,(anonymous_4)
FNDA:6,(anonymous_5)
FNDA:1,(anonymous_6)
FNDA:1,(anonymous_7)
FNDA:3,(anonymous_8)
FNDA:1,(anonymous_9)
FNDA:2,(anonymous_10)
FNDA:0,(anonymous_11)
FNDA:3,(anonymous_12)
DA:1,2
DA:2,2
DA:3,2
DA:4,2
DA:5,2
DA:6,2
DA:7,2
DA:11,2
DA:14,2
DA:17,7
DA:18,7
DA:19,7
DA:23,6
DA:27,1
DA:34,1
DA:35,1
DA:43,1
DA:50,1
DA:51,1
DA:55,3
DA:58,3
DA:59,2
DA:62,1
DA:63,1
DA:64,1
DA:69,1
DA:72,0
DA:76,1
DA:80,1
DA:81,0
DA:84,2
DA:85,1
DA:87,1
DA:88,2
DA:89,2
DA:90,1
DA:98,1
DA:106,1
DA:110,0
DA:111,0
DA:113,0
DA:114,0
DA:115,0
DA:116,0
DA:117,0
DA:122,3
DA:123,3
DA:124,3
DA:125,1
DA:128,3
LF:50
LH:41
BRDA:58,0,0,2
BRDA:63,1,0,1
BRDA:80,2,0,0
BRDA:80,3,0,1
BRDA:80,3,1,1
BRDA:89,4,0,1
BRDA:89,4,1,1
BRDA:115,5,0,0
BRDA:122,6,0,3
BRDA:124,7,0,1
BRF:10
BRH:8
end_of_record
TN:
SF:src\status\dto\friend-status.dto.ts
FNF:0
FNH:0
DA:1,0
DA:2,0
DA:4,0
DA:9,0
DA:16,0
DA:22,0
DA:28,0
LF:7
LH:0
BRF:0
BRH:0
end_of_record
TN:
SF:src\status\dto\index.ts
FNF:0
FNH:0
DA:1,0
DA:2,0
LF:2
LH:0
BRF:0
BRH:0
end_of_record
TN:
SF:src\status\dto\set-status.dto.ts
FNF:0
FNH:0
DA:1,1
DA:2,1
DA:4,1
DA:12,1
LF:4
LH:4
BRF:0
BRH:0
end_of_record
TN:
SF:src\status\entities\online-status.entity.ts
FNF:0
FNH:0
DA:1,2
DA:8,2
DA:11,2
DA:13,2
DA:17,2
DA:20,2
DA:23,2
DA:26,2
DA:29,2
LF:9
LH:9
BRF:0
BRH:0
end_of_record
TN:
SF:src\status\entities\user-status.enum.ts
FN:1,(anonymous_0)
FNF:1
FNH:1
FNDA:2,(anonymous_0)
DA:1,2
DA:2,2
DA:3,2
DA:4,2
LF:4
LH:4
BRDA:1,0,0,2
BRDA:1,0,1,2
BRF:2
BRH:2
end_of_record
