TN:
SF:src\app.controller.ts
FN:8,(anonymous_2)
FN:13,(anonymous_3)
FN:20,(anonymous_4)
FNF:3
FNH:3
FNDA:2,(anonymous_2)
FNDA:1,(anonymous_3)
FNDA:1,(anonymous_4)
DA:1,1
DA:2,1
DA:3,1
DA:7,1
DA:8,2
DA:13,1
DA:14,1
DA:20,1
DA:21,1
LF:9
LH:9
BRF:0
BRH:0
end_of_record
TN:
SF:src\app.module.ts
FNF:0
FNH:0
DA:1,0
DA:2,0
DA:3,0
DA:4,0
DA:5,0
DA:6,0
DA:7,0
DA:8,0
DA:9,0
DA:10,0
DA:11,0
DA:12,0
DA:13,0
DA:14,0
DA:15,0
DA:56,0
LF:16
LH:0
BRF:0
BRH:0
end_of_record
TN:
SF:src\app.service.ts
FN:5,(anonymous_1)
FN:9,(anonymous_2)
FNF:2
FNH:2
FNDA:1,(anonymous_1)
FNDA:1,(anonymous_2)
DA:1,1
DA:4,1
DA:6,1
DA:10,1
LF:4
LH:4
BRDA:15,0,0,1
BRDA:15,0,1,0
BRF:2
BRH:1
end_of_record
TN:
SF:src\main.ts
FN:9,bootstrap
FN:72,setupGracefulShutdown
FN:74,(anonymous_2)
FN:89,(anonymous_3)
FN:103,(anonymous_4)
FN:109,(anonymous_5)
FNF:6
FNH:0
FNDA:0,bootstrap
FNDA:0,setupGracefulShutdown
FNDA:0,(anonymous_2)
FNDA:0,(anonymous_3)
FNDA:0,(anonymous_4)
FNDA:0,(anonymous_5)
DA:1,0
DA:2,0
DA:3,0
DA:4,0
DA:7,0
DA:10,0
DA:12,0
DA:20,0
DA:30,0
DA:37,0
DA:38,0
DA:45,0
DA:46,0
DA:47,0
DA:51,0
DA:53,0
DA:54,0
DA:56,0
DA:57,0
DA:58,0
DA:60,0
DA:61,0
DA:65,0
DA:67,0
DA:68,0
DA:74,0
DA:75,0
DA:77,0
DA:79,0
DA:80,0
DA:81,0
DA:83,0
DA:84,0
DA:89,0
DA:90,0
DA:92,0
DA:93,0
DA:94,0
DA:95,0
DA:97,0
DA:98,0
DA:103,0
DA:104,0
DA:105,0
DA:109,0
DA:110,0
DA:111,0
DA:114,0
DA:117,0
LF:49
LH:0
BRDA:14,0,0,0
BRDA:14,0,1,0
BRDA:31,1,0,0
BRDA:31,1,1,0
BRDA:37,2,0,0
BRDA:37,3,0,0
BRDA:37,3,1,0
BRDA:53,4,0,0
BRDA:53,4,1,0
BRDA:57,5,0,0
BRDA:57,5,1,0
BRDA:60,6,0,0
BRDA:60,7,0,0
BRDA:60,7,1,0
BRF:14
BRH:0
end_of_record
TN:
SF:src\auth\guards\friendship.guard.ts
FN:8,(anonymous_4)
FN:14,(anonymous_5)
FNF:2
FNH:2
FNDA:5,(anonymous_4)
FNDA:4,(anonymous_5)
DA:1,2
DA:2,2
DA:3,2
DA:7,2
DA:11,5
DA:15,4
DA:16,4
DA:18,4
DA:20,1
DA:24,3
DA:26,3
DA:29,1
DA:32,2
DA:34,2
DA:35,1
DA:38,1
LF:16
LH:16
BRDA:18,0,0,1
BRDA:26,1,0,1
BRDA:34,2,0,1
BRF:3
BRH:3
end_of_record
TN:
SF:src\auth\guards\internal-auth.guard.ts
FN:4,(anonymous_1)
FN:7,(anonymous_2)
FNF:2
FNH:2
FNDA:12,(anonymous_1)
FNDA:3,(anonymous_2)
DA:1,4
DA:4,4
DA:5,12
DA:8,3
DA:9,3
DA:10,3
DA:11,2
DA:13,1
LF:8
LH:8
BRDA:5,0,0,12
BRDA:5,0,1,12
BRDA:10,1,0,2
BRDA:10,2,0,3
BRDA:10,2,1,2
BRF:5
BRH:5
end_of_record
TN:
SF:src\auth\guards\jwt-auth.guard.ts
FN:6,(anonymous_1)
FNF:1
FNH:1
FNDA:5,(anonymous_1)
DA:1,4
DA:5,4
DA:7,5
DA:8,5
DA:9,5
DA:10,5
DA:11,2
DA:14,3
DA:20,3
DA:21,1
DA:26,2
DA:28,2
DA:31,3
DA:32,3
DA:34,0
DA:36,2
LF:16
LH:15
BRDA:10,0,0,2
BRDA:10,1,0,5
BRDA:10,1,1,4
BRDA:20,2,0,1
BRDA:31,3,0,3
BRF:5
BRH:5
end_of_record
TN:
SF:src\auth\guards\rate-limit.guard.ts
FN:11,(anonymous_4)
FN:13,(anonymous_5)
FNF:2
FNH:2
FNDA:5,(anonymous_4)
FNDA:4,(anonymous_5)
DA:1,2
DA:2,2
DA:4,2
DA:6,2
DA:7,2
DA:10,2
DA:11,5
DA:14,4
DA:15,4
DA:17,4
DA:19,1
DA:22,3
DA:23,3
DA:25,3
DA:29,1
DA:30,1
DA:33,2
DA:34,1
DA:37,1
DA:38,1
DA:39,1
DA:40,1
DA:41,1
LF:23
LH:23
BRDA:17,0,0,1
BRDA:25,1,0,1
BRDA:25,2,0,3
BRDA:25,2,1,3
BRDA:33,3,0,1
BRDA:38,4,0,1
BRDA:38,4,1,0
BRDA:39,5,0,1
BRDA:39,5,1,0
BRF:9
BRH:7
end_of_record
TN:
SF:src\cache\cache.module.ts
FNF:0
FNH:0
DA:1,0
DA:2,0
DA:3,0
DA:4,0
DA:7,0
DA:11,0
DA:17,0
DA:18,0
DA:32,0
LF:9
LH:0
BRDA:7,0,0,0
BRDA:7,0,1,0
BRDA:7,0,2,0
BRDA:7,1,0,0
BRDA:7,1,1,0
BRDA:17,2,0,0
BRDA:20,3,0,0
BRDA:20,3,1,0
BRDA:21,4,0,0
BRDA:21,4,1,0
BRDA:23,5,0,0
BRDA:23,5,1,0
BRF:12
BRH:0
end_of_record
TN:
SF:src\cache\cache.service.ts
FN:7,(anonymous_4)
FN:9,(anonymous_5)
FN:13,(anonymous_6)
FN:17,(anonymous_7)
FN:21,(anonymous_8)
FN:26,(anonymous_9)
FN:30,(anonymous_10)
FN:34,(anonymous_11)
FN:38,(anonymous_12)
FN:42,(anonymous_13)
FN:47,(anonymous_14)
FN:51,(anonymous_15)
FNF:12
FNH:3
FNDA:19,(anonymous_4)
FNDA:7,(anonymous_5)
FNDA:4,(anonymous_6)
FNDA:0,(anonymous_7)
FNDA:0,(anonymous_8)
FNDA:0,(anonymous_9)
FNDA:0,(anonymous_10)
FNDA:0,(anonymous_11)
FNDA:0,(anonymous_12)
FNDA:0,(anonymous_13)
FNDA:0,(anonymous_14)
FNDA:0,(anonymous_15)
DA:1,12
DA:2,12
DA:6,12
DA:7,19
DA:10,7
DA:14,4
DA:18,0
DA:22,0
DA:27,0
DA:31,0
DA:35,0
DA:39,0
DA:43,0
DA:44,0
DA:48,0
DA:52,0
LF:16
LH:6
BRDA:30,0,0,0
BRDA:38,1,0,0
BRDA:51,2,0,0
BRF:3
BRH:0
end_of_record
TN:
SF:src\clients\achievement.service.client.ts
FN:35,(anonymous_2)
FN:37,(anonymous_3)
FN:51,(anonymous_4)
FN:52,(anonymous_5)
FN:91,(anonymous_6)
FN:99,(anonymous_7)
FN:106,(anonymous_8)
FN:107,(anonymous_9)
FN:110,(anonymous_10)
FN:115,(anonymous_11)
FN:119,(anonymous_12)
FN:141,(anonymous_13)
FN:143,(anonymous_14)
FN:155,(anonymous_15)
FN:160,(anonymous_16)
FN:164,(anonymous_17)
FNF:16
FNH:13
FNDA:19,(anonymous_2)
FNDA:4,(anonymous_3)
FNDA:5,(anonymous_4)
FNDA:0,(anonymous_5)
FNDA:3,(anonymous_6)
FNDA:5,(anonymous_7)
FNDA:1,(anonymous_8)
FNDA:1,(anonymous_9)
FNDA:2,(anonymous_10)
FNDA:3,(anonymous_11)
FNDA:2,(anonymous_12)
FNDA:0,(anonymous_13)
FNDA:0,(anonymous_14)
FNDA:2,(anonymous_15)
FNDA:2,(anonymous_16)
FNDA:1,(anonymous_17)
DA:1,12
DA:2,12
DA:3,12
DA:4,12
DA:24,12
DA:25,19
DA:26,19
DA:28,19
DA:35,19
DA:38,4
DA:45,4
DA:46,5
DA:47,5
DA:49,5
DA:52,5
DA:56,2
DA:57,0
DA:60,2
DA:62,3
DA:65,3
DA:66,0
DA:69,0
DA:72,3
DA:73,2
DA:76,2
DA:79,1
DA:80,1
DA:84,1
DA:88,2
DA:92,3
DA:93,3
DA:94,3
DA:96,0
DA:100,5
DA:101,5
DA:103,0
DA:107,1
DA:111,2
DA:112,2
DA:114,2
DA:116,3
DA:120,2
DA:121,2
DA:128,1
DA:130,1
DA:143,0
DA:144,0
DA:145,0
DA:147,0
DA:156,2
DA:157,2
DA:159,2
DA:161,2
DA:165,1
DA:166,1
DA:173,1
DA:175,1
DA:178,1
LF:58
LH:49
BRDA:27,0,0,19
BRDA:27,0,1,0
BRDA:37,1,0,0
BRDA:56,2,0,0
BRDA:65,3,0,0
BRDA:72,4,0,2
BRDA:92,5,0,3
BRDA:94,6,0,3
BRDA:94,6,1,0
BRDA:94,6,2,0
BRDA:100,7,0,5
BRDA:173,8,0,1
BRDA:173,8,1,0
BRF:13
BRH:6
end_of_record
TN:
SF:src\clients\circuit-breaker.service.ts
FN:9,(anonymous_1)
FN:23,(anonymous_2)
FN:35,(anonymous_3)
FN:67,(anonymous_4)
FN:79,(anonymous_5)
FN:86,(anonymous_6)
FN:97,(anonymous_7)
FN:108,(anonymous_8)
FN:120,(anonymous_9)
FN:132,(anonymous_10)
FNF:10
FNH:8
FNDA:2,(anonymous_1)
FNDA:19,(anonymous_2)
FNDA:7,(anonymous_3)
FNDA:1,(anonymous_4)
FNDA:1,(anonymous_5)
FNDA:0,(anonymous_6)
FNDA:0,(anonymous_7)
FNDA:12,(anonymous_8)
FNDA:2,(anonymous_9)
FNDA:3,(anonymous_10)
DA:1,2
DA:9,2
DA:10,2
DA:11,2
DA:12,2
DA:23,2
DA:24,19
DA:25,19
DA:26,19
DA:40,7
DA:41,7
DA:44,7
DA:45,2
DA:47,0
DA:48,0
DA:50,2
DA:54,5
DA:55,5
DA:56,2
DA:57,2
DA:59,3
DA:60,3
DA:68,1
DA:69,1
DA:70,0
DA:73,1
DA:80,1
DA:87,0
DA:88,0
DA:89,0
DA:91,0
DA:98,0
DA:99,0
DA:100,0
DA:101,0
DA:102,0
DA:103,0
DA:104,0
DA:109,12
DA:110,3
DA:117,12
DA:121,2
DA:122,2
DA:124,2
DA:126,0
DA:127,0
DA:128,0
DA:133,3
DA:134,3
DA:135,3
DA:137,3
DA:139,0
DA:140,0
DA:141,3
DA:143,1
DA:144,1
LF:56
LH:37
BRDA:9,0,0,2
BRDA:9,0,1,2
BRDA:38,1,0,2
BRDA:44,2,0,2
BRDA:45,3,0,0
BRDA:45,3,1,2
BRDA:69,4,0,0
BRDA:80,5,0,1
BRDA:80,5,1,0
BRDA:99,6,0,0
BRDA:109,7,0,3
BRDA:124,8,0,0
BRDA:137,9,0,0
BRDA:137,9,1,3
BRDA:141,10,0,1
BRF:15
BRH:9
end_of_record
TN:
SF:src\clients\clients.module.ts
FN:17,(anonymous_1)
FN:21,(anonymous_2)
FNF:2
FNH:0
FNDA:0,(anonymous_1)
FNDA:0,(anonymous_2)
DA:1,0
DA:2,0
DA:3,0
DA:4,0
DA:5,0
DA:6,0
DA:7,0
DA:8,0
DA:9,0
DA:17,0
DA:22,0
DA:23,0
DA:54,0
LF:13
LH:0
BRF:0
BRH:0
end_of_record
TN:
SF:src\clients\external-services-health.service.ts
FN:21,(anonymous_2)
FN:35,(anonymous_3)
FN:50,(anonymous_4)
FN:61,(anonymous_5)
FN:68,(anonymous_6)
FN:77,(anonymous_7)
FN:89,(anonymous_8)
FN:96,(anonymous_9)
FN:125,(anonymous_10)
FN:159,(anonymous_11)
FN:166,(anonymous_12)
FN:195,(anonymous_13)
FN:198,(anonymous_14)
FN:206,(anonymous_15)
FNF:14
FNH:4
FNDA:19,(anonymous_2)
FNDA:0,(anonymous_3)
FNDA:1,(anonymous_4)
FNDA:0,(anonymous_5)
FNDA:1,(anonymous_6)
FNDA:19,(anonymous_7)
FNDA:0,(anonymous_8)
FNDA:0,(anonymous_9)
FNDA:0,(anonymous_10)
FNDA:0,(anonymous_11)
FNDA:0,(anonymous_12)
FNDA:0,(anonymous_13)
FNDA:0,(anonymous_14)
FNDA:0,(anonymous_15)
DA:1,2
DA:2,2
DA:3,2
DA:4,2
DA:5,2
DA:6,2
DA:17,2
DA:18,19
DA:19,19
DA:22,19
DA:23,19
DA:24,19
DA:25,19
DA:28,19
DA:35,2
DA:36,0
DA:38,0
DA:44,0
DA:51,1
DA:52,1
DA:53,3
DA:55,1
DA:62,0
DA:69,1
DA:70,1
DA:71,1
DA:74,0
DA:78,19
DA:80,19
DA:81,57
DA:90,0
DA:92,0
DA:94,0
DA:98,0
DA:103,0
DA:105,0
DA:112,0
DA:114,0
DA:121,0
DA:126,0
DA:128,0
DA:131,0
DA:133,0
DA:134,0
DA:136,0
DA:143,0
DA:145,0
DA:148,0
DA:155,0
DA:160,0
DA:162,0
DA:164,0
DA:168,0
DA:173,0
DA:175,0
DA:182,0
DA:184,0
DA:191,0
DA:196,0
DA:199,0
DA:203,0
DA:207,0
DA:208,0
DA:210,0
LF:64
LH:25
BRDA:62,0,0,0
BRDA:62,0,1,0
BRDA:70,1,0,1
BRDA:70,2,0,1
BRDA:70,2,1,1
BRDA:133,3,0,0
BRDA:133,3,1,0
BRDA:199,4,0,0
BRDA:199,4,1,0
BRDA:207,5,0,0
BRF:10
BRH:3
end_of_record
TN:
SF:src\clients\notification.service.client.ts
FN:34,(anonymous_2)
FN:36,(anonymous_3)
FN:50,(anonymous_4)
FN:51,(anonymous_5)
FN:90,(anonymous_6)
FN:98,(anonymous_7)
FN:105,(anonymous_8)
FN:112,(anonymous_9)
FN:113,(anonymous_10)
FN:116,(anonymous_11)
FN:121,(anonymous_12)
FN:125,(anonymous_13)
FN:148,(anonymous_14)
FN:150,(anonymous_15)
FN:162,(anonymous_16)
FN:171,(anonymous_17)
FN:175,(anonymous_18)
FNF:17
FNH:12
FNDA:19,(anonymous_2)
FNDA:3,(anonymous_3)
FNDA:5,(anonymous_4)
FNDA:0,(anonymous_5)
FNDA:3,(anonymous_6)
FNDA:0,(anonymous_7)
FNDA:4,(anonymous_8)
FNDA:2,(anonymous_9)
FNDA:2,(anonymous_10)
FNDA:2,(anonymous_11)
FNDA:4,(anonymous_12)
FNDA:3,(anonymous_13)
FNDA:0,(anonymous_14)
FNDA:0,(anonymous_15)
FNDA:1,(anonymous_16)
FNDA:1,(anonymous_17)
FNDA:0,(anonymous_18)
DA:1,12
DA:2,12
DA:3,12
DA:4,12
DA:23,12
DA:24,19
DA:25,19
DA:27,19
DA:34,19
DA:37,3
DA:44,3
DA:45,5
DA:46,5
DA:48,5
DA:51,5
DA:55,2
DA:56,0
DA:59,2
DA:61,3
DA:64,3
DA:65,0
DA:68,0
DA:71,3
DA:72,1
DA:75,1
DA:78,2
DA:79,2
DA:83,2
DA:87,1
DA:91,3
DA:92,3
DA:93,3
DA:95,0
DA:99,0
DA:100,0
DA:102,0
DA:106,4
DA:107,4
DA:109,0
DA:113,2
DA:117,2
DA:118,2
DA:120,2
DA:122,4
DA:126,3
DA:127,3
DA:134,1
DA:136,1
DA:150,0
DA:151,0
DA:152,0
DA:154,0
DA:163,1
DA:164,0
DA:167,1
DA:169,1
DA:170,1
DA:172,1
DA:176,0
DA:177,0
DA:184,1
DA:186,0
DA:188,0
DA:189,0
LF:64
LH:46
BRDA:26,0,0,19
BRDA:26,0,1,0
BRDA:36,1,0,0
BRDA:55,2,0,0
BRDA:64,3,0,0
BRDA:64,4,0,3
BRDA:64,4,1,0
BRDA:71,5,0,1
BRDA:91,6,0,3
BRDA:93,7,0,3
BRDA:93,7,1,0
BRDA:93,7,2,0
BRDA:99,8,0,0
BRDA:106,9,0,4
BRDA:163,10,0,0
BRF:15
BRH:6
end_of_record
TN:
SF:src\clients\user.service.client.ts
FN:26,(anonymous_2)
FN:31,(anonymous_3)
FN:45,(anonymous_4)
FN:46,(anonymous_5)
FN:83,(anonymous_6)
FN:91,(anonymous_7)
FN:98,(anonymous_8)
FN:99,(anonymous_9)
FN:102,(anonymous_10)
FN:131,(anonymous_11)
FN:139,(anonymous_12)
FN:140,(anonymous_13)
FN:164,(anonymous_14)
FN:174,(anonymous_15)
FN:178,(anonymous_16)
FN:179,(anonymous_17)
FN:202,(anonymous_18)
FN:218,(anonymous_19)
FN:226,(anonymous_20)
FN:227,(anonymous_21)
FN:254,(anonymous_22)
FN:265,(anonymous_23)
FN:269,(anonymous_24)
FN:270,(anonymous_25)
FN:294,(anonymous_26)
FNF:25
FNH:17
FNDA:19,(anonymous_2)
FNDA:4,(anonymous_3)
FNDA:6,(anonymous_4)
FNDA:0,(anonymous_5)
FNDA:3,(anonymous_6)
FNDA:4,(anonymous_7)
FNDA:2,(anonymous_8)
FNDA:2,(anonymous_9)
FNDA:3,(anonymous_10)
FNDA:4,(anonymous_11)
FNDA:1,(anonymous_12)
FNDA:3,(anonymous_13)
FNDA:2,(anonymous_14)
FNDA:1,(anonymous_15)
FNDA:1,(anonymous_16)
FNDA:0,(anonymous_17)
FNDA:2,(anonymous_18)
FNDA:1,(anonymous_19)
FNDA:1,(anonymous_20)
FNDA:0,(anonymous_21)
FNDA:0,(anonymous_22)
FNDA:0,(anonymous_23)
FNDA:0,(anonymous_24)
FNDA:0,(anonymous_25)
FNDA:0,(anonymous_26)
DA:1,9
DA:2,9
DA:3,9
DA:5,9
DA:6,9
DA:16,9
DA:17,19
DA:18,19
DA:19,19
DA:27,19
DA:28,19
DA:32,4
DA:39,4
DA:40,6
DA:41,6
DA:43,6
DA:46,6
DA:50,3
DA:51,0
DA:54,3
DA:56,3
DA:59,3
DA:60,0
DA:61,0
DA:64,3
DA:65,1
DA:68,1
DA:71,2
DA:72,2
DA:76,2
DA:80,1
DA:84,3
DA:85,3
DA:86,3
DA:88,0
DA:92,4
DA:93,4
DA:95,0
DA:99,2
DA:103,3
DA:104,0
DA:108,3
DA:109,3
DA:111,3
DA:112,4
DA:113,4
DA:114,1
DA:116,3
DA:120,3
DA:121,1
DA:122,1
DA:125,2
DA:129,2
DA:130,2
DA:132,4
DA:139,1
DA:141,3
DA:142,3
DA:149,1
DA:152,1
DA:153,2
DA:156,1
DA:158,1
DA:160,1
DA:165,2
DA:166,2
DA:167,2
DA:168,1
DA:169,1
DA:172,1
DA:173,1
DA:175,1
DA:178,1
DA:180,0
DA:181,0
DA:188,1
DA:189,1
DA:191,1
DA:192,1
DA:194,0
DA:198,0
DA:203,2
DA:204,1
DA:207,1
DA:208,1
DA:210,1
DA:211,1
DA:212,0
DA:213,0
DA:216,1
DA:217,1
DA:219,1
DA:226,1
DA:228,0
DA:229,0
DA:236,1
DA:239,1
DA:241,1
DA:242,1
DA:244,0
DA:247,0
DA:255,0
DA:256,0
DA:258,0
DA:259,0
DA:260,0
DA:263,0
DA:264,0
DA:266,0
DA:269,0
DA:271,0
DA:272,0
DA:279,0
DA:280,0
DA:281,0
DA:284,0
DA:286,0
DA:287,0
DA:295,0
DA:296,0
DA:297,0
LF:121
LH:85
BRDA:18,0,0,19
BRDA:18,0,1,0
BRDA:31,1,0,0
BRDA:50,2,0,0
BRDA:59,3,0,0
BRDA:64,4,0,1
BRDA:84,5,0,3
BRDA:86,6,0,3
BRDA:86,6,1,0
BRDA:86,6,2,0
BRDA:92,7,0,4
BRDA:103,8,0,0
BRDA:113,9,0,1
BRDA:113,9,1,3
BRDA:120,10,0,1
BRDA:149,11,0,1
BRDA:149,11,1,0
BRDA:167,12,0,1
BRDA:203,13,0,1
BRDA:203,14,0,2
BRDA:203,14,1,2
BRDA:208,15,0,1
BRDA:208,15,1,1
BRDA:211,16,0,0
BRDA:236,17,0,1
BRDA:236,17,1,0
BRDA:236,18,0,0
BRDA:236,18,1,0
BRDA:258,19,0,0
BRDA:279,20,0,0
BRF:30
BRH:16
end_of_record
TN:
SF:src\common\config\database.config.ts
FN:7,(anonymous_0)
FNF:1
FNH:1
FNDA:3,(anonymous_0)
DA:3,1
DA:4,1
DA:5,1
DA:7,3
LF:4
LH:4
BRDA:19,0,0,1
BRDA:19,0,1,2
BRF:2
BRH:2
end_of_record
TN:
SF:src\common\config\redis.config.ts
FN:5,(anonymous_0)
FNF:1
FNH:1
FNDA:2,(anonymous_0)
DA:3,1
DA:5,2
LF:2
LH:2
BRF:0
BRH:0
end_of_record
TN:
SF:src\common\decorators\index.ts
FNF:0
FNH:0
DA:1,0
LF:1
LH:0
BRF:0
BRH:0
end_of_record
TN:
SF:src\common\decorators\is-not-same-user.decorator.ts
FN:3,IsNotSameUser
FN:4,(anonymous_1)
FN:12,(anonymous_2)
FN:17,(anonymous_3)
FNF:4
FNH:0
FNDA:0,IsNotSameUser
FNDA:0,(anonymous_1)
FNDA:0,(anonymous_2)
FNDA:0,(anonymous_3)
DA:1,0
DA:3,0
DA:4,0
DA:5,0
DA:13,0
DA:14,0
DA:15,0
DA:18,0
DA:19,0
LF:9
LH:0
BRF:0
BRH:0
end_of_record
TN:
SF:src\common\dto\error-response.dto.ts
FNF:0
FNH:0
DA:1,2
DA:3,2
DA:8,2
DA:14,2
DA:20,2
DA:26,2
DA:32,2
LF:7
LH:7
BRF:0
BRH:0
end_of_record
TN:
SF:src\common\dto\index.ts
FNF:0
FNH:0
DA:1,2
DA:2,2
DA:3,2
DA:4,2
LF:4
LH:4
BRF:0
BRH:0
end_of_record
TN:
SF:src\common\dto\pagination.dto.ts
FNF:0
FNH:0
DA:1,2
DA:3,2
DA:8,2
DA:14,2
DA:20,2
DA:26,2
LF:6
LH:6
BRF:0
BRH:0
end_of_record
TN:
SF:src\common\dto\success-response.dto.ts
FNF:0
FNH:0
DA:1,2
DA:3,2
DA:8,2
DA:14,2
DA:20,2
LF:5
LH:5
BRF:0
BRH:0
end_of_record
TN:
SF:src\common\dto\uuid-param.dto.ts
FNF:0
FNH:0
DA:1,2
DA:2,2
DA:4,2
DA:11,2
LF:4
LH:4
BRF:0
BRH:0
end_of_record
TN:
SF:src\common\exceptions\already-friends.exception.ts
FN:4,(anonymous_0)
FNF:1
FNH:1
FNDA:1,(anonymous_0)
DA:1,7
DA:3,7
DA:5,1
LF:3
LH:3
BRF:0
BRH:0
end_of_record
TN:
SF:src\common\exceptions\friend-request-not-found.exception.ts
FN:4,(anonymous_0)
FNF:1
FNH:0
FNDA:0,(anonymous_0)
DA:1,7
DA:3,7
DA:5,0
LF:3
LH:2
BRF:0
BRH:0
end_of_record
TN:
SF:src\common\exceptions\message-not-found.exception.ts
FN:4,(anonymous_0)
FNF:1
FNH:1
FNDA:2,(anonymous_0)
DA:1,2
DA:3,2
DA:5,2
LF:3
LH:3
BRF:0
BRH:0
end_of_record
TN:
SF:src\common\exceptions\not-friends.exception.ts
FN:4,(anonymous_0)
FNF:1
FNH:1
FNDA:3,(anonymous_0)
DA:1,7
DA:3,7
DA:5,3
LF:3
LH:3
BRF:0
BRH:0
end_of_record
TN:
SF:src\common\exceptions\rate-limit-exceeded.exception.ts
FN:4,(anonymous_0)
FNF:1
FNH:1
FNDA:2,(anonymous_0)
DA:1,3
DA:3,3
DA:5,2
LF:3
LH:3
BRF:0
BRH:0
end_of_record
TN:
SF:src\common\health\health.controller.ts
FN:8,(anonymous_2)
FN:14,(anonymous_3)
FN:22,(anonymous_4)
FN:30,(anonymous_5)
FNF:4
FNH:4
FNDA:4,(anonymous_2)
FNDA:1,(anonymous_3)
FNDA:1,(anonymous_4)
FNDA:1,(anonymous_5)
DA:1,1
DA:2,1
DA:3,1
DA:7,1
DA:8,4
DA:14,1
DA:15,1
DA:22,1
DA:23,1
DA:30,1
DA:31,1
LF:11
LH:11
BRF:0
BRH:0
end_of_record
TN:
SF:src\common\health\health.module.ts
FNF:0
FNH:0
DA:1,0
DA:2,0
DA:3,0
DA:10,0
LF:4
LH:0
BRF:0
BRH:0
end_of_record
TN:
SF:src\common\health\health.service.ts
FN:9,(anonymous_4)
FN:16,(anonymous_5)
FN:33,(anonymous_6)
FN:50,(anonymous_7)
FNF:4
FNH:4
FNDA:8,(anonymous_4)
FNDA:2,(anonymous_5)
FNDA:4,(anonymous_6)
FNDA:5,(anonymous_7)
DA:1,2
DA:2,2
DA:3,2
DA:5,2
DA:8,2
DA:11,8
DA:13,8
DA:17,2
DA:18,2
DA:20,2
DA:22,2
DA:34,4
DA:35,4
DA:36,2
DA:42,2
DA:51,5
DA:52,5
DA:53,5
DA:55,5
DA:56,4
DA:58,4
DA:59,3
DA:65,1
DA:71,1
LF:24
LH:24
BRDA:20,0,0,2
BRDA:20,0,1,1
BRDA:23,1,0,1
BRDA:23,1,1,1
BRDA:45,2,0,2
BRDA:45,2,1,0
BRDA:58,3,0,3
BRDA:58,3,1,1
BRDA:74,4,0,1
BRDA:74,4,1,0
BRF:10
BRH:8
end_of_record
TN:
SF:src\database\database.module.ts
FNF:0
FNH:0
DA:1,0
DA:2,0
DA:3,0
DA:4,0
DA:5,0
DA:25,0
LF:6
LH:0
BRDA:11,0,0,0
BRDA:11,0,1,0
BRDA:12,1,0,0
BRDA:12,1,1,0
BRDA:13,2,0,0
BRDA:13,2,1,0
BRDA:14,3,0,0
BRDA:14,3,1,0
BRDA:15,4,0,0
BRDA:15,4,1,0
BRF:10
BRH:0
end_of_record
TN:
SF:src\database\typeorm.config.ts
FNF:0
FNH:0
DA:1,0
DA:2,0
DA:3,0
DA:4,0
DA:6,0
LF:5
LH:0
BRDA:8,0,0,0
BRDA:8,0,1,0
BRDA:9,1,0,0
BRDA:9,1,1,0
BRDA:10,2,0,0
BRDA:10,2,1,0
BRDA:11,3,0,0
BRDA:11,3,1,0
BRDA:12,4,0,0
BRDA:12,4,1,0
BRF:10
BRH:0
end_of_record
TN:
SF:src\database\migrations\1703000000000-InitialMigration.ts
FN:3,(anonymous_0)
FN:6,(anonymous_1)
FN:206,(anonymous_2)
FNF:3
FNH:0
FNDA:0,(anonymous_0)
FNDA:0,(anonymous_1)
FNDA:0,(anonymous_2)
DA:1,0
DA:3,0
DA:4,0
DA:8,0
DA:56,0
DA:66,0
DA:74,0
DA:83,0
DA:135,0
DA:143,0
DA:152,0
DA:197,0
DA:207,0
DA:208,0
DA:209,0
LF:15
LH:0
BRF:0
BRH:0
end_of_record
TN:
SF:src\dto\index.ts
FNF:0
FNH:0
DA:2,0
DA:5,0
DA:8,0
DA:11,0
DA:14,0
LF:5
LH:0
BRF:0
BRH:0
end_of_record
TN:
SF:src\friends\friends.controller.ts
FN:37,(anonymous_4)
FN:42,(anonymous_5)
FN:53,(anonymous_6)
FN:65,(anonymous_7)
FN:77,(anonymous_8)
FN:85,(anonymous_9)
FN:96,(anonymous_10)
FN:104,(anonymous_11)
FN:116,(anonymous_12)
FNF:9
FNH:8
FNDA:8,(anonymous_4)
FNDA:1,(anonymous_5)
FNDA:1,(anonymous_6)
FNDA:1,(anonymous_7)
FNDA:1,(anonymous_8)
FNDA:1,(anonymous_9)
FNDA:1,(anonymous_10)
FNDA:1,(anonymous_11)
FNDA:0,(anonymous_12)
DA:1,1
DA:14,1
DA:15,1
DA:16,1
DA:17,1
DA:26,1
DA:27,1
DA:28,1
DA:29,1
DA:30,1
DA:36,1
DA:37,8
DA:42,1
DA:46,1
DA:47,1
DA:53,1
DA:57,1
DA:58,1
DA:65,1
DA:69,1
DA:70,1
DA:77,1
DA:78,1
DA:79,1
DA:85,1
DA:89,1
DA:90,1
DA:96,1
DA:97,1
DA:98,1
DA:104,1
DA:108,1
DA:109,1
DA:116,1
DA:120,0
LF:35
LH:34
BRF:0
BRH:0
end_of_record
TN:
SF:src\friends\friends.module.ts
FN:14,(anonymous_1)
FNF:1
FNH:0
FNDA:0,(anonymous_1)
DA:1,0
DA:2,0
DA:3,0
DA:4,0
DA:5,0
DA:6,0
DA:7,0
DA:8,0
DA:14,0
DA:20,0
LF:10
LH:0
BRF:0
BRH:0
end_of_record
TN:
SF:src\friends\friends.service.ts
FN:22,(anonymous_4)
FN:32,(anonymous_5)
FN:73,(anonymous_6)
FN:114,(anonymous_7)
FN:135,(anonymous_8)
FN:151,(anonymous_9)
FN:183,(anonymous_10)
FN:185,(anonymous_11)
FN:187,(anonymous_12)
FN:194,(anonymous_13)
FN:198,(anonymous_14)
FN:223,(anonymous_15)
FN:236,(anonymous_16)
FN:238,(anonymous_17)
FN:240,(anonymous_18)
FN:243,(anonymous_19)
FN:248,(anonymous_20)
FN:257,(anonymous_21)
FN:263,(anonymous_22)
FN:272,(anonymous_23)
FN:288,(anonymous_24)
FN:296,(anonymous_25)
FN:299,(anonymous_26)
FNF:23
FNH:20
FNDA:15,(anonymous_4)
FNDA:4,(anonymous_5)
FNDA:1,(anonymous_6)
FNDA:1,(anonymous_7)
FNDA:1,(anonymous_8)
FNDA:1,(anonymous_9)
FNDA:1,(anonymous_10)
FNDA:1,(anonymous_11)
FNDA:1,(anonymous_12)
FNDA:0,(anonymous_13)
FNDA:0,(anonymous_14)
FNDA:1,(anonymous_15)
FNDA:1,(anonymous_16)
FNDA:1,(anonymous_17)
FNDA:1,(anonymous_18)
FNDA:2,(anonymous_19)
FNDA:6,(anonymous_20)
FNDA:1,(anonymous_21)
FNDA:2,(anonymous_22)
FNDA:0,(anonymous_23)
FNDA:1,(anonymous_24)
FNDA:2,(anonymous_25)
FNDA:4,(anonymous_26)
DA:1,7
DA:2,7
DA:3,7
DA:4,7
DA:5,7
DA:9,7
DA:10,7
DA:11,7
DA:12,7
DA:13,7
DA:14,7
DA:16,7
DA:17,7
DA:18,7
DA:21,7
DA:24,15
DA:25,15
DA:26,15
DA:27,15
DA:28,15
DA:29,15
DA:33,4
DA:34,1
DA:37,3
DA:39,3
DA:40,2
DA:41,1
DA:43,1
DA:44,1
DA:48,1
DA:55,1
DA:58,1
DA:65,1
DA:66,1
DA:68,1
DA:69,1
DA:70,1
DA:74,1
DA:81,1
DA:82,0
DA:85,1
DA:87,1
DA:94,1
DA:97,1
DA:98,1
DA:101,1
DA:102,1
DA:103,1
DA:107,1
DA:109,1
DA:110,1
DA:111,1
DA:115,1
DA:122,1
DA:123,0
DA:127,1
DA:128,1
DA:131,1
DA:132,1
DA:136,1
DA:138,1
DA:139,0
DA:144,1
DA:147,1
DA:148,1
DA:152,1
DA:154,1
DA:155,1
DA:156,1
DA:157,1
DA:158,1
DA:159,0
DA:164,1
DA:165,1
DA:166,1
DA:167,1
DA:169,1
DA:171,1
DA:172,0
DA:183,1
DA:184,1
DA:185,1
DA:187,1
DA:188,1
DA:191,1
DA:192,1
DA:193,0
DA:194,0
DA:196,1
DA:197,0
DA:198,0
DA:202,1
DA:203,1
DA:204,1
DA:206,1
DA:216,1
DA:217,1
DA:220,1
DA:224,1
DA:232,1
DA:233,0
DA:236,1
DA:237,1
DA:238,1
DA:240,1
DA:244,2
DA:245,2
DA:249,6
DA:258,1
DA:264,2
DA:265,2
DA:268,1
DA:273,0
DA:274,0
DA:279,0
DA:280,0
DA:289,1
DA:296,2
DA:301,4
DA:307,4
DA:319,4
LF:121
LH:107
BRDA:33,0,0,1
BRDA:39,1,0,2
BRDA:40,2,0,1
BRDA:43,3,0,1
BRDA:69,4,0,1
BRDA:69,4,1,0
BRDA:69,5,0,1
BRDA:69,5,1,1
BRDA:81,6,0,0
BRDA:81,7,0,1
BRDA:81,7,1,1
BRDA:102,8,0,1
BRDA:110,9,0,1
BRDA:110,9,1,0
BRDA:110,10,0,1
BRDA:110,10,1,1
BRDA:122,11,0,0
BRDA:122,12,0,1
BRDA:122,12,1,1
BRDA:122,12,2,0
BRDA:138,13,0,0
BRDA:138,14,0,1
BRDA:138,14,1,1
BRDA:152,15,0,0
BRDA:152,16,0,0
BRDA:154,17,0,1
BRDA:154,17,1,1
BRDA:155,18,0,1
BRDA:155,18,1,0
BRDA:155,18,2,1
BRDA:156,19,0,1
BRDA:158,20,0,0
BRDA:171,21,0,0
BRDA:171,22,0,1
BRDA:171,22,1,1
BRDA:192,23,0,0
BRDA:192,23,1,1
BRDA:196,24,0,0
BRDA:216,25,0,1
BRDA:232,26,0,0
BRDA:245,27,0,2
BRDA:245,27,1,1
BRDA:296,28,0,1
BRDA:296,28,1,1
BRDA:301,29,0,4
BRDA:301,29,1,0
BRDA:303,30,0,0
BRDA:303,30,1,0
BRDA:307,31,0,4
BRDA:307,31,1,0
BRDA:309,32,0,4
BRDA:309,32,1,0
BRDA:309,32,2,0
BRDA:311,33,0,4
BRDA:311,33,1,2
BRDA:311,33,2,2
BRDA:314,34,0,2
BRDA:314,34,1,2
BRF:58
BRH:38
end_of_record
TN:
SF:src\friends\dto\accept-friend-request.dto.ts
FNF:0
FNH:0
DA:1,0
DA:2,0
DA:4,0
DA:11,0
LF:4
LH:0
BRF:0
BRH:0
end_of_record
TN:
SF:src\friends\dto\bulk-friend-action.dto.ts
FNF:0
FNH:0
DA:1,0
DA:2,0
DA:4,0
DA:15,0
LF:4
LH:0
BRF:0
BRH:0
end_of_record
TN:
SF:src\friends\dto\decline-friend-request.dto.ts
FNF:0
FNH:0
DA:1,0
DA:2,0
DA:4,0
DA:11,0
LF:4
LH:0
BRF:0
BRH:0
end_of_record
TN:
SF:src\friends\dto\friend.dto.ts
FN:71,(anonymous_2)
FNF:1
FNH:0
FNDA:0,(anonymous_2)
DA:1,1
DA:2,1
DA:3,1
DA:5,1
DA:10,1
DA:16,1
DA:23,1
DA:29,1
DA:35,1
DA:38,1
DA:43,1
DA:49,1
DA:55,1
DA:62,1
DA:68,1
DA:71,0
DA:74,1
LF:17
LH:16
BRF:0
BRH:0
end_of_record
TN:
SF:src\friends\dto\friends-query.dto.ts
FN:5,(anonymous_2)
FN:14,(anonymous_3)
FN:26,(anonymous_4)
FNF:3
FNH:3
FNDA:5,(anonymous_2)
FNDA:2,(anonymous_3)
FNDA:2,(anonymous_4)
DA:1,2
DA:2,2
DA:3,2
DA:5,2
DA:14,2
DA:15,5
DA:26,2
DA:27,5
DA:36,5
LF:9
LH:9
BRF:0
BRH:0
end_of_record
TN:
SF:src\friends\dto\friends-response.dto.ts
FN:13,(anonymous_2)
FNF:1
FNH:0
FNDA:0,(anonymous_2)
DA:1,1
DA:2,1
DA:3,1
DA:5,1
DA:10,1
DA:13,0
DA:16,1
LF:7
LH:6
BRF:0
BRH:0
end_of_record
TN:
SF:src\friends\dto\friends-stats.dto.ts
FNF:0
FNH:0
DA:1,0
DA:3,0
DA:8,0
DA:14,0
DA:20,0
DA:26,0
LF:6
LH:0
BRF:0
BRH:0
end_of_record
TN:
SF:src\friends\dto\index.ts
FNF:0
FNH:0
DA:1,0
DA:2,0
DA:3,0
DA:4,0
DA:5,0
DA:6,0
DA:7,0
DA:8,0
DA:9,0
DA:10,0
LF:10
LH:0
BRF:0
BRH:0
end_of_record
TN:
SF:src\friends\dto\search-users-query.dto.ts
FNF:0
FNH:0
DA:1,1
DA:2,1
DA:4,1
DA:15,1
LF:4
LH:4
BRF:0
BRH:0
end_of_record
TN:
SF:src\friends\dto\send-friend-request.dto.ts
FNF:0
FNH:0
DA:1,2
DA:2,2
DA:4,2
DA:11,2
DA:21,2
LF:5
LH:5
BRF:0
BRH:0
end_of_record
TN:
SF:src\friends\dto\user-search-result.dto.ts
FNF:0
FNH:0
DA:1,1
DA:3,1
DA:8,1
DA:14,1
DA:20,1
LF:5
LH:5
BRF:0
BRH:0
end_of_record
TN:
SF:src\friends\entities\friendship-status.enum.ts
FN:1,(anonymous_0)
FNF:1
FNH:1
FNDA:11,(anonymous_0)
DA:1,11
DA:2,11
DA:3,11
DA:4,11
DA:5,11
LF:5
LH:5
BRDA:1,0,0,11
BRDA:1,0,1,11
BRF:2
BRH:2
end_of_record
TN:
SF:src\friends\entities\friendship.entity.ts
FNF:0
FNH:0
DA:1,11
DA:9,11
DA:13,11
DA:15,11
DA:19,11
DA:23,11
DA:26,11
DA:29,11
DA:32,11
DA:35,11
LF:10
LH:10
BRF:0
BRH:0
end_of_record
TN:
SF:src\health\health.controller.ts
FN:41,(anonymous_4)
FN:50,(anonymous_5)
FN:79,(anonymous_6)
FN:115,(anonymous_7)
FN:129,(anonymous_8)
FN:142,(anonymous_9)
FN:171,(anonymous_10)
FNF:7
FNH:7
FNDA:11,(anonymous_4)
FNDA:2,(anonymous_5)
FNDA:2,(anonymous_6)
FNDA:2,(anonymous_7)
FNDA:1,(anonymous_8)
FNDA:2,(anonymous_9)
FNDA:1,(anonymous_10)
DA:1,1
DA:2,1
DA:4,1
DA:8,1
DA:38,1
DA:39,11
DA:42,11
DA:43,11
DA:50,1
DA:51,2
DA:52,2
DA:53,1
DA:66,1
DA:68,1
DA:79,1
DA:80,2
DA:81,2
DA:82,2
DA:83,2
DA:84,2
DA:86,2
DA:101,2
DA:102,2
DA:104,0
DA:115,1
DA:116,2
DA:117,2
DA:119,2
DA:129,1
DA:130,1
DA:132,1
DA:142,1
DA:143,2
DA:145,2
DA:147,2
DA:148,1
DA:153,1
DA:160,0
DA:171,1
DA:172,1
LF:40
LH:38
BRDA:57,0,0,1
BRDA:57,0,1,0
BRDA:58,1,0,1
BRDA:58,1,1,0
BRDA:71,2,0,1
BRDA:71,2,1,0
BRDA:87,3,0,1
BRDA:87,3,1,1
BRDA:90,4,0,2
BRDA:90,4,1,0
BRDA:91,5,0,2
BRDA:91,5,1,0
BRDA:101,6,0,1
BRDA:101,6,1,1
BRDA:107,7,0,0
BRDA:107,7,1,0
BRDA:120,8,0,1
BRDA:120,8,1,1
BRDA:147,9,0,1
BRDA:147,9,1,1
BRDA:163,10,0,0
BRDA:163,10,1,0
BRF:22
BRH:13
end_of_record
TN:
SF:src\health\health.module.ts
FNF:0
FNH:0
DA:1,0
DA:2,0
DA:3,0
DA:9,0
LF:4
LH:0
BRF:0
BRH:0
end_of_record
TN:
SF:src\integration\integration.controller.ts
FN:29,(anonymous_4)
FN:41,(anonymous_5)
FN:56,(anonymous_6)
FN:71,(anonymous_7)
FN:98,(anonymous_8)
FN:125,(anonymous_9)
FNF:6
FNH:6
FNDA:20,(anonymous_4)
FNDA:4,(anonymous_5)
FNDA:2,(anonymous_6)
FNDA:5,(anonymous_7)
FNDA:2,(anonymous_8)
FNDA:2,(anonymous_9)
DA:1,2
DA:11,2
DA:19,2
DA:20,2
DA:21,2
DA:22,2
DA:23,2
DA:28,2
DA:29,20
DA:41,2
DA:42,4
DA:56,2
DA:57,2
DA:71,2
DA:75,5
DA:98,2
DA:102,2
DA:125,2
DA:131,2
LF:19
LH:19
BRF:0
BRH:0
end_of_record
TN:
SF:src\integration\integration.e2e-spec.ts
FN:12,(anonymous_0)
FN:21,(anonymous_1)
FN:47,(anonymous_2)
FN:51,(anonymous_3)
FN:55,(anonymous_4)
FN:56,(anonymous_5)
FN:88,(anonymous_6)
FN:101,(anonymous_7)
FN:107,(anonymous_8)
FN:115,(anonymous_9)
FN:116,(anonymous_10)
FN:141,(anonymous_11)
FN:164,(anonymous_12)
FN:178,(anonymous_13)
FN:194,(anonymous_14)
FN:195,(anonymous_15)
FN:226,(anonymous_16)
FN:240,(anonymous_17)
FN:241,(anonymous_18)
FN:256,(anonymous_19)
FN:257,(anonymous_20)
FN:271,(anonymous_21)
FNF:22
FNH:0
FNDA:0,(anonymous_0)
FNDA:0,(anonymous_1)
FNDA:0,(anonymous_2)
FNDA:0,(anonymous_3)
FNDA:0,(anonymous_4)
FNDA:0,(anonymous_5)
FNDA:0,(anonymous_6)
FNDA:0,(anonymous_7)
FNDA:0,(anonymous_8)
FNDA:0,(anonymous_9)
FNDA:0,(anonymous_10)
FNDA:0,(anonymous_11)
FNDA:0,(anonymous_12)
FNDA:0,(anonymous_13)
FNDA:0,(anonymous_14)
FNDA:0,(anonymous_15)
FNDA:0,(anonymous_16)
FNDA:0,(anonymous_17)
FNDA:0,(anonymous_18)
FNDA:0,(anonymous_19)
FNDA:0,(anonymous_20)
FNDA:0,(anonymous_21)
DA:1,0
DA:3,0
DA:4,0
DA:5,0
DA:6,0
DA:7,0
DA:8,0
DA:10,0
DA:12,0
DA:16,0
DA:17,0
DA:18,0
DA:19,0
DA:21,0
DA:22,0
DA:24,0
DA:39,0
DA:40,0
DA:42,0
DA:47,0
DA:48,0
DA:51,0
DA:52,0
DA:55,0
DA:56,0
DA:58,0
DA:65,0
DA:72,0
DA:74,0
DA:79,0
DA:83,0
DA:84,0
DA:85,0
DA:88,0
DA:89,0
DA:94,0
DA:101,0
DA:102,0
DA:107,0
DA:108,0
DA:115,0
DA:116,0
DA:117,0
DA:124,0
DA:126,0
DA:131,0
DA:137,0
DA:138,0
DA:141,0
DA:142,0
DA:149,0
DA:151,0
DA:156,0
DA:164,0
DA:165,0
DA:170,0
DA:178,0
DA:179,0
DA:184,0
DA:194,0
DA:195,0
DA:197,0
DA:212,0
DA:214,0
DA:219,0
DA:226,0
DA:227,0
DA:232,0
DA:240,0
DA:241,0
DA:242,0
DA:247,0
DA:256,0
DA:257,0
DA:258,0
DA:264,0
DA:271,0
DA:272,0
DA:277,0
LF:79
LH:0
BRF:0
BRH:0
end_of_record
TN:
SF:src\integration\integration.module.ts
FNF:0
FNH:0
DA:1,0
DA:2,0
DA:3,0
DA:4,0
DA:5,0
DA:6,0
DA:7,0
DA:19,0
LF:8
LH:0
BRF:0
BRH:0
end_of_record
TN:
SF:src\integration\integration.service.ts
FN:16,(anonymous_4)
FN:27,(anonymous_5)
FN:49,(anonymous_6)
FN:72,(anonymous_7)
FN:152,(anonymous_8)
FN:177,(anonymous_9)
FN:196,(anonymous_10)
FN:228,(anonymous_11)
FN:249,(anonymous_12)
FN:288,(anonymous_13)
FNF:10
FNH:10
FNDA:31,(anonymous_4)
FNDA:10,(anonymous_5)
FNDA:11,(anonymous_6)
FNDA:9,(anonymous_7)
FNDA:3,(anonymous_8)
FNDA:2,(anonymous_9)
FNDA:7,(anonymous_10)
FNDA:10,(anonymous_11)
FNDA:6,(anonymous_12)
FNDA:2,(anonymous_13)
DA:1,10
DA:2,10
DA:3,10
DA:4,10
DA:5,10
DA:6,10
DA:7,10
DA:8,10
DA:13,10
DA:14,31
DA:18,31
DA:19,31
DA:20,31
DA:21,31
DA:28,10
DA:31,10
DA:32,10
DA:33,10
DA:34,2
DA:35,2
DA:39,8
DA:47,8
DA:50,11
DA:55,8
DA:63,8
DA:65,8
DA:66,8
DA:73,9
DA:75,9
DA:76,1
DA:86,8
DA:87,8
DA:88,8
DA:89,2
DA:93,6
DA:102,6
DA:103,1
DA:109,5
DA:110,3
DA:120,2
DA:121,2
DA:132,0
DA:144,6
DA:146,6
DA:156,3
DA:158,3
DA:159,1
DA:163,2
DA:164,2
DA:165,2
DA:166,0
DA:170,2
DA:176,2
DA:177,2
DA:178,2
DA:181,2
DA:188,2
DA:190,2
DA:197,7
DA:199,7
DA:201,7
DA:205,7
DA:207,4
DA:213,3
DA:215,3
DA:218,1
DA:234,10
DA:238,10
DA:254,6
DA:256,6
DA:258,6
DA:260,6
DA:261,6
DA:273,3
DA:275,0
DA:278,3
DA:292,2
DA:296,2
DA:297,2
DA:299,2
DA:300,2
DA:311,2
DA:314,0
LF:83
LH:79
BRDA:33,0,0,2
BRDA:50,1,0,9
BRDA:50,1,1,2
BRDA:75,2,0,1
BRDA:88,3,0,2
BRDA:102,4,0,1
BRDA:102,4,1,5
BRDA:109,5,0,3
BRDA:109,5,1,2
BRDA:120,6,0,2
BRDA:120,6,1,0
BRDA:158,7,0,1
BRDA:165,8,0,0
BRDA:205,9,0,4
BRDA:205,9,1,3
BRDA:219,10,0,1
BRDA:219,10,1,0
BRDA:260,11,0,6
BRDA:260,11,1,0
BRDA:279,12,0,3
BRDA:279,12,1,0
BRDA:299,13,0,2
BRDA:315,14,0,0
BRDA:315,14,1,0
BRF:24
BRH:17
end_of_record
TN:
SF:src\integration\dto\first-friend-webhook.dto.ts
FNF:0
FNH:0
DA:1,2
DA:2,2
DA:4,2
DA:11,2
DA:19,2
DA:26,2
LF:6
LH:6
BRF:0
BRH:0
end_of_record
TN:
SF:src\integration\dto\friends-list-response.dto.ts
FNF:0
FNH:0
DA:1,2
DA:3,2
DA:8,2
DA:15,2
DA:21,2
DA:27,2
LF:6
LH:6
BRF:0
BRH:0
end_of_record
TN:
SF:src\integration\dto\social-connection-check.dto.ts
FNF:0
FNH:0
DA:1,2
DA:3,2
DA:8,2
DA:14,2
DA:20,2
DA:27,2
DA:34,2
DA:41,2
LF:8
LH:8
BRF:0
BRH:0
end_of_record
TN:
SF:src\messages\messages.controller.ts
FN:38,(anonymous_4)
FN:43,(anonymous_5)
FN:51,(anonymous_6)
FN:59,(anonymous_7)
FN:72,(anonymous_8)
FNF:5
FNH:5
FNDA:5,(anonymous_4)
FNDA:1,(anonymous_5)
FNDA:1,(anonymous_6)
FNDA:1,(anonymous_7)
FNDA:1,(anonymous_8)
DA:1,1
DA:14,1
DA:15,1
DA:16,1
DA:17,1
DA:26,1
DA:27,1
DA:28,1
DA:29,1
DA:30,1
DA:31,1
DA:37,1
DA:38,5
DA:43,1
DA:44,1
DA:45,1
DA:51,1
DA:52,1
DA:53,1
DA:59,1
DA:64,1
DA:65,1
DA:72,1
DA:73,1
DA:74,1
LF:25
LH:25
BRF:0
BRH:0
end_of_record
TN:
SF:src\messages\messages.module.ts
FNF:0
FNH:0
DA:1,0
DA:2,0
DA:3,0
DA:4,0
DA:5,0
DA:6,0
DA:7,0
DA:8,0
DA:16,0
LF:9
LH:0
BRF:0
BRH:0
end_of_record
TN:
SF:src\messages\messaging.service.ts
FN:24,(anonymous_4)
FN:33,(anonymous_5)
FN:69,(anonymous_6)
FN:85,(anonymous_7)
FN:87,(anonymous_8)
FN:92,(anonymous_9)
FN:111,(anonymous_10)
FN:138,(anonymous_11)
FN:151,(anonymous_12)
FN:165,(anonymous_13)
FN:174,(anonymous_14)
FN:193,(anonymous_15)
FN:201,(anonymous_16)
FN:217,(anonymous_17)
FNF:14
FNH:14
FNDA:14,(anonymous_4)
FNDA:4,(anonymous_5)
FNDA:2,(anonymous_6)
FNDA:1,(anonymous_7)
FNDA:1,(anonymous_8)
FNDA:1,(anonymous_9)
FNDA:2,(anonymous_10)
FNDA:1,(anonymous_11)
FNDA:4,(anonymous_12)
FNDA:1,(anonymous_13)
FNDA:4,(anonymous_14)
FNDA:1,(anonymous_15)
FNDA:4,(anonymous_16)
FNDA:1,(anonymous_17)
DA:1,2
DA:2,2
DA:3,2
DA:4,2
DA:5,2
DA:6,2
DA:9,2
DA:10,2
DA:11,2
DA:12,2
DA:13,2
DA:17,2
DA:20,2
DA:21,14
DA:22,14
DA:26,14
DA:27,14
DA:28,14
DA:29,14
DA:30,14
DA:35,4
DA:38,3
DA:39,3
DA:40,1
DA:44,2
DA:50,2
DA:53,2
DA:54,2
DA:63,1
DA:66,2
DA:71,2
DA:80,2
DA:81,1
DA:85,1
DA:86,1
DA:87,1
DA:90,1
DA:92,1
DA:93,1
DA:94,1
DA:116,2
DA:119,2
DA:120,2
DA:121,1
DA:124,1
DA:129,1
DA:137,1
DA:138,1
DA:140,1
DA:152,4
DA:154,4
DA:155,2
DA:158,2
DA:159,1
DA:160,1
DA:161,1
DA:166,1
DA:176,4
DA:182,4
DA:194,1
DA:202,4
DA:203,4
DA:205,4
DA:206,3
DA:207,3
DA:210,1
DA:211,1
DA:214,0
DA:221,1
DA:223,1
DA:224,1
DA:231,1
DA:234,1
LF:73
LH:72
BRDA:39,0,0,1
BRDA:80,1,0,1
BRDA:106,2,0,1
BRDA:106,2,1,0
BRDA:116,3,0,0
BRDA:116,4,0,0
BRDA:120,5,0,1
BRDA:154,6,0,2
BRDA:154,7,0,4
BRDA:154,7,1,3
BRDA:158,8,0,1
BRDA:176,9,0,4
BRDA:176,9,1,0
BRDA:178,10,0,0
BRDA:178,10,1,0
BRDA:188,11,0,0
BRDA:188,11,1,4
BRDA:195,12,0,1
BRDA:195,12,1,0
BRDA:195,12,2,0
BRDA:197,13,0,1
BRDA:197,13,1,0
BRDA:197,13,2,0
BRDA:205,14,0,3
BRDA:205,15,0,4
BRDA:205,15,1,4
BRDA:210,16,0,1
BRF:27
BRH:16
end_of_record
TN:
SF:src\messages\dto\bulk-mark-read.dto.ts
FNF:0
FNH:0
DA:1,0
DA:2,0
DA:4,0
DA:15,0
LF:4
LH:0
BRF:0
BRH:0
end_of_record
TN:
SF:src\messages\dto\conversation-response.dto.ts
FN:13,(anonymous_2)
FNF:1
FNH:0
FNDA:0,(anonymous_2)
DA:1,1
DA:2,1
DA:3,1
DA:5,1
DA:10,1
DA:13,0
DA:16,1
LF:7
LH:6
BRF:0
BRH:0
end_of_record
TN:
SF:src\messages\dto\conversation.dto.ts
FN:34,(anonymous_2)
FN:40,(anonymous_3)
FNF:2
FNH:0
FNDA:0,(anonymous_2)
FNDA:0,(anonymous_3)
DA:1,1
DA:2,1
DA:3,1
DA:10,1
DA:16,1
DA:23,1
DA:26,1
DA:31,1
DA:34,0
DA:37,1
DA:40,0
DA:43,1
DA:49,1
LF:13
LH:11
BRF:0
BRH:0
end_of_record
TN:
SF:src\messages\dto\index.ts
FNF:0
FNH:0
DA:1,0
DA:2,0
DA:3,0
DA:4,0
DA:5,0
DA:6,0
DA:7,0
DA:8,0
LF:8
LH:0
BRF:0
BRH:0
end_of_record
TN:
SF:src\messages\dto\mark-as-read.dto.ts
FNF:0
FNH:0
DA:1,0
DA:2,0
DA:4,0
DA:11,0
LF:4
LH:0
BRF:0
BRH:0
end_of_record
TN:
SF:src\messages\dto\message.dto.ts
FNF:0
FNH:0
DA:1,1
DA:3,1
DA:8,1
DA:14,1
DA:20,1
DA:26,1
DA:32,1
DA:38,1
DA:44,1
LF:9
LH:9
BRF:0
BRH:0
end_of_record
TN:
SF:src\messages\dto\messages-query.dto.ts
FN:5,(anonymous_2)
FN:14,(anonymous_3)
FN:26,(anonymous_4)
FNF:3
FNH:3
FNDA:4,(anonymous_2)
FNDA:2,(anonymous_3)
FNDA:2,(anonymous_4)
DA:1,2
DA:2,2
DA:3,2
DA:5,2
DA:14,2
DA:15,4
DA:26,2
DA:27,4
LF:8
LH:8
BRF:0
BRH:0
end_of_record
TN:
SF:src\messages\dto\send-message.dto.ts
FNF:0
FNH:0
DA:1,2
DA:2,2
DA:4,2
DA:11,2
DA:23,2
LF:5
LH:5
BRF:0
BRH:0
end_of_record
TN:
SF:src\messages\dto\unread-count.dto.ts
FNF:0
FNH:0
DA:1,0
DA:3,0
DA:8,0
DA:14,0
LF:4
LH:0
BRF:0
BRH:0
end_of_record
TN:
SF:src\messages\entities\message.entity.ts
FNF:0
FNH:0
DA:1,3
DA:11,3
DA:13,3
DA:17,3
DA:21,3
DA:24,3
DA:27,3
DA:30,3
DA:33,3
DA:36,3
LF:10
LH:10
BRF:0
BRH:0
end_of_record
TN:
SF:src\migrations\1703000000000-InitialMigration.ts
FN:3,(anonymous_0)
FN:6,(anonymous_1)
FN:102,(anonymous_2)
FNF:3
FNH:0
FNDA:0,(anonymous_0)
FNDA:0,(anonymous_1)
FNDA:0,(anonymous_2)
DA:3,0
DA:4,0
DA:8,0
DA:12,0
DA:28,0
DA:29,0
DA:32,0
DA:35,0
DA:38,0
DA:43,0
DA:59,0
DA:60,0
DA:61,0
DA:64,0
DA:67,0
DA:72,0
DA:76,0
DA:91,0
DA:94,0
DA:97,0
DA:104,0
DA:105,0
DA:107,0
DA:109,0
DA:110,0
LF:25
LH:0
BRF:0
BRH:0
end_of_record
TN:
SF:src\status\status.controller.ts
FN:20,(anonymous_4)
FN:26,(anonymous_5)
FN:35,(anonymous_6)
FN:43,(anonymous_7)
FNF:4
FNH:4
FNDA:4,(anonymous_4)
FNDA:1,(anonymous_5)
FNDA:1,(anonymous_6)
FNDA:1,(anonymous_7)
DA:1,1
DA:2,1
DA:3,1
DA:4,1
DA:12,1
DA:13,1
DA:19,1
DA:20,4
DA:26,1
DA:27,1
DA:28,1
DA:35,1
DA:36,1
DA:37,1
DA:43,1
DA:44,1
DA:45,1
LF:17
LH:17
BRF:0
BRH:0
end_of_record
TN:
SF:src\status\status.module.ts
FNF:0
FNH:0
DA:1,0
DA:2,0
DA:3,0
DA:4,0
DA:5,0
DA:6,0
DA:14,0
LF:7
LH:0
BRF:0
BRH:0
end_of_record
TN:
SF:src\status\status.service.ts
FN:15,(anonymous_4)
FN:22,(anonymous_5)
FN:26,(anonymous_6)
FN:38,(anonymous_7)
FN:50,(anonymous_8)
FN:65,(anonymous_9)
FN:74,(anonymous_10)
FN:99,(anonymous_11)
FN:111,(anonymous_12)
FNF:9
FNH:8
FNDA:7,(anonymous_4)
FNDA:6,(anonymous_5)
FNDA:1,(anonymous_6)
FNDA:1,(anonymous_7)
FNDA:3,(anonymous_8)
FNDA:1,(anonymous_9)
FNDA:2,(anonymous_10)
FNDA:0,(anonymous_11)
FNDA:3,(anonymous_12)
DA:1,2
DA:2,2
DA:3,2
DA:4,2
DA:5,2
DA:6,2
DA:7,2
DA:11,2
DA:14,2
DA:17,7
DA:18,7
DA:19,7
DA:23,6
DA:27,1
DA:34,1
DA:35,1
DA:39,1
DA:46,1
DA:47,1
DA:51,3
DA:52,3
DA:53,2
DA:56,1
DA:57,1
DA:58,1
DA:59,1
DA:62,0
DA:66,1
DA:70,1
DA:71,0
DA:74,2
DA:75,1
DA:77,1
DA:78,2
DA:79,2
DA:80,1
DA:88,1
DA:96,1
DA:100,0
DA:101,0
DA:103,0
DA:104,0
DA:105,0
DA:106,0
DA:107,0
DA:112,3
DA:113,3
DA:114,3
DA:115,1
DA:118,3
LF:50
LH:41
BRDA:52,0,0,2
BRDA:57,1,0,1
BRDA:70,2,0,0
BRDA:70,3,0,1
BRDA:70,3,1,1
BRDA:79,4,0,1
BRDA:79,4,1,1
BRDA:105,5,0,0
BRDA:112,6,0,3
BRDA:114,7,0,1
BRF:10
BRH:8
end_of_record
TN:
SF:src\status\dto\friend-status.dto.ts
FNF:0
FNH:0
DA:1,1
DA:2,1
DA:4,1
DA:9,1
DA:16,1
DA:22,1
DA:28,1
LF:7
LH:7
BRF:0
BRH:0
end_of_record
TN:
SF:src\status\dto\index.ts
FNF:0
FNH:0
DA:1,0
DA:2,0
LF:2
LH:0
BRF:0
BRH:0
end_of_record
TN:
SF:src\status\dto\set-status.dto.ts
FNF:0
FNH:0
DA:1,2
DA:2,2
DA:4,2
DA:12,2
LF:4
LH:4
BRF:0
BRH:0
end_of_record
TN:
SF:src\status\entities\online-status.entity.ts
FNF:0
FNH:0
DA:1,3
DA:2,3
DA:5,3
DA:7,3
DA:11,3
DA:14,3
DA:17,3
DA:20,3
DA:23,3
LF:9
LH:9
BRF:0
BRH:0
end_of_record
TN:
SF:src\status\entities\user-status.enum.ts
FN:1,(anonymous_0)
FNF:1
FNH:1
FNDA:8,(anonymous_0)
DA:1,8
DA:2,8
DA:3,8
DA:4,8
LF:4
LH:4
BRDA:1,0,0,8
BRDA:1,0,1,8
BRF:2
BRH:2
end_of_record
