TN:
SF:src\app.controller.ts
FN:6,(anonymous_2)
FN:9,(anonymous_3)
FN:14,(anonymous_4)
FNF:3
FNH:3
FNDA:2,(anonymous_2)
FNDA:1,(anonymous_3)
FNDA:1,(anonymous_4)
DA:1,1
DA:2,1
DA:5,1
DA:6,2
DA:9,1
DA:10,1
DA:14,1
DA:15,1
LF:8
LH:8
BRDA:6,0,0,1
BRDA:6,0,1,0
BRDA:6,1,0,1
BRDA:6,1,1,1
BRF:4
BRH:3
end_of_record
TN:
SF:src\app.module.ts
FNF:0
FNH:0
DA:1,0
DA:2,0
DA:3,0
DA:4,0
DA:5,0
DA:6,0
DA:7,0
DA:8,0
DA:9,0
DA:10,0
DA:11,0
DA:12,0
DA:13,0
DA:14,0
DA:45,0
LF:15
LH:0
BRF:0
BRH:0
end_of_record
TN:
SF:src\app.service.ts
FN:5,(anonymous_1)
FNF:1
FNH:1
FNDA:1,(anonymous_1)
DA:1,1
DA:4,1
DA:6,1
LF:3
LH:3
BRF:0
BRH:0
end_of_record
TN:
SF:src\main.ts
FN:7,bootstrap
FNF:1
FNH:0
FNDA:0,bootstrap
DA:1,0
DA:2,0
DA:3,0
DA:4,0
DA:5,0
DA:8,0
DA:11,0
DA:18,0
DA:38,0
DA:39,0
DA:46,0
DA:47,0
DA:48,0
DA:50,0
DA:51,0
DA:52,0
DA:53,0
DA:55,0
LF:18
LH:0
BRDA:47,0,0,0
BRDA:47,0,1,0
BRDA:50,1,0,0
BRDA:50,1,1,0
BRDA:51,2,0,0
BRDA:51,2,1,0
BRDA:52,3,0,0
BRDA:52,3,1,0
BRF:8
BRH:0
end_of_record
TN:
SF:src\config\app.config.ts
FN:11,(anonymous_0)
FNF:1
FNH:0
FNDA:0,(anonymous_0)
DA:11,0
LF:1
LH:0
BRDA:12,0,0,0
BRDA:12,0,1,0
BRDA:13,1,0,0
BRDA:13,1,1,0
BRDA:14,2,0,0
BRDA:14,2,1,0
BRDA:15,3,0,0
BRDA:15,3,1,0
BRDA:16,4,0,0
BRDA:16,4,1,0
BRDA:17,5,0,0
BRDA:17,5,1,0
BRDA:18,6,0,0
BRDA:18,6,1,0
BRF:14
BRH:0
end_of_record
TN:
SF:src\config\config.module.ts
FNF:0
FNH:0
DA:1,0
DA:2,0
DA:3,0
DA:15,0
LF:4
LH:0
BRF:0
BRH:0
end_of_record
TN:
SF:src\config\data-source.ts
FNF:0
FNH:0
DA:1,0
DA:2,0
DA:4,0
LF:3
LH:0
BRDA:6,0,0,0
BRDA:6,0,1,0
BRDA:7,1,0,0
BRDA:7,1,1,0
BRDA:8,2,0,0
BRDA:8,2,1,0
BRDA:9,3,0,0
BRDA:9,3,1,0
BRDA:10,4,0,0
BRDA:10,4,1,0
BRF:10
BRH:0
end_of_record
TN:
SF:src\config\database.config.ts
FN:4,(anonymous_0)
FNF:1
FNH:0
FNDA:0,(anonymous_0)
DA:2,0
DA:4,0
LF:2
LH:0
BRDA:6,0,0,0
BRDA:6,0,1,0
BRDA:7,1,0,0
BRDA:7,1,1,0
BRDA:8,2,0,0
BRDA:8,2,1,0
BRDA:9,3,0,0
BRDA:9,3,1,0
BRDA:10,4,0,0
BRDA:10,4,1,0
BRF:10
BRH:0
end_of_record
TN:
SF:src\config\redis.config.ts
FN:19,(anonymous_0)
FNF:1
FNH:0
FNDA:0,(anonymous_0)
DA:19,0
DA:20,0
LF:2
LH:0
BRF:0
BRH:0
end_of_record
TN:
SF:src\controllers\admin.controller.ts
FN:12,(anonymous_2)
FN:36,(anonymous_3)
FN:62,(anonymous_4)
FN:82,(anonymous_5)
FN:106,(anonymous_6)
FN:116,(anonymous_7)
FNF:6
FNH:6
FNDA:7,(anonymous_2)
FNDA:2,(anonymous_3)
FNDA:1,(anonymous_4)
FNDA:1,(anonymous_5)
FNDA:1,(anonymous_6)
FNDA:1,(anonymous_7)
DA:1,1
DA:2,1
DA:3,1
DA:4,1
DA:5,1
DA:11,1
DA:13,7
DA:14,7
DA:36,1
DA:37,2
DA:62,1
DA:63,1
DA:82,1
DA:83,1
DA:106,1
DA:107,1
DA:116,1
DA:117,1
DA:118,1
LF:19
LH:19
BRDA:13,0,0,1
BRDA:13,0,1,0
BRDA:13,1,0,1
BRDA:13,1,1,1
BRDA:13,2,0,1
BRDA:13,2,1,0
BRDA:13,3,0,1
BRDA:13,3,1,1
BRF:8
BRH:6
end_of_record
TN:
SF:src\controllers\index.ts
FN:1,(anonymous_0)
FN:2,(anonymous_1)
FN:3,(anonymous_2)
FNF:3
FNH:0
FNDA:0,(anonymous_0)
FNDA:0,(anonymous_1)
FNDA:0,(anonymous_2)
DA:1,0
DA:2,0
DA:3,0
LF:3
LH:0
BRF:0
BRH:0
end_of_record
TN:
SF:src\controllers\rating.controller.ts
FN:20,(anonymous_4)
FN:82,(anonymous_5)
FNF:2
FNH:2
FNDA:3,(anonymous_4)
FNDA:2,(anonymous_5)
DA:1,1
DA:7,1
DA:8,1
DA:14,1
DA:19,1
DA:20,3
DA:82,1
DA:83,2
DA:85,2
DA:86,1
DA:94,1
LF:11
LH:11
BRDA:85,0,0,1
BRDA:85,0,1,1
BRDA:82,1,0,1
BRDA:82,1,1,0
BRDA:82,2,0,1
BRDA:82,2,1,1
BRDA:20,3,0,1
BRDA:20,3,1,0
BRDA:20,4,0,1
BRDA:20,4,1,1
BRF:10
BRH:8
end_of_record
TN:
SF:src\controllers\review.controller.ts
FN:37,(anonymous_4)
FN:60,(anonymous_5)
FN:104,(anonymous_6)
FN:142,(anonymous_7)
FN:175,(anonymous_8)
FN:216,(anonymous_9)
FNF:6
FNH:6
FNDA:7,(anonymous_4)
FNDA:2,(anonymous_5)
FNDA:1,(anonymous_6)
FNDA:1,(anonymous_7)
FNDA:1,(anonymous_8)
FNDA:1,(anonymous_9)
DA:1,1
DA:17,1
DA:26,1
DA:27,1
DA:28,1
DA:29,1
DA:36,1
DA:37,7
DA:60,1
DA:64,2
DA:104,1
DA:108,1
DA:142,1
DA:147,1
DA:175,1
DA:176,1
DA:216,1
DA:220,1
LF:18
LH:18
BRDA:62,0,0,1
BRDA:62,0,1,0
BRDA:62,1,0,1
BRDA:62,1,1,1
BRDA:63,2,0,1
BRDA:63,2,1,0
BRDA:63,3,0,1
BRDA:63,3,1,1
BRDA:106,4,0,1
BRDA:106,4,1,0
BRDA:106,5,0,1
BRDA:106,5,1,1
BRDA:107,6,0,1
BRDA:107,6,1,0
BRDA:107,7,0,1
BRDA:107,7,1,1
BRDA:145,8,0,1
BRDA:145,8,1,0
BRDA:145,9,0,1
BRDA:145,9,1,1
BRDA:146,10,0,1
BRDA:146,10,1,0
BRDA:146,11,0,1
BRDA:146,11,1,1
BRDA:175,12,0,1
BRDA:175,12,1,0
BRDA:175,13,0,1
BRDA:175,13,1,1
BRDA:218,14,0,1
BRDA:218,14,1,0
BRDA:218,15,0,1
BRDA:218,15,1,1
BRDA:219,16,0,1
BRDA:219,16,1,0
BRDA:219,17,0,1
BRDA:219,17,1,1
BRDA:37,18,0,1
BRDA:37,18,1,0
BRDA:37,19,0,1
BRDA:37,19,1,1
BRF:40
BRH:30
end_of_record
TN:
SF:src\dto\create-review.dto.ts
FNF:0
FNH:0
DA:1,2
DA:2,2
DA:4,2
DA:11,2
DA:23,2
DA:34,2
LF:6
LH:6
BRF:0
BRH:0
end_of_record
TN:
SF:src\dto\index.ts
FN:1,(anonymous_0)
FN:2,(anonymous_1)
FN:3,(anonymous_2)
FNF:3
FNH:3
FNDA:8,(anonymous_0)
FNDA:6,(anonymous_1)
FNDA:8,(anonymous_2)
DA:1,10
DA:2,8
DA:3,10
LF:3
LH:3
BRF:0
BRH:0
end_of_record
TN:
SF:src\dto\pagination.dto.ts
FN:13,(anonymous_2)
FN:26,(anonymous_3)
FNF:2
FNH:2
FNDA:2,(anonymous_2)
FNDA:2,(anonymous_3)
DA:1,2
DA:2,2
DA:3,2
DA:5,2
DA:13,2
DA:16,4
DA:26,2
DA:30,4
LF:8
LH:8
BRF:0
BRH:0
end_of_record
TN:
SF:src\dto\update-review.dto.ts
FNF:0
FNH:0
DA:1,2
DA:2,2
DA:4,2
DA:16,2
DA:28,2
LF:5
LH:5
BRF:0
BRH:0
end_of_record
TN:
SF:src\entities\game-rating.entity.ts
FNF:0
FNH:0
DA:1,8
DA:7,8
DA:10,8
DA:16,8
DA:25,8
DA:32,8
DA:39,8
LF:7
LH:7
BRDA:39,0,0,8
BRDA:39,0,1,0
BRDA:39,1,0,8
BRDA:39,1,1,8
BRF:4
BRH:3
end_of_record
TN:
SF:src\entities\index.ts
FN:1,(anonymous_0)
FN:2,(anonymous_1)
FNF:2
FNH:0
FNDA:0,(anonymous_0)
FNDA:0,(anonymous_1)
DA:1,0
DA:2,0
LF:2
LH:0
BRF:0
BRH:0
end_of_record
TN:
SF:src\entities\review.entity.ts
FN:52,(anonymous_2)
FN:53,(anonymous_3)
FNF:2
FNH:0
FNDA:0,(anonymous_2)
FNDA:0,(anonymous_3)
DA:1,8
DA:9,8
DA:15,8
DA:21,8
DA:28,8
DA:35,8
DA:42,8
DA:52,0
DA:53,0
DA:56,8
DA:63,8
DA:70,8
LF:12
LH:10
BRDA:63,0,0,8
BRDA:63,0,1,0
BRDA:63,1,0,8
BRDA:63,1,1,8
BRDA:70,2,0,8
BRDA:70,2,1,0
BRDA:70,3,0,8
BRDA:70,3,1,8
BRF:8
BRH:6
end_of_record
TN:
SF:src\filters\http-exception.filter.ts
FN:25,(anonymous_1)
FN:99,(anonymous_2)
FNF:2
FNH:2
FNDA:8,(anonymous_1)
FNDA:1,(anonymous_2)
DA:1,1
DA:22,1
DA:23,8
DA:26,8
DA:27,8
DA:28,8
DA:33,8
DA:35,8
DA:36,2
DA:37,2
DA:39,2
DA:40,1
DA:41,1
DA:42,1
DA:43,1
DA:44,1
DA:45,1
DA:46,1
DA:48,0
DA:49,0
DA:51,6
DA:53,5
DA:54,1
DA:55,1
DA:56,1
DA:57,4
DA:58,1
DA:59,1
DA:60,1
DA:61,3
DA:62,1
DA:63,1
DA:64,1
DA:65,2
DA:66,1
DA:67,1
DA:68,1
DA:70,1
DA:71,1
DA:72,1
DA:75,1
DA:76,1
DA:77,1
DA:80,8
DA:91,8
DA:96,8
DA:100,1
DA:102,0
DA:104,0
DA:106,0
DA:108,1
DA:110,0
DA:112,0
DA:114,0
DA:116,0
DA:118,0
LF:56
LH:46
BRDA:35,0,0,2
BRDA:35,0,1,6
BRDA:39,1,0,1
BRDA:39,1,1,1
BRDA:42,2,0,1
BRDA:42,2,1,0
BRDA:44,3,0,1
BRDA:44,3,1,0
BRDA:45,4,0,1
BRDA:45,4,1,0
BRDA:46,5,0,1
BRDA:46,5,1,0
BRDA:51,6,0,5
BRDA:51,6,1,1
BRDA:53,7,0,1
BRDA:53,7,1,4
BRDA:57,8,0,1
BRDA:57,8,1,3
BRDA:61,9,0,1
BRDA:61,9,1,2
BRDA:65,10,0,1
BRDA:65,10,1,1
BRDA:93,11,0,7
BRDA:93,11,1,1
BRDA:100,12,0,0
BRDA:100,12,1,0
BRDA:100,12,2,0
BRDA:100,12,3,1
BRDA:100,12,4,0
BRDA:100,12,5,0
BRDA:100,12,6,0
BRDA:100,12,7,0
BRDA:100,12,8,0
BRF:33
BRH:21
end_of_record
TN:
SF:src\filters\index.ts
FN:1,(anonymous_0)
FNF:1
FNH:0
FNDA:0,(anonymous_0)
DA:1,0
LF:1
LH:0
BRF:0
BRH:0
end_of_record
TN:
SF:src\guards\index.ts
FN:1,(anonymous_0)
FN:3,(anonymous_1)
FNF:2
FNH:2
FNDA:1,(anonymous_0)
FNDA:2,(anonymous_1)
DA:1,2
DA:3,3
LF:2
LH:2
BRF:0
BRH:0
end_of_record
TN:
SF:src\guards\jwt-auth.guard.ts
FN:25,(anonymous_1)
FN:50,(anonymous_2)
FN:55,(anonymous_3)
FNF:3
FNH:3
FNDA:6,(anonymous_1)
FNDA:6,(anonymous_2)
FNDA:3,(anonymous_3)
DA:1,3
DA:24,3
DA:26,6
DA:27,6
DA:29,6
DA:30,3
DA:33,3
DA:36,3
DA:39,1
DA:44,1
DA:46,2
DA:51,6
DA:52,6
DA:58,3
DA:59,3
DA:60,3
DA:62,3
DA:63,1
DA:67,2
DA:68,2
DA:69,2
DA:71,2
DA:72,1
DA:75,1
DA:82,2
LF:25
LH:25
BRDA:29,0,0,3
BRDA:29,0,1,3
BRDA:51,1,0,6
BRDA:51,1,1,2
BRDA:52,2,0,3
BRDA:52,2,1,3
BRDA:62,3,0,1
BRDA:62,3,1,2
BRDA:62,4,0,3
BRDA:62,4,1,3
BRDA:62,4,2,2
BRDA:71,5,0,1
BRDA:71,5,1,1
BRF:13
BRH:13
end_of_record
TN:
SF:src\guards\ownership.guard.ts
FN:13,(anonymous_2)
FN:15,(anonymous_3)
FNF:2
FNH:2
FNDA:13,(anonymous_2)
FNDA:6,(anonymous_3)
DA:1,2
DA:8,2
DA:12,2
DA:13,13
DA:16,6
DA:17,6
DA:18,6
DA:20,6
DA:21,1
DA:24,5
DA:25,1
DA:28,4
DA:30,4
DA:32,3
DA:33,1
DA:36,2
DA:37,1
DA:40,1
DA:42,3
DA:43,2
DA:45,1
LF:21
LH:21
BRDA:20,0,0,1
BRDA:20,0,1,5
BRDA:24,1,0,1
BRDA:24,1,1,4
BRDA:32,2,0,1
BRDA:32,2,1,2
BRDA:36,3,0,1
BRDA:36,3,1,1
BRDA:42,4,0,2
BRDA:42,4,1,1
BRDA:42,5,0,3
BRDA:42,5,1,2
BRDA:13,6,0,2
BRDA:13,6,1,0
BRDA:13,7,0,2
BRDA:13,7,1,2
BRF:16
BRH:15
end_of_record
TN:
SF:src\migrations\1727302800000-CreateReviewAndGameRatingTables.ts
FN:6,(anonymous_0)
FN:106,(anonymous_1)
FNF:2
FNH:0
FNDA:0,(anonymous_0)
FNDA:0,(anonymous_1)
DA:1,0
DA:3,0
DA:4,0
DA:8,0
DA:56,0
DA:61,0
DA:66,0
DA:73,0
DA:108,0
DA:109,0
DA:110,0
DA:113,0
DA:114,0
LF:13
LH:0
BRF:0
BRH:0
end_of_record
TN:
SF:src\services\background-tasks.service.ts
FN:13,(anonymous_4)
FN:20,(anonymous_5)
FN:54,(anonymous_6)
FN:58,(anonymous_7)
FN:74,(anonymous_8)
FN:95,(anonymous_9)
FN:100,(anonymous_10)
FN:117,(anonymous_11)
FN:121,(anonymous_12)
FNF:9
FNH:7
FNDA:11,(anonymous_4)
FNDA:7,(anonymous_5)
FNDA:10,(anonymous_6)
FNDA:9,(anonymous_7)
FNDA:0,(anonymous_8)
FNDA:1,(anonymous_9)
FNDA:0,(anonymous_10)
FNDA:3,(anonymous_11)
FNDA:1,(anonymous_12)
DA:1,6
DA:2,6
DA:3,6
DA:4,6
DA:5,6
DA:6,6
DA:9,6
DA:10,11
DA:11,11
DA:15,11
DA:16,11
DA:17,11
DA:26,7
DA:27,1
DA:30,6
DA:31,6
DA:33,6
DA:34,6
DA:37,6
DA:42,6
DA:43,6
DA:44,6
DA:46,6
DA:49,6
DA:50,6
DA:51,6
DA:53,6
DA:55,10
DA:56,10
DA:58,9
DA:61,9
DA:62,9
DA:64,1
DA:65,1
DA:73,6
DA:74,0
DA:78,6
DA:80,6
DA:84,6
DA:91,6
DA:96,1
DA:98,1
DA:100,1
DA:101,0
DA:102,0
DA:104,0
DA:111,1
DA:114,1
DA:118,3
DA:125,1
LF:50
LH:46
BRDA:26,0,0,1
BRDA:26,0,1,6
BRDA:66,1,0,1
BRDA:66,1,1,0
BRDA:73,2,0,0
BRDA:73,2,1,6
BRDA:95,3,0,0
BRDA:105,4,0,0
BRDA:105,4,1,0
BRDA:15,5,0,6
BRDA:15,5,1,0
BRDA:15,6,0,6
BRDA:15,6,1,6
BRDA:15,7,0,6
BRDA:15,7,1,0
BRDA:15,8,0,6
BRDA:15,8,1,6
BRDA:16,9,0,6
BRDA:16,9,1,0
BRDA:16,10,0,6
BRDA:16,10,1,6
BRF:21
BRH:13
end_of_record
TN:
SF:src\services\index.ts
FN:1,(anonymous_0)
FN:2,(anonymous_1)
FN:3,(anonymous_2)
FN:4,(anonymous_3)
FN:5,(anonymous_4)
FNF:5
FNH:2
FNDA:0,(anonymous_0)
FNDA:6,(anonymous_1)
FNDA:6,(anonymous_2)
FNDA:0,(anonymous_3)
FNDA:0,(anonymous_4)
DA:1,3
DA:2,9
DA:3,9
DA:4,3
DA:5,3
LF:5
LH:5
BRF:0
BRH:0
end_of_record
TN:
SF:src\services\metrics.service.ts
FN:17,(anonymous_1)
FN:26,(anonymous_2)
FN:63,(anonymous_3)
FN:67,(anonymous_4)
FN:85,(anonymous_5)
FN:86,(anonymous_6)
FN:89,(anonymous_7)
FN:95,(anonymous_8)
FN:97,(anonymous_9)
FN:112,(anonymous_10)
FNF:10
FNH:10
FNDA:1131,(anonymous_1)
FNDA:9,(anonymous_2)
FNDA:10,(anonymous_3)
FNDA:5,(anonymous_4)
FNDA:24,(anonymous_5)
FNDA:24,(anonymous_6)
FNDA:24,(anonymous_7)
FNDA:24,(anonymous_8)
FNDA:11,(anonymous_9)
FNDA:14,(anonymous_10)
DA:1,9
DA:13,9
DA:14,13
DA:15,13
DA:18,1131
DA:21,1131
DA:22,100
DA:31,9
DA:32,9
DA:34,9
DA:35,9
DA:36,8
DA:38,8
DA:46,8
DA:48,1
DA:50,1
DA:59,1
DA:64,10
DA:74,5
DA:75,1
DA:84,4
DA:85,24
DA:86,24
DA:87,4
DA:89,4
DA:90,24
DA:91,24
DA:94,4
DA:95,24
DA:97,11
DA:103,4
DA:113,14
LF:32
LH:32
BRDA:21,0,0,100
BRDA:21,0,1,1031
BRDA:56,1,0,1
BRDA:56,1,1,0
BRDA:74,2,0,1
BRDA:74,2,1,4
BRDA:90,3,0,24
BRDA:90,3,1,8
BRDA:95,4,0,24
BRDA:95,4,1,16
BRF:10
BRH:9
end_of_record
TN:
SF:src\services\ownership.service.ts
FN:17,(anonymous_4)
FN:37,(anonymous_5)
FN:50,(anonymous_6)
FN:84,(anonymous_7)
FN:93,(anonymous_8)
FN:102,(anonymous_9)
FN:120,(anonymous_10)
FN:123,(anonymous_11)
FN:126,(anonymous_12)
FN:184,(anonymous_13)
FN:197,(anonymous_14)
FN:207,(anonymous_15)
FN:215,(anonymous_16)
FNF:13
FNH:12
FNDA:2,(anonymous_4)
FNDA:16,(anonymous_5)
FNDA:9,(anonymous_6)
FNDA:7,(anonymous_7)
FNDA:6,(anonymous_8)
FNDA:6,(anonymous_9)
FNDA:6,(anonymous_10)
FNDA:6,(anonymous_11)
FNDA:2,(anonymous_12)
FNDA:2,(anonymous_13)
FNDA:0,(anonymous_14)
FNDA:3,(anonymous_15)
FNDA:2,(anonymous_16)
DA:1,5
DA:2,5
DA:3,5
DA:5,5
DA:6,5
DA:7,5
DA:16,5
DA:19,2
DA:20,2
DA:21,2
DA:23,2
DA:24,2
DA:29,5
DA:30,16
DA:38,16
DA:40,16
DA:41,16
DA:43,16
DA:44,16
DA:45,16
DA:46,16
DA:47,16
DA:51,9
DA:52,2
DA:56,7
DA:57,7
DA:59,7
DA:60,1
DA:61,1
DA:64,6
DA:65,6
DA:68,4
DA:69,4
DA:71,4
DA:72,4
DA:74,2
DA:78,2
DA:80,2
DA:85,7
DA:86,7
DA:88,1
DA:89,1
DA:94,6
DA:95,6
DA:96,6
DA:98,0
DA:103,6
DA:105,6
DA:106,6
DA:108,6
DA:121,6
DA:122,6
DA:123,6
DA:128,2
DA:129,0
DA:130,0
DA:140,2
DA:141,2
DA:143,2
DA:153,4
DA:156,4
DA:157,0
DA:158,0
DA:161,4
DA:163,2
DA:164,2
DA:168,0
DA:172,0
DA:185,2
DA:186,2
DA:187,2
DA:188,1
DA:190,1
DA:200,0
DA:208,3
DA:210,3
DA:215,2
DA:219,3
DA:221,3
DA:226,0
DA:227,0
LF:81
LH:71
BRDA:51,0,0,2
BRDA:51,0,1,7
BRDA:51,1,0,9
BRDA:51,1,1,8
BRDA:59,2,0,1
BRDA:59,2,1,6
BRDA:68,3,0,2
BRDA:68,3,1,2
BRDA:71,4,0,2
BRDA:71,4,1,2
BRDA:128,5,0,0
BRDA:128,5,1,2
BRDA:141,6,0,2
BRDA:141,6,1,1
BRDA:141,6,2,0
BRDA:153,7,0,4
BRDA:153,7,1,2
BRDA:156,8,0,0
BRDA:156,8,1,4
BRDA:163,9,0,2
BRDA:163,9,1,0
BRDA:168,10,0,0
BRDA:168,10,1,0
BRDA:222,11,0,1
BRDA:222,11,1,2
BRDA:38,12,0,5
BRDA:38,12,1,0
BRDA:38,13,0,5
BRDA:38,13,1,5
BRDA:38,14,0,5
BRDA:38,14,1,0
BRDA:38,15,0,5
BRDA:38,15,1,5
BRF:33
BRH:25
end_of_record
TN:
SF:src\services\rating.service.ts
FN:12,(anonymous_4)
FN:22,(anonymous_5)
FN:25,(anonymous_6)
FN:45,(anonymous_7)
FN:48,(anonymous_8)
FN:78,(anonymous_9)
FN:81,(anonymous_10)
FNF:7
FNH:7
FNDA:13,(anonymous_4)
FNDA:5,(anonymous_5)
FNDA:5,(anonymous_6)
FNDA:3,(anonymous_7)
FNDA:3,(anonymous_8)
FNDA:7,(anonymous_9)
FNDA:7,(anonymous_10)
DA:1,8
DA:2,8
DA:3,8
DA:4,8
DA:6,8
DA:7,8
DA:8,8
DA:11,8
DA:14,13
DA:16,13
DA:18,13
DA:19,13
DA:23,5
DA:26,5
DA:33,5
DA:34,5
DA:36,5
DA:46,3
DA:49,3
DA:52,3
DA:56,3
DA:57,2
DA:63,1
DA:64,1
DA:67,3
DA:70,3
DA:72,3
DA:79,7
DA:83,7
DA:84,7
DA:86,7
DA:88,3
DA:95,3
DA:99,4
DA:108,4
DA:112,4
DA:114,3
DA:117,4
LF:38
LH:38
BRDA:33,0,0,4
BRDA:33,0,1,1
BRDA:34,1,0,5
BRDA:34,1,1,1
BRDA:56,2,0,2
BRDA:56,2,1,1
BRDA:86,3,0,3
BRDA:86,3,1,4
BRDA:112,4,0,3
BRDA:112,4,1,1
BRDA:14,5,0,8
BRDA:14,5,1,0
BRDA:14,6,0,8
BRDA:14,6,1,8
BRDA:14,7,0,8
BRDA:14,7,1,0
BRDA:14,8,0,8
BRDA:14,8,1,8
BRDA:16,9,0,8
BRDA:16,9,1,0
BRDA:16,10,0,8
BRDA:16,10,1,8
BRF:22
BRH:19
end_of_record
TN:
SF:src\services\review.service.ts
FN:10,(anonymous_4)
FN:17,(anonymous_5)
FN:50,(anonymous_6)
FN:64,(anonymous_7)
FN:88,(anonymous_8)
FN:109,(anonymous_9)
FN:123,(anonymous_10)
FNF:7
FNH:6
FNDA:12,(anonymous_4)
FNDA:3,(anonymous_5)
FNDA:1,(anonymous_6)
FNDA:3,(anonymous_7)
FNDA:3,(anonymous_8)
FNDA:1,(anonymous_9)
FNDA:0,(anonymous_10)
DA:1,3
DA:2,3
DA:3,3
DA:4,3
DA:6,3
DA:9,3
DA:12,12
DA:13,12
DA:14,12
DA:19,3
DA:20,3
DA:21,1
DA:25,2
DA:32,2
DA:33,1
DA:37,1
DA:42,1
DA:45,1
DA:47,1
DA:51,1
DA:52,1
DA:54,1
DA:61,1
DA:65,3
DA:69,3
DA:70,1
DA:74,2
DA:75,1
DA:79,1
DA:80,1
DA:83,1
DA:85,1
DA:89,3
DA:93,3
DA:94,1
DA:98,2
DA:99,1
DA:102,1
DA:103,1
DA:106,1
DA:110,1
DA:111,1
DA:113,1
DA:120,1
DA:124,0
LF:45
LH:44
BRDA:20,0,0,1
BRDA:20,0,1,2
BRDA:32,1,0,1
BRDA:32,1,1,1
BRDA:51,2,0,0
BRDA:51,3,0,0
BRDA:69,4,0,1
BRDA:69,4,1,2
BRDA:74,5,0,1
BRDA:74,5,1,1
BRDA:93,6,0,1
BRDA:93,6,1,2
BRDA:98,7,0,1
BRDA:98,7,1,1
BRDA:110,8,0,0
BRDA:110,9,0,0
BRDA:12,10,0,3
BRDA:12,10,1,0
BRDA:12,11,0,3
BRDA:12,11,1,3
BRDA:12,12,0,3
BRDA:12,12,1,0
BRDA:12,13,0,3
BRDA:12,13,1,3
BRDA:13,14,0,3
BRDA:13,14,1,0
BRDA:13,15,0,3
BRDA:13,15,1,3
BRF:28
BRH:21
end_of_record
