TN:
SF:src\app.controller.ts
FN:8,(anonymous_2)
FN:13,(anonymous_3)
FN:20,(anonymous_4)
FNF:3
FNH:3
FNDA:2,(anonymous_2)
FNDA:1,(anonymous_3)
FNDA:1,(anonymous_4)
DA:1,1
DA:2,1
DA:3,1
DA:7,1
DA:8,2
DA:13,1
DA:14,1
DA:20,1
DA:21,1
LF:9
LH:9
BRF:0
BRH:0
end_of_record
TN:
SF:src\app.module.ts
FN:30,(anonymous_2)
FN:37,(anonymous_3)
FNF:2
FNH:0
FNDA:0,(anonymous_2)
FNDA:0,(anonymous_3)
DA:1,0
DA:2,0
DA:3,0
DA:4,0
DA:5,0
DA:7,0
DA:8,0
DA:9,0
DA:10,0
DA:11,0
DA:14,0
DA:15,0
DA:16,0
DA:30,0
DA:37,0
DA:57,0
LF:16
LH:0
BRF:0
BRH:0
end_of_record
TN:
SF:src\app.service.ts
FN:13,(anonymous_4)
FN:22,(anonymous_5)
FN:26,(anonymous_6)
FNF:3
FNH:3
FNDA:2,(anonymous_4)
FNDA:1,(anonymous_5)
FNDA:1,(anonymous_6)
DA:1,1
DA:2,1
DA:3,1
DA:4,1
DA:5,1
DA:8,1
DA:9,1
DA:12,1
DA:15,2
DA:17,2
DA:19,2
DA:23,1
DA:27,1
DA:28,1
DA:30,1
DA:32,1
DA:33,1
DA:36,1
DA:37,1
DA:38,1
DA:39,1
DA:41,1
DA:43,1
DA:67,0
LF:24
LH:23
BRDA:48,0,0,1
BRDA:48,0,1,0
BRDA:57,1,0,1
BRDA:57,1,1,0
BRDA:72,2,0,0
BRDA:72,2,1,0
BRDA:74,3,0,0
BRDA:74,3,1,0
BRF:8
BRH:2
end_of_record
TN:
SF:src\main.ts
FN:10,bootstrap
FNF:1
FNH:0
FNDA:0,bootstrap
DA:1,0
DA:2,0
DA:3,0
DA:4,0
DA:6,0
DA:7,0
DA:8,0
DA:11,0
DA:12,0
DA:13,0
DA:16,0
DA:19,0
DA:22,0
DA:23,0
DA:26,0
DA:33,0
DA:34,0
DA:41,0
DA:42,0
DA:46,0
DA:47,0
DA:49,0
DA:51,0
DA:52,0
DA:56,0
LF:25
LH:0
BRDA:27,0,0,0
BRDA:27,0,1,0
BRDA:33,1,0,0
BRDA:33,1,1,0
BRDA:51,2,0,0
BRDA:51,2,1,0
BRF:6
BRH:0
end_of_record
TN:
SF:src\config\app.config.ts
FN:3,(anonymous_0)
FNF:1
FNH:0
FNDA:0,(anonymous_0)
DA:1,0
DA:3,0
LF:2
LH:0
BRDA:4,0,0,0
BRDA:4,0,1,0
BRDA:5,1,0,0
BRDA:5,1,1,0
BRDA:6,2,0,0
BRDA:6,2,1,0
BRDA:10,3,0,0
BRDA:10,3,1,0
BRDA:11,4,0,0
BRDA:11,4,1,0
BRDA:12,5,0,0
BRDA:12,5,1,0
BRDA:13,6,0,0
BRDA:13,6,1,0
BRF:14
BRH:0
end_of_record
TN:
SF:src\config\database.config.ts
FN:8,(anonymous_0)
FNF:1
FNH:1
FNDA:2,(anonymous_0)
DA:1,2
DA:3,2
DA:4,2
DA:6,2
DA:8,2
LF:5
LH:5
BRDA:10,0,0,2
BRDA:10,0,1,1
BRDA:11,1,0,2
BRDA:11,1,1,1
BRDA:12,2,0,2
BRDA:12,2,1,1
BRDA:13,3,0,2
BRDA:13,3,1,1
BRDA:14,4,0,2
BRDA:14,4,1,1
BRDA:19,5,0,0
BRDA:19,5,1,2
BRF:12
BRH:11
end_of_record
TN:
SF:src\config\redis.config.ts
FN:7,(anonymous_0)
FNF:1
FNH:1
FNDA:3,(anonymous_0)
DA:1,2
DA:3,2
DA:5,2
DA:7,3
LF:4
LH:4
BRDA:9,0,0,3
BRDA:9,0,1,2
BRDA:10,1,0,3
BRDA:10,1,1,2
BRF:4
BRH:4
end_of_record
TN:
SF:src\config\typeorm.config.ts
FNF:0
FNH:0
DA:1,0
DA:2,0
DA:3,0
DA:4,0
DA:5,0
DA:8,0
DA:10,0
DA:12,0
LF:8
LH:0
BRDA:14,0,0,0
BRDA:14,0,1,0
BRDA:15,1,0,0
BRDA:15,1,1,0
BRDA:16,2,0,0
BRDA:16,2,1,0
BRDA:17,3,0,0
BRDA:17,3,1,0
BRDA:18,4,0,0
BRDA:18,4,1,0
BRF:10
BRH:0
end_of_record
TN:
SF:src\config\validation.config.ts
FNF:0
FNH:0
DA:3,0
LF:1
LH:0
BRF:0
BRH:0
end_of_record
TN:
SF:src\dto\create-review.dto.ts
FNF:0
FNH:0
DA:1,2
DA:2,2
DA:4,2
DA:11,2
DA:23,2
DA:40,2
LF:6
LH:6
BRF:0
BRH:0
end_of_record
TN:
SF:src\dto\index.ts
FN:1,(anonymous_0)
FN:2,(anonymous_1)
FN:3,(anonymous_2)
FNF:3
FNH:3
FNDA:2,(anonymous_0)
FNDA:2,(anonymous_1)
FNDA:2,(anonymous_2)
DA:1,3
DA:2,3
DA:3,3
LF:3
LH:3
BRF:0
BRH:0
end_of_record
TN:
SF:src\dto\pagination.dto.ts
FN:13,(anonymous_2)
FN:30,(anonymous_3)
FNF:2
FNH:2
FNDA:3,(anonymous_2)
FNDA:3,(anonymous_3)
DA:1,2
DA:2,2
DA:3,2
DA:5,2
DA:13,3
DA:20,5
DA:30,3
DA:40,5
LF:8
LH:8
BRF:0
BRH:0
end_of_record
TN:
SF:src\dto\update-review.dto.ts
FNF:0
FNH:0
DA:1,2
DA:2,2
DA:4,2
DA:16,2
DA:34,2
LF:5
LH:5
BRF:0
BRH:0
end_of_record
TN:
SF:src\entities\game-rating.entity.ts
FNF:0
FNH:0
DA:1,10
DA:9,10
DA:11,10
DA:14,10
DA:17,10
DA:20,10
LF:6
LH:6
BRF:0
BRH:0
end_of_record
TN:
SF:src\entities\index.ts
FN:1,(anonymous_0)
FN:2,(anonymous_1)
FNF:2
FNH:0
FNDA:0,(anonymous_0)
FNDA:0,(anonymous_1)
DA:1,0
DA:2,0
LF:2
LH:0
BRF:0
BRH:0
end_of_record
TN:
SF:src\entities\review.entity.ts
FNF:0
FNH:0
DA:1,10
DA:14,10
DA:16,10
DA:19,10
DA:22,10
DA:25,10
DA:28,10
DA:31,10
DA:34,10
LF:9
LH:9
BRF:0
BRH:0
end_of_record
TN:
SF:src\filters\http-exception.filter.ts
FN:26,(anonymous_1)
FN:91,(anonymous_2)
FNF:2
FNH:2
FNDA:19,(anonymous_1)
FNDA:16,(anonymous_2)
DA:1,1
DA:23,1
DA:24,7
DA:27,19
DA:28,19
DA:29,19
DA:34,19
DA:36,19
DA:37,17
DA:38,17
DA:40,17
DA:41,15
DA:42,15
DA:43,2
DA:44,2
DA:45,2
DA:46,2
DA:47,2
DA:49,0
DA:50,0
DA:54,2
DA:55,2
DA:56,2
DA:59,2
DA:65,19
DA:77,19
DA:78,8
DA:82,11
DA:83,11
DA:88,19
DA:92,16
DA:94,3
DA:96,1
DA:98,1
DA:100,2
DA:102,1
DA:104,1
DA:106,1
DA:108,2
DA:110,1
DA:112,1
DA:114,1
DA:116,1
LF:43
LH:41
BRDA:36,0,0,17
BRDA:36,0,1,2
BRDA:40,1,0,15
BRDA:40,1,1,2
BRDA:43,2,0,2
BRDA:43,2,1,0
BRDA:45,3,0,2
BRDA:45,3,1,0
BRDA:46,4,0,2
BRDA:46,4,1,1
BRDA:47,5,0,2
BRDA:47,5,1,1
BRDA:61,6,0,1
BRDA:61,6,1,1
BRDA:77,7,0,8
BRDA:77,7,1,11
BRDA:80,8,0,7
BRDA:80,8,1,1
BRDA:82,9,0,11
BRDA:82,9,1,0
BRDA:92,10,0,3
BRDA:92,10,1,1
BRDA:92,10,2,1
BRDA:92,10,3,2
BRDA:92,10,4,1
BRDA:92,10,5,1
BRDA:92,10,6,1
BRDA:92,10,7,2
BRDA:92,10,8,1
BRDA:92,10,9,1
BRDA:92,10,10,1
BRDA:92,10,11,1
BRF:32
BRH:29
end_of_record
TN:
SF:src\filters\index.ts
FNF:0
FNH:0
DA:1,0
LF:1
LH:0
BRF:0
BRH:0
end_of_record
TN:
SF:src\guards\index.ts
FN:1,(anonymous_0)
FN:2,(anonymous_1)
FNF:2
FNH:2
FNDA:1,(anonymous_0)
FNDA:2,(anonymous_1)
DA:1,2
DA:2,3
LF:2
LH:2
BRF:0
BRH:0
end_of_record
TN:
SF:src\guards\jwt-auth.guard.ts
FN:11,(anonymous_1)
FN:40,(anonymous_2)
FN:45,(anonymous_3)
FNF:3
FNH:0
FNDA:0,(anonymous_1)
FNDA:0,(anonymous_2)
FNDA:0,(anonymous_3)
DA:1,1
DA:10,1
DA:12,0
DA:13,0
DA:15,0
DA:16,0
DA:21,0
DA:23,0
DA:24,0
DA:29,0
DA:34,0
DA:36,0
DA:41,0
DA:42,0
DA:50,0
DA:51,0
DA:52,0
DA:53,0
DA:58,0
LF:19
LH:2
BRDA:15,0,0,0
BRDA:15,0,1,0
BRDA:23,1,0,0
BRDA:23,1,1,0
BRDA:23,2,0,0
BRDA:23,2,1,0
BRDA:41,3,0,0
BRDA:41,3,1,0
BRDA:42,4,0,0
BRDA:42,4,1,0
BRDA:50,5,0,0
BRDA:50,5,1,0
BRDA:52,6,0,0
BRDA:52,6,1,0
BRF:14
BRH:0
end_of_record
TN:
SF:src\guards\ownership.guard.ts
FN:13,(anonymous_2)
FN:15,(anonymous_3)
FNF:2
FNH:2
FNDA:15,(anonymous_2)
FNDA:9,(anonymous_3)
DA:1,2
DA:9,2
DA:12,2
DA:13,15
DA:16,9
DA:17,9
DA:18,9
DA:20,9
DA:21,2
DA:24,7
DA:25,1
DA:28,6
DA:30,6
DA:32,3
DA:33,1
DA:37,2
DA:38,1
DA:41,1
DA:43,5
DA:44,4
DA:48,1
LF:21
LH:21
BRDA:20,0,0,2
BRDA:20,0,1,7
BRDA:20,1,0,9
BRDA:20,1,1,8
BRDA:24,2,0,1
BRDA:24,2,1,6
BRDA:32,3,0,1
BRDA:32,3,1,2
BRDA:37,4,0,1
BRDA:37,4,1,1
BRDA:43,5,0,4
BRDA:43,5,1,1
BRDA:43,6,0,5
BRDA:43,6,1,3
BRF:14
BRH:14
end_of_record
TN:
SF:src\migrations\1726700000000-InitialSchema.ts
FN:6,(anonymous_0)
FN:46,(anonymous_1)
FNF:2
FNH:0
FNDA:0,(anonymous_0)
FNDA:0,(anonymous_1)
DA:3,0
DA:4,0
DA:8,0
DA:22,0
DA:33,0
DA:37,0
DA:41,0
DA:48,0
DA:49,0
DA:50,0
DA:53,0
DA:54,0
LF:12
LH:0
BRF:0
BRH:0
end_of_record
TN:
SF:src\review\metrics.controller.ts
FN:13,(anonymous_4)
FN:22,(anonymous_5)
FN:31,(anonymous_6)
FN:49,(anonymous_7)
FN:63,(anonymous_8)
FN:91,(anonymous_9)
FN:131,(anonymous_10)
FN:155,(anonymous_11)
FN:193,(anonymous_12)
FNF:9
FNH:0
FNDA:0,(anonymous_4)
FNDA:0,(anonymous_5)
FNDA:0,(anonymous_6)
FNDA:0,(anonymous_7)
FNDA:0,(anonymous_8)
FNDA:0,(anonymous_9)
FNDA:0,(anonymous_10)
FNDA:0,(anonymous_11)
FNDA:0,(anonymous_12)
DA:1,0
DA:2,0
DA:3,0
DA:4,0
DA:5,0
DA:6,0
DA:10,0
DA:11,0
DA:14,0
DA:15,0
DA:16,0
DA:22,0
DA:23,0
DA:31,0
DA:32,0
DA:38,0
DA:49,0
DA:50,0
DA:51,0
DA:56,0
DA:63,0
DA:65,0
DA:77,0
DA:78,0
DA:91,0
DA:92,0
DA:94,0
DA:95,0
DA:101,0
DA:102,0
DA:108,0
DA:109,0
DA:111,0
DA:117,0
DA:118,0
DA:131,0
DA:132,0
DA:133,0
DA:135,0
DA:141,0
DA:142,0
DA:155,0
DA:156,0
DA:157,0
DA:163,0
DA:167,0
DA:169,0
DA:185,0
DA:186,0
DA:197,0
DA:199,0
DA:200,0
DA:203,0
DA:204,0
DA:207,0
DA:208,0
DA:211,0
DA:212,0
DA:215,0
DA:216,0
DA:219,0
LF:61
LH:0
BRDA:66,0,0,0
BRDA:66,0,1,0
BRDA:94,1,0,0
BRDA:94,1,1,0
BRDA:94,2,0,0
BRDA:94,2,1,0
BRDA:94,2,2,0
BRDA:101,3,0,0
BRDA:101,3,1,0
BRDA:163,4,0,0
BRDA:163,4,1,0
BRDA:163,5,0,0
BRDA:163,5,1,0
BRDA:199,6,0,0
BRDA:199,6,1,0
BRDA:203,7,0,0
BRDA:203,7,1,0
BRDA:207,8,0,0
BRDA:207,8,1,0
BRDA:211,9,0,0
BRDA:211,9,1,0
BRDA:211,10,0,0
BRDA:211,10,1,0
BRDA:215,11,0,0
BRDA:215,11,1,0
BRF:25
BRH:0
end_of_record
TN:
SF:src\review\rating.controller.ts
FN:23,(anonymous_4)
FN:60,(anonymous_5)
FN:97,(anonymous_6)
FNF:3
FNH:2
FNDA:3,(anonymous_4)
FNDA:2,(anonymous_5)
FNDA:0,(anonymous_6)
DA:1,1
DA:10,1
DA:17,1
DA:18,1
DA:22,1
DA:23,3
DA:60,1
DA:61,2
DA:97,1
DA:98,0
LF:10
LH:9
BRDA:97,0,0,0
BRF:1
BRH:0
end_of_record
TN:
SF:src\review\review.controller.ts
FN:35,(anonymous_4)
FN:71,(anonymous_5)
FN:128,(anonymous_6)
FN:175,(anonymous_7)
FN:211,(anonymous_8)
FN:264,(anonymous_9)
FNF:6
FNH:6
FNDA:6,(anonymous_4)
FNDA:1,(anonymous_5)
FNDA:1,(anonymous_6)
FNDA:1,(anonymous_7)
FNDA:1,(anonymous_8)
FNDA:1,(anonymous_9)
DA:1,1
DA:17,1
DA:26,1
DA:27,1
DA:28,1
DA:34,1
DA:35,6
DA:71,1
DA:72,1
DA:128,1
DA:132,1
DA:175,1
DA:180,1
DA:211,1
DA:212,1
DA:264,1
DA:268,1
LF:17
LH:17
BRF:0
BRH:0
end_of_record
TN:
SF:src\review\review.module.ts
FNF:0
FNH:0
DA:1,0
DA:2,0
DA:3,0
DA:4,0
DA:5,0
DA:6,0
DA:7,0
DA:8,0
DA:9,0
DA:10,0
DA:11,0
DA:12,0
DA:13,0
DA:14,0
DA:15,0
DA:16,0
DA:50,0
LF:17
LH:0
BRF:0
BRH:0
end_of_record
TN:
SF:src\services\external-integration.service.ts
FN:34,(anonymous_2)
FN:41,(anonymous_3)
FN:76,(anonymous_4)
FN:110,(anonymous_5)
FN:146,(anonymous_6)
FN:176,(anonymous_7)
FN:208,(anonymous_8)
FN:218,(anonymous_9)
FNF:8
FNH:8
FNDA:17,(anonymous_2)
FNDA:3,(anonymous_3)
FNDA:5,(anonymous_4)
FNDA:3,(anonymous_5)
FNDA:3,(anonymous_6)
FNDA:2,(anonymous_7)
FNDA:2,(anonymous_8)
FNDA:8,(anonymous_9)
DA:1,7
DA:2,7
DA:3,7
DA:4,7
DA:31,7
DA:32,17
DA:38,17
DA:42,3
DA:43,3
DA:44,3
DA:46,3
DA:55,3
DA:69,1
DA:72,2
DA:77,5
DA:78,5
DA:79,5
DA:81,5
DA:90,5
DA:104,4
DA:106,1
DA:111,3
DA:112,3
DA:113,3
DA:115,3
DA:122,3
DA:136,2
DA:138,1
DA:140,1
DA:141,1
DA:147,3
DA:148,3
DA:149,3
DA:151,3
DA:164,1
DA:166,2
DA:167,1
DA:170,1
DA:172,1
DA:177,2
DA:178,2
DA:179,2
DA:181,2
DA:198,1
DA:203,1
DA:204,1
DA:214,2
DA:215,2
DA:217,2
DA:219,8
DA:220,8
DA:221,8
DA:223,8
DA:236,6
DA:238,2
DA:239,2
DA:244,2
LF:57
LH:57
BRDA:140,0,0,1
BRDA:140,0,1,0
BRDA:140,1,0,1
BRDA:140,1,1,1
BRDA:166,2,0,1
BRDA:166,2,1,1
BRDA:166,3,0,2
BRDA:166,3,1,2
BRF:8
BRH:7
end_of_record
TN:
SF:src\services\external-service.base.ts
FN:15,(anonymous_2)
FN:36,(anonymous_3)
FN:41,(anonymous_4)
FN:104,(anonymous_5)
FN:114,(anonymous_6)
FN:118,(anonymous_7)
FN:119,(anonymous_8)
FN:122,(anonymous_9)
FNF:8
FNH:8
FNDA:17,(anonymous_2)
FNDA:36,(anonymous_3)
FNDA:36,(anonymous_4)
FNDA:17,(anonymous_5)
FNDA:39,(anonymous_6)
FNDA:5,(anonymous_7)
FNDA:5,(anonymous_8)
FNDA:33,(anonymous_9)
DA:1,9
DA:2,9
DA:3,9
DA:4,9
DA:14,9
DA:16,17
DA:17,17
DA:18,17
DA:20,17
DA:22,17
DA:23,17
DA:28,9
DA:29,36
DA:37,36
DA:38,36
DA:48,36
DA:49,36
DA:51,36
DA:52,50
DA:53,50
DA:65,21
DA:67,29
DA:69,29
DA:71,19
DA:72,5
DA:83,24
DA:84,14
DA:88,14
DA:94,10
DA:95,10
DA:111,17
DA:115,39
DA:119,5
DA:123,33
LF:34
LH:34
BRDA:20,0,0,0
BRDA:22,1,0,17
BRDA:22,1,1,3
BRDA:43,2,0,0
BRDA:44,3,0,0
BRDA:69,4,0,19
BRDA:69,4,1,10
BRDA:71,5,0,5
BRDA:71,5,1,14
BRDA:71,6,0,19
BRDA:71,6,1,19
BRDA:71,6,2,19
BRDA:83,7,0,14
BRDA:83,7,1,10
BRDA:94,8,0,4
BRDA:94,8,1,6
BRDA:99,9,0,10
BRDA:99,9,1,3
BRDA:109,10,0,1
BRF:19
BRH:16
end_of_record
TN:
SF:src\services\index.ts
FN:1,(anonymous_0)
FN:2,(anonymous_1)
FN:3,(anonymous_2)
FN:4,(anonymous_3)
FN:5,(anonymous_4)
FN:6,(anonymous_5)
FN:7,(anonymous_6)
FNF:7
FNH:2
FNDA:0,(anonymous_0)
FNDA:3,(anonymous_1)
FNDA:3,(anonymous_2)
FNDA:0,(anonymous_3)
FNDA:0,(anonymous_4)
FNDA:0,(anonymous_5)
FNDA:0,(anonymous_6)
DA:1,3
DA:2,6
DA:3,6
DA:4,3
DA:5,3
DA:6,3
DA:7,3
LF:7
LH:7
BRF:0
BRH:0
end_of_record
TN:
SF:src\services\metrics.service.ts
FN:52,(anonymous_2)
FN:64,(anonymous_3)
FN:68,(anonymous_4)
FN:71,(anonymous_5)
FN:76,(anonymous_6)
FN:80,(anonymous_7)
FN:84,(anonymous_8)
FN:88,(anonymous_9)
FN:92,(anonymous_10)
FN:96,(anonymous_11)
FN:104,(anonymous_12)
FN:114,(anonymous_13)
FN:119,(anonymous_14)
FN:134,(anonymous_15)
FN:139,(anonymous_16)
FN:158,(anonymous_17)
FNF:16
FNH:14
FNDA:9,(anonymous_2)
FNDA:5,(anonymous_3)
FNDA:1,(anonymous_4)
FNDA:0,(anonymous_5)
FNDA:5,(anonymous_6)
FNDA:0,(anonymous_7)
FNDA:3,(anonymous_8)
FNDA:1,(anonymous_9)
FNDA:4,(anonymous_10)
FNDA:1,(anonymous_11)
FNDA:12,(anonymous_12)
FNDA:1,(anonymous_13)
FNDA:1,(anonymous_14)
FNDA:2,(anonymous_15)
FNDA:2,(anonymous_16)
FNDA:1,(anonymous_17)
DA:1,7
DA:2,7
DA:5,7
DA:6,9
DA:9,9
DA:15,9
DA:22,9
DA:29,9
DA:37,9
DA:42,9
DA:47,9
DA:54,9
DA:55,9
DA:56,9
DA:57,9
DA:58,9
DA:59,9
DA:60,9
DA:65,5
DA:69,1
DA:71,1
DA:72,0
DA:77,5
DA:81,0
DA:85,3
DA:89,1
DA:93,4
DA:98,1
DA:99,1
DA:100,1
DA:101,1
DA:102,1
DA:104,12
DA:105,1
DA:106,1
DA:107,1
DA:115,1
DA:126,1
DA:127,1
DA:129,1
DA:130,1
DA:132,1
DA:133,1
DA:134,2
DA:137,1
DA:138,1
DA:139,2
DA:142,1
DA:148,1
DA:159,1
DA:160,1
LF:51
LH:49
BRDA:99,0,0,1
BRDA:99,0,1,0
BRDA:102,1,0,1
BRDA:102,1,1,0
BRDA:106,2,0,1
BRDA:106,2,1,0
BRDA:132,3,0,1
BRDA:132,3,1,0
BRDA:137,4,0,1
BRDA:137,4,1,0
BRDA:151,5,0,1
BRDA:151,5,1,0
BRDA:152,6,0,1
BRDA:152,6,1,0
BRDA:153,7,0,1
BRDA:153,7,1,1
BRF:16
BRH:9
end_of_record
TN:
SF:src\services\ownership.service.ts
FN:29,(anonymous_4)
FN:38,(anonymous_5)
FN:78,(anonymous_6)
FN:96,(anonymous_7)
FN:114,(anonymous_8)
FN:121,(anonymous_9)
FN:139,(anonymous_10)
FN:143,(anonymous_11)
FN:144,(anonymous_12)
FNF:9
FNH:6
FNDA:11,(anonymous_4)
FNDA:6,(anonymous_5)
FNDA:5,(anonymous_6)
FNDA:3,(anonymous_7)
FNDA:2,(anonymous_8)
FNDA:2,(anonymous_9)
FNDA:0,(anonymous_10)
FNDA:0,(anonymous_11)
FNDA:0,(anonymous_12)
DA:1,4
DA:2,4
DA:3,4
DA:4,4
DA:6,4
DA:25,4
DA:26,11
DA:27,11
DA:33,11
DA:35,11
DA:40,6
DA:41,6
DA:43,6
DA:44,1
DA:45,1
DA:48,5
DA:50,5
DA:51,2
DA:54,2
DA:55,2
DA:57,2
DA:59,3
DA:60,3
DA:67,3
DA:68,2
DA:72,1
DA:74,1
DA:79,5
DA:80,5
DA:82,5
DA:97,3
DA:98,3
DA:99,3
DA:101,3
DA:114,2
DA:116,2
DA:117,2
DA:122,2
DA:123,2
DA:125,1
DA:126,1
DA:127,1
DA:131,1
DA:135,0
DA:140,0
DA:143,0
DA:144,0
DA:145,0
DA:146,0
DA:150,0
DA:151,0
LF:51
LH:43
BRDA:43,0,0,1
BRDA:43,0,1,5
BRDA:59,1,0,3
BRDA:59,1,1,0
BRDA:67,2,0,2
BRDA:67,2,1,1
BRDA:114,3,0,2
BRDA:114,3,1,0
BRDA:123,4,0,1
BRDA:123,4,1,1
BRF:10
BRH:8
end_of_record
TN:
SF:src\services\rating-scheduler.service.ts
FN:15,(anonymous_4)
FN:26,(anonymous_5)
FN:55,(anonymous_6)
FN:82,(anonymous_7)
FN:106,(anonymous_8)
FN:132,(anonymous_9)
FN:151,(anonymous_10)
FN:170,(anonymous_11)
FN:189,(anonymous_12)
FN:212,(anonymous_13)
FN:242,(anonymous_14)
FN:290,(anonymous_15)
FN:310,(anonymous_16)
FNF:13
FNH:6
FNDA:10,(anonymous_4)
FNDA:0,(anonymous_5)
FNDA:0,(anonymous_6)
FNDA:0,(anonymous_7)
FNDA:2,(anonymous_8)
FNDA:2,(anonymous_9)
FNDA:0,(anonymous_10)
FNDA:0,(anonymous_11)
FNDA:0,(anonymous_12)
FNDA:0,(anonymous_13)
FNDA:3,(anonymous_14)
FNDA:2,(anonymous_15)
FNDA:4,(anonymous_16)
DA:1,4
DA:2,4
DA:3,4
DA:4,4
DA:5,4
DA:6,4
DA:7,4
DA:8,4
DA:11,4
DA:12,10
DA:13,10
DA:17,10
DA:19,10
DA:20,10
DA:21,10
DA:26,4
DA:27,0
DA:28,0
DA:29,0
DA:32,0
DA:33,0
DA:35,0
DA:36,0
DA:39,0
DA:44,0
DA:45,0
DA:47,0
DA:48,0
DA:51,0
DA:52,0
DA:53,0
DA:55,0
DA:56,0
DA:58,0
DA:59,0
DA:60,0
DA:62,0
DA:63,0
DA:64,0
DA:66,0
DA:68,0
DA:69,0
DA:72,0
DA:73,0
DA:75,0
DA:79,0
DA:82,0
DA:85,0
DA:87,0
DA:95,0
DA:98,0
DA:100,0
DA:106,4
DA:107,2
DA:108,2
DA:111,2
DA:117,2
DA:118,1
DA:119,1
DA:123,2
DA:126,0
DA:132,4
DA:133,2
DA:134,2
DA:137,2
DA:138,2
DA:145,0
DA:151,4
DA:152,0
DA:153,0
DA:155,0
DA:157,0
DA:164,0
DA:170,4
DA:171,0
DA:172,0
DA:175,0
DA:177,0
DA:188,0
DA:189,0
DA:191,0
DA:197,0
DA:203,0
DA:206,0
DA:212,4
DA:213,0
DA:214,0
DA:217,0
DA:219,0
DA:226,0
DA:227,0
DA:228,0
DA:232,0
DA:233,0
DA:237,0
DA:247,3
DA:248,3
DA:249,3
DA:251,3
DA:253,3
DA:254,6
DA:256,6
DA:257,6
DA:258,6
DA:260,5
DA:261,5
DA:262,5
DA:264,5
DA:266,1
DA:267,1
DA:269,6
DA:273,3
DA:275,3
DA:282,3
DA:296,2
DA:297,2
DA:298,2
DA:300,2
DA:301,2
DA:304,2
DA:311,4
DA:313,4
DA:314,3
DA:316,1
LF:124
LH:61
BRDA:27,0,0,0
BRDA:27,0,1,0
BRDA:68,1,0,0
BRDA:68,1,1,0
BRDA:117,2,0,1
BRDA:117,2,1,1
BRDA:188,3,0,0
BRDA:188,3,1,0
BRDA:226,4,0,0
BRDA:226,4,1,0
BRDA:232,5,0,0
BRDA:232,5,1,0
BRDA:300,6,0,2
BRDA:300,6,1,0
BRF:14
BRH:3
end_of_record
TN:
SF:src\services\rating.service.ts
FN:16,(anonymous_4)
FN:27,(anonymous_5)
FN:57,(anonymous_6)
FN:101,(anonymous_7)
FN:150,(anonymous_8)
FN:163,(anonymous_9)
FN:183,(anonymous_10)
FN:189,(anonymous_11)
FN:192,(anonymous_12)
FN:193,(anonymous_13)
FN:204,(anonymous_14)
FN:218,(anonymous_15)
FN:236,(anonymous_16)
FN:248,(anonymous_17)
FN:254,(anonymous_18)
FN:273,(anonymous_19)
FN:289,(anonymous_20)
FN:303,(anonymous_21)
FN:318,(anonymous_22)
FN:333,(anonymous_23)
FN:356,(anonymous_24)
FN:383,(anonymous_25)
FN:390,(anonymous_26)
FN:404,(anonymous_27)
FN:424,(anonymous_28)
FN:471,(anonymous_29)
FN:502,(anonymous_30)
FN:515,(anonymous_31)
FN:517,(anonymous_32)
FN:528,(anonymous_33)
FN:553,(anonymous_34)
FNF:31
FNH:7
FNDA:8,(anonymous_4)
FNDA:5,(anonymous_5)
FNDA:2,(anonymous_6)
FNDA:3,(anonymous_7)
FNDA:1,(anonymous_8)
FNDA:0,(anonymous_9)
FNDA:0,(anonymous_10)
FNDA:0,(anonymous_11)
FNDA:0,(anonymous_12)
FNDA:0,(anonymous_13)
FNDA:2,(anonymous_14)
FNDA:2,(anonymous_15)
FNDA:0,(anonymous_16)
FNDA:0,(anonymous_17)
FNDA:0,(anonymous_18)
FNDA:0,(anonymous_19)
FNDA:0,(anonymous_20)
FNDA:0,(anonymous_21)
FNDA:0,(anonymous_22)
FNDA:0,(anonymous_23)
FNDA:0,(anonymous_24)
FNDA:0,(anonymous_25)
FNDA:0,(anonymous_26)
FNDA:0,(anonymous_27)
FNDA:0,(anonymous_28)
FNDA:0,(anonymous_29)
FNDA:0,(anonymous_30)
FNDA:0,(anonymous_31)
FNDA:0,(anonymous_32)
FNDA:0,(anonymous_33)
FNDA:0,(anonymous_34)
DA:1,6
DA:2,6
DA:3,6
DA:4,6
DA:6,6
DA:7,6
DA:8,6
DA:9,6
DA:12,6
DA:13,8
DA:14,8
DA:18,8
DA:20,8
DA:22,8
DA:23,8
DA:24,8
DA:31,5
DA:33,5
DA:34,5
DA:36,5
DA:43,5
DA:48,5
DA:49,5
DA:51,5
DA:53,5
DA:58,2
DA:59,2
DA:61,2
DA:62,2
DA:65,2
DA:69,2
DA:70,1
DA:76,1
DA:77,1
DA:80,2
DA:83,2
DA:86,2
DA:89,2
DA:90,2
DA:91,2
DA:93,2
DA:94,2
DA:96,0
DA:97,0
DA:102,3
DA:105,3
DA:106,3
DA:108,3
DA:109,1
DA:110,1
DA:111,1
DA:112,1
DA:116,2
DA:119,2
DA:124,2
DA:125,1
DA:127,1
DA:128,0
DA:135,1
DA:145,2
DA:147,2
DA:151,1
DA:168,0
DA:176,0
DA:184,0
DA:185,0
DA:186,0
DA:190,0
DA:192,0
DA:193,0
DA:194,0
DA:195,0
DA:199,0
DA:200,0
DA:205,2
DA:207,2
DA:208,2
DA:209,2
DA:210,2
DA:211,2
DA:213,0
DA:214,0
DA:219,2
DA:220,2
DA:222,2
DA:223,2
DA:224,2
DA:225,2
DA:226,2
DA:227,2
DA:229,0
DA:230,0
DA:231,0
DA:237,0
DA:240,0
DA:248,0
DA:249,0
DA:251,0
DA:259,0
DA:262,0
DA:263,0
DA:265,0
DA:278,0
DA:279,0
DA:280,0
DA:282,0
DA:285,0
DA:286,0
DA:287,0
DA:289,0
DA:290,0
DA:291,0
DA:292,0
DA:294,0
DA:295,0
DA:299,0
DA:302,0
DA:303,0
DA:307,0
DA:309,0
DA:314,0
DA:319,0
DA:321,0
DA:323,0
DA:326,0
DA:333,0
DA:334,0
DA:335,0
DA:336,0
DA:338,0
DA:339,0
DA:343,0
DA:345,0
DA:346,0
DA:348,0
DA:350,0
DA:351,0
DA:361,0
DA:362,0
DA:363,0
DA:365,0
DA:367,0
DA:373,0
DA:383,0
DA:386,0
DA:387,0
DA:388,0
DA:390,0
DA:391,0
DA:392,0
DA:393,0
DA:395,0
DA:396,0
DA:400,0
DA:403,0
DA:404,0
DA:408,0
DA:410,0
DA:416,0
DA:418,0
DA:419,0
DA:441,0
DA:444,0
DA:445,0
DA:446,0
DA:449,0
DA:451,0
DA:481,0
DA:482,0
DA:484,0
DA:485,0
DA:486,0
DA:488,0
DA:490,0
DA:494,0
DA:495,0
DA:498,0
DA:502,0
DA:506,0
DA:507,0
DA:509,0
DA:515,0
DA:516,0
DA:517,0
DA:518,0
DA:521,0
DA:524,0
DA:525,0
DA:526,0
DA:528,0
DA:529,0
DA:531,0
DA:532,0
DA:533,0
DA:535,0
DA:536,0
DA:537,0
DA:539,0
DA:541,0
DA:542,0
DA:544,0
DA:548,0
DA:551,0
DA:552,0
DA:553,0
DA:557,0
DA:559,0
DA:565,0
DA:567,0
DA:568,0
LF:210
LH:73
BRDA:44,0,0,5
BRDA:44,0,1,2
BRDA:45,1,0,5
BRDA:45,1,1,2
BRDA:69,2,0,1
BRDA:69,2,1,1
BRDA:108,3,0,1
BRDA:108,3,1,2
BRDA:124,4,0,1
BRDA:124,4,1,1
BRDA:127,5,0,0
BRDA:127,5,1,1
BRDA:150,6,0,0
BRDA:177,7,0,0
BRDA:177,7,1,0
BRDA:178,8,0,0
BRDA:178,8,1,0
BRDA:179,9,0,0
BRDA:179,9,1,0
BRDA:263,10,0,0
BRDA:263,10,1,0
BRDA:302,11,0,0
BRDA:302,11,1,0
BRDA:403,12,0,0
BRDA:403,12,1,0
BRDA:446,13,0,0
BRDA:446,13,1,0
BRDA:471,14,0,0
BRDA:482,15,0,0
BRDA:482,16,0,0
BRDA:482,17,0,0
BRDA:494,18,0,0
BRDA:494,18,1,0
BRDA:506,19,0,0
BRDA:506,19,1,0
BRDA:552,20,0,0
BRDA:552,20,1,0
BRF:37
BRH:11
end_of_record
TN:
SF:src\services\review.service.ts
FN:16,(anonymous_4)
FN:25,(anonymous_5)
FN:83,(anonymous_6)
FN:109,(anonymous_7)
FN:141,(anonymous_8)
FN:168,(anonymous_9)
FN:194,(anonymous_10)
FN:212,(anonymous_11)
FN:218,(anonymous_12)
FNF:9
FNH:6
FNDA:11,(anonymous_4)
FNDA:3,(anonymous_5)
FNDA:1,(anonymous_6)
FNDA:3,(anonymous_7)
FNDA:3,(anonymous_8)
FNDA:1,(anonymous_9)
FNDA:0,(anonymous_10)
FNDA:0,(anonymous_11)
FNDA:0,(anonymous_12)
DA:1,3
DA:2,3
DA:3,3
DA:4,3
DA:8,3
DA:9,3
DA:10,3
DA:13,3
DA:14,11
DA:18,11
DA:19,11
DA:20,11
DA:21,11
DA:22,11
DA:26,3
DA:29,3
DA:30,3
DA:31,0
DA:35,3
DA:36,3
DA:37,1
DA:41,2
DA:48,2
DA:49,1
DA:53,1
DA:60,1
DA:61,1
DA:64,1
DA:65,1
DA:68,1
DA:72,1
DA:74,1
DA:78,1
DA:80,1
DA:90,1
DA:91,1
DA:93,1
DA:100,1
DA:110,3
DA:112,3
DA:116,3
DA:117,1
DA:120,2
DA:121,1
DA:125,1
DA:126,1
DA:129,1
DA:130,1
DA:131,1
DA:135,1
DA:137,1
DA:138,1
DA:142,3
DA:144,3
DA:148,3
DA:149,1
DA:152,2
DA:153,1
DA:157,1
DA:159,1
DA:162,1
DA:163,1
DA:165,1
DA:175,1
DA:176,1
DA:178,1
DA:185,1
DA:195,0
DA:199,0
DA:200,0
DA:204,0
DA:206,0
DA:213,0
DA:224,0
LF:74
LH:66
BRDA:30,0,0,0
BRDA:30,0,1,3
BRDA:36,1,0,1
BRDA:36,1,1,2
BRDA:48,2,0,1
BRDA:48,2,1,1
BRDA:72,3,0,1
BRDA:72,3,1,0
BRDA:90,4,0,0
BRDA:90,5,0,0
BRDA:116,6,0,1
BRDA:116,6,1,2
BRDA:120,7,0,1
BRDA:120,7,1,1
BRDA:129,8,0,1
BRDA:129,8,1,0
BRDA:148,9,0,1
BRDA:148,9,1,2
BRDA:152,10,0,1
BRDA:152,10,1,1
BRDA:175,11,0,0
BRDA:175,12,0,0
BRDA:199,13,0,0
BRDA:199,13,1,0
BRDA:208,14,0,0
BRDA:208,14,1,0
BRF:26
BRH:15
end_of_record
TN:
SF:src\types\express.d.ts
FNF:0
FNH:0
LF:0
LH:0
BRF:0
BRH:0
end_of_record
