TN:
SF:src\app.controller.ts
FN:6,(anonymous_2)
FN:9,(anonymous_3)
FNF:2
FNH:0
FNDA:0,(anonymous_2)
FNDA:0,(anonymous_3)
DA:1,0
DA:2,0
DA:5,0
DA:6,0
DA:9,0
DA:10,0
LF:6
LH:0
BRF:0
BRH:0
end_of_record
TN:
SF:src\app.module.ts
FNF:0
FNH:0
DA:1,0
DA:2,0
DA:3,0
DA:4,0
DA:5,0
DA:6,0
DA:7,0
DA:8,0
DA:9,0
DA:35,0
LF:10
LH:0
BRF:0
BRH:0
end_of_record
TN:
SF:src\app.service.ts
FN:5,(anonymous_1)
FNF:1
FNH:0
FNDA:0,(anonymous_1)
DA:1,0
DA:4,0
DA:6,0
LF:3
LH:0
BRF:0
BRH:0
end_of_record
TN:
SF:src\main.ts
FN:8,bootstrap
FNF:1
FNH:0
FNDA:0,bootstrap
DA:1,0
DA:2,0
DA:3,0
DA:4,0
DA:5,0
DA:6,0
DA:9,0
DA:12,0
DA:15,0
DA:16,0
DA:19,0
DA:22,0
DA:34,0
DA:41,0
DA:42,0
DA:45,0
DA:47,0
LF:17
LH:0
BRF:0
BRH:0
end_of_record
TN:
SF:src\common\common.module.ts
FNF:0
FNH:0
DA:1,0
DA:2,0
DA:3,0
DA:4,0
DA:5,0
DA:6,0
DA:7,0
DA:8,0
DA:9,0
DA:10,0
DA:34,0
LF:11
LH:0
BRF:0
BRH:0
end_of_record
TN:
SF:src\common\controllers\cache-admin.controller.ts
FN:11,(anonymous_4)
FN:32,(anonymous_5)
FN:53,(anonymous_6)
FN:73,(anonymous_7)
FN:109,(anonymous_8)
FNF:5
FNH:5
FNDA:7,(anonymous_4)
FNDA:1,(anonymous_5)
FNDA:1,(anonymous_6)
FNDA:2,(anonymous_7)
FNDA:2,(anonymous_8)
DA:1,1
DA:2,1
DA:3,1
DA:4,1
DA:5,1
DA:10,1
DA:12,7
DA:13,7
DA:32,1
DA:33,1
DA:53,1
DA:54,1
DA:73,1
DA:74,2
DA:75,2
DA:76,1
DA:81,1
DA:109,1
DA:110,2
DA:111,2
DA:112,1
DA:117,1
LF:22
LH:22
BRF:0
BRH:0
end_of_record
TN:
SF:src\common\controllers\performance-monitoring.controller.ts
FN:10,(anonymous_4)
FN:50,(anonymous_5)
FN:81,(anonymous_6)
FN:101,(anonymous_7)
FNF:4
FNH:4
FNDA:7,(anonymous_4)
FNDA:2,(anonymous_5)
FNDA:2,(anonymous_6)
FNDA:2,(anonymous_7)
DA:1,1
DA:2,1
DA:3,1
DA:4,1
DA:9,1
DA:11,7
DA:50,1
DA:51,2
DA:81,1
DA:82,2
DA:101,1
DA:102,2
DA:103,2
DA:104,1
DA:109,1
LF:15
LH:15
BRDA:50,0,0,1
BRDA:81,1,0,1
BRF:2
BRH:2
end_of_record
TN:
SF:src\common\decorators\cache.decorator.ts
FN:13,(anonymous_0)
FN:14,(anonymous_1)
FN:27,(anonymous_2)
FNF:3
FNH:2
FNDA:4,(anonymous_0)
FNDA:4,(anonymous_1)
FNDA:0,(anonymous_2)
DA:1,2
DA:3,2
DA:4,2
DA:5,2
DA:13,2
DA:14,4
DA:15,4
DA:16,4
DA:17,4
DA:27,2
DA:28,0
LF:11
LH:10
BRDA:16,0,0,4
BRDA:16,0,1,0
BRF:2
BRH:1
end_of_record
TN:
SF:src\common\filters\global-exception.filter.ts
FN:12,(anonymous_2)
FN:33,(anonymous_3)
FN:35,(anonymous_4)
FNF:3
FNH:3
FNDA:14,(anonymous_2)
FNDA:19,(anonymous_3)
FNDA:14,(anonymous_4)
DA:1,2
DA:9,2
DA:12,2
DA:13,14
DA:15,5
DA:17,1
DA:19,1
DA:21,1
DA:23,1
DA:25,5
DA:30,2
DA:31,19
DA:33,19
DA:36,14
DA:37,14
DA:39,14
DA:41,14
DA:45,14
DA:50,14
DA:54,14
DA:59,14
DA:69,14
LF:22
LH:22
BRDA:13,0,0,5
BRDA:13,0,1,1
BRDA:13,0,2,1
BRDA:13,0,3,1
BRDA:13,0,4,1
BRDA:13,0,5,5
BRDA:41,1,0,9
BRDA:41,1,1,5
BRDA:45,2,0,9
BRDA:45,2,1,5
BRDA:50,3,0,4
BRDA:50,3,1,10
BRDA:52,4,0,10
BRDA:52,4,1,9
BRDA:56,5,0,13
BRDA:56,5,1,1
BRDA:63,6,0,4
BRDA:63,6,1,10
BRF:18
BRH:18
end_of_record
TN:
SF:src\common\interceptors\http-cache.interceptor.ts
FN:23,(anonymous_4)
FN:28,(anonymous_5)
FN:45,(anonymous_6)
FN:89,(anonymous_7)
FN:102,(anonymous_8)
FN:129,(anonymous_9)
FN:131,(anonymous_10)
FNF:7
FNH:1
FNDA:18,(anonymous_4)
FNDA:0,(anonymous_5)
FNDA:0,(anonymous_6)
FNDA:0,(anonymous_7)
FNDA:0,(anonymous_8)
FNDA:0,(anonymous_9)
FNDA:0,(anonymous_10)
DA:1,2
DA:9,2
DA:10,2
DA:11,2
DA:12,2
DA:13,2
DA:20,2
DA:21,18
DA:24,18
DA:25,18
DA:32,0
DA:33,0
DA:34,0
DA:37,0
DA:42,0
DA:43,0
DA:44,0
DA:46,0
DA:47,0
DA:48,0
DA:49,0
DA:50,0
DA:52,0
DA:60,0
DA:64,0
DA:65,0
DA:68,0
DA:69,0
DA:71,0
DA:72,0
DA:73,0
DA:74,0
DA:75,0
DA:78,0
DA:80,0
DA:83,0
DA:86,0
DA:88,0
DA:90,0
DA:91,0
DA:92,0
DA:93,0
DA:94,0
DA:96,0
DA:103,0
DA:106,0
DA:107,0
DA:108,0
DA:113,0
DA:115,0
DA:116,0
DA:117,0
DA:119,0
DA:120,0
DA:126,0
DA:130,0
DA:131,0
DA:132,0
LF:58
LH:10
BRDA:42,0,0,0
BRDA:42,0,1,0
BRDA:64,1,0,0
BRDA:64,1,1,0
BRDA:73,2,0,0
BRDA:73,2,1,0
BRDA:91,3,0,0
BRDA:91,3,1,0
BRDA:106,4,0,0
BRDA:106,4,1,0
BRDA:113,5,0,0
BRDA:113,5,1,0
BRDA:115,6,0,0
BRDA:115,6,1,0
BRF:14
BRH:0
end_of_record
TN:
SF:src\common\interceptors\performance.interceptor.ts
FN:16,(anonymous_2)
FN:20,(anonymous_3)
FN:32,(anonymous_4)
FN:52,(anonymous_5)
FN:75,(anonymous_6)
FN:79,(anonymous_7)
FNF:6
FNH:6
FNDA:35,(anonymous_2)
FNDA:2,(anonymous_3)
FNDA:1,(anonymous_4)
FNDA:1,(anonymous_5)
FNDA:2,(anonymous_6)
FNDA:1,(anonymous_7)
DA:1,5
DA:9,5
DA:10,5
DA:13,5
DA:14,35
DA:17,35
DA:21,2
DA:22,2
DA:23,2
DA:25,2
DA:26,2
DA:28,2
DA:30,2
DA:33,1
DA:34,1
DA:35,1
DA:37,1
DA:42,1
DA:53,1
DA:55,1
DA:60,1
DA:76,2
DA:80,1
DA:82,1
DA:83,1
DA:85,0
LF:26
LH:25
BRDA:35,0,0,1
BRDA:35,0,1,1
BRDA:38,1,0,0
BRDA:38,1,1,1
BRDA:80,2,0,0
BRDA:80,2,1,1
BRF:6
BRH:4
end_of_record
TN:
SF:src\common\interceptors\request-logging.interceptor.ts
FN:12,(anonymous_1)
FN:15,(anonymous_2)
FN:21,(anonymous_3)
FNF:3
FNH:3
FNDA:19,(anonymous_1)
FNDA:19,(anonymous_2)
FNDA:13,(anonymous_3)
DA:1,2
DA:9,2
DA:12,2
DA:13,19
DA:16,19
DA:17,19
DA:18,19
DA:20,19
DA:22,13
DA:23,13
DA:24,13
DA:25,13
LF:12
LH:12
BRF:0
BRH:0
end_of_record
TN:
SF:src\common\interceptors\response-transformation.interceptor.ts
FN:25,(anonymous_2)
FN:26,(anonymous_3)
FN:39,(anonymous_4)
FN:40,(anonymous_5)
FN:65,(anonymous_6)
FN:67,(anonymous_7)
FN:92,(anonymous_8)
FN:138,(anonymous_9)
FN:163,(anonymous_10)
FN:169,(anonymous_11)
FN:173,(anonymous_12)
FNF:11
FNH:11
FNDA:6,(anonymous_2)
FNDA:6,(anonymous_3)
FNDA:1,(anonymous_4)
FNDA:1,(anonymous_5)
FNDA:32,(anonymous_6)
FNDA:11,(anonymous_7)
FNDA:10,(anonymous_8)
FNDA:10,(anonymous_9)
FNDA:5,(anonymous_10)
FNDA:2,(anonymous_11)
FNDA:5,(anonymous_12)
DA:1,3
DA:9,3
DA:10,3
DA:12,3
DA:13,3
DA:25,3
DA:26,6
DA:27,6
DA:28,6
DA:29,6
DA:31,0
DA:32,0
DA:39,3
DA:40,1
DA:41,1
DA:42,1
DA:43,1
DA:45,0
DA:46,0
DA:62,3
DA:63,32
DA:65,32
DA:68,11
DA:69,11
DA:70,11
DA:73,11
DA:78,11
DA:79,1
DA:83,10
DA:88,10
DA:89,10
DA:91,10
DA:93,10
DA:96,10
DA:97,4
DA:101,6
DA:102,6
DA:103,2
DA:107,6
DA:112,6
DA:113,4
DA:123,6
DA:124,1
DA:129,6
DA:133,6
DA:140,10
DA:141,1
DA:145,9
DA:146,9
DA:147,1
DA:151,8
DA:152,1
DA:156,7
DA:157,1
DA:160,6
DA:164,5
DA:165,0
DA:168,5
DA:169,2
DA:172,4
DA:173,4
DA:174,5
DA:176,1
DA:177,1
DA:178,1
DA:184,4
DA:188,4
LF:67
LH:62
BRDA:27,0,0,6
BRDA:27,0,1,0
BRDA:28,1,0,6
BRDA:28,1,1,1
BRDA:31,2,0,0
BRDA:31,2,1,0
BRDA:41,3,0,1
BRDA:41,3,1,0
BRDA:78,4,0,1
BRDA:78,4,1,10
BRDA:96,5,0,4
BRDA:96,5,1,6
BRDA:102,6,0,2
BRDA:102,6,1,4
BRDA:112,7,0,4
BRDA:112,7,1,2
BRDA:115,8,0,4
BRDA:115,8,1,4
BRDA:116,9,0,4
BRDA:116,9,1,1
BRDA:123,10,0,1
BRDA:123,10,1,5
BRDA:123,11,0,6
BRDA:123,11,1,1
BRDA:140,12,0,1
BRDA:140,12,1,9
BRDA:146,13,0,1
BRDA:146,13,1,8
BRDA:146,14,0,9
BRDA:146,14,1,9
BRDA:151,15,0,1
BRDA:151,15,1,7
BRDA:151,16,0,8
BRDA:151,16,1,7
BRDA:156,17,0,1
BRDA:156,17,1,6
BRDA:156,18,0,7
BRDA:156,18,1,7
BRDA:156,18,2,7
BRDA:156,18,3,1
BRDA:164,19,0,0
BRDA:164,19,1,5
BRDA:164,20,0,5
BRDA:164,20,1,5
BRDA:168,21,0,1
BRDA:168,21,1,4
BRDA:174,22,0,1
BRDA:174,22,1,4
BRDA:177,23,0,1
BRDA:177,23,1,0
BRF:50
BRH:44
end_of_record
TN:
SF:src\common\interceptors\timeout.interceptor.ts
FN:19,(anonymous_2)
FN:20,(anonymous_3)
FN:35,(anonymous_4)
FN:37,(anonymous_5)
FN:53,(anonymous_6)
FN:65,(anonymous_7)
FN:75,(anonymous_8)
FNF:7
FNH:7
FNDA:6,(anonymous_2)
FNDA:6,(anonymous_3)
FNDA:25,(anonymous_4)
FNDA:5,(anonymous_5)
FNDA:2,(anonymous_6)
FNDA:1,(anonymous_7)
FNDA:1,(anonymous_8)
DA:1,3
DA:9,3
DA:10,3
DA:11,3
DA:13,3
DA:19,3
DA:20,6
DA:21,6
DA:22,5
DA:23,5
DA:25,1
DA:26,1
DA:31,3
DA:32,25
DA:33,25
DA:35,25
DA:38,5
DA:39,5
DA:40,5
DA:43,5
DA:44,5
DA:46,5
DA:47,5
DA:49,5
DA:51,5
DA:54,2
DA:56,2
DA:57,1
DA:62,1
DA:63,1
DA:65,1
DA:75,1
LF:32
LH:32
BRDA:21,0,0,5
BRDA:21,0,1,1
BRDA:44,1,0,5
BRDA:44,1,1,3
BRDA:47,2,0,5
BRDA:47,2,1,1
BRDA:56,3,0,1
BRDA:56,3,1,1
BRF:8
BRH:8
end_of_record
TN:
SF:src\common\services\cache-warming.service.ts
FN:12,(anonymous_2)
FN:19,(anonymous_3)
FN:22,(anonymous_4)
FN:23,(anonymous_5)
FN:30,(anonymous_6)
FN:52,(anonymous_7)
FN:61,(anonymous_8)
FN:70,(anonymous_9)
FN:72,(anonymous_10)
FN:79,(anonymous_11)
FNF:10
FNH:5
FNDA:4,(anonymous_2)
FNDA:0,(anonymous_3)
FNDA:0,(anonymous_4)
FNDA:0,(anonymous_5)
FNDA:3,(anonymous_6)
FNDA:1,(anonymous_7)
FNDA:1,(anonymous_8)
FNDA:0,(anonymous_9)
FNDA:0,(anonymous_10)
FNDA:1,(anonymous_11)
DA:1,2
DA:2,2
DA:3,2
DA:8,2
DA:9,4
DA:13,4
DA:14,4
DA:16,4
DA:20,0
DA:22,0
DA:23,0
DA:24,0
DA:31,3
DA:32,2
DA:33,2
DA:36,1
DA:37,1
DA:39,1
DA:40,1
DA:45,1
DA:46,1
DA:48,0
DA:53,1
DA:58,1
DA:62,1
DA:67,1
DA:71,0
DA:72,0
DA:73,0
DA:80,1
DA:82,1
DA:83,1
DA:84,1
DA:86,1
DA:92,0
DA:94,0
LF:36
LH:26
BRDA:20,0,0,0
BRDA:20,0,1,0
BRDA:31,1,0,2
BRDA:31,1,1,1
BRF:4
BRH:2
end_of_record
TN:
SF:src\common\services\cache.service.ts
FN:9,(anonymous_4)
FN:17,(anonymous_5)
FN:61,(anonymous_6)
FN:88,(anonymous_7)
FN:114,(anonymous_8)
FN:137,(anonymous_9)
FN:147,(anonymous_10)
FN:168,(anonymous_11)
FN:180,(anonymous_12)
FNF:9
FNH:8
FNDA:11,(anonymous_4)
FNDA:3,(anonymous_5)
FNDA:2,(anonymous_6)
FNDA:2,(anonymous_7)
FNDA:6,(anonymous_8)
FNDA:6,(anonymous_9)
FNDA:2,(anonymous_10)
FNDA:0,(anonymous_11)
FNDA:1,(anonymous_12)
DA:1,5
DA:2,5
DA:3,5
DA:6,5
DA:7,11
DA:10,11
DA:11,11
DA:18,3
DA:20,3
DA:21,3
DA:22,2
DA:23,2
DA:25,2
DA:26,1
DA:28,1
DA:32,2
DA:40,2
DA:42,1
DA:43,1
DA:46,1
DA:54,1
DA:62,2
DA:64,2
DA:65,2
DA:66,2
DA:68,1
DA:69,1
DA:72,1
DA:80,1
DA:81,1
DA:89,2
DA:91,2
DA:92,2
DA:94,1
DA:95,1
DA:98,1
DA:106,1
DA:107,1
DA:115,6
DA:117,6
DA:120,6
DA:122,6
DA:123,0
DA:126,6
DA:127,6
DA:129,0
DA:130,0
DA:141,6
DA:148,2
DA:153,2
DA:154,1
DA:155,1
DA:158,2
DA:159,6
DA:162,2
DA:169,0
DA:174,0
DA:181,1
DA:184,1
DA:189,0
DA:190,0
LF:61
LH:54
BRDA:25,0,0,1
BRDA:25,0,1,1
BRDA:40,1,0,2
BRDA:40,1,1,1
BRDA:65,2,0,1
BRDA:65,2,1,1
BRDA:69,3,0,1
BRDA:69,3,1,0
BRDA:153,4,0,1
BRDA:153,4,1,1
BRDA:162,5,0,1
BRDA:162,5,1,1
BRF:12
BRH:11
end_of_record
TN:
SF:src\common\services\performance-monitoring.service.ts
FN:33,(anonymous_2)
FN:41,(anonymous_3)
FN:65,(anonymous_4)
FN:81,(anonymous_5)
FN:90,(anonymous_6)
FN:91,(anonymous_7)
FN:106,(anonymous_8)
FN:107,(anonymous_9)
FN:108,(anonymous_10)
FN:112,(anonymous_11)
FN:113,(anonymous_12)
FN:118,(anonymous_13)
FN:128,(anonymous_14)
FN:133,(anonymous_15)
FN:149,(anonymous_16)
FN:156,(anonymous_17)
FN:168,(anonymous_18)
FN:171,(anonymous_19)
FN:172,(anonymous_20)
FN:176,(anonymous_21)
FN:192,(anonymous_22)
FN:198,(anonymous_23)
FN:204,(anonymous_24)
FNF:23
FNH:23
FNDA:13,(anonymous_2)
FNDA:8,(anonymous_3)
FNDA:8,(anonymous_4)
FNDA:5,(anonymous_5)
FNDA:4,(anonymous_6)
FNDA:3,(anonymous_7)
FNDA:4,(anonymous_8)
FNDA:4,(anonymous_9)
FNDA:4,(anonymous_10)
FNDA:3,(anonymous_11)
FNDA:3,(anonymous_12)
FNDA:4,(anonymous_13)
FNDA:3,(anonymous_14)
FNDA:1,(anonymous_15)
FNDA:2,(anonymous_16)
FNDA:3,(anonymous_17)
FNDA:3,(anonymous_18)
FNDA:3,(anonymous_19)
FNDA:2,(anonymous_20)
FNDA:3,(anonymous_21)
FNDA:1,(anonymous_22)
FNDA:15,(anonymous_23)
FNDA:7,(anonymous_24)
DA:1,9
DA:2,9
DA:25,9
DA:26,13
DA:29,13
DA:30,13
DA:31,13
DA:33,13
DA:34,13
DA:35,13
DA:42,8
DA:45,7
DA:46,7
DA:49,7
DA:50,2
DA:54,7
DA:55,2
DA:59,7
DA:66,8
DA:68,8
DA:69,8
DA:72,8
DA:73,7
DA:74,7
DA:89,5
DA:90,5
DA:91,5
DA:93,5
DA:94,3
DA:105,2
DA:106,4
DA:107,4
DA:108,4
DA:109,2
DA:112,3
DA:113,3
DA:114,2
DA:117,2
DA:118,2
DA:119,4
DA:120,4
DA:121,4
DA:127,2
DA:128,3
DA:133,1
DA:136,2
DA:155,2
DA:156,3
DA:158,2
DA:159,1
DA:167,1
DA:168,3
DA:171,3
DA:172,2
DA:173,1
DA:176,1
DA:177,3
DA:178,3
DA:181,1
DA:193,1
DA:194,1
DA:195,1
DA:199,15
DA:200,0
DA:205,7
DA:219,7
DA:220,4
DA:222,3
LF:68
LH:67
BRDA:42,0,0,1
BRDA:42,0,1,7
BRDA:49,1,0,2
BRDA:49,1,1,5
BRDA:54,2,0,2
BRDA:54,2,1,5
BRDA:66,3,0,0
BRDA:66,3,1,8
BRDA:72,4,0,7
BRDA:72,4,1,1
BRDA:73,5,0,4
BRDA:73,5,1,3
BRDA:81,6,0,0
BRDA:93,7,0,3
BRDA:93,7,1,2
BRDA:114,8,0,2
BRDA:114,8,1,0
BRDA:120,9,0,4
BRDA:120,9,1,3
BRDA:149,10,0,0
BRDA:158,11,0,1
BRDA:158,11,1,1
BRDA:173,12,0,1
BRDA:173,12,1,0
BRDA:177,13,0,3
BRDA:177,13,1,2
BRDA:199,14,0,0
BRDA:199,14,1,15
BRDA:214,15,0,7
BRDA:214,15,1,2
BRDA:215,16,0,7
BRDA:215,16,1,0
BRDA:219,17,0,4
BRDA:219,17,1,3
BRDA:219,18,0,7
BRDA:219,18,1,5
BRF:36
BRH:29
end_of_record
TN:
SF:src\database\database-config.service.ts
FN:10,(anonymous_2)
FN:12,(anonymous_3)
FN:53,(anonymous_4)
FN:69,(anonymous_5)
FNF:4
FNH:4
FNDA:6,(anonymous_2)
FNDA:1,(anonymous_3)
FNDA:2,(anonymous_4)
FNDA:1,(anonymous_5)
DA:1,1
DA:2,1
DA:4,1
DA:7,1
DA:8,6
DA:10,6
DA:13,1
DA:14,1
DA:16,1
DA:45,1
DA:47,1
DA:54,2
DA:56,2
DA:57,6
DA:58,1
DA:59,1
DA:63,1
DA:70,1
DA:71,1
DA:72,1
DA:74,1
LF:21
LH:21
BRDA:27,0,0,0
BRDA:27,0,1,1
BRDA:28,1,0,0
BRDA:28,1,1,1
BRDA:42,2,0,0
BRDA:42,2,1,1
BRDA:45,3,0,0
BRDA:45,3,1,1
BRDA:57,4,0,1
BRDA:57,4,1,5
BRF:10
BRH:6
end_of_record
TN:
SF:src\database\database-connection.util.ts
FN:10,(anonymous_0)
FN:30,(anonymous_1)
FN:44,(anonymous_2)
FN:54,(anonymous_3)
FN:69,(anonymous_4)
FN:86,(anonymous_5)
FN:102,(anonymous_6)
FN:122,(anonymous_7)
FN:123,(anonymous_8)
FNF:9
FNH:0
FNDA:0,(anonymous_0)
FNDA:0,(anonymous_1)
FNDA:0,(anonymous_2)
FNDA:0,(anonymous_3)
FNDA:0,(anonymous_4)
FNDA:0,(anonymous_5)
FNDA:0,(anonymous_6)
FNDA:0,(anonymous_7)
FNDA:0,(anonymous_8)
DA:1,0
DA:4,0
DA:5,0
DA:11,0
DA:12,0
DA:13,0
DA:17,0
DA:19,0
DA:20,0
DA:22,0
DA:23,0
DA:31,0
DA:32,0
DA:33,0
DA:34,0
DA:37,0
DA:45,0
DA:46,0
DA:47,0
DA:50,0
DA:52,0
DA:53,0
DA:54,0
DA:55,0
DA:58,0
DA:61,0
DA:62,0
DA:70,0
DA:71,0
DA:72,0
DA:75,0
DA:76,0
DA:78,0
DA:79,0
DA:91,0
DA:93,0
DA:108,0
DA:110,0
DA:111,0
DA:112,0
DA:120,0
DA:123,0
DA:127,0
DA:129,0
DA:136,0
LF:45
LH:0
BRDA:12,0,0,0
BRDA:12,0,1,0
BRDA:32,1,0,0
BRDA:32,1,1,0
BRDA:46,2,0,0
BRDA:46,2,1,0
BRDA:52,3,0,0
BRDA:52,3,1,0
BRDA:71,4,0,0
BRDA:71,4,1,0
BRDA:111,5,0,0
BRDA:111,5,1,0
BRF:12
BRH:0
end_of_record
TN:
SF:src\database\database-health.service.ts
FN:9,(anonymous_4)
FN:19,(anonymous_5)
FN:52,(anonymous_6)
FN:74,(anonymous_7)
FNF:4
FNH:0
FNDA:0,(anonymous_4)
FNDA:0,(anonymous_5)
FNDA:0,(anonymous_6)
FNDA:0,(anonymous_7)
DA:1,0
DA:2,0
DA:3,0
DA:4,0
DA:5,0
DA:8,0
DA:11,0
DA:13,0
DA:20,0
DA:21,0
DA:23,0
DA:24,0
DA:30,0
DA:39,0
DA:53,0
DA:56,0
DA:61,0
DA:78,0
DA:80,0
LF:19
LH:0
BRDA:23,0,0,0
BRDA:23,0,1,0
BRF:2
BRH:0
end_of_record
TN:
SF:src\database\database.module.ts
FN:29,(anonymous_2)
FN:35,(anonymous_3)
FNF:2
FNH:0
FNDA:0,(anonymous_2)
FNDA:0,(anonymous_3)
DA:1,0
DA:2,0
DA:3,0
DA:4,0
DA:5,0
DA:6,0
DA:7,0
DA:26,0
DA:27,0
DA:30,0
DA:31,0
DA:32,0
DA:37,0
DA:38,0
DA:40,0
DA:41,0
DA:42,0
DA:45,0
DA:46,0
DA:50,0
DA:51,0
DA:52,0
DA:53,0
DA:56,0
DA:59,0
DA:60,0
DA:61,0
LF:27
LH:0
BRDA:40,0,0,0
BRDA:40,0,1,0
BRDA:45,1,0,0
BRDA:45,1,1,0
BRDA:52,2,0,0
BRDA:52,2,1,0
BRF:6
BRH:0
end_of_record
TN:
SF:src\database\index.ts
FN:2,(anonymous_0)
FN:3,(anonymous_1)
FN:4,(anonymous_2)
FN:5,(anonymous_3)
FN:6,(anonymous_4)
FN:9,(anonymous_5)
FN:13,(anonymous_6)
FN:14,(anonymous_7)
FN:15,(anonymous_8)
FN:16,(anonymous_9)
FN:18,(anonymous_10)
FN:18,(anonymous_11)
FN:18,(anonymous_12)
FNF:13
FNH:0
FNDA:0,(anonymous_0)
FNDA:0,(anonymous_1)
FNDA:0,(anonymous_2)
FNDA:0,(anonymous_3)
FNDA:0,(anonymous_4)
FNDA:0,(anonymous_5)
FNDA:0,(anonymous_6)
FNDA:0,(anonymous_7)
FNDA:0,(anonymous_8)
FNDA:0,(anonymous_9)
FNDA:0,(anonymous_10)
FNDA:0,(anonymous_11)
FNDA:0,(anonymous_12)
DA:2,0
DA:3,0
DA:4,0
DA:5,0
DA:6,0
DA:9,0
DA:12,0
DA:13,0
DA:14,0
DA:15,0
DA:16,0
DA:18,0
LF:12
LH:0
BRF:0
BRH:0
end_of_record
TN:
SF:src\database\migration.service.ts
FN:10,(anonymous_4)
FN:18,(anonymous_5)
FN:30,(anonymous_6)
FN:42,(anonymous_7)
FN:52,(anonymous_8)
FN:53,(anonymous_9)
FN:54,(anonymous_10)
FN:69,(anonymous_11)
FN:79,(anonymous_12)
FN:82,(anonymous_13)
FN:100,(anonymous_14)
FNF:11
FNH:0
FNDA:0,(anonymous_4)
FNDA:0,(anonymous_5)
FNDA:0,(anonymous_6)
FNDA:0,(anonymous_7)
FNDA:0,(anonymous_8)
FNDA:0,(anonymous_9)
FNDA:0,(anonymous_10)
FNDA:0,(anonymous_11)
FNDA:0,(anonymous_12)
FNDA:0,(anonymous_13)
FNDA:0,(anonymous_14)
DA:1,0
DA:2,0
DA:3,0
DA:4,0
DA:7,0
DA:8,0
DA:12,0
DA:19,0
DA:20,0
DA:22,0
DA:23,0
DA:31,0
DA:32,0
DA:34,0
DA:35,0
DA:46,0
DA:47,0
DA:52,0
DA:53,0
DA:54,0
DA:56,0
DA:61,0
DA:62,0
DA:70,0
DA:72,0
DA:79,0
DA:80,0
DA:82,0
DA:84,0
DA:85,0
DA:86,0
DA:89,0
DA:90,0
DA:92,0
DA:93,0
DA:101,0
DA:103,0
DA:105,0
DA:106,0
DA:107,0
DA:110,0
DA:115,0
DA:117,0
DA:118,0
LF:44
LH:0
BRDA:84,0,0,0
BRDA:84,0,1,0
BRDA:105,1,0,0
BRDA:105,1,1,0
BRF:4
BRH:0
end_of_record
TN:
SF:src\database\redis-config.service.ts
FN:9,(anonymous_2)
FN:11,(anonymous_3)
FN:16,(anonymous_4)
FN:36,(anonymous_5)
FN:60,(anonymous_6)
FN:75,(anonymous_7)
FN:85,(anonymous_8)
FNF:7
FNH:6
FNDA:7,(anonymous_2)
FNDA:1,(anonymous_3)
FNDA:1,(anonymous_4)
FNDA:0,(anonymous_5)
FNDA:2,(anonymous_6)
FNDA:1,(anonymous_7)
FNDA:1,(anonymous_8)
DA:1,1
DA:2,1
DA:6,1
DA:7,7
DA:9,7
DA:12,1
DA:14,1
DA:16,2
DA:18,0
DA:33,0
DA:35,0
DA:36,0
DA:42,0
DA:44,0
DA:46,1
DA:49,1
DA:61,2
DA:62,2
DA:64,2
DA:65,1
DA:66,1
DA:69,1
DA:76,1
DA:77,1
DA:79,1
DA:86,1
LF:26
LH:20
BRDA:64,0,0,1
BRDA:64,0,1,1
BRDA:64,1,0,2
BRDA:64,1,1,1
BRF:4
BRH:4
end_of_record
TN:
SF:src\database\migrations\1694000000000-CreateGameTable.ts
FN:3,(anonymous_0)
FN:6,(anonymous_1)
FN:110,(anonymous_2)
FNF:3
FNH:0
FNDA:0,(anonymous_0)
FNDA:0,(anonymous_1)
FNDA:0,(anonymous_2)
DA:3,0
DA:4,0
DA:7,0
DA:11,0
DA:33,0
DA:37,0
DA:41,0
DA:45,0
DA:50,0
DA:111,0
DA:112,0
DA:113,0
DA:114,0
DA:115,0
LF:14
LH:0
BRF:0
BRH:0
end_of_record
TN:
SF:src\database\migrations\1703000000000-OptimizeGameIndexes.ts
FN:3,(anonymous_0)
FN:6,(anonymous_1)
FN:69,(anonymous_2)
FNF:3
FNH:0
FNDA:0,(anonymous_0)
FNDA:0,(anonymous_1)
FNDA:0,(anonymous_2)
DA:3,0
DA:4,0
DA:10,0
DA:17,0
DA:24,0
DA:31,0
DA:38,0
DA:44,0
DA:50,0
DA:60,0
DA:66,0
DA:71,0
DA:72,0
DA:73,0
DA:74,0
DA:75,0
DA:76,0
DA:77,0
DA:78,0
LF:19
LH:0
BRF:0
BRH:0
end_of_record
TN:
SF:src\dto\create-game.dto.ts
FN:37,(anonymous_2)
FN:107,(anonymous_3)
FN:129,(anonymous_4)
FNF:3
FNH:3
FNDA:10,(anonymous_2)
FNDA:2,(anonymous_3)
FNDA:2,(anonymous_4)
DA:1,2
DA:15,2
DA:16,2
DA:26,2
DA:34,2
DA:37,2
DA:45,2
DA:53,2
DA:62,2
DA:67,2
DA:77,10
DA:83,2
DA:92,2
DA:101,2
DA:107,2
DA:110,2
DA:120,2
DA:129,2
DA:130,2
DA:139,10
LF:20
LH:20
BRF:0
BRH:0
end_of_record
TN:
SF:src\dto\error-response.dto.ts
FNF:0
FNH:0
DA:1,2
DA:3,2
DA:8,2
DA:14,2
DA:20,2
DA:23,2
DA:28,2
DA:34,2
DA:40,2
DA:46,2
DA:52,2
DA:59,2
LF:12
LH:12
BRF:0
BRH:0
end_of_record
TN:
SF:src\dto\game-list-response.dto.ts
FN:56,(anonymous_2)
FN:11,(anonymous_3)
FNF:2
FNH:1
FNDA:5,(anonymous_2)
FNDA:0,(anonymous_3)
DA:1,3
DA:2,3
DA:3,3
DA:5,3
DA:11,0
DA:12,3
DA:19,3
DA:26,3
DA:33,3
DA:40,3
DA:47,3
DA:54,3
DA:62,5
DA:63,5
DA:64,5
DA:65,5
DA:66,5
DA:67,5
DA:68,5
LF:19
LH:18
BRF:0
BRH:0
end_of_record
TN:
SF:src\dto\game-response.dto.ts
FN:125,(anonymous_2)
FN:91,(anonymous_3)
FN:107,(anonymous_4)
FN:122,(anonymous_5)
FNF:4
FNH:1
FNDA:5,(anonymous_2)
FNDA:0,(anonymous_3)
FNDA:0,(anonymous_4)
FNDA:0,(anonymous_5)
DA:1,3
DA:2,3
DA:6,3
DA:12,3
DA:19,3
DA:22,3
DA:28,3
DA:35,3
DA:42,3
DA:49,3
DA:56,3
DA:63,3
DA:70,3
DA:77,3
DA:84,3
DA:91,0
DA:92,3
DA:100,3
DA:107,0
DA:108,3
DA:115,3
DA:122,0
DA:123,3
DA:126,5
DA:127,5
DA:128,5
DA:129,5
DA:130,5
DA:131,5
DA:132,5
DA:133,5
DA:134,5
DA:135,5
DA:136,5
DA:137,5
DA:138,5
DA:139,5
LF:37
LH:34
BRF:0
BRH:0
end_of_record
TN:
SF:src\dto\get-games.dto.ts
FN:5,(anonymous_2)
FN:14,(anonymous_3)
FN:28,(anonymous_4)
FN:55,(anonymous_5)
FN:76,(anonymous_6)
FNF:5
FNH:5
FNDA:24,(anonymous_2)
FNDA:13,(anonymous_3)
FNDA:10,(anonymous_4)
FNDA:3,(anonymous_5)
FNDA:3,(anonymous_6)
DA:1,5
DA:2,5
DA:3,5
DA:5,5
DA:14,13
DA:17,24
DA:28,10
DA:32,24
DA:45,5
DA:55,3
DA:59,5
DA:68,5
DA:76,3
DA:77,5
LF:14
LH:14
BRF:0
BRH:0
end_of_record
TN:
SF:src\dto\index.ts
FN:1,(anonymous_0)
FN:2,(anonymous_1)
FN:2,(anonymous_2)
FN:3,(anonymous_3)
FN:4,(anonymous_4)
FN:5,(anonymous_5)
FN:5,(anonymous_6)
FN:6,(anonymous_7)
FN:7,(anonymous_8)
FN:8,(anonymous_9)
FNF:10
FNH:3
FNDA:5,(anonymous_0)
FNDA:0,(anonymous_1)
FNDA:0,(anonymous_2)
FNDA:3,(anonymous_3)
FNDA:0,(anonymous_4)
FNDA:0,(anonymous_5)
FNDA:0,(anonymous_6)
FNDA:3,(anonymous_7)
FNDA:0,(anonymous_8)
FNDA:0,(anonymous_9)
DA:1,6
DA:2,1
DA:3,4
DA:4,1
DA:5,1
DA:6,4
DA:7,1
DA:8,1
LF:8
LH:8
BRF:0
BRH:0
end_of_record
TN:
SF:src\dto\purchase-info.dto.ts
FN:22,(anonymous_2)
FNF:1
FNH:1
FNDA:4,(anonymous_2)
DA:1,4
DA:4,4
DA:6,4
DA:9,4
DA:12,4
DA:15,4
DA:20,4
DA:23,4
DA:24,4
DA:25,4
DA:26,4
DA:27,4
LF:12
LH:12
BRF:0
BRH:0
end_of_record
TN:
SF:src\dto\search-games.dto.ts
FN:6,(anonymous_2)
FN:18,(anonymous_3)
FN:41,(anonymous_4)
FN:50,(anonymous_5)
FNF:4
FNH:4
FNDA:7,(anonymous_2)
FNDA:6,(anonymous_3)
FNDA:2,(anonymous_4)
FNDA:2,(anonymous_5)
DA:1,4
DA:2,4
DA:3,4
DA:4,4
DA:6,4
DA:18,6
DA:19,4
DA:33,7
DA:41,2
DA:42,4
DA:50,2
DA:51,4
LF:12
LH:12
BRDA:41,0,0,2
BRDA:41,0,1,0
BRDA:50,1,0,2
BRDA:50,1,1,0
BRF:4
BRH:2
end_of_record
TN:
SF:src\dto\update-game.dto.ts
FNF:0
FNH:0
DA:1,2
DA:2,2
DA:4,2
LF:3
LH:3
BRF:0
BRH:0
end_of_record
TN:
SF:src\entities\game.entity.ts
FN:61,(anonymous_2)
FN:91,(anonymous_3)
FN:106,(anonymous_4)
FNF:3
FNH:3
FNDA:9,(anonymous_2)
FNDA:2,(anonymous_3)
FNDA:3,(anonymous_4)
DA:1,6
DA:9,6
DA:24,6
DA:29,6
DA:32,6
DA:36,6
DA:39,6
DA:46,6
DA:51,6
DA:57,6
DA:61,9
DA:64,6
DA:69,6
DA:76,6
DA:82,6
DA:88,6
DA:91,2
DA:94,6
DA:100,6
DA:106,3
DA:107,6
DA:112,6
DA:115,6
DA:118,6
LF:24
LH:24
BRF:0
BRH:0
end_of_record
TN:
SF:src\game\game.controller.ts
FN:38,(anonymous_4)
FN:69,(anonymous_5)
FN:73,(anonymous_6)
FN:116,(anonymous_7)
FN:154,(anonymous_8)
FNF:5
FNH:5
FNDA:7,(anonymous_4)
FNDA:2,(anonymous_5)
FNDA:1,(anonymous_6)
FNDA:2,(anonymous_7)
FNDA:2,(anonymous_8)
DA:1,1
DA:10,1
DA:17,1
DA:18,1
DA:19,1
DA:20,1
DA:21,1
DA:22,1
DA:23,1
DA:24,1
DA:25,1
DA:26,1
DA:27,1
DA:37,1
DA:38,7
DA:69,1
DA:70,2
DA:73,2
DA:75,2
DA:116,1
DA:117,2
DA:118,1
DA:154,1
DA:155,2
LF:24
LH:24
BRF:0
BRH:0
end_of_record
TN:
SF:src\game\game.module.ts
FNF:0
FNH:0
DA:1,0
DA:2,0
DA:3,0
DA:4,0
DA:5,0
DA:12,0
LF:6
LH:0
BRF:0
BRH:0
end_of_record
TN:
SF:src\game\game.service.ts
FN:15,(anonymous_4)
FN:21,(anonymous_5)
FN:64,(anonymous_6)
FN:78,(anonymous_7)
FN:82,(anonymous_8)
FN:92,(anonymous_9)
FN:109,(anonymous_10)
FN:119,(anonymous_11)
FNF:8
FNH:8
FNDA:16,(anonymous_4)
FNDA:4,(anonymous_5)
FNDA:3,(anonymous_6)
FNDA:1,(anonymous_7)
FNDA:1,(anonymous_8)
FNDA:2,(anonymous_9)
FNDA:2,(anonymous_10)
FNDA:2,(anonymous_11)
DA:1,2
DA:2,2
DA:3,2
DA:4,2
DA:10,2
DA:11,2
DA:14,2
DA:17,16
DA:18,16
DA:22,4
DA:23,4
DA:26,4
DA:29,4
DA:30,1
DA:32,3
DA:36,4
DA:37,1
DA:41,4
DA:42,4
DA:43,1
DA:45,3
DA:48,4
DA:55,4
DA:66,3
DA:67,3
DA:69,2
DA:70,2
DA:71,1
DA:73,1
DA:75,1
DA:79,1
DA:83,1
DA:84,1
DA:87,1
DA:89,1
DA:93,2
DA:97,2
DA:98,1
DA:101,1
DA:104,1
DA:106,1
DA:110,2
DA:111,2
DA:112,1
DA:116,1
DA:120,2
DA:122,1
DA:123,0
DA:126,1
LF:49
LH:48
BRDA:29,0,0,1
BRDA:29,0,1,3
BRDA:36,1,0,1
BRDA:36,1,1,3
BRDA:42,2,0,1
BRDA:42,2,1,3
BRDA:42,3,0,4
BRDA:42,3,1,1
BRDA:67,4,0,2
BRDA:67,4,1,1
BRDA:70,5,0,1
BRDA:70,5,1,1
BRDA:70,6,0,2
BRDA:70,6,1,1
BRDA:97,7,0,1
BRDA:97,7,1,1
BRDA:111,8,0,1
BRDA:111,8,1,1
BRDA:122,9,0,0
BRDA:122,9,1,1
BRF:20
BRH:19
end_of_record
TN:
SF:src\health\health.controller.ts
FN:11,(anonymous_2)
FN:19,(anonymous_3)
FN:22,(anonymous_4)
FN:24,(anonymous_5)
FN:26,(anonymous_6)
FNF:5
FNH:0
FNDA:0,(anonymous_2)
FNDA:0,(anonymous_3)
FNDA:0,(anonymous_4)
FNDA:0,(anonymous_5)
FNDA:0,(anonymous_6)
DA:1,0
DA:2,0
DA:10,0
DA:12,0
DA:13,0
DA:14,0
DA:19,0
DA:20,0
DA:22,0
DA:24,0
DA:26,0
LF:11
LH:0
BRF:0
BRH:0
end_of_record
TN:
SF:src\health\health.module.ts
FNF:0
FNH:0
DA:1,0
DA:2,0
DA:3,0
DA:4,0
DA:14,0
LF:5
LH:0
BRF:0
BRH:0
end_of_record
TN:
SF:src\search\search.controller.ts
FN:23,(anonymous_4)
FN:132,(anonymous_5)
FNF:2
FNH:2
FNDA:11,(anonymous_4)
FNDA:10,(anonymous_5)
DA:1,1
DA:2,1
DA:3,1
DA:4,1
DA:6,1
DA:7,1
DA:8,1
DA:9,1
DA:10,1
DA:20,1
DA:21,11
DA:23,11
DA:132,1
DA:135,10
DA:136,10
DA:139,10
DA:140,1
DA:146,9
DA:147,2
DA:148,1
DA:155,8
DA:156,1
DA:162,7
DA:163,1
DA:169,6
DA:171,4
DA:173,4
DA:175,6
DA:176,5
DA:179,1
DA:180,1
LF:31
LH:31
BRDA:139,0,0,1
BRDA:139,0,1,9
BRDA:139,1,0,10
BRDA:139,1,1,9
BRDA:146,2,0,2
BRDA:146,2,1,7
BRDA:146,3,0,9
BRDA:146,3,1,3
BRDA:147,4,0,1
BRDA:147,4,1,1
BRDA:155,5,0,1
BRDA:155,5,1,7
BRDA:155,6,0,8
BRDA:155,6,1,2
BRDA:162,7,0,1
BRDA:162,7,1,6
BRDA:162,8,0,7
BRDA:162,8,1,2
BRDA:175,9,0,5
BRDA:175,9,1,1
BRF:20
BRH:20
end_of_record
TN:
SF:src\search\search.module.ts
FNF:0
FNH:0
DA:1,0
DA:2,0
DA:3,0
DA:4,0
DA:5,0
DA:12,0
LF:6
LH:0
BRF:0
BRH:0
end_of_record
TN:
SF:src\search\search.service.ts
FN:12,(anonymous_4)
FN:17,(anonymous_5)
FN:77,(anonymous_6)
FN:85,(anonymous_7)
FN:91,(anonymous_8)
FN:97,(anonymous_9)
FNF:6
FNH:6
FNDA:13,(anonymous_4)
FNDA:12,(anonymous_5)
FNDA:6,(anonymous_6)
FNDA:14,(anonymous_7)
FNDA:14,(anonymous_8)
FNDA:6,(anonymous_9)
DA:1,2
DA:2,2
DA:3,2
DA:4,2
DA:9,2
DA:10,13
DA:14,13
DA:18,12
DA:19,12
DA:21,12
DA:23,12
DA:24,12
DA:27,12
DA:28,6
DA:29,6
DA:33,12
DA:34,1
DA:37,12
DA:38,1
DA:42,12
DA:49,12
DA:51,11
DA:53,11
DA:61,1
DA:64,1
DA:79,6
DA:85,14
DA:87,6
DA:88,0
DA:91,14
DA:98,6
DA:99,0
DA:102,6
DA:104,4
DA:108,4
DA:111,1
DA:115,1
DA:118,1
DA:122,1
DA:126,0
LF:40
LH:37
BRDA:18,0,0,8
BRDA:27,1,0,6
BRDA:27,1,1,6
BRDA:27,2,0,12
BRDA:27,2,1,7
BRDA:33,3,0,1
BRDA:33,3,1,11
BRDA:37,4,0,1
BRDA:37,4,1,11
BRDA:87,5,0,0
BRDA:87,5,1,6
BRDA:98,6,0,0
BRDA:98,6,1,6
BRDA:102,7,0,4
BRDA:102,7,1,1
BRDA:102,7,2,1
BRDA:102,7,3,0
BRF:17
BRH:14
end_of_record
