TN:
SF:src/app.controller.ts
FN:6,(anonymous_2)
FN:9,(anonymous_3)
FNF:2
FNH:0
FNDA:0,(anonymous_2)
FNDA:0,(anonymous_3)
DA:1,0
DA:2,0
DA:5,0
DA:6,0
DA:9,0
DA:10,0
LF:6
LH:0
BRF:0
BRH:0
end_of_record
TN:
SF:src/app.module.ts
FN:23,(anonymous_1)
FN:40,(anonymous_2)
FN:41,(anonymous_3)
FNF:3
FNH:0
FNDA:0,(anonymous_1)
FNDA:0,(anonymous_2)
FNDA:0,(anonymous_3)
DA:1,0
DA:2,0
DA:3,0
DA:4,0
DA:5,0
DA:6,0
DA:7,0
DA:8,0
DA:9,0
DA:23,0
DA:41,0
DA:42,0
DA:58,0
LF:13
LH:0
BRF:0
BRH:0
end_of_record
TN:
SF:src/app.service.ts
FN:5,(anonymous_1)
FNF:1
FNH:0
FNDA:0,(anonymous_1)
DA:1,0
DA:4,0
DA:6,0
LF:3
LH:0
BRF:0
BRH:0
end_of_record
TN:
SF:src/main.ts
FN:8,bootstrap
FNF:1
FNH:0
FNDA:0,bootstrap
DA:1,0
DA:2,0
DA:3,0
DA:4,0
DA:5,0
DA:6,0
DA:9,0
DA:12,0
DA:15,0
DA:16,0
DA:19,0
DA:22,0
DA:34,0
DA:39,0
DA:40,0
DA:43,0
DA:45,0
LF:17
LH:0
BRF:0
BRH:0
end_of_record
TN:
SF:src/common/decorators/cache.decorator.ts
FN:11,(anonymous_0)
FN:18,(anonymous_1)
FNF:2
FNH:2
FNDA:1,(anonymous_0)
FNDA:2,(anonymous_1)
DA:1,2
DA:3,2
DA:4,2
DA:11,2
DA:18,2
LF:5
LH:5
BRF:0
BRH:0
end_of_record
TN:
SF:src/common/filters/global-exception.filter.ts
FN:12,(anonymous_2)
FN:33,(anonymous_3)
FN:35,(anonymous_4)
FNF:3
FNH:0
FNDA:0,(anonymous_2)
FNDA:0,(anonymous_3)
FNDA:0,(anonymous_4)
DA:1,0
DA:9,0
DA:12,0
DA:13,0
DA:15,0
DA:17,0
DA:19,0
DA:21,0
DA:23,0
DA:25,0
DA:30,0
DA:31,0
DA:33,0
DA:36,0
DA:37,0
DA:39,0
DA:41,0
DA:45,0
DA:50,0
DA:54,0
DA:59,0
DA:69,0
LF:22
LH:0
BRDA:13,0,0,0
BRDA:13,0,1,0
BRDA:13,0,2,0
BRDA:13,0,3,0
BRDA:13,0,4,0
BRDA:13,0,5,0
BRDA:41,1,0,0
BRDA:41,1,1,0
BRDA:45,2,0,0
BRDA:45,2,1,0
BRDA:50,3,0,0
BRDA:50,3,1,0
BRDA:52,4,0,0
BRDA:52,4,1,0
BRDA:56,5,0,0
BRDA:56,5,1,0
BRDA:63,6,0,0
BRDA:63,6,1,0
BRF:18
BRH:0
end_of_record
TN:
SF:src/common/interceptors/http-cache.interceptor.ts
FN:19,(anonymous_4)
FN:24,(anonymous_5)
FN:39,(anonymous_6)
FN:66,(anonymous_7)
FN:76,(anonymous_8)
FNF:5
FNH:1
FNDA:8,(anonymous_4)
FNDA:0,(anonymous_5)
FNDA:0,(anonymous_6)
FNDA:0,(anonymous_7)
FNDA:0,(anonymous_8)
DA:1,2
DA:8,2
DA:9,2
DA:10,2
DA:11,2
DA:12,2
DA:18,2
DA:20,8
DA:21,8
DA:28,0
DA:29,0
DA:32,0
DA:37,0
DA:38,0
DA:40,0
DA:41,0
DA:42,0
DA:49,0
DA:50,0
DA:51,0
DA:54,0
DA:56,0
DA:57,0
DA:58,0
DA:59,0
DA:65,0
DA:67,0
DA:68,0
DA:77,0
DA:78,0
DA:79,0
DA:80,0
DA:83,0
DA:84,0
DA:85,0
DA:88,0
LF:36
LH:9
BRDA:37,0,0,0
BRDA:37,0,1,0
BRDA:50,1,0,0
BRDA:50,1,1,0
BRDA:58,2,0,0
BRDA:58,2,1,0
BRDA:78,3,0,0
BRDA:78,3,1,0
BRDA:83,4,0,0
BRDA:83,4,1,0
BRF:10
BRH:0
end_of_record
TN:
SF:src/common/interceptors/request-logging.interceptor.ts
FN:12,(anonymous_1)
FN:15,(anonymous_2)
FN:21,(anonymous_3)
FNF:3
FNH:0
FNDA:0,(anonymous_1)
FNDA:0,(anonymous_2)
FNDA:0,(anonymous_3)
DA:1,0
DA:9,0
DA:12,0
DA:13,0
DA:16,0
DA:17,0
DA:18,0
DA:20,0
DA:22,0
DA:23,0
DA:24,0
DA:25,0
LF:12
LH:0
BRF:0
BRH:0
end_of_record
TN:
SF:src/database/migrations/1694000000000-CreateGameTable.ts
FN:3,(anonymous_0)
FN:6,(anonymous_1)
FN:110,(anonymous_2)
FNF:3
FNH:0
FNDA:0,(anonymous_0)
FNDA:0,(anonymous_1)
FNDA:0,(anonymous_2)
DA:3,0
DA:4,0
DA:7,0
DA:11,0
DA:33,0
DA:37,0
DA:41,0
DA:45,0
DA:50,0
DA:111,0
DA:112,0
DA:113,0
DA:114,0
DA:115,0
LF:14
LH:0
BRF:0
BRH:0
end_of_record
TN:
SF:src/dto/create-game.dto.ts
FN:31,(anonymous_2)
FN:79,(anonymous_3)
FN:94,(anonymous_4)
FNF:3
FNH:0
FNDA:0,(anonymous_2)
FNDA:0,(anonymous_3)
FNDA:0,(anonymous_4)
DA:1,1
DA:15,1
DA:16,1
DA:23,1
DA:28,1
DA:31,1
DA:36,1
DA:41,1
DA:47,1
DA:52,1
DA:58,1
DA:64,1
DA:70,1
DA:76,1
DA:79,0
DA:82,1
DA:88,1
DA:94,0
DA:95,1
DA:100,1
LF:20
LH:18
BRF:0
BRH:0
end_of_record
TN:
SF:src/dto/game-response.dto.ts
FN:22,(anonymous_0)
FNF:1
FNH:0
FNDA:0,(anonymous_0)
DA:6,0
DA:23,0
DA:24,0
DA:25,0
DA:26,0
DA:27,0
DA:28,0
DA:29,0
DA:30,0
DA:31,0
DA:32,0
DA:33,0
DA:34,0
DA:35,0
DA:36,0
LF:15
LH:0
BRF:0
BRH:0
end_of_record
TN:
SF:src/dto/get-games.dto.ts
FN:5,(anonymous_2)
FN:12,(anonymous_3)
FN:23,(anonymous_4)
FNF:3
FNH:0
FNDA:0,(anonymous_2)
FNDA:0,(anonymous_3)
FNDA:0,(anonymous_4)
DA:1,2
DA:2,2
DA:3,2
DA:5,2
DA:12,0
DA:15,2
DA:23,0
DA:27,2
LF:8
LH:6
BRF:0
BRH:0
end_of_record
TN:
SF:src/dto/purchase-info.dto.ts
FN:20,(anonymous_2)
FNF:1
FNH:1
FNDA:1,(anonymous_2)
DA:1,2
DA:4,2
DA:6,2
DA:9,2
DA:12,2
DA:15,2
DA:18,2
DA:21,1
DA:22,1
DA:23,1
DA:24,1
DA:25,1
LF:12
LH:12
BRF:0
BRH:0
end_of_record
TN:
SF:src/dto/search-games.dto.ts
FNF:0
FNH:0
DA:1,1
DA:2,1
DA:3,1
DA:5,1
DA:13,1
LF:5
LH:5
BRF:0
BRH:0
end_of_record
TN:
SF:src/dto/update-game.dto.ts
FNF:0
FNH:0
DA:1,1
DA:2,1
DA:4,1
LF:3
LH:3
BRF:0
BRH:0
end_of_record
TN:
SF:src/entities/game.entity.ts
FN:60,(anonymous_2)
FN:90,(anonymous_3)
FN:105,(anonymous_4)
FNF:3
FNH:0
FNDA:0,(anonymous_2)
FNDA:0,(anonymous_3)
FNDA:0,(anonymous_4)
DA:1,4
DA:9,4
DA:24,4
DA:29,4
DA:32,4
DA:36,4
DA:39,4
DA:46,4
DA:51,4
DA:57,4
DA:60,0
DA:63,4
DA:68,4
DA:75,4
DA:81,4
DA:87,4
DA:90,0
DA:93,4
DA:99,4
DA:105,0
DA:106,4
DA:111,4
DA:114,4
DA:117,4
LF:24
LH:21
BRF:0
BRH:0
end_of_record
TN:
SF:src/game/game.controller.ts
FN:37,(anonymous_4)
FN:43,(anonymous_5)
FN:50,(anonymous_6)
FN:60,(anonymous_7)
FN:75,(anonymous_8)
FN:84,(anonymous_9)
FN:97,(anonymous_10)
FNF:7
FNH:6
FNDA:6,(anonymous_4)
FNDA:1,(anonymous_5)
FNDA:1,(anonymous_6)
FNDA:1,(anonymous_7)
FNDA:0,(anonymous_8)
FNDA:1,(anonymous_9)
FNDA:1,(anonymous_10)
DA:1,1
DA:15,1
DA:21,1
DA:22,1
DA:23,1
DA:24,1
DA:25,1
DA:26,1
DA:27,1
DA:31,1
DA:36,1
DA:37,6
DA:43,1
DA:44,1
DA:50,1
DA:51,1
DA:60,1
DA:61,1
DA:75,1
DA:76,0
DA:84,1
DA:88,1
DA:97,1
DA:98,1
LF:24
LH:23
BRF:0
BRH:0
end_of_record
TN:
SF:src/game/game.module.ts
FNF:0
FNH:0
DA:1,0
DA:2,0
DA:3,0
DA:4,0
DA:5,0
DA:12,0
LF:6
LH:0
BRF:0
BRH:0
end_of_record
TN:
SF:src/game/game.service.ts
FN:14,(anonymous_4)
FN:19,(anonymous_5)
FN:41,(anonymous_6)
FN:49,(anonymous_7)
FN:53,(anonymous_8)
FN:58,(anonymous_9)
FN:69,(anonymous_10)
FN:76,(anonymous_11)
FNF:8
FNH:8
FNDA:12,(anonymous_4)
FNDA:1,(anonymous_5)
FNDA:2,(anonymous_6)
FNDA:1,(anonymous_7)
FNDA:1,(anonymous_8)
FNDA:2,(anonymous_9)
FNDA:2,(anonymous_10)
FNDA:2,(anonymous_11)
DA:1,2
DA:2,2
DA:3,2
DA:4,2
DA:10,2
DA:13,2
DA:16,12
DA:20,1
DA:21,1
DA:23,1
DA:32,1
DA:42,2
DA:43,2
DA:44,1
DA:46,1
DA:50,1
DA:54,1
DA:55,1
DA:59,2
DA:63,2
DA:64,1
DA:66,1
DA:70,2
DA:71,2
DA:72,1
DA:77,2
DA:79,1
LF:27
LH:27
BRDA:43,0,0,1
BRDA:43,0,1,1
BRDA:63,1,0,1
BRDA:63,1,1,1
BRDA:71,2,0,1
BRDA:71,2,1,1
BRF:6
BRH:6
end_of_record
TN:
SF:src/health/health.controller.ts
FN:11,(anonymous_2)
FN:19,(anonymous_3)
FN:22,(anonymous_4)
FN:24,(anonymous_5)
FN:26,(anonymous_6)
FNF:5
FNH:0
FNDA:0,(anonymous_2)
FNDA:0,(anonymous_3)
FNDA:0,(anonymous_4)
FNDA:0,(anonymous_5)
FNDA:0,(anonymous_6)
DA:1,0
DA:2,0
DA:10,0
DA:12,0
DA:13,0
DA:14,0
DA:19,0
DA:20,0
DA:22,0
DA:24,0
DA:26,0
LF:11
LH:0
BRF:0
BRH:0
end_of_record
TN:
SF:src/health/health.module.ts
FNF:0
FNH:0
DA:1,0
DA:2,0
DA:3,0
DA:4,0
DA:14,0
LF:5
LH:0
BRF:0
BRH:0
end_of_record
TN:
SF:src/search/search.controller.ts
FN:13,(anonymous_4)
FN:18,(anonymous_5)
FNF:2
FNH:2
FNDA:2,(anonymous_4)
FNDA:1,(anonymous_5)
DA:1,1
DA:2,1
DA:3,1
DA:4,1
DA:6,1
DA:7,1
DA:12,1
DA:13,2
DA:18,1
DA:21,1
LF:10
LH:10
BRF:0
BRH:0
end_of_record
TN:
SF:src/search/search.module.ts
FNF:0
FNH:0
DA:1,0
DA:2,0
DA:3,0
DA:4,0
DA:5,0
DA:12,0
LF:6
LH:0
BRF:0
BRH:0
end_of_record
TN:
SF:src/search/search.service.ts
FN:10,(anonymous_4)
FN:15,(anonymous_5)
FNF:2
FNH:2
FNDA:4,(anonymous_4)
FNDA:3,(anonymous_5)
DA:1,2
DA:2,2
DA:3,2
DA:4,2
DA:9,2
DA:12,4
DA:18,3
DA:19,3
DA:21,3
DA:23,3
DA:25,1
DA:31,3
DA:37,3
DA:39,3
LF:14
LH:14
BRDA:23,0,0,1
BRDA:23,0,1,2
BRF:2
BRH:2
end_of_record
