TN:
SF:src\app.controller.ts
FN:6,(anonymous_2)
FN:9,(anonymous_3)
FNF:2
FNH:2
FNDA:1,(anonymous_2)
FNDA:1,(anonymous_3)
DA:1,1
DA:2,1
DA:5,1
DA:6,1
DA:9,1
DA:10,1
LF:6
LH:6
BRDA:6,0,0,1
BRDA:6,0,1,0
BRDA:6,1,0,1
BRDA:6,1,1,1
BRF:4
BRH:3
end_of_record
TN:
SF:src\app.service.ts
FN:5,(anonymous_1)
FNF:1
FNH:1
FNDA:1,(anonymous_1)
DA:1,1
DA:4,1
DA:6,1
LF:3
LH:3
BRF:0
BRH:0
end_of_record
TN:
SF:src\achievement\controllers\achievement.controller.ts
FN:27,(anonymous_4)
FN:37,(anonymous_5)
FN:55,(anonymous_6)
FN:84,(anonymous_7)
FNF:4
FNH:4
FNDA:6,(anonymous_4)
FNDA:2,(anonymous_5)
FNDA:3,(anonymous_6)
FNDA:2,(anonymous_7)
DA:1,2
DA:11,2
DA:19,2
DA:20,2
DA:21,2
DA:26,2
DA:27,6
DA:37,2
DA:38,2
DA:55,2
DA:62,3
DA:69,3
DA:84,2
DA:85,2
LF:14
LH:14
BRDA:63,0,0,1
BRDA:63,0,1,2
BRDA:64,1,0,1
BRDA:64,1,1,2
BRDA:37,2,0,2
BRDA:37,2,1,0
BRDA:37,3,0,2
BRDA:37,3,1,2
BRDA:61,4,0,2
BRDA:61,4,1,0
BRDA:61,5,0,2
BRDA:61,5,1,2
BRDA:84,6,0,2
BRDA:84,6,1,0
BRDA:84,7,0,2
BRDA:84,7,1,2
BRDA:84,8,0,2
BRDA:84,8,1,0
BRDA:84,9,0,2
BRDA:84,9,1,2
BRDA:27,10,0,2
BRDA:27,10,1,0
BRDA:27,11,0,2
BRDA:27,11,1,2
BRF:24
BRH:19
end_of_record
TN:
SF:src\achievement\controllers\progress.controller.ts
FN:25,(anonymous_4)
FN:37,(anonymous_5)
FN:52,(anonymous_6)
FNF:3
FNH:3
FNDA:4,(anonymous_4)
FNDA:2,(anonymous_5)
FNDA:2,(anonymous_6)
DA:1,2
DA:10,2
DA:17,2
DA:18,2
DA:19,2
DA:24,2
DA:25,4
DA:37,2
DA:38,2
DA:52,2
DA:53,2
LF:11
LH:11
BRDA:37,0,0,2
BRDA:37,0,1,0
BRDA:37,1,0,2
BRDA:37,1,1,2
BRDA:52,2,0,2
BRDA:52,2,1,0
BRDA:52,3,0,2
BRDA:52,3,1,2
BRDA:52,4,0,2
BRDA:52,4,1,0
BRDA:52,5,0,2
BRDA:52,5,1,2
BRDA:25,6,0,2
BRDA:25,6,1,0
BRDA:25,7,0,2
BRDA:25,7,1,2
BRF:16
BRH:12
end_of_record
TN:
SF:src\achievement\dto\achievement-response.dto.ts
FNF:0
FNH:0
DA:1,6
DA:2,6
DA:4,6
DA:9,6
DA:15,6
DA:21,6
DA:28,6
DA:35,6
DA:41,6
DA:47,6
DA:53,6
DA:59,6
DA:65,6
LF:13
LH:13
BRDA:28,0,0,0
BRDA:28,0,1,6
BRDA:28,1,0,6
BRDA:28,1,1,6
BRDA:59,2,0,6
BRDA:59,2,1,0
BRDA:59,3,0,6
BRDA:59,3,1,6
BRDA:65,4,0,6
BRDA:65,4,1,0
BRDA:65,5,0,6
BRDA:65,5,1,6
BRF:12
BRH:9
end_of_record
TN:
SF:src\achievement\dto\index.ts
FN:6,(anonymous_4)
FNF:1
FNH:1
FNDA:1,(anonymous_4)
DA:2,6
DA:3,6
DA:6,7
DA:9,6
DA:10,6
DA:11,6
DA:12,6
LF:7
LH:7
BRF:0
BRH:0
end_of_record
TN:
SF:src\achievement\dto\paginated-user-achievements-response.dto.ts
FNF:0
FNH:0
DA:1,6
DA:2,6
DA:4,6
DA:9,6
DA:15,6
DA:21,6
DA:27,6
DA:33,6
LF:8
LH:8
BRF:0
BRH:0
end_of_record
TN:
SF:src\achievement\dto\unlock-achievement.dto.ts
FNF:0
FNH:0
DA:1,6
DA:2,6
DA:4,6
DA:10,6
DA:17,6
LF:5
LH:5
BRF:0
BRH:0
end_of_record
TN:
SF:src\achievement\dto\update-progress.dto.ts
FN:4,(anonymous_2)
FNF:1
FNH:1
FNDA:6,(anonymous_2)
DA:1,6
DA:2,6
DA:4,6
DA:5,6
DA:6,6
DA:7,6
DA:10,6
DA:16,6
DA:24,6
DA:31,6
LF:10
LH:10
BRDA:4,0,0,6
BRDA:4,0,1,6
BRF:2
BRH:2
end_of_record
TN:
SF:src\achievement\dto\user-achievement-response.dto.ts
FNF:0
FNH:0
DA:1,6
DA:2,6
DA:4,6
DA:9,6
DA:15,6
DA:21,6
DA:27,6
DA:33,6
LF:8
LH:8
BRDA:27,0,0,6
BRDA:27,0,1,0
BRDA:27,1,0,6
BRDA:27,1,1,6
BRDA:33,2,0,6
BRDA:33,2,1,0
BRDA:33,3,0,6
BRDA:33,3,1,6
BRF:8
BRH:6
end_of_record
TN:
SF:src\achievement\dto\user-progress-response.dto.ts
FN:55,(anonymous_2)
FNF:1
FNH:1
FNDA:9,(anonymous_2)
DA:1,6
DA:2,6
DA:4,6
DA:9,6
DA:15,6
DA:21,6
DA:27,6
DA:33,6
DA:39,6
DA:47,6
DA:53,6
DA:56,9
DA:58,9
LF:13
LH:13
BRDA:59,0,0,8
BRDA:59,0,1,1
BRDA:27,1,0,6
BRDA:27,1,1,0
BRDA:27,2,0,6
BRDA:27,2,1,6
BRDA:53,3,0,6
BRDA:53,3,1,0
BRDA:53,4,0,6
BRDA:53,4,1,6
BRF:10
BRH:8
end_of_record
TN:
SF:src\achievement\entities\achievement.entity.ts
FN:12,(anonymous_2)
FN:63,(anonymous_3)
FN:63,(anonymous_4)
FNF:3
FNH:1
FNDA:8,(anonymous_2)
FNDA:0,(anonymous_3)
FNDA:0,(anonymous_4)
DA:1,8
DA:10,8
DA:12,8
DA:13,8
DA:14,8
DA:15,8
DA:16,8
DA:17,8
DA:27,8
DA:29,8
DA:33,8
DA:36,8
DA:43,8
DA:46,8
DA:49,8
DA:52,8
DA:55,8
DA:58,8
DA:61,8
DA:63,0
DA:64,8
LF:21
LH:20
BRDA:12,0,0,8
BRDA:12,0,1,8
BRDA:58,1,0,8
BRDA:58,1,1,0
BRDA:58,2,0,8
BRDA:58,2,1,8
BRDA:61,3,0,8
BRDA:61,3,1,0
BRDA:61,4,0,8
BRDA:61,4,1,8
BRF:10
BRH:8
end_of_record
TN:
SF:src\achievement\entities\index.ts
FN:1,(anonymous_0)
FN:3,(anonymous_1)
FN:4,(anonymous_2)
FNF:3
FNH:3
FNDA:114,(anonymous_0)
FNDA:52,(anonymous_1)
FNDA:61,(anonymous_2)
DA:1,121
DA:3,59
DA:4,68
LF:3
LH:3
BRF:0
BRH:0
end_of_record
TN:
SF:src\achievement\entities\user-achievement.entity.ts
FN:29,(anonymous_2)
FN:29,(anonymous_3)
FNF:2
FNH:0
FNDA:0,(anonymous_2)
FNDA:0,(anonymous_3)
DA:1,8
DA:10,8
DA:14,8
DA:16,8
DA:20,8
DA:24,8
DA:27,8
DA:29,0
DA:31,8
LF:9
LH:8
BRDA:27,0,0,8
BRDA:27,0,1,0
BRDA:27,1,0,8
BRDA:27,1,1,8
BRDA:31,2,0,0
BRDA:31,2,1,8
BRDA:31,3,0,8
BRDA:31,3,1,0
BRF:8
BRH:5
end_of_record
TN:
SF:src\achievement\entities\user-progress.entity.ts
FN:35,(anonymous_2)
FNF:1
FNH:0
FNDA:0,(anonymous_2)
DA:1,7
DA:10,7
DA:14,7
DA:16,7
DA:20,7
DA:24,7
DA:27,7
DA:30,7
DA:33,7
DA:35,0
DA:37,7
LF:11
LH:10
BRDA:33,0,0,7
BRDA:33,0,1,0
BRDA:33,1,0,7
BRDA:33,1,1,7
BRDA:37,2,0,7
BRDA:37,2,1,0
BRDA:37,3,0,7
BRDA:37,3,1,7
BRF:8
BRH:6
end_of_record
TN:
SF:src\achievement\exceptions\achievement.exceptions.ts
FN:4,(anonymous_0)
FN:10,(anonymous_1)
FN:16,(anonymous_2)
FN:22,(anonymous_3)
FNF:4
FNH:3
FNDA:1,(anonymous_0)
FNDA:1,(anonymous_1)
FNDA:1,(anonymous_2)
FNDA:0,(anonymous_3)
DA:1,1
DA:3,1
DA:5,1
DA:9,1
DA:11,1
DA:15,1
DA:17,1
DA:21,1
DA:23,0
LF:9
LH:8
BRF:0
BRH:0
end_of_record
TN:
SF:src\achievement\exceptions\index.ts
FNF:0
FNH:0
DA:1,0
LF:1
LH:0
BRF:0
BRH:0
end_of_record
TN:
SF:src\achievement\filters\all-exceptions.filter.ts
FN:12,(anonymous_1)
FNF:1
FNH:1
FNDA:8,(anonymous_1)
DA:1,2
DA:11,2
DA:13,8
DA:14,8
DA:15,8
DA:17,8
DA:18,8
DA:19,8
DA:21,8
DA:22,6
DA:23,6
DA:25,6
DA:26,1
DA:27,5
DA:28,5
DA:29,5
DA:31,2
DA:32,1
DA:35,8
DA:44,8
DA:49,8
LF:21
LH:21
BRDA:21,0,0,6
BRDA:21,0,1,2
BRDA:25,1,0,1
BRDA:25,1,1,5
BRDA:27,2,0,5
BRDA:27,2,1,0
BRDA:28,3,0,5
BRDA:28,3,1,0
BRDA:31,4,0,1
BRDA:31,4,1,1
BRDA:41,5,0,8
BRDA:41,5,1,1
BRDA:46,6,0,7
BRDA:46,6,1,1
BRF:14
BRH:12
end_of_record
TN:
SF:src\achievement\filters\index.ts
FNF:0
FNH:0
DA:1,0
LF:1
LH:0
BRF:0
BRH:0
end_of_record
TN:
SF:src\achievement\guards\index.ts
FNF:0
FNH:0
DA:1,0
LF:1
LH:0
BRF:0
BRH:0
end_of_record
TN:
SF:src\achievement\guards\jwt-auth.guard.ts
FN:6,(anonymous_1)
FN:28,(anonymous_2)
FN:33,(anonymous_3)
FNF:3
FNH:3
FNDA:14,(anonymous_1)
FNDA:14,(anonymous_2)
FNDA:9,(anonymous_3)
DA:1,2
DA:5,2
DA:9,14
DA:10,14
DA:12,14
DA:13,3
DA:18,11
DA:19,2
DA:23,9
DA:25,9
DA:29,14
DA:30,14
DA:36,9
DA:37,9
DA:38,9
DA:40,0
LF:16
LH:15
BRDA:12,0,0,3
BRDA:12,0,1,11
BRDA:18,1,0,2
BRDA:18,1,1,9
BRDA:29,2,0,14
BRDA:29,2,1,2
BRDA:30,3,0,11
BRDA:30,3,1,3
BRDA:38,4,0,9
BRDA:38,4,1,0
BRF:10
BRH:9
end_of_record
TN:
SF:src\achievement\interceptors\cache.interceptor.ts
FN:16,(anonymous_4)
FN:18,(anonymous_5)
FN:42,(anonymous_6)
FNF:3
FNH:3
FNDA:6,(anonymous_4)
FNDA:5,(anonymous_5)
FNDA:3,(anonymous_6)
DA:1,1
DA:8,1
DA:9,1
DA:10,1
DA:15,1
DA:16,6
DA:22,5
DA:23,5
DA:26,5
DA:27,1
DA:31,4
DA:32,4
DA:35,4
DA:36,4
DA:37,1
DA:41,3
DA:44,3
DA:46,3
DA:48,2
DA:49,1
DA:51,1
DA:54,3
LF:22
LH:22
BRDA:26,0,0,1
BRDA:26,0,1,4
BRDA:31,1,0,4
BRDA:31,1,1,1
BRDA:36,2,0,1
BRDA:36,2,1,3
BRDA:46,3,0,2
BRDA:46,3,1,1
BRDA:46,4,0,3
BRDA:46,4,1,3
BRDA:49,5,0,1
BRDA:49,5,1,0
BRF:12
BRH:11
end_of_record
TN:
SF:src\achievement\interceptors\index.ts
FN:1,(anonymous_0)
FN:2,(anonymous_1)
FNF:2
FNH:0
FNDA:0,(anonymous_0)
FNDA:0,(anonymous_1)
DA:1,0
DA:2,0
LF:2
LH:0
BRF:0
BRH:0
end_of_record
TN:
SF:src\achievement\interceptors\logging.interceptor.ts
FN:16,(anonymous_1)
FN:30,(anonymous_2)
FN:38,(anonymous_3)
FNF:3
FNH:2
FNDA:2,(anonymous_1)
FNDA:1,(anonymous_2)
FNDA:0,(anonymous_3)
DA:1,1
DA:9,1
DA:13,1
DA:14,3
DA:17,2
DA:18,2
DA:19,2
DA:20,2
DA:21,2
DA:24,2
DA:28,2
DA:31,1
DA:32,1
DA:34,1
DA:39,0
DA:40,0
DA:42,0
LF:17
LH:14
BRDA:20,0,0,2
BRDA:20,0,1,1
BRF:2
BRH:2
end_of_record
TN:
SF:src\achievement\pipes\index.ts
FN:1,(anonymous_0)
FNF:1
FNH:0
FNDA:0,(anonymous_0)
DA:1,0
LF:1
LH:0
BRF:0
BRH:0
end_of_record
TN:
SF:src\achievement\pipes\validation.pipe.ts
FN:12,(anonymous_1)
FN:21,(anonymous_2)
FN:34,(anonymous_3)
FNF:3
FNH:3
FNDA:8,(anonymous_1)
FNDA:4,(anonymous_2)
FNDA:7,(anonymous_3)
DA:1,1
DA:7,1
DA:8,1
DA:11,1
DA:13,8
DA:14,4
DA:17,4
DA:18,4
DA:20,4
DA:21,3
DA:22,4
DA:25,3
DA:31,1
DA:35,7
DA:36,7
LF:15
LH:15
BRDA:13,0,0,4
BRDA:13,0,1,4
BRDA:13,1,0,8
BRDA:13,1,1,7
BRDA:20,2,0,3
BRDA:20,2,1,1
BRDA:22,3,0,4
BRDA:22,3,1,0
BRF:8
BRH:7
end_of_record
TN:
SF:src\achievement\services\achievement.service.ts
FN:18,(anonymous_4)
FN:30,(anonymous_5)
FN:56,(anonymous_6)
FN:101,(anonymous_7)
FN:119,(anonymous_8)
FN:165,(anonymous_9)
FN:212,(anonymous_10)
FN:236,(anonymous_11)
FN:252,(anonymous_12)
FN:270,(anonymous_13)
FNF:10
FNH:8
FNDA:22,(anonymous_4)
FNDA:5,(anonymous_5)
FNDA:9,(anonymous_6)
FNDA:0,(anonymous_7)
FNDA:0,(anonymous_8)
FNDA:4,(anonymous_9)
FNDA:3,(anonymous_10)
FNDA:1,(anonymous_11)
FNDA:6,(anonymous_12)
FNDA:4,(anonymous_13)
DA:1,6
DA:2,6
DA:3,6
DA:4,6
DA:6,6
DA:17,6
DA:20,22
DA:22,22
DA:24,22
DA:31,5
DA:34,5
DA:35,4
DA:36,1
DA:40,3
DA:45,2
DA:48,2
DA:50,1
DA:66,9
DA:67,9
DA:69,9
DA:72,9
DA:73,9
DA:74,1
DA:77,8
DA:84,6
DA:85,1
DA:89,6
DA:90,1
DA:92,1
DA:95,0
DA:101,0
DA:104,0
DA:112,0
DA:118,0
DA:119,0
DA:133,0
DA:134,0
DA:139,6
DA:142,6
DA:148,6
DA:157,6
DA:159,6
DA:167,4
DA:171,4
DA:172,1
DA:176,3
DA:181,3
DA:182,1
DA:186,2
DA:191,2
DA:194,2
DA:199,2
DA:200,1
DA:204,1
DA:206,1
DA:213,3
DA:216,3
DA:217,3
DA:218,1
DA:221,2
DA:225,2
DA:228,2
DA:230,2
DA:239,1
DA:240,1
DA:241,1
DA:242,1
DA:245,0
DA:252,22
DA:253,6
DA:270,22
DA:271,4
LF:72
LH:63
BRDA:35,0,0,1
BRDA:35,0,1,3
BRDA:58,1,0,2
BRDA:66,2,0,2
BRDA:66,3,0,2
BRDA:73,4,0,1
BRDA:73,4,1,8
BRDA:84,5,0,1
BRDA:84,5,1,5
BRDA:89,6,0,1
BRDA:89,6,1,5
BRDA:90,7,0,1
BRDA:90,7,1,0
BRDA:107,8,0,0
BRDA:107,8,1,0
BRDA:115,9,0,0
BRDA:115,9,1,0
BRDA:171,10,0,1
BRDA:171,10,1,3
BRDA:181,11,0,1
BRDA:181,11,1,2
BRDA:199,12,0,1
BRDA:199,12,1,1
BRDA:217,13,0,1
BRDA:217,13,1,2
BRDA:20,14,0,6
BRDA:20,14,1,0
BRDA:20,15,0,6
BRDA:20,15,1,6
BRDA:20,16,0,6
BRDA:20,16,1,0
BRDA:20,17,0,6
BRDA:20,17,1,6
BRF:33
BRH:26
end_of_record
TN:
SF:src\achievement\services\event.service.ts
FN:10,(anonymous_2)
FN:15,(anonymous_3)
FN:55,(anonymous_4)
FN:95,(anonymous_5)
FN:136,(anonymous_6)
FN:156,(anonymous_7)
FNF:6
FNH:6
FNDA:20,(anonymous_2)
FNDA:9,(anonymous_3)
FNDA:3,(anonymous_4)
FNDA:3,(anonymous_5)
FNDA:5,(anonymous_6)
FNDA:3,(anonymous_7)
DA:1,1
DA:2,1
DA:3,1
DA:7,1
DA:8,20
DA:10,20
DA:16,9
DA:18,9
DA:19,9
DA:25,9
DA:31,8
DA:34,8
DA:37,7
DA:38,7
DA:39,7
DA:41,2
DA:47,2
DA:48,2
DA:56,3
DA:58,3
DA:59,3
DA:65,3
DA:71,2
DA:74,2
DA:77,2
DA:78,0
DA:79,0
DA:81,0
DA:87,1
DA:88,1
DA:96,3
DA:98,3
DA:99,3
DA:105,3
DA:111,3
DA:114,3
DA:117,2
DA:118,0
DA:119,0
DA:121,0
DA:127,1
DA:128,1
DA:137,5
DA:139,5
DA:142,5
DA:145,5
DA:148,2
DA:158,3
LF:48
LH:42
BRDA:31,0,0,8
BRDA:31,0,1,1
BRDA:71,1,0,2
BRDA:71,1,1,1
BRDA:111,2,0,3
BRDA:111,2,1,1
BRDA:10,3,0,1
BRDA:10,3,1,0
BRDA:10,4,0,1
BRDA:10,4,1,1
BRF:10
BRH:9
end_of_record
TN:
SF:src\achievement\services\progress.service.ts
FN:23,(anonymous_4)
FN:34,(anonymous_5)
FN:63,(anonymous_6)
FN:92,(anonymous_7)
FN:101,(anonymous_8)
FN:126,(anonymous_9)
FN:173,(anonymous_10)
FN:193,(anonymous_11)
FN:209,(anonymous_12)
FN:221,(anonymous_13)
FN:233,(anonymous_14)
FN:295,(anonymous_15)
FN:340,(anonymous_16)
FN:358,(anonymous_17)
FN:374,(anonymous_18)
FNF:15
FNH:15
FNDA:27,(anonymous_4)
FNDA:9,(anonymous_5)
FNDA:3,(anonymous_6)
FNDA:3,(anonymous_7)
FNDA:2,(anonymous_8)
FNDA:13,(anonymous_9)
FNDA:9,(anonymous_10)
FNDA:5,(anonymous_11)
FNDA:2,(anonymous_12)
FNDA:1,(anonymous_13)
FNDA:23,(anonymous_14)
FNDA:6,(anonymous_15)
FNDA:11,(anonymous_16)
FNDA:9,(anonymous_17)
FNDA:16,(anonymous_18)
DA:1,4
DA:2,4
DA:3,4
DA:4,4
DA:5,4
DA:6,4
DA:7,4
DA:8,4
DA:20,4
DA:21,27
DA:25,27
DA:27,27
DA:28,27
DA:35,9
DA:37,9
DA:39,9
DA:44,8
DA:46,8
DA:49,8
DA:51,8
DA:52,6
DA:53,6
DA:54,3
DA:60,8
DA:63,8
DA:84,1
DA:85,1
DA:93,3
DA:95,3
DA:101,2
DA:127,13
DA:129,13
DA:131,13
DA:133,13
DA:139,13
DA:141,13
DA:143,6
DA:144,6
DA:145,2
DA:149,4
DA:151,4
DA:152,2
DA:153,2
DA:154,1
DA:155,1
DA:158,1
DA:163,13
DA:165,0
DA:166,0
DA:174,9
DA:176,5
DA:179,2
DA:182,1
DA:185,1
DA:186,1
DA:194,5
DA:196,5
DA:198,0
DA:200,0
DA:202,0
DA:210,2
DA:211,0
DA:214,2
DA:215,2
DA:222,1
DA:223,0
DA:226,1
DA:227,1
DA:237,23
DA:242,23
DA:249,23
DA:250,7
DA:253,7
DA:254,7
DA:257,0
DA:258,0
DA:260,0
DA:261,0
DA:266,21
DA:267,8
DA:269,5
DA:270,5
DA:271,5
DA:273,5
DA:275,1
DA:276,1
DA:277,1
DA:279,1
DA:281,1
DA:282,1
DA:283,1
DA:285,1
DA:289,21
DA:300,6
DA:302,6
DA:307,6
DA:308,6
DA:310,6
DA:312,6
DA:319,6
DA:322,0
DA:323,0
DA:325,0
DA:326,0
DA:330,4
DA:332,3
DA:333,3
DA:341,11
DA:344,6
DA:347,3
DA:349,2
DA:351,0
DA:359,9
DA:360,1
DA:364,8
DA:365,7
DA:368,1
DA:375,16
DA:377,8
DA:380,4
DA:383,3
DA:385,1
LF:122
LH:106
BRDA:51,0,0,6
BRDA:51,0,1,2
BRDA:53,1,0,3
BRDA:53,1,1,3
BRDA:68,2,0,3
BRDA:68,2,1,0
BRDA:69,3,0,3
BRDA:69,3,1,0
BRDA:70,4,0,3
BRDA:70,4,1,0
BRDA:71,5,0,3
BRDA:71,5,1,0
BRDA:72,6,0,3
BRDA:72,6,1,0
BRDA:73,7,0,3
BRDA:73,7,1,0
BRDA:74,8,0,3
BRDA:74,8,1,0
BRDA:75,9,0,3
BRDA:75,9,1,0
BRDA:76,10,0,3
BRDA:76,10,1,0
BRDA:77,11,0,3
BRDA:77,11,1,0
BRDA:144,12,0,2
BRDA:144,12,1,4
BRDA:151,13,0,2
BRDA:151,13,1,2
BRDA:174,14,0,5
BRDA:174,14,1,2
BRDA:174,14,2,1
BRDA:174,14,3,1
BRDA:194,15,0,5
BRDA:194,15,1,0
BRDA:194,15,2,0
BRDA:194,15,3,0
BRDA:210,16,0,0
BRDA:210,16,1,2
BRDA:210,17,0,2
BRDA:210,17,1,2
BRDA:222,18,0,0
BRDA:222,18,1,1
BRDA:222,19,0,1
BRDA:222,19,1,1
BRDA:250,20,0,7
BRDA:250,20,1,7
BRDA:250,20,2,0
BRDA:250,20,3,0
BRDA:250,20,4,0
BRDA:266,21,0,8
BRDA:266,21,1,13
BRDA:266,22,0,21
BRDA:266,22,1,8
BRDA:267,23,0,5
BRDA:267,23,1,1
BRDA:267,23,2,1
BRDA:270,24,0,5
BRDA:270,24,1,0
BRDA:276,25,0,1
BRDA:276,25,1,0
BRDA:282,26,0,1
BRDA:282,26,1,0
BRDA:310,27,0,6
BRDA:310,27,1,0
BRDA:325,28,0,0
BRDA:325,28,1,0
BRDA:341,29,0,5
BRDA:341,29,1,6
BRDA:341,29,2,2
BRDA:341,29,3,3
BRDA:341,29,4,2
BRDA:341,29,5,0
BRDA:359,30,0,1
BRDA:359,30,1,8
BRDA:364,31,0,7
BRDA:364,31,1,1
BRDA:375,32,0,8
BRDA:375,32,1,4
BRDA:375,32,2,3
BRDA:375,32,3,1
BRDA:377,33,0,8
BRDA:377,33,1,3
BRDA:380,34,0,4
BRDA:380,34,1,2
BRDA:25,35,0,4
BRDA:25,35,1,0
BRDA:25,36,0,4
BRDA:25,36,1,4
BRDA:25,37,0,4
BRDA:25,37,1,0
BRDA:25,38,0,4
BRDA:25,38,1,4
BRDA:27,39,0,4
BRDA:27,39,1,0
BRDA:27,40,0,4
BRDA:27,40,1,4
BRF:96
BRH:68
end_of_record
TN:
SF:src\migrations\1703000000000-CreateAchievementTables.ts
FN:6,(anonymous_0)
FN:187,(anonymous_1)
FNF:2
FNH:0
FNDA:0,(anonymous_0)
FNDA:0,(anonymous_1)
DA:1,0
DA:3,0
DA:4,0
DA:8,0
DA:77,0
DA:115,0
DA:163,0
DA:164,0
DA:166,0
DA:169,0
DA:172,0
DA:176,0
DA:179,0
DA:182,0
DA:189,0
DA:190,0
DA:191,0
DA:193,0
DA:194,0
DA:195,0
DA:197,0
DA:198,0
DA:201,0
DA:202,0
DA:203,0
LF:25
LH:0
BRF:0
BRH:0
end_of_record
TN:
SF:src\migrations\1703000000001-SeedBasicAchievements.ts
FN:6,(anonymous_0)
FN:76,(anonymous_1)
FNF:2
FNH:0
FNDA:0,(anonymous_0)
FNDA:0,(anonymous_1)
DA:3,0
DA:4,0
DA:8,0
DA:78,0
LF:4
LH:0
BRF:0
BRH:0
end_of_record
