TN:
SF:src\app.controller.ts
FN:6,(anonymous_2)
FN:9,(anonymous_3)
FNF:2
FNH:2
FNDA:1,(anonymous_2)
FNDA:1,(anonymous_3)
DA:1,1
DA:2,1
DA:5,1
DA:6,1
DA:9,1
DA:10,1
LF:6
LH:6
BRF:0
BRH:0
end_of_record
TN:
SF:src\app.module.ts
FN:35,(anonymous_1)
FN:47,(anonymous_2)
FNF:2
FNH:0
FNDA:0,(anonymous_1)
FNDA:0,(anonymous_2)
DA:1,0
DA:2,0
DA:3,0
DA:4,0
DA:5,0
DA:6,0
DA:7,0
DA:8,0
DA:9,0
DA:10,0
DA:11,0
DA:12,0
DA:13,0
DA:14,0
DA:15,0
DA:16,0
DA:17,0
DA:36,0
DA:37,0
DA:48,0
DA:49,0
DA:71,0
LF:22
LH:0
BRF:0
BRH:0
end_of_record
TN:
SF:src\app.service.ts
FN:5,(anonymous_1)
FNF:1
FNH:1
FNDA:1,(anonymous_1)
DA:1,1
DA:4,1
DA:6,1
LF:3
LH:3
BRF:0
BRH:0
end_of_record
TN:
SF:src\main.ts
FN:11,bootstrap
FNF:1
FNH:0
FNDA:0,bootstrap
DA:1,0
DA:2,0
DA:3,0
DA:4,0
DA:5,0
DA:6,0
DA:7,0
DA:8,0
DA:9,0
DA:13,0
DA:14,0
DA:15,0
DA:16,0
DA:17,0
DA:19,0
DA:27,0
DA:32,0
DA:33,0
DA:36,0
DA:41,0
DA:42,0
DA:51,0
DA:57,0
DA:58,0
DA:60,0
DA:61,0
DA:62,0
DA:64,0
LF:28
LH:0
BRDA:13,0,0,0
BRDA:13,0,1,0
BRDA:14,1,0,0
BRDA:14,1,1,0
BRDA:14,2,0,0
BRDA:14,2,1,0
BRDA:15,3,0,0
BRDA:15,3,1,0
BRDA:15,4,0,0
BRDA:15,4,1,0
BRDA:16,5,0,0
BRDA:16,5,1,0
BRDA:17,6,0,0
BRDA:17,6,1,0
BRDA:60,7,0,0
BRDA:60,7,1,0
BRF:16
BRH:0
end_of_record
TN:
SF:src\auth\auth.controller.ts
FN:27,(anonymous_4)
FN:40,(anonymous_5)
FN:53,(anonymous_6)
FN:68,(anonymous_7)
FNF:4
FNH:4
FNDA:6,(anonymous_4)
FNDA:1,(anonymous_5)
FNDA:1,(anonymous_6)
FNDA:3,(anonymous_7)
DA:1,1
DA:11,1
DA:17,1
DA:18,1
DA:19,1
DA:21,1
DA:22,1
DA:26,1
DA:27,6
DA:40,1
DA:41,1
DA:53,1
DA:58,1
DA:68,1
DA:69,3
DA:70,2
DA:71,2
LF:17
LH:17
BRDA:69,0,0,2
BRDA:69,0,1,1
BRF:2
BRH:2
end_of_record
TN:
SF:src\auth\auth.module.ts
FN:22,(anonymous_1)
FNF:1
FNH:0
FNDA:0,(anonymous_1)
DA:1,0
DA:2,0
DA:3,0
DA:4,0
DA:5,0
DA:6,0
DA:7,0
DA:8,0
DA:9,0
DA:10,0
DA:11,0
DA:22,0
DA:34,0
LF:13
LH:0
BRF:0
BRH:0
end_of_record
TN:
SF:src\auth\auth.service.ts
FN:12,(anonymous_2)
FN:25,(anonymous_3)
FN:63,(anonymous_4)
FN:81,(anonymous_5)
FN:91,(anonymous_6)
FN:104,(anonymous_7)
FN:115,(anonymous_8)
FN:131,(anonymous_9)
FNF:8
FNH:6
FNDA:8,(anonymous_2)
FNDA:2,(anonymous_3)
FNDA:3,(anonymous_4)
FNDA:0,(anonymous_5)
FNDA:1,(anonymous_6)
FNDA:2,(anonymous_7)
FNDA:2,(anonymous_8)
FNDA:0,(anonymous_9)
DA:1,3
DA:2,3
DA:3,3
DA:4,3
DA:7,3
DA:8,3
DA:11,3
DA:13,8
DA:14,8
DA:15,8
DA:16,8
DA:28,2
DA:31,2
DA:32,2
DA:33,1
DA:37,1
DA:40,1
DA:46,1
DA:49,1
DA:51,1
DA:67,3
DA:68,3
DA:70,1
DA:71,1
DA:73,2
DA:83,0
DA:92,1
DA:93,1
DA:94,1
DA:108,2
DA:116,2
DA:117,2
DA:118,0
DA:120,2
DA:121,2
DA:122,1
DA:132,0
LF:37
LH:34
BRDA:32,0,0,1
BRDA:32,0,1,1
BRDA:68,1,0,1
BRDA:68,1,1,2
BRDA:68,2,0,3
BRDA:68,2,1,2
BRDA:117,3,0,0
BRDA:117,3,1,2
BRDA:117,4,0,2
BRDA:117,4,1,2
BRDA:121,5,0,1
BRDA:121,5,1,1
BRF:12
BRH:11
end_of_record
TN:
SF:src\auth\dto\login.dto.ts
FNF:0
FNH:0
DA:1,2
DA:2,2
DA:4,2
DA:11,2
DA:19,2
LF:5
LH:5
BRF:0
BRH:0
end_of_record
TN:
SF:src\auth\dto\register.dto.ts
FNF:0
FNH:0
DA:1,2
DA:2,2
DA:10,2
DA:19,2
DA:29,2
DA:39,2
LF:6
LH:6
BRF:0
BRH:0
end_of_record
TN:
SF:src\auth\guards\jwt-auth.guard.ts
FNF:0
FNH:0
DA:1,3
DA:2,3
DA:9,3
LF:3
LH:3
BRF:0
BRH:0
end_of_record
TN:
SF:src\auth\guards\local-auth.guard.ts
FNF:0
FNH:0
DA:1,2
DA:2,2
DA:8,2
LF:3
LH:3
BRF:0
BRH:0
end_of_record
TN:
SF:src\auth\strategies\jwt.strategy.ts
FN:15,(anonymous_2)
FN:34,(anonymous_3)
FNF:2
FNH:2
FNDA:8,(anonymous_2)
FNDA:8,(anonymous_3)
DA:1,1
DA:2,1
DA:3,1
DA:4,1
DA:6,1
DA:14,1
DA:16,8
DA:17,8
DA:19,8
DA:38,8
DA:39,8
DA:40,7
DA:41,7
DA:42,6
DA:43,2
DA:49,5
LF:16
LH:16
BRDA:39,0,0,7
BRDA:39,0,1,1
BRDA:42,1,0,2
BRDA:42,1,1,4
BRF:4
BRH:4
end_of_record
TN:
SF:src\auth\strategies\local.strategy.ts
FN:9,(anonymous_2)
FN:15,(anonymous_3)
FNF:2
FNH:2
FNDA:5,(anonymous_2)
FNDA:5,(anonymous_3)
DA:1,1
DA:2,1
DA:3,1
DA:4,1
DA:8,1
DA:9,5
DA:12,5
DA:16,5
DA:17,4
DA:18,3
DA:20,1
LF:11
LH:11
BRDA:17,0,0,3
BRDA:17,0,1,1
BRF:2
BRH:2
end_of_record
TN:
SF:src\common\filters\global-exception.filter.ts
FN:12,(anonymous_2)
FN:33,(anonymous_3)
FN:35,(anonymous_4)
FN:79,(anonymous_5)
FNF:4
FNH:4
FNDA:5,(anonymous_2)
FNDA:5,(anonymous_3)
FNDA:5,(anonymous_4)
FNDA:5,(anonymous_5)
DA:1,1
DA:9,1
DA:12,1
DA:13,5
DA:15,2
DA:17,1
DA:19,0
DA:21,0
DA:23,1
DA:25,1
DA:30,1
DA:31,5
DA:33,5
DA:36,5
DA:37,5
DA:39,5
DA:41,5
DA:45,5
DA:51,5
DA:56,1
DA:57,1
DA:58,1
DA:60,0
DA:64,4
DA:70,5
DA:75,5
DA:80,5
DA:85,1
DA:86,1
DA:87,1
DA:90,4
DA:95,5
LF:32
LH:29
BRDA:13,0,0,2
BRDA:13,0,1,1
BRDA:13,0,2,0
BRDA:13,0,3,0
BRDA:13,0,4,1
BRDA:13,0,5,1
BRDA:41,1,0,4
BRDA:41,1,1,1
BRDA:45,2,0,4
BRDA:45,2,1,1
BRDA:51,3,0,1
BRDA:51,3,1,4
BRDA:52,4,0,5
BRDA:52,4,1,1
BRDA:52,4,2,1
BRDA:57,5,0,1
BRDA:57,5,1,0
BRDA:61,6,0,0
BRDA:61,6,1,0
BRDA:65,7,0,4
BRDA:65,7,1,0
BRDA:72,8,0,5
BRDA:72,8,1,0
BRDA:80,9,0,1
BRDA:80,9,1,4
BRDA:81,10,0,5
BRDA:81,10,1,1
BRDA:81,10,2,1
BRDA:86,11,0,1
BRDA:86,11,1,0
BRF:30
BRH:22
end_of_record
TN:
SF:src\common\interceptors\logging.interceptor.ts
FN:13,(anonymous_1)
FN:16,(anonymous_2)
FN:35,(anonymous_3)
FN:42,(anonymous_4)
FN:53,(anonymous_5)
FNF:5
FNH:5
FNDA:6,(anonymous_1)
FNDA:4,(anonymous_2)
FNDA:3,(anonymous_3)
FNDA:1,(anonymous_4)
FNDA:6,(anonymous_5)
DA:1,1
DA:9,1
DA:13,1
DA:14,6
DA:17,4
DA:18,4
DA:19,4
DA:20,4
DA:21,4
DA:24,4
DA:27,4
DA:29,4
DA:33,4
DA:36,3
DA:37,3
DA:38,3
DA:43,1
DA:44,1
DA:45,1
DA:54,6
LF:20
LH:20
BRDA:20,0,0,4
BRDA:20,0,1,1
BRDA:44,1,0,1
BRDA:44,1,1,0
BRF:4
BRH:3
end_of_record
TN:
SF:src\common\interceptors\response.interceptor.ts
FN:19,(anonymous_1)
FN:27,(anonymous_2)
FNF:2
FNH:2
FNDA:3,(anonymous_1)
FNDA:3,(anonymous_2)
DA:1,1
DA:8,1
DA:16,1
DA:23,3
DA:24,3
DA:26,3
DA:27,3
LF:7
LH:7
BRF:0
BRH:0
end_of_record
TN:
SF:src\common\logging\winston.config.ts
FN:11,createWinstonConfig
FN:27,(anonymous_1)
FN:41,(anonymous_2)
FN:58,(anonymous_3)
FNF:4
FNH:0
FNDA:0,createWinstonConfig
FNDA:0,(anonymous_1)
FNDA:0,(anonymous_2)
FNDA:0,(anonymous_3)
DA:1,0
DA:11,0
DA:12,0
DA:15,0
DA:24,0
DA:28,0
DA:29,0
DA:30,0
DA:33,0
DA:38,0
DA:42,0
DA:43,0
DA:56,0
DA:58,0
DA:63,0
DA:64,0
DA:65,0
DA:66,0
DA:68,0
DA:72,0
DA:75,0
DA:84,0
DA:86,0
DA:101,0
DA:115,0
DA:128,0
DA:130,0
DA:145,0
LF:28
LH:0
BRDA:29,0,0,0
BRDA:29,0,1,0
BRDA:29,1,0,0
BRDA:29,1,1,0
BRDA:30,2,0,0
BRDA:30,2,1,0
BRDA:42,3,0,0
BRDA:42,3,1,0
BRDA:42,4,0,0
BRDA:42,4,1,0
BRDA:63,5,0,0
BRDA:63,5,1,0
BRDA:65,6,0,0
BRDA:65,6,1,0
BRDA:65,7,0,0
BRDA:65,7,1,0
BRDA:79,8,0,0
BRDA:79,8,1,0
BRDA:84,9,0,0
BRDA:84,9,1,0
BRDA:128,10,0,0
BRDA:128,10,1,0
BRF:22
BRH:0
end_of_record
TN:
SF:src\common\prometheus\prometheus.module.ts
FNF:0
FNH:0
DA:1,0
DA:2,0
DA:18,0
LF:3
LH:0
BRF:0
BRH:0
end_of_record
TN:
SF:src\common\redis\redis.module.ts
FNF:0
FNH:0
DA:1,0
DA:2,0
DA:3,0
DA:10,0
LF:4
LH:0
BRF:0
BRH:0
end_of_record
TN:
SF:src\common\redis\redis.service.ts
FN:15,(anonymous_2)
FN:17,(anonymous_3)
FN:43,(anonymous_4)
FN:55,(anonymous_5)
FN:76,(anonymous_6)
FN:93,(anonymous_7)
FN:115,(anonymous_8)
FN:129,(anonymous_9)
FN:141,(anonymous_10)
FN:148,(anonymous_11)
FNF:10
FNH:0
FNDA:0,(anonymous_2)
FNDA:0,(anonymous_3)
FNDA:0,(anonymous_4)
FNDA:0,(anonymous_5)
FNDA:0,(anonymous_6)
FNDA:0,(anonymous_7)
FNDA:0,(anonymous_8)
FNDA:0,(anonymous_9)
FNDA:0,(anonymous_10)
FNDA:0,(anonymous_11)
DA:1,5
DA:7,5
DA:8,5
DA:11,5
DA:12,0
DA:15,0
DA:18,0
DA:20,0
DA:31,0
DA:32,0
DA:33,0
DA:37,0
DA:44,0
DA:45,0
DA:46,0
DA:56,0
DA:57,0
DA:58,0
DA:63,0
DA:66,0
DA:77,0
DA:78,0
DA:79,0
DA:81,0
DA:83,0
DA:98,0
DA:99,0
DA:104,0
DA:106,0
DA:116,0
DA:117,0
DA:118,0
DA:120,0
DA:121,0
DA:130,0
DA:131,0
DA:132,0
DA:134,0
DA:142,0
DA:149,0
DA:150,0
DA:151,0
DA:153,0
DA:154,0
LF:44
LH:4
BRDA:44,0,0,0
BRDA:44,0,1,0
BRDA:57,1,0,0
BRDA:57,1,1,0
BRDA:96,2,0,0
BRDA:118,3,0,0
BRDA:118,3,1,0
BRF:7
BRH:0
end_of_record
TN:
SF:src\config\config.factory.ts
FN:13,(anonymous_0)
FN:18,(anonymous_1)
FN:59,(anonymous_2)
FN:89,(anonymous_3)
FN:102,(anonymous_4)
FN:120,(anonymous_5)
FN:132,(anonymous_6)
FN:148,(anonymous_7)
FN:165,(anonymous_8)
FN:181,(anonymous_9)
FN:192,(anonymous_10)
FN:217,(anonymous_11)
FN:221,(anonymous_12)
FN:226,(anonymous_13)
FN:231,(anonymous_14)
FNF:15
FNH:13
FNDA:16,(anonymous_0)
FNDA:2,(anonymous_1)
FNDA:2,(anonymous_2)
FNDA:2,(anonymous_3)
FNDA:1,(anonymous_4)
FNDA:1,(anonymous_5)
FNDA:2,(anonymous_6)
FNDA:2,(anonymous_7)
FNDA:2,(anonymous_8)
FNDA:4,(anonymous_9)
FNDA:24,(anonymous_10)
FNDA:1,(anonymous_11)
FNDA:1,(anonymous_12)
FNDA:0,(anonymous_13)
FNDA:0,(anonymous_14)
DA:6,1
DA:12,1
DA:13,16
DA:19,2
DA:20,2
DA:30,2
DA:60,2
DA:66,2
DA:68,1
DA:77,1
DA:90,2
DA:92,2
DA:103,1
DA:121,1
DA:133,2
DA:134,2
DA:135,2
DA:137,2
DA:149,2
DA:150,2
DA:151,2
DA:153,2
DA:166,2
DA:168,1
DA:170,0
DA:172,1
DA:174,0
DA:182,4
DA:191,4
DA:192,24
DA:195,4
DA:196,1
DA:202,3
DA:203,3
DA:204,1
DA:208,2
DA:209,2
DA:210,1
DA:218,1
DA:221,1
DA:226,0
DA:231,0
DA:236,1
DA:237,1
DA:238,1
DA:239,1
LF:46
LH:42
BRDA:52,0,0,1
BRDA:52,0,1,1
BRDA:66,1,0,1
BRDA:66,1,1,1
BRDA:94,2,0,1
BRDA:94,2,1,1
BRDA:95,3,0,1
BRDA:95,3,1,1
BRDA:138,4,0,1
BRDA:138,4,1,1
BRDA:166,5,0,1
BRDA:166,5,1,0
BRDA:166,5,2,1
BRDA:166,5,3,0
BRDA:195,6,0,1
BRDA:195,6,1,3
BRDA:203,7,0,1
BRDA:203,7,1,2
BRDA:203,8,0,3
BRDA:203,8,1,3
BRDA:209,9,0,1
BRDA:209,9,1,1
BRDA:231,10,0,0
BRDA:231,10,1,0
BRDA:238,11,0,1
BRDA:238,11,1,0
BRDA:238,12,0,1
BRDA:238,12,1,1
BRF:28
BRH:23
end_of_record
TN:
SF:src\config\config.module.ts
FN:20,(anonymous_1)
FN:42,getEnvFilePaths
FNF:2
FNH:0
FNDA:0,(anonymous_1)
FNDA:0,getEnvFilePaths
DA:1,0
DA:2,0
DA:3,0
DA:4,0
DA:5,0
DA:6,0
DA:21,0
DA:24,0
DA:27,0
DA:29,0
DA:37,0
DA:43,0
DA:45,0
DA:48,0
DA:49,0
DA:52,0
DA:53,0
DA:57,0
DA:59,0
LF:19
LH:0
BRDA:21,0,0,0
BRDA:21,0,1,0
BRDA:43,1,0,0
BRDA:43,1,1,0
BRDA:52,2,0,0
BRDA:52,2,1,0
BRF:6
BRH:0
end_of_record
TN:
SF:src\config\config.service.ts
FN:7,(anonymous_2)
FN:10,(anonymous_3)
FN:14,(anonymous_4)
FN:18,(anonymous_5)
FN:22,(anonymous_6)
FN:26,(anonymous_7)
FN:30,(anonymous_8)
FN:34,(anonymous_9)
FN:39,(anonymous_10)
FN:56,(anonymous_11)
FN:68,(anonymous_12)
FN:82,(anonymous_13)
FN:91,(anonymous_14)
FN:99,(anonymous_15)
FN:104,(anonymous_16)
FN:112,(anonymous_17)
FN:121,(anonymous_18)
FN:131,(anonymous_19)
FN:145,(anonymous_20)
FN:155,(anonymous_21)
FN:166,(anonymous_22)
FNF:21
FNH:8
FNDA:9,(anonymous_2)
FNDA:1,(anonymous_3)
FNDA:0,(anonymous_4)
FNDA:0,(anonymous_5)
FNDA:0,(anonymous_6)
FNDA:0,(anonymous_7)
FNDA:2,(anonymous_8)
FNDA:0,(anonymous_9)
FNDA:1,(anonymous_10)
FNDA:0,(anonymous_11)
FNDA:1,(anonymous_12)
FNDA:1,(anonymous_13)
FNDA:0,(anonymous_14)
FNDA:0,(anonymous_15)
FNDA:0,(anonymous_16)
FNDA:0,(anonymous_17)
FNDA:0,(anonymous_18)
FNDA:0,(anonymous_19)
FNDA:0,(anonymous_20)
FNDA:2,(anonymous_21)
FNDA:12,(anonymous_22)
DA:1,6
DA:2,6
DA:6,6
DA:7,9
DA:11,1
DA:15,0
DA:19,0
DA:23,0
DA:27,0
DA:31,2
DA:35,0
DA:40,1
DA:57,0
DA:69,1
DA:83,1
DA:92,0
DA:100,0
DA:105,0
DA:113,0
DA:122,0
DA:132,0
DA:146,0
DA:156,2
DA:165,2
DA:167,12
DA:170,2
DA:171,1
LF:27
LH:14
BRDA:170,0,0,1
BRDA:170,0,1,1
BRF:2
BRH:2
end_of_record
TN:
SF:src\config\env.validation.ts
FNF:0
FNH:0
DA:1,1
DA:3,1
LF:2
LH:2
BRF:0
BRH:0
end_of_record
TN:
SF:src\config\startup-validation.service.ts
FN:13,(anonymous_4)
FN:19,(anonymous_5)
FN:45,(anonymous_6)
FN:64,(anonymous_7)
FN:84,(anonymous_8)
FN:149,(anonymous_9)
FN:172,(anonymous_10)
FN:197,(anonymous_11)
FNF:8
FNH:0
FNDA:0,(anonymous_4)
FNDA:0,(anonymous_5)
FNDA:0,(anonymous_6)
FNDA:0,(anonymous_7)
FNDA:0,(anonymous_8)
FNDA:0,(anonymous_9)
FNDA:0,(anonymous_10)
FNDA:0,(anonymous_11)
DA:1,1
DA:2,1
DA:3,1
DA:4,1
DA:5,1
DA:7,1
DA:10,1
DA:11,0
DA:14,0
DA:15,0
DA:16,0
DA:20,0
DA:22,0
DA:23,0
DA:24,0
DA:27,0
DA:28,0
DA:29,0
DA:31,0
DA:36,0
DA:38,0
DA:40,0
DA:41,0
DA:46,0
DA:48,0
DA:49,0
DA:52,0
DA:53,0
DA:56,0
DA:58,0
DA:60,0
DA:65,0
DA:67,0
DA:68,0
DA:69,0
DA:73,0
DA:75,0
DA:76,0
DA:80,0
DA:85,0
DA:87,0
DA:88,0
DA:89,0
DA:93,0
DA:95,0
DA:97,0
DA:109,0
DA:112,0
DA:113,0
DA:114,0
DA:117,0
DA:118,0
DA:120,0
DA:121,0
DA:124,0
DA:125,0
DA:127,0
DA:128,0
DA:130,0
DA:131,0
DA:135,0
DA:137,0
DA:140,0
DA:142,0
DA:143,0
DA:144,0
DA:145,0
DA:146,0
DA:149,0
DA:154,0
DA:158,0
DA:159,0
DA:162,0
DA:163,0
DA:164,0
DA:166,0
DA:173,0
DA:175,0
DA:176,0
DA:178,0
DA:179,0
DA:183,0
DA:184,0
DA:185,0
DA:188,0
DA:192,0
DA:204,0
DA:205,0
DA:208,0
DA:209,0
DA:210,0
DA:212,0
DA:213,0
DA:217,0
DA:218,0
DA:219,0
DA:230,0
DA:231,0
DA:232,0
DA:235,0
DA:236,0
DA:237,0
DA:238,0
DA:240,0
DA:241,0
DA:246,0
DA:249,0
DA:250,0
DA:257,0
DA:258,0
DA:264,0
DA:265,0
DA:266,0
DA:268,0
DA:269,0
DA:272,0
LF:116
LH:7
BRDA:68,0,0,0
BRDA:68,0,1,0
BRDA:130,1,0,0
BRDA:130,1,1,0
BRDA:145,2,0,0
BRDA:145,2,1,0
BRDA:162,3,0,0
BRDA:162,3,1,0
BRDA:178,4,0,0
BRDA:178,4,1,0
BRDA:178,5,0,0
BRDA:178,5,1,0
BRDA:184,6,0,0
BRDA:184,6,1,0
BRDA:240,7,0,0
BRDA:240,7,1,0
BRF:16
BRH:0
end_of_record
TN:
SF:src\config\environments\development.config.ts
FNF:0
FNH:0
DA:3,1
LF:1
LH:1
BRF:0
BRH:0
end_of_record
TN:
SF:src\config\environments\index.ts
FN:52,(anonymous_0)
FN:52,(anonymous_1)
FN:52,(anonymous_2)
FN:20,getEnvironmentDefaults
FN:32,mergeEnvironmentConfig
FN:43,(anonymous_5)
FNF:6
FNH:3
FNDA:0,(anonymous_0)
FNDA:0,(anonymous_1)
FNDA:0,(anonymous_2)
FNDA:7,getEnvironmentDefaults
FNDA:3,mergeEnvironmentConfig
FNDA:59,(anonymous_5)
DA:2,1
DA:3,1
DA:4,1
DA:10,1
DA:20,1
DA:21,7
DA:22,7
DA:23,1
DA:25,6
DA:32,1
DA:36,3
DA:40,3
DA:43,3
DA:44,59
DA:45,1
DA:49,3
DA:52,1
LF:17
LH:17
BRDA:22,0,0,1
BRDA:22,0,1,6
BRDA:44,1,0,1
BRDA:44,1,1,58
BRF:4
BRH:4
end_of_record
TN:
SF:src\config\environments\production.config.ts
FNF:0
FNH:0
DA:3,1
LF:1
LH:1
BRF:0
BRH:0
end_of_record
TN:
SF:src\config\environments\test.config.ts
FNF:0
FNH:0
DA:3,1
LF:1
LH:1
BRF:0
BRH:0
end_of_record
TN:
SF:src\database\database.module.ts
FN:14,(anonymous_1)
FNF:1
FNH:0
FNDA:0,(anonymous_1)
DA:1,0
DA:2,0
DA:3,0
DA:4,0
DA:5,0
DA:15,0
DA:18,0
DA:20,0
DA:26,0
LF:9
LH:0
BRF:0
BRH:0
end_of_record
TN:
SF:src\database\migrations\1757528167000-CreateUserTable.ts
FN:3,(anonymous_0)
FN:6,(anonymous_1)
FN:60,(anonymous_2)
FNF:3
FNH:0
FNDA:0,(anonymous_0)
FNDA:0,(anonymous_1)
FNDA:0,(anonymous_2)
DA:1,0
DA:3,0
DA:4,0
DA:7,0
DA:50,0
DA:61,0
LF:6
LH:0
BRF:0
BRH:0
end_of_record
TN:
SF:src\health\health.controller.ts
FN:14,(anonymous_2)
FN:25,(anonymous_3)
FN:30,(anonymous_4)
FN:32,(anonymous_5)
FN:33,(anonymous_6)
FN:35,(anonymous_7)
FN:37,(anonymous_8)
FN:42,(anonymous_9)
FN:53,(anonymous_10)
FN:75,(anonymous_11)
FN:81,(anonymous_12)
FN:87,(anonymous_13)
FNF:12
FNH:7
FNDA:10,(anonymous_2)
FNDA:2,(anonymous_3)
FNDA:0,(anonymous_4)
FNDA:0,(anonymous_5)
FNDA:0,(anonymous_6)
FNDA:0,(anonymous_7)
FNDA:0,(anonymous_8)
FNDA:1,(anonymous_9)
FNDA:3,(anonymous_10)
FNDA:3,(anonymous_11)
FNDA:9,(anonymous_12)
FNDA:1,(anonymous_13)
DA:1,1
DA:2,1
DA:8,1
DA:9,1
DA:10,1
DA:13,1
DA:15,10
DA:16,10
DA:17,10
DA:18,10
DA:19,10
DA:20,10
DA:25,1
DA:26,2
DA:28,2
DA:30,0
DA:32,0
DA:33,0
DA:35,0
DA:37,0
DA:42,1
DA:43,1
DA:44,1
DA:54,3
DA:55,3
DA:56,2
DA:66,1
DA:76,3
DA:80,3
DA:82,9
DA:85,3
DA:86,1
DA:87,1
DA:90,1
DA:93,2
LF:35
LH:30
BRDA:58,0,0,1
BRDA:58,0,1,1
BRDA:59,1,0,1
BRDA:59,1,1,1
BRDA:82,2,0,9
BRDA:82,2,1,4
BRDA:85,3,0,1
BRDA:85,3,1,2
BRF:8
BRH:8
end_of_record
TN:
SF:src\health\health.module.ts
FNF:0
FNH:0
DA:1,0
DA:2,0
DA:3,0
DA:4,0
DA:5,0
DA:6,0
DA:20,0
LF:7
LH:0
BRF:0
BRH:0
end_of_record
TN:
SF:src\integrations\integrations.module.ts
FNF:0
FNH:0
DA:1,0
DA:2,0
DA:3,0
DA:9,0
LF:4
LH:0
BRF:0
BRH:0
end_of_record
TN:
SF:src\integrations\notification\notification.client.ts
FN:4,(anonymous_1)
FN:13,(anonymous_2)
FN:26,(anonymous_3)
FNF:3
FNH:0
FNDA:0,(anonymous_1)
FNDA:0,(anonymous_2)
FNDA:0,(anonymous_3)
DA:1,3
DA:4,3
DA:5,0
DA:14,0
DA:20,0
DA:23,0
DA:26,0
DA:28,0
LF:8
LH:2
BRF:0
BRH:0
end_of_record
TN:
SF:src\integrations\notification\notification.module.ts
FNF:0
FNH:0
DA:1,0
DA:2,0
DA:8,0
LF:3
LH:0
BRF:0
BRH:0
end_of_record
TN:
SF:src\integrations\security\security.client.ts
FN:16,(anonymous_1)
FN:24,(anonymous_2)
FN:31,(anonymous_3)
FNF:3
FNH:0
FNDA:0,(anonymous_1)
FNDA:0,(anonymous_2)
FNDA:0,(anonymous_3)
DA:1,6
DA:16,6
DA:17,0
DA:25,0
DA:28,0
DA:31,0
DA:33,0
LF:7
LH:2
BRF:0
BRH:0
end_of_record
TN:
SF:src\integrations\security\security.module.ts
FNF:0
FNH:0
DA:1,0
DA:2,0
DA:8,0
LF:3
LH:0
BRF:0
BRH:0
end_of_record
TN:
SF:src\profile\profile.controller.ts
FN:34,(anonymous_4)
FN:40,(anonymous_5)
FN:49,(anonymous_6)
FN:65,(anonymous_7)
FNF:4
FNH:0
FNDA:0,(anonymous_4)
FNDA:0,(anonymous_5)
FNDA:0,(anonymous_6)
FNDA:0,(anonymous_7)
DA:1,0
DA:12,0
DA:18,0
DA:19,0
DA:20,0
DA:33,0
DA:34,0
DA:40,0
DA:41,0
DA:42,0
DA:49,0
DA:53,0
DA:54,0
DA:65,0
DA:66,0
DA:67,0
LF:16
LH:0
BRF:0
BRH:0
end_of_record
TN:
SF:src\profile\profile.module.ts
FNF:0
FNH:0
DA:1,0
DA:2,0
DA:3,0
DA:4,0
DA:5,0
DA:6,0
DA:7,0
DA:19,0
LF:8
LH:0
BRF:0
BRH:0
end_of_record
TN:
SF:src\profile\profile.service.ts
FN:10,(anonymous_4)
FN:22,(anonymous_5)
FN:39,(anonymous_6)
FN:62,(anonymous_7)
FNF:4
FNH:4
FNDA:6,(anonymous_4)
FNDA:2,(anonymous_5)
FNDA:2,(anonymous_6)
FNDA:1,(anonymous_7)
DA:1,1
DA:2,1
DA:3,1
DA:4,1
DA:6,1
DA:9,1
DA:12,6
DA:13,6
DA:23,2
DA:24,2
DA:25,1
DA:28,1
DA:29,1
DA:43,2
DA:48,2
DA:49,1
DA:52,1
DA:54,1
DA:55,1
DA:63,1
LF:20
LH:20
BRDA:24,0,0,1
BRDA:24,0,1,1
BRDA:48,1,0,1
BRDA:48,1,1,1
BRF:4
BRH:4
end_of_record
TN:
SF:src\user\user.controller.ts
FN:34,(anonymous_4)
FN:40,(anonymous_5)
FN:49,(anonymous_6)
FN:65,(anonymous_7)
FNF:4
FNH:4
FNDA:4,(anonymous_4)
FNDA:1,(anonymous_5)
FNDA:1,(anonymous_6)
FNDA:1,(anonymous_7)
DA:1,1
DA:12,1
DA:18,1
DA:19,1
DA:20,1
DA:33,1
DA:34,4
DA:40,1
DA:41,1
DA:42,1
DA:49,1
DA:53,1
DA:54,1
DA:65,1
DA:66,1
DA:67,1
LF:16
LH:16
BRF:0
BRH:0
end_of_record
TN:
SF:src\user\user.module.ts
FNF:0
FNH:0
DA:1,0
DA:2,0
DA:3,0
DA:4,0
DA:5,0
DA:6,0
DA:14,0
LF:7
LH:0
BRF:0
BRH:0
end_of_record
TN:
SF:src\user\user.service.ts
FN:11,(anonymous_4)
FN:22,(anonymous_5)
FN:33,(anonymous_6)
FN:62,(anonymous_7)
FN:71,(anonymous_8)
FN:82,(anonymous_9)
FN:106,(anonymous_10)
FN:118,(anonymous_11)
FN:128,(anonymous_12)
FNF:9
FNH:5
FNDA:6,(anonymous_4)
FNDA:1,(anonymous_5)
FNDA:1,(anonymous_6)
FNDA:2,(anonymous_7)
FNDA:0,(anonymous_8)
FNDA:0,(anonymous_9)
FNDA:2,(anonymous_10)
FNDA:0,(anonymous_11)
FNDA:0,(anonymous_12)
DA:1,6
DA:2,6
DA:3,6
DA:4,6
DA:5,6
DA:7,6
DA:10,6
DA:13,6
DA:14,6
DA:23,1
DA:24,1
DA:34,1
DA:36,1
DA:38,1
DA:44,1
DA:47,1
DA:54,1
DA:63,2
DA:72,0
DA:84,0
DA:85,0
DA:88,0
DA:93,0
DA:94,0
DA:97,0
DA:107,2
DA:108,2
DA:109,1
DA:119,0
DA:129,0
LF:30
LH:21
BRDA:84,0,0,0
BRDA:84,0,1,0
BRDA:93,1,0,0
BRDA:93,1,1,0
BRDA:108,2,0,1
BRDA:108,2,1,1
BRF:6
BRH:2
end_of_record
TN:
SF:src\user\dto\create-user.dto.ts
FNF:0
FNH:0
DA:1,1
DA:13,1
DA:17,1
DA:22,1
DA:27,1
LF:5
LH:5
BRF:0
BRH:0
end_of_record
TN:
SF:src\user\dto\update-profile.dto.ts
FNF:0
FNH:0
DA:1,2
DA:2,2
DA:4,2
DA:15,2
LF:4
LH:4
BRF:0
BRH:0
end_of_record
TN:
SF:src\user\entities\user.entity.ts
FN:40,(anonymous_2)
FN:47,(anonymous_3)
FNF:2
FNH:0
FNDA:0,(anonymous_2)
FNDA:0,(anonymous_3)
DA:1,7
DA:11,7
DA:13,7
DA:22,7
DA:28,7
DA:35,7
DA:40,0
DA:42,7
DA:47,0
DA:49,7
LF:10
LH:8
BRF:0
BRH:0
end_of_record
