{"C:\\Users\\Oleg\\Documents\\GitHub\\cryo\\backend\\security-service\\src\\app.controller.ts": {"path":"C:\\Users\\Oleg\\Documents\\GitHub\\cryo\\backend\\security-service\\src\\app.controller.ts","statementMap":{"0":{"start":{"line":1,"column":0},"end":{"line":1,"column":49}},"1":{"start":{"line":4,"column":7},"end":{"line":13,"column":null}},"2":{"start":{"line":7,"column":4},"end":{"line":11,"column":6}},"3":{"start":{"line":4,"column":13},"end":{"line":4,"column":26}},"4":{"start":{"line":6,"column":2},"end":{"line":12,"column":null}},"5":{"start":{"line":4,"column":13},"end":{"line":13,"column":null}}},"fnMap":{"0":{"name":"(anonymous_2)","decl":{"start":{"line":6,"column":2},"end":{"line":6,"column":8}},"loc":{"start":{"line":6,"column":8},"end":{"line":12,"column":3}}}},"branchMap":{},"s":{"0":1,"1":1,"2":1,"3":1,"4":1,"5":1},"f":{"0":1},"b":{}}
,"C:\\Users\\Oleg\\Documents\\GitHub\\cryo\\backend\\security-service\\src\\app.module.ts": {"path":"C:\\Users\\Oleg\\Documents\\GitHub\\cryo\\backend\\security-service\\src\\app.module.ts","statementMap":{"0":{"start":{"line":1,"column":0},"end":{"line":1,"column":72}},"1":{"start":{"line":2,"column":0},"end":{"line":2,"column":46}},"2":{"start":{"line":3,"column":0},"end":{"line":3,"column":49}},"3":{"start":{"line":4,"column":0},"end":{"line":4,"column":43}},"4":{"start":{"line":5,"column":0},"end":{"line":5,"column":68}},"5":{"start":{"line":6,"column":0},"end":{"line":6,"column":56}},"6":{"start":{"line":7,"column":0},"end":{"line":7,"column":62}},"7":{"start":{"line":8,"column":0},"end":{"line":8,"column":62}},"8":{"start":{"line":9,"column":0},"end":{"line":9,"column":60}},"9":{"start":{"line":10,"column":0},"end":{"line":10,"column":51}},"10":{"start":{"line":11,"column":0},"end":{"line":11,"column":45}},"11":{"start":{"line":12,"column":0},"end":{"line":12,"column":55}},"12":{"start":{"line":13,"column":0},"end":{"line":13,"column":76}},"13":{"start":{"line":14,"column":0},"end":{"line":14,"column":75}},"14":{"start":{"line":15,"column":0},"end":{"line":15,"column":47}},"15":{"start":{"line":16,"column":0},"end":{"line":16,"column":96}},"16":{"start":{"line":17,"column":0},"end":{"line":17,"column":40}},"17":{"start":{"line":18,"column":0},"end":{"line":18,"column":70}},"18":{"start":{"line":19,"column":0},"end":{"line":19,"column":64}},"19":{"start":{"line":20,"column":0},"end":{"line":20,"column":51}},"20":{"start":{"line":47,"column":7},"end":{"line":51,"column":null}},"21":{"start":{"line":49,"column":4},"end":{"line":49,"column":72}},"22":{"start":{"line":47,"column":13},"end":{"line":47,"column":22}},"23":{"start":{"line":47,"column":13},"end":{"line":51,"column":null}}},"fnMap":{"0":{"name":"(anonymous_1)","decl":{"start":{"line":48,"column":2},"end":{"line":48,"column":11}},"loc":{"start":{"line":48,"column":40},"end":{"line":50,"column":3}}}},"branchMap":{},"s":{"0":0,"1":0,"2":0,"3":0,"4":0,"5":0,"6":0,"7":0,"8":0,"9":0,"10":0,"11":0,"12":0,"13":0,"14":0,"15":0,"16":0,"17":0,"18":0,"19":0,"20":0,"21":0,"22":0,"23":0},"f":{"0":0},"b":{}}
,"C:\\Users\\Oleg\\Documents\\GitHub\\cryo\\backend\\security-service\\src\\app.service.ts": {"path":"C:\\Users\\Oleg\\Documents\\GitHub\\cryo\\backend\\security-service\\src\\app.service.ts","statementMap":{"0":{"start":{"line":1,"column":0},"end":{"line":1,"column":44}},"1":{"start":{"line":4,"column":7},"end":{"line":4,"column":null}},"2":{"start":{"line":4,"column":13},"end":{"line":4,"column":23}},"3":{"start":{"line":4,"column":13},"end":{"line":4,"column":null}}},"fnMap":{},"branchMap":{},"s":{"0":0,"1":0,"2":0,"3":0},"f":{},"b":{}}
,"C:\\Users\\Oleg\\Documents\\GitHub\\cryo\\backend\\security-service\\src\\main.ts": {"path":"C:\\Users\\Oleg\\Documents\\GitHub\\cryo\\backend\\security-service\\src\\main.ts","statementMap":{"0":{"start":{"line":1,"column":0},"end":{"line":1,"column":43}},"1":{"start":{"line":2,"column":0},"end":{"line":2,"column":48}},"2":{"start":{"line":3,"column":0},"end":{"line":3,"column":65}},"3":{"start":{"line":4,"column":0},"end":{"line":4,"column":47}},"4":{"start":{"line":5,"column":0},"end":{"line":5,"column":41}},"5":{"start":{"line":6,"column":0},"end":{"line":6,"column":81}},"6":{"start":{"line":7,"column":0},"end":{"line":7,"column":60}},"7":{"start":{"line":8,"column":0},"end":{"line":8,"column":28}},"8":{"start":{"line":11,"column":14},"end":{"line":11,"column":49}},"9":{"start":{"line":13,"column":2},"end":{"line":13,"column":29}},"10":{"start":{"line":15,"column":2},"end":{"line":21,"column":4}},"11":{"start":{"line":23,"column":2},"end":{"line":23,"column":54}},"12":{"start":{"line":24,"column":2},"end":{"line":24,"column":20}},"13":{"start":{"line":27,"column":26},"end":{"line":27,"column":50}},"14":{"start":{"line":28,"column":17},"end":{"line":28,"column":54}},"15":{"start":{"line":29,"column":2},"end":{"line":29,"column":75}},"16":{"start":{"line":32,"column":17},"end":{"line":37,"column":12}},"17":{"start":{"line":38,"column":19},"end":{"line":38,"column":60}},"18":{"start":{"line":39,"column":2},"end":{"line":39,"column":49}},"19":{"start":{"line":41,"column":15},"end":{"line":41,"column":39}},"20":{"start":{"line":42,"column":2},"end":{"line":42,"column":28}},"21":{"start":{"line":44,"column":17},"end":{"line":44,"column":39}},"22":{"start":{"line":46,"column":2},"end":{"line":46,"column":74}},"23":{"start":{"line":48,"column":2},"end":{"line":48,"column":78}},"24":{"start":{"line":50,"column":19},"end":{"line":58,"column":3}},"25":{"start":{"line":51,"column":4},"end":{"line":51,"column":67}},"26":{"start":{"line":52,"column":4},"end":{"line":57,"column":5}},"27":{"start":{"line":53,"column":6},"end":{"line":53,"column":24}},"28":{"start":{"line":54,"column":6},"end":{"line":54,"column":23}},"29":{"start":{"line":56,"column":6},"end":{"line":56,"column":22}},"30":{"start":{"line":60,"column":2},"end":{"line":60,"column":51}},"31":{"start":{"line":60,"column":30},"end":{"line":60,"column":49}},"32":{"start":{"line":61,"column":2},"end":{"line":61,"column":49}},"33":{"start":{"line":61,"column":29},"end":{"line":61,"column":47}},"34":{"start":{"line":64,"column":0},"end":{"line":64,"column":12}}},"fnMap":{"0":{"name":"bootstrap","decl":{"start":{"line":10,"column":15},"end":{"line":10,"column":24}},"loc":{"start":{"line":10,"column":24},"end":{"line":62,"column":1}}},"1":{"name":"(anonymous_1)","decl":{"start":{"line":50,"column":19},"end":{"line":50,"column":24}},"loc":{"start":{"line":50,"column":44},"end":{"line":58,"column":3}}},"2":{"name":"(anonymous_2)","decl":{"start":{"line":60,"column":24},"end":{"line":60,"column":27}},"loc":{"start":{"line":60,"column":30},"end":{"line":60,"column":49}}},"3":{"name":"(anonymous_3)","decl":{"start":{"line":61,"column":23},"end":{"line":61,"column":26}},"loc":{"start":{"line":61,"column":29},"end":{"line":61,"column":47}}}},"branchMap":{"0":{"loc":{"start":{"line":41,"column":15},"end":{"line":41,"column":39}},"type":"binary-expr","locations":[{"start":{"line":41,"column":15},"end":{"line":41,"column":31}},{"start":{"line":41,"column":35},"end":{"line":41,"column":39}}]}},"s":{"0":0,"1":0,"2":0,"3":0,"4":0,"5":0,"6":0,"7":0,"8":0,"9":0,"10":0,"11":0,"12":0,"13":0,"14":0,"15":0,"16":0,"17":0,"18":0,"19":0,"20":0,"21":0,"22":0,"23":0,"24":0,"25":0,"26":0,"27":0,"28":0,"29":0,"30":0,"31":0,"32":0,"33":0,"34":0},"f":{"0":0,"1":0,"2":0,"3":0},"b":{"0":[0,0]}}
,"C:\\Users\\Oleg\\Documents\\GitHub\\cryo\\backend\\security-service\\src\\clients\\clients.module.ts": {"path":"C:\\Users\\Oleg\\Documents\\GitHub\\cryo\\backend\\security-service\\src\\clients\\clients.module.ts","statementMap":{"0":{"start":{"line":1,"column":0},"end":{"line":1,"column":48}},"1":{"start":{"line":2,"column":0},"end":{"line":2,"column":58}},"2":{"start":{"line":3,"column":0},"end":{"line":3,"column":74}},"3":{"start":{"line":10,"column":7},"end":{"line":10,"column":null}},"4":{"start":{"line":10,"column":13},"end":{"line":10,"column":26}},"5":{"start":{"line":10,"column":13},"end":{"line":10,"column":null}}},"fnMap":{},"branchMap":{},"s":{"0":0,"1":0,"2":0,"3":0,"4":0,"5":0},"f":{},"b":{}}
,"C:\\Users\\Oleg\\Documents\\GitHub\\cryo\\backend\\security-service\\src\\clients\\notification-service.client.ts": {"path":"C:\\Users\\Oleg\\Documents\\GitHub\\cryo\\backend\\security-service\\src\\clients\\notification-service.client.ts","statementMap":{"0":{"start":{"line":1,"column":0},"end":{"line":1,"column":52}},"1":{"start":{"line":2,"column":0},"end":{"line":2,"column":47}},"2":{"start":{"line":3,"column":0},"end":{"line":3,"column":60}},"3":{"start":{"line":15,"column":7},"end":{"line":58,"column":null}},"4":{"start":{"line":20,"column":21},"end":{"line":20,"column":29}},"5":{"start":{"line":21,"column":59},"end":{"line":21,"column":73}},"6":{"start":{"line":23,"column":4},"end":{"line":23,"column":71}},"7":{"start":{"line":24,"column":4},"end":{"line":24,"column":74}},"8":{"start":{"line":28,"column":38},"end":{"line":28,"column":76}},"9":{"start":{"line":29,"column":4},"end":{"line":29,"column":50}},"10":{"start":{"line":29,"column":21},"end":{"line":29,"column":50}},"11":{"start":{"line":30,"column":4},"end":{"line":30,"column":13}},"12":{"start":{"line":34,"column":4},"end":{"line":39,"column":5}},"13":{"start":{"line":35,"column":6},"end":{"line":37,"column":8}},"14":{"start":{"line":38,"column":6},"end":{"line":38,"column":13}},"15":{"start":{"line":40,"column":4},"end":{"line":56,"column":5}},"16":{"start":{"line":41,"column":19},"end":{"line":45,"column":8}},"17":{"start":{"line":46,"column":6},"end":{"line":51,"column":7}},"18":{"start":{"line":47,"column":8},"end":{"line":50,"column":11}},"19":{"start":{"line":53,"column":6},"end":{"line":55,"column":9}},"20":{"start":{"line":15,"column":13},"end":{"line":15,"column":38}},"21":{"start":{"line":15,"column":13},"end":{"line":58,"column":null}}},"fnMap":{"0":{"name":"(anonymous_4)","decl":{"start":{"line":19,"column":2},"end":{"line":19,"column":null}},"loc":{"start":{"line":21,"column":73},"end":{"line":25,"column":3}}},"1":{"name":"(anonymous_5)","decl":{"start":{"line":27,"column":2},"end":{"line":27,"column":14}},"loc":{"start":{"line":27,"column":21},"end":{"line":31,"column":3}}},"2":{"name":"(anonymous_6)","decl":{"start":{"line":33,"column":2},"end":{"line":33,"column":7}},"loc":{"start":{"line":33,"column":53},"end":{"line":57,"column":3}}}},"branchMap":{"0":{"loc":{"start":{"line":29,"column":4},"end":{"line":29,"column":50}},"type":"if","locations":[{"start":{"line":29,"column":4},"end":{"line":29,"column":50}},{"start":{},"end":{}}]},"1":{"loc":{"start":{"line":34,"column":4},"end":{"line":39,"column":5}},"type":"if","locations":[{"start":{"line":34,"column":4},"end":{"line":39,"column":5}},{"start":{},"end":{}}]},"2":{"loc":{"start":{"line":46,"column":6},"end":{"line":51,"column":7}},"type":"if","locations":[{"start":{"line":46,"column":6},"end":{"line":51,"column":7}},{"start":{},"end":{}}]}},"s":{"0":0,"1":0,"2":0,"3":0,"4":0,"5":0,"6":0,"7":0,"8":0,"9":0,"10":0,"11":0,"12":0,"13":0,"14":0,"15":0,"16":0,"17":0,"18":0,"19":0,"20":0,"21":0},"f":{"0":0,"1":0,"2":0},"b":{"0":[0,0],"1":[0,0],"2":[0,0]}}
,"C:\\Users\\Oleg\\Documents\\GitHub\\cryo\\backend\\security-service\\src\\clients\\user-service.client.ts": {"path":"C:\\Users\\Oleg\\Documents\\GitHub\\cryo\\backend\\security-service\\src\\clients\\user-service.client.ts","statementMap":{"0":{"start":{"line":1,"column":0},"end":{"line":1,"column":62}},"1":{"start":{"line":2,"column":0},"end":{"line":2,"column":47}},"2":{"start":{"line":3,"column":0},"end":{"line":3,"column":60}},"3":{"start":{"line":13,"column":7},"end":{"line":66,"column":null}},"4":{"start":{"line":18,"column":21},"end":{"line":18,"column":29}},"5":{"start":{"line":19,"column":59},"end":{"line":19,"column":73}},"6":{"start":{"line":21,"column":4},"end":{"line":21,"column":63}},"7":{"start":{"line":22,"column":4},"end":{"line":22,"column":66}},"8":{"start":{"line":26,"column":38},"end":{"line":26,"column":76}},"9":{"start":{"line":27,"column":4},"end":{"line":27,"column":50}},"10":{"start":{"line":27,"column":21},"end":{"line":27,"column":50}},"11":{"start":{"line":28,"column":4},"end":{"line":28,"column":13}},"12":{"start":{"line":32,"column":4},"end":{"line":32,"column":40}},"13":{"start":{"line":32,"column":23},"end":{"line":32,"column":40}},"14":{"start":{"line":33,"column":4},"end":{"line":46,"column":5}},"15":{"start":{"line":34,"column":19},"end":{"line":36,"column":8}},"16":{"start":{"line":37,"column":6},"end":{"line":37,"column":37}},"17":{"start":{"line":37,"column":20},"end":{"line":37,"column":37}},"18":{"start":{"line":38,"column":20},"end":{"line":38,"column":37}},"19":{"start":{"line":39,"column":6},"end":{"line":39,"column":26}},"20":{"start":{"line":41,"column":6},"end":{"line":44,"column":9}},"21":{"start":{"line":45,"column":6},"end":{"line":45,"column":23}},"22":{"start":{"line":50,"column":4},"end":{"line":50,"column":40}},"23":{"start":{"line":50,"column":23},"end":{"line":50,"column":40}},"24":{"start":{"line":51,"column":4},"end":{"line":64,"column":5}},"25":{"start":{"line":52,"column":19},"end":{"line":54,"column":8}},"26":{"start":{"line":55,"column":6},"end":{"line":55,"column":37}},"27":{"start":{"line":55,"column":20},"end":{"line":55,"column":37}},"28":{"start":{"line":56,"column":20},"end":{"line":56,"column":37}},"29":{"start":{"line":57,"column":6},"end":{"line":57,"column":18}},"30":{"start":{"line":59,"column":6},"end":{"line":62,"column":9}},"31":{"start":{"line":63,"column":6},"end":{"line":63,"column":23}},"32":{"start":{"line":13,"column":13},"end":{"line":13,"column":30}},"33":{"start":{"line":13,"column":13},"end":{"line":66,"column":null}}},"fnMap":{"0":{"name":"(anonymous_4)","decl":{"start":{"line":17,"column":2},"end":{"line":17,"column":null}},"loc":{"start":{"line":19,"column":73},"end":{"line":23,"column":3}}},"1":{"name":"(anonymous_5)","decl":{"start":{"line":25,"column":2},"end":{"line":25,"column":14}},"loc":{"start":{"line":25,"column":21},"end":{"line":29,"column":3}}},"2":{"name":"(anonymous_6)","decl":{"start":{"line":31,"column":2},"end":{"line":31,"column":7}},"loc":{"start":{"line":31,"column":36},"end":{"line":47,"column":3}}},"3":{"name":"(anonymous_7)","decl":{"start":{"line":49,"column":2},"end":{"line":49,"column":7}},"loc":{"start":{"line":49,"column":42},"end":{"line":65,"column":3}}}},"branchMap":{"0":{"loc":{"start":{"line":27,"column":4},"end":{"line":27,"column":50}},"type":"if","locations":[{"start":{"line":27,"column":4},"end":{"line":27,"column":50}},{"start":{},"end":{}}]},"1":{"loc":{"start":{"line":32,"column":4},"end":{"line":32,"column":40}},"type":"if","locations":[{"start":{"line":32,"column":4},"end":{"line":32,"column":40}},{"start":{},"end":{}}]},"2":{"loc":{"start":{"line":37,"column":6},"end":{"line":37,"column":37}},"type":"if","locations":[{"start":{"line":37,"column":6},"end":{"line":37,"column":37}},{"start":{},"end":{}}]},"3":{"loc":{"start":{"line":50,"column":4},"end":{"line":50,"column":40}},"type":"if","locations":[{"start":{"line":50,"column":4},"end":{"line":50,"column":40}},{"start":{},"end":{}}]},"4":{"loc":{"start":{"line":55,"column":6},"end":{"line":55,"column":37}},"type":"if","locations":[{"start":{"line":55,"column":6},"end":{"line":55,"column":37}},{"start":{},"end":{}}]}},"s":{"0":3,"1":3,"2":3,"3":3,"4":0,"5":0,"6":0,"7":0,"8":0,"9":0,"10":0,"11":0,"12":0,"13":0,"14":0,"15":0,"16":0,"17":0,"18":0,"19":0,"20":0,"21":0,"22":0,"23":0,"24":0,"25":0,"26":0,"27":0,"28":0,"29":0,"30":0,"31":0,"32":3,"33":3},"f":{"0":0,"1":0,"2":0,"3":0},"b":{"0":[0,0],"1":[0,0],"2":[0,0],"3":[0,0],"4":[0,0]}}
,"C:\\Users\\Oleg\\Documents\\GitHub\\cryo\\backend\\security-service\\src\\common\\auth\\auth.module.ts": {"path":"C:\\Users\\Oleg\\Documents\\GitHub\\cryo\\backend\\security-service\\src\\common\\auth\\auth.module.ts","statementMap":{"0":{"start":{"line":1,"column":0},"end":{"line":1,"column":40}},"1":{"start":{"line":2,"column":0},"end":{"line":2,"column":45}},"2":{"start":{"line":3,"column":0},"end":{"line":3,"column":49}},"3":{"start":{"line":4,"column":0},"end":{"line":4,"column":51}},"4":{"start":{"line":10,"column":7},"end":{"line":10,"column":null}},"5":{"start":{"line":10,"column":13},"end":{"line":10,"column":23}},"6":{"start":{"line":10,"column":13},"end":{"line":10,"column":null}}},"fnMap":{},"branchMap":{},"s":{"0":0,"1":0,"2":0,"3":0,"4":0,"5":0,"6":0},"f":{},"b":{}}
,"C:\\Users\\Oleg\\Documents\\GitHub\\cryo\\backend\\security-service\\src\\common\\auth\\auth.service.ts": {"path":"C:\\Users\\Oleg\\Documents\\GitHub\\cryo\\backend\\security-service\\src\\common\\auth\\auth.service.ts","statementMap":{"0":{"start":{"line":1,"column":0},"end":{"line":1,"column":44}},"1":{"start":{"line":2,"column":0},"end":{"line":2,"column":59}},"2":{"start":{"line":3,"column":0},"end":{"line":3,"column":47}},"3":{"start":{"line":14,"column":7},"end":{"line":35,"column":null}},"4":{"start":{"line":16,"column":21},"end":{"line":16,"column":26}},"5":{"start":{"line":17,"column":21},"end":{"line":17,"column":29}},"6":{"start":{"line":21,"column":4},"end":{"line":21,"column":70}},"7":{"start":{"line":21,"column":58},"end":{"line":21,"column":70}},"8":{"start":{"line":22,"column":18},"end":{"line":22,"column":37}},"9":{"start":{"line":23,"column":19},"end":{"line":23,"column":56}},"10":{"start":{"line":24,"column":22},"end":{"line":24,"column":63}},"11":{"start":{"line":25,"column":35},"end":{"line":27,"column":41}},"12":{"start":{"line":28,"column":4},"end":{"line":33,"column":5}},"13":{"start":{"line":29,"column":22},"end":{"line":29,"column":68}},"14":{"start":{"line":30,"column":6},"end":{"line":30,"column":33}},"15":{"start":{"line":32,"column":6},"end":{"line":32,"column":18}},"16":{"start":{"line":14,"column":13},"end":{"line":14,"column":24}},"17":{"start":{"line":14,"column":13},"end":{"line":35,"column":null}}},"fnMap":{"0":{"name":"(anonymous_2)","decl":{"start":{"line":15,"column":2},"end":{"line":15,"column":null}},"loc":{"start":{"line":17,"column":42},"end":{"line":18,"column":6}}},"1":{"name":"(anonymous_3)","decl":{"start":{"line":20,"column":2},"end":{"line":20,"column":7}},"loc":{"start":{"line":20,"column":45},"end":{"line":34,"column":3}}}},"branchMap":{"0":{"loc":{"start":{"line":21,"column":4},"end":{"line":21,"column":70}},"type":"if","locations":[{"start":{"line":21,"column":4},"end":{"line":21,"column":70}},{"start":{},"end":{}}]},"1":{"loc":{"start":{"line":21,"column":8},"end":{"line":21,"column":56}},"type":"binary-expr","locations":[{"start":{"line":21,"column":8},"end":{"line":21,"column":19}},{"start":{"line":21,"column":23},"end":{"line":21,"column":56}}]},"2":{"loc":{"start":{"line":25,"column":35},"end":{"line":27,"column":41}},"type":"cond-expr","locations":[{"start":{"line":26,"column":8},"end":{"line":26,"column":44}},{"start":{"line":27,"column":8},"end":{"line":27,"column":41}}]}},"s":{"0":0,"1":0,"2":0,"3":0,"4":0,"5":0,"6":0,"7":0,"8":0,"9":0,"10":0,"11":0,"12":0,"13":0,"14":0,"15":0,"16":0,"17":0},"f":{"0":0,"1":0},"b":{"0":[0,0],"1":[0,0],"2":[0,0]}}
,"C:\\Users\\Oleg\\Documents\\GitHub\\cryo\\backend\\security-service\\src\\common\\decorators\\rate-limit.decorator.ts": {"path":"C:\\Users\\Oleg\\Documents\\GitHub\\cryo\\backend\\security-service\\src\\common\\decorators\\rate-limit.decorator.ts","statementMap":{"0":{"start":{"line":1,"column":0},"end":{"line":1,"column":45}},"1":{"start":{"line":10,"column":13},"end":{"line":10,"column":54}},"2":{"start":{"line":11,"column":25},"end":{"line":11,"column":97}},"3":{"start":{"line":11,"column":56},"end":{"line":11,"column":97}},"4":{"start":{"line":11,"column":13},"end":{"line":11,"column":25}}},"fnMap":{"0":{"name":"(anonymous_0)","decl":{"start":{"line":11,"column":25},"end":{"line":11,"column":26}},"loc":{"start":{"line":11,"column":56},"end":{"line":11,"column":97}}}},"branchMap":{},"s":{"0":0,"1":0,"2":0,"3":0,"4":0},"f":{"0":0},"b":{}}
,"C:\\Users\\Oleg\\Documents\\GitHub\\cryo\\backend\\security-service\\src\\common\\decorators\\user.decorator.ts": {"path":"C:\\Users\\Oleg\\Documents\\GitHub\\cryo\\backend\\security-service\\src\\common\\decorators\\user.decorator.ts","statementMap":{"0":{"start":{"line":1,"column":0},"end":{"line":1,"column":72}},"1":{"start":{"line":14,"column":13},"end":{"line":17,"column":3}},"2":{"start":{"line":15,"column":18},"end":{"line":15,"column":49}},"3":{"start":{"line":16,"column":2},"end":{"line":16,"column":22}}},"fnMap":{"0":{"name":"(anonymous_0)","decl":{"start":{"line":14,"column":41},"end":{"line":14,"column":42}},"loc":{"start":{"line":14,"column":92},"end":{"line":17,"column":1}}}},"branchMap":{},"s":{"0":0,"1":0,"2":0,"3":0},"f":{"0":0},"b":{}}
,"C:\\Users\\Oleg\\Documents\\GitHub\\cryo\\backend\\security-service\\src\\common\\encryption\\encryption.module.ts": {"path":"C:\\Users\\Oleg\\Documents\\GitHub\\cryo\\backend\\security-service\\src\\common\\encryption\\encryption.module.ts","statementMap":{"0":{"start":{"line":1,"column":0},"end":{"line":1,"column":40}},"1":{"start":{"line":2,"column":0},"end":{"line":2,"column":57}},"2":{"start":{"line":8,"column":7},"end":{"line":8,"column":null}},"3":{"start":{"line":8,"column":13},"end":{"line":8,"column":29}},"4":{"start":{"line":8,"column":13},"end":{"line":8,"column":null}}},"fnMap":{},"branchMap":{},"s":{"0":0,"1":0,"2":0,"3":0,"4":0},"f":{},"b":{}}
,"C:\\Users\\Oleg\\Documents\\GitHub\\cryo\\backend\\security-service\\src\\common\\encryption\\encryption.service.ts": {"path":"C:\\Users\\Oleg\\Documents\\GitHub\\cryo\\backend\\security-service\\src\\common\\encryption\\encryption.service.ts","statementMap":{"0":{"start":{"line":1,"column":0},"end":{"line":1,"column":58}},"1":{"start":{"line":2,"column":0},"end":{"line":2,"column":47}},"2":{"start":{"line":3,"column":0},"end":{"line":3,"column":83}},"3":{"start":{"line":6,"column":7},"end":{"line":58,"column":null}},"4":{"start":{"line":10,"column":31},"end":{"line":10,"column":39}},"5":{"start":{"line":8,"column":19},"end":{"line":8,"column":45}},"6":{"start":{"line":13,"column":19},"end":{"line":13,"column":60}},"7":{"start":{"line":14,"column":4},"end":{"line":16,"column":5}},"8":{"start":{"line":15,"column":6},"end":{"line":15,"column":76}},"9":{"start":{"line":18,"column":4},"end":{"line":18,"column":46}},"10":{"start":{"line":22,"column":4},"end":{"line":22,"column":57}},"11":{"start":{"line":22,"column":45},"end":{"line":22,"column":57}},"12":{"start":{"line":24,"column":17},"end":{"line":24,"column":37}},"13":{"start":{"line":25,"column":15},"end":{"line":25,"column":30}},"14":{"start":{"line":26,"column":19},"end":{"line":26,"column":63}},"15":{"start":{"line":27,"column":22},"end":{"line":27,"column":82}},"16":{"start":{"line":28,"column":20},"end":{"line":28,"column":39}},"17":{"start":{"line":31,"column":4},"end":{"line":31,"column":91}},"18":{"start":{"line":35,"column":4},"end":{"line":35,"column":75}},"19":{"start":{"line":35,"column":63},"end":{"line":35,"column":75}},"20":{"start":{"line":37,"column":4},"end":{"line":56,"column":5}},"21":{"start":{"line":38,"column":20},"end":{"line":38,"column":44}},"22":{"start":{"line":39,"column":6},"end":{"line":42,"column":7}},"23":{"start":{"line":41,"column":8},"end":{"line":41,"column":71}},"24":{"start":{"line":43,"column":48},"end":{"line":43,"column":53}},"25":{"start":{"line":44,"column":17},"end":{"line":44,"column":42}},"26":{"start":{"line":45,"column":22},"end":{"line":45,"column":52}},"27":{"start":{"line":46,"column":24},"end":{"line":46,"column":56}},"28":{"start":{"line":48,"column":23},"end":{"line":48,"column":69}},"29":{"start":{"line":49,"column":6},"end":{"line":49,"column":35}},"30":{"start":{"line":50,"column":24},"end":{"line":50,"column":85}},"31":{"start":{"line":52,"column":6},"end":{"line":52,"column":52}},"32":{"start":{"line":55,"column":6},"end":{"line":55,"column":67}},"33":{"start":{"line":6,"column":13},"end":{"line":6,"column":30}},"34":{"start":{"line":6,"column":13},"end":{"line":58,"column":null}}},"fnMap":{"0":{"name":"(anonymous_2)","decl":{"start":{"line":10,"column":2},"end":{"line":10,"column":31}},"loc":{"start":{"line":10,"column":52},"end":{"line":10,"column":56}}},"1":{"name":"(anonymous_3)","decl":{"start":{"line":12,"column":2},"end":{"line":12,"column":14}},"loc":{"start":{"line":12,"column":14},"end":{"line":19,"column":3}}},"2":{"name":"(anonymous_4)","decl":{"start":{"line":21,"column":2},"end":{"line":21,"column":9}},"loc":{"start":{"line":21,"column":47},"end":{"line":32,"column":3}}},"3":{"name":"(anonymous_5)","decl":{"start":{"line":34,"column":2},"end":{"line":34,"column":9}},"loc":{"start":{"line":34,"column":38},"end":{"line":57,"column":3}}}},"branchMap":{"0":{"loc":{"start":{"line":14,"column":4},"end":{"line":16,"column":5}},"type":"if","locations":[{"start":{"line":14,"column":4},"end":{"line":16,"column":5}},{"start":{},"end":{}}]},"1":{"loc":{"start":{"line":22,"column":4},"end":{"line":22,"column":57}},"type":"if","locations":[{"start":{"line":22,"column":4},"end":{"line":22,"column":57}},{"start":{},"end":{}}]},"2":{"loc":{"start":{"line":22,"column":8},"end":{"line":22,"column":43}},"type":"binary-expr","locations":[{"start":{"line":22,"column":8},"end":{"line":22,"column":21}},{"start":{"line":22,"column":25},"end":{"line":22,"column":43}}]},"3":{"loc":{"start":{"line":35,"column":4},"end":{"line":35,"column":75}},"type":"if","locations":[{"start":{"line":35,"column":4},"end":{"line":35,"column":75}},{"start":{},"end":{}}]},"4":{"loc":{"start":{"line":35,"column":8},"end":{"line":35,"column":61}},"type":"binary-expr","locations":[{"start":{"line":35,"column":8},"end":{"line":35,"column":30}},{"start":{"line":35,"column":34},"end":{"line":35,"column":61}}]},"5":{"loc":{"start":{"line":39,"column":6},"end":{"line":42,"column":7}},"type":"if","locations":[{"start":{"line":39,"column":6},"end":{"line":42,"column":7}},{"start":{},"end":{}}]}},"s":{"0":5,"1":5,"2":5,"3":5,"4":0,"5":0,"6":0,"7":0,"8":0,"9":0,"10":0,"11":0,"12":0,"13":0,"14":0,"15":0,"16":0,"17":0,"18":0,"19":0,"20":0,"21":0,"22":0,"23":0,"24":0,"25":0,"26":0,"27":0,"28":0,"29":0,"30":0,"31":0,"32":0,"33":5,"34":5},"f":{"0":0,"1":0,"2":0,"3":0},"b":{"0":[0,0],"1":[0,0],"2":[0,0],"3":[0,0],"4":[0,0],"5":[0,0]}}
,"C:\\Users\\Oleg\\Documents\\GitHub\\cryo\\backend\\security-service\\src\\common\\enums\\security-alert-severity.enum.ts": {"path":"C:\\Users\\Oleg\\Documents\\GitHub\\cryo\\backend\\security-service\\src\\common\\enums\\security-alert-severity.enum.ts","statementMap":{"0":{"start":{"line":1,"column":0},"end":{"line":1,"column":null}},"1":{"start":{"line":2,"column":2},"end":{"line":2,"column":null}},"2":{"start":{"line":3,"column":2},"end":{"line":3,"column":null}},"3":{"start":{"line":4,"column":2},"end":{"line":4,"column":null}},"4":{"start":{"line":5,"column":2},"end":{"line":5,"column":null}}},"fnMap":{"0":{"name":"(anonymous_0)","decl":{"start":{"line":1,"column":0},"end":{"line":1,"column":12}},"loc":{"start":{"line":1,"column":33},"end":{"line":6,"column":1}}}},"branchMap":{"0":{"loc":{"start":{"line":1,"column":12},"end":{"line":1,"column":null}},"type":"binary-expr","locations":[{"start":{"line":1,"column":12},"end":{"line":1,"column":33}},{"start":{"line":1,"column":33},"end":{"line":1,"column":null}}]}},"s":{"0":5,"1":5,"2":5,"3":5,"4":5},"f":{"0":5},"b":{"0":[5,5]}}
,"C:\\Users\\Oleg\\Documents\\GitHub\\cryo\\backend\\security-service\\src\\common\\enums\\security-alert-type.enum.ts": {"path":"C:\\Users\\Oleg\\Documents\\GitHub\\cryo\\backend\\security-service\\src\\common\\enums\\security-alert-type.enum.ts","statementMap":{"0":{"start":{"line":1,"column":0},"end":{"line":1,"column":null}},"1":{"start":{"line":2,"column":2},"end":{"line":2,"column":null}},"2":{"start":{"line":3,"column":2},"end":{"line":3,"column":null}},"3":{"start":{"line":4,"column":2},"end":{"line":4,"column":null}},"4":{"start":{"line":5,"column":2},"end":{"line":5,"column":null}},"5":{"start":{"line":6,"column":2},"end":{"line":6,"column":null}},"6":{"start":{"line":7,"column":2},"end":{"line":7,"column":null}}},"fnMap":{"0":{"name":"(anonymous_0)","decl":{"start":{"line":1,"column":0},"end":{"line":1,"column":12}},"loc":{"start":{"line":1,"column":29},"end":{"line":8,"column":1}}}},"branchMap":{"0":{"loc":{"start":{"line":1,"column":12},"end":{"line":1,"column":null}},"type":"binary-expr","locations":[{"start":{"line":1,"column":12},"end":{"line":1,"column":29}},{"start":{"line":1,"column":29},"end":{"line":1,"column":null}}]}},"s":{"0":5,"1":5,"2":5,"3":5,"4":5,"5":5,"6":5},"f":{"0":5},"b":{"0":[5,5]}}
,"C:\\Users\\Oleg\\Documents\\GitHub\\cryo\\backend\\security-service\\src\\common\\enums\\security-event-type.enum.ts": {"path":"C:\\Users\\Oleg\\Documents\\GitHub\\cryo\\backend\\security-service\\src\\common\\enums\\security-event-type.enum.ts","statementMap":{"0":{"start":{"line":1,"column":0},"end":{"line":1,"column":null}},"1":{"start":{"line":2,"column":2},"end":{"line":2,"column":null}},"2":{"start":{"line":3,"column":2},"end":{"line":3,"column":null}},"3":{"start":{"line":4,"column":2},"end":{"line":4,"column":null}},"4":{"start":{"line":5,"column":2},"end":{"line":5,"column":null}},"5":{"start":{"line":6,"column":2},"end":{"line":6,"column":null}},"6":{"start":{"line":7,"column":2},"end":{"line":7,"column":null}},"7":{"start":{"line":8,"column":2},"end":{"line":8,"column":null}},"8":{"start":{"line":9,"column":2},"end":{"line":9,"column":null}}},"fnMap":{"0":{"name":"(anonymous_0)","decl":{"start":{"line":1,"column":0},"end":{"line":1,"column":12}},"loc":{"start":{"line":1,"column":29},"end":{"line":10,"column":1}}}},"branchMap":{"0":{"loc":{"start":{"line":1,"column":12},"end":{"line":1,"column":null}},"type":"binary-expr","locations":[{"start":{"line":1,"column":12},"end":{"line":1,"column":29}},{"start":{"line":1,"column":29},"end":{"line":1,"column":null}}]}},"s":{"0":5,"1":5,"2":5,"3":5,"4":5,"5":5,"6":5,"7":5,"8":5},"f":{"0":5},"b":{"0":[5,5]}}
,"C:\\Users\\Oleg\\Documents\\GitHub\\cryo\\backend\\security-service\\src\\common\\exceptions\\security.exception.ts": {"path":"C:\\Users\\Oleg\\Documents\\GitHub\\cryo\\backend\\security-service\\src\\common\\exceptions\\security.exception.ts","statementMap":{"0":{"start":{"line":1,"column":0},"end":{"line":1,"column":59}},"1":{"start":{"line":5,"column":4},"end":{"line":12,"column":6}},"2":{"start":{"line":3,"column":0},"end":{"line":3,"column":13}},"3":{"start":{"line":18,"column":4},"end":{"line":26,"column":6}},"4":{"start":{"line":16,"column":0},"end":{"line":16,"column":13}},"5":{"start":{"line":32,"column":4},"end":{"line":40,"column":6}},"6":{"start":{"line":30,"column":0},"end":{"line":30,"column":13}},"7":{"start":{"line":46,"column":4},"end":{"line":54,"column":6}},"8":{"start":{"line":44,"column":0},"end":{"line":44,"column":13}}},"fnMap":{"0":{"name":"(anonymous_0)","decl":{"start":{"line":4,"column":2},"end":{"line":4,"column":14}},"loc":{"start":{"line":4,"column":49},"end":{"line":13,"column":3}}},"1":{"name":"(anonymous_1)","decl":{"start":{"line":17,"column":2},"end":{"line":17,"column":14}},"loc":{"start":{"line":17,"column":45},"end":{"line":27,"column":3}}},"2":{"name":"(anonymous_2)","decl":{"start":{"line":31,"column":2},"end":{"line":31,"column":14}},"loc":{"start":{"line":31,"column":50},"end":{"line":41,"column":3}}},"3":{"name":"(anonymous_3)","decl":{"start":{"line":45,"column":2},"end":{"line":45,"column":14}},"loc":{"start":{"line":45,"column":44},"end":{"line":55,"column":3}}}},"branchMap":{},"s":{"0":1,"1":2,"2":1,"3":1,"4":1,"5":0,"6":1,"7":1,"8":1},"f":{"0":2,"1":1,"2":0,"3":1},"b":{}}
,"C:\\Users\\Oleg\\Documents\\GitHub\\cryo\\backend\\security-service\\src\\common\\filters\\global-exception.filter.ts": {"path":"C:\\Users\\Oleg\\Documents\\GitHub\\cryo\\backend\\security-service\\src\\common\\filters\\global-exception.filter.ts","statementMap":{"0":{"start":{"line":1,"column":0},"end":{"line":1,"column":null}},"1":{"start":{"line":9,"column":0},"end":{"line":9,"column":47}},"2":{"start":{"line":10,"column":0},"end":{"line":10,"column":60}},"3":{"start":{"line":12,"column":0},"end":{"line":12,"column":null}},"4":{"start":{"line":19,"column":21},"end":{"line":51,"column":1}},"5":{"start":{"line":21,"column":2},"end":{"line":23,"column":3}},"6":{"start":{"line":22,"column":4},"end":{"line":22,"column":35}},"7":{"start":{"line":24,"column":2},"end":{"line":26,"column":3}},"8":{"start":{"line":25,"column":4},"end":{"line":25,"column":24}},"9":{"start":{"line":27,"column":2},"end":{"line":29,"column":3}},"10":{"start":{"line":28,"column":4},"end":{"line":28,"column":33}},"11":{"start":{"line":30,"column":2},"end":{"line":32,"column":3}},"12":{"start":{"line":31,"column":4},"end":{"line":31,"column":33}},"13":{"start":{"line":35,"column":2},"end":{"line":50,"column":3}},"14":{"start":{"line":37,"column":6},"end":{"line":37,"column":32}},"15":{"start":{"line":39,"column":6},"end":{"line":39,"column":31}},"16":{"start":{"line":41,"column":6},"end":{"line":41,"column":25}},"17":{"start":{"line":43,"column":6},"end":{"line":43,"column":25}},"18":{"start":{"line":45,"column":6},"end":{"line":45,"column":30}},"19":{"start":{"line":47,"column":6},"end":{"line":47,"column":35}},"20":{"start":{"line":49,"column":6},"end":{"line":49,"column":37}},"21":{"start":{"line":54,"column":7},"end":{"line":134,"column":null}},"22":{"start":{"line":56,"column":21},"end":{"line":56,"column":38}},"23":{"start":{"line":57,"column":59},"end":{"line":57,"column":80}},"24":{"start":{"line":61,"column":28},"end":{"line":61,"column":48}},"25":{"start":{"line":62,"column":16},"end":{"line":62,"column":35}},"26":{"start":{"line":64,"column":19},"end":{"line":64,"column":53}},"27":{"start":{"line":65,"column":19},"end":{"line":65,"column":84}},"28":{"start":{"line":66,"column":17},"end":{"line":66,"column":75}},"29":{"start":{"line":69,"column":46},"end":{"line":69,"column":48}},"30":{"start":{"line":72,"column":4},"end":{"line":100,"column":5}},"31":{"start":{"line":73,"column":23},"end":{"line":73,"column":53}},"32":{"start":{"line":74,"column":6},"end":{"line":74,"column":33}},"33":{"start":{"line":75,"column":6},"end":{"line":77,"column":7}},"34":{"start":{"line":76,"column":8},"end":{"line":76,"column":54}},"35":{"start":{"line":78,"column":11},"end":{"line":100,"column":5}},"36":{"start":{"line":79,"column":23},"end":{"line":79,"column":53}},"37":{"start":{"line":80,"column":6},"end":{"line":80,"column":33}},"38":{"start":{"line":81,"column":6},"end":{"line":81,"column":38}},"39":{"start":{"line":82,"column":6},"end":{"line":84,"column":7}},"40":{"start":{"line":83,"column":8},"end":{"line":83,"column":60}},"41":{"start":{"line":85,"column":11},"end":{"line":100,"column":5}},"42":{"start":{"line":86,"column":23},"end":{"line":86,"column":53}},"43":{"start":{"line":87,"column":6},"end":{"line":87,"column":33}},"44":{"start":{"line":88,"column":6},"end":{"line":88,"column":46}},"45":{"start":{"line":89,"column":6},"end":{"line":89,"column":58}},"46":{"start":{"line":90,"column":11},"end":{"line":100,"column":5}},"47":{"start":{"line":91,"column":23},"end":{"line":91,"column":53}},"48":{"start":{"line":92,"column":6},"end":{"line":92,"column":33}},"49":{"start":{"line":93,"column":6},"end":{"line":93,"column":44}},"50":{"start":{"line":94,"column":6},"end":{"line":94,"column":52}},"51":{"start":{"line":97,"column":6},"end":{"line":99,"column":41}},"52":{"start":{"line":102,"column":17},"end":{"line":110,"column":15}},"53":{"start":{"line":112,"column":4},"end":{"line":119,"column":18}},"54":{"start":{"line":113,"column":6},"end":{"line":118,"column":9}},"55":{"start":{"line":121,"column":4},"end":{"line":130,"column":18}},"56":{"start":{"line":124,"column":6},"end":{"line":129,"column":8}},"57":{"start":{"line":132,"column":4},"end":{"line":132,"column":55}},"58":{"start":{"line":54,"column":13},"end":{"line":54,"column":34}},"59":{"start":{"line":54,"column":13},"end":{"line":134,"column":null}}},"fnMap":{"0":{"name":"(anonymous_4)","decl":{"start":{"line":19,"column":21},"end":{"line":19,"column":22}},"loc":{"start":{"line":19,"column":69},"end":{"line":51,"column":1}}},"1":{"name":"(anonymous_5)","decl":{"start":{"line":55,"column":2},"end":{"line":55,"column":null}},"loc":{"start":{"line":57,"column":80},"end":{"line":58,"column":6}}},"2":{"name":"(anonymous_6)","decl":{"start":{"line":60,"column":2},"end":{"line":60,"column":7}},"loc":{"start":{"line":60,"column":47},"end":{"line":133,"column":3}}}},"branchMap":{"0":{"loc":{"start":{"line":21,"column":2},"end":{"line":23,"column":3}},"type":"if","locations":[{"start":{"line":21,"column":2},"end":{"line":23,"column":3}},{"start":{},"end":{}}]},"1":{"loc":{"start":{"line":24,"column":2},"end":{"line":26,"column":3}},"type":"if","locations":[{"start":{"line":24,"column":2},"end":{"line":26,"column":3}},{"start":{},"end":{}}]},"2":{"loc":{"start":{"line":27,"column":2},"end":{"line":29,"column":3}},"type":"if","locations":[{"start":{"line":27,"column":2},"end":{"line":29,"column":3}},{"start":{},"end":{}}]},"3":{"loc":{"start":{"line":30,"column":2},"end":{"line":32,"column":3}},"type":"if","locations":[{"start":{"line":30,"column":2},"end":{"line":32,"column":3}},{"start":{},"end":{}}]},"4":{"loc":{"start":{"line":35,"column":2},"end":{"line":50,"column":3}},"type":"switch","locations":[{"start":{"line":36,"column":4},"end":{"line":37,"column":32}},{"start":{"line":38,"column":4},"end":{"line":39,"column":31}},{"start":{"line":40,"column":4},"end":{"line":41,"column":25}},{"start":{"line":42,"column":4},"end":{"line":43,"column":25}},{"start":{"line":44,"column":4},"end":{"line":45,"column":30}},{"start":{"line":46,"column":4},"end":{"line":47,"column":35}},{"start":{"line":48,"column":4},"end":{"line":49,"column":37}}]},"5":{"loc":{"start":{"line":65,"column":19},"end":{"line":65,"column":84}},"type":"cond-expr","locations":[{"start":{"line":65,"column":28},"end":{"line":65,"column":49}},{"start":{"line":65,"column":52},"end":{"line":65,"column":84}}]},"6":{"loc":{"start":{"line":66,"column":17},"end":{"line":66,"column":75}},"type":"cond-expr","locations":[{"start":{"line":66,"column":26},"end":{"line":66,"column":49}},{"start":{"line":66,"column":52},"end":{"line":66,"column":75}}]},"7":{"loc":{"start":{"line":72,"column":4},"end":{"line":100,"column":5}},"type":"if","locations":[{"start":{"line":72,"column":4},"end":{"line":100,"column":5}},{"start":{"line":78,"column":11},"end":{"line":100,"column":5}}]},"8":{"loc":{"start":{"line":75,"column":6},"end":{"line":77,"column":7}},"type":"if","locations":[{"start":{"line":75,"column":6},"end":{"line":77,"column":7}},{"start":{},"end":{}}]},"9":{"loc":{"start":{"line":78,"column":11},"end":{"line":100,"column":5}},"type":"if","locations":[{"start":{"line":78,"column":11},"end":{"line":100,"column":5}},{"start":{"line":85,"column":11},"end":{"line":100,"column":5}}]},"10":{"loc":{"start":{"line":82,"column":6},"end":{"line":84,"column":7}},"type":"if","locations":[{"start":{"line":82,"column":6},"end":{"line":84,"column":7}},{"start":{},"end":{}}]},"11":{"loc":{"start":{"line":85,"column":11},"end":{"line":100,"column":5}},"type":"if","locations":[{"start":{"line":85,"column":11},"end":{"line":100,"column":5}},{"start":{"line":90,"column":11},"end":{"line":100,"column":5}}]},"12":{"loc":{"start":{"line":90,"column":11},"end":{"line":100,"column":5}},"type":"if","locations":[{"start":{"line":90,"column":11},"end":{"line":100,"column":5}},{"start":{"line":95,"column":11},"end":{"line":100,"column":5}}]},"13":{"loc":{"start":{"line":97,"column":16},"end":{"line":99,"column":40}},"type":"cond-expr","locations":[{"start":{"line":98,"column":11},"end":{"line":98,"column":42}},{"start":{"line":99,"column":11},"end":{"line":99,"column":40}}]},"14":{"loc":{"start":{"line":99,"column":11},"end":{"line":99,"column":40}},"type":"binary-expr","locations":[{"start":{"line":99,"column":11},"end":{"line":99,"column":32}},{"start":{"line":99,"column":36},"end":{"line":99,"column":40}}]},"15":{"loc":{"start":{"line":116,"column":20},"end":{"line":116,"column":65}},"type":"binary-expr","locations":[{"start":{"line":116,"column":20},"end":{"line":116,"column":44}},{"start":{"line":116,"column":48},"end":{"line":116,"column":65}}]},"16":{"loc":{"start":{"line":128,"column":9},"end":{"line":128,"column":54}},"type":"binary-expr","locations":[{"start":{"line":128,"column":9},"end":{"line":128,"column":33}},{"start":{"line":128,"column":37},"end":{"line":128,"column":54}}]}},"s":{"0":1,"1":1,"2":1,"3":1,"4":1,"5":4,"6":2,"7":2,"8":1,"9":1,"10":0,"11":1,"12":1,"13":0,"14":0,"15":0,"16":0,"17":0,"18":0,"19":0,"20":0,"21":1,"22":4,"23":4,"24":4,"25":4,"26":4,"27":4,"28":4,"29":4,"30":4,"31":2,"32":2,"33":2,"34":1,"35":2,"36":1,"37":1,"38":1,"39":1,"40":1,"41":1,"42":0,"43":0,"44":0,"45":0,"46":1,"47":1,"48":1,"49":1,"50":1,"51":0,"52":4,"53":4,"54":4,"55":4,"56":4,"57":4,"58":1,"59":1},"f":{"0":4,"1":4,"2":4},"b":{"0":[2,2],"1":[1,1],"2":[0,1],"3":[1,0],"4":[0,0,0,0,0,0,0],"5":[4,0],"6":[4,0],"7":[2,2],"8":[1,1],"9":[1,1],"10":[1,0],"11":[0,1],"12":[1,0],"13":[0,0],"14":[0,0],"15":[4,0],"16":[4,0]}}
,"C:\\Users\\Oleg\\Documents\\GitHub\\cryo\\backend\\security-service\\src\\common\\guards\\admin.guard.ts": {"path":"C:\\Users\\Oleg\\Documents\\GitHub\\cryo\\backend\\security-service\\src\\common\\guards\\admin.guard.ts","statementMap":{"0":{"start":{"line":1,"column":0},"end":{"line":1,"column":95}},"1":{"start":{"line":2,"column":0},"end":{"line":2,"column":51}},"2":{"start":{"line":5,"column":7},"end":{"line":21,"column":null}},"3":{"start":{"line":6,"column":31},"end":{"line":6,"column":37}},"4":{"start":{"line":9,"column":16},"end":{"line":9,"column":51}},"5":{"start":{"line":11,"column":15},"end":{"line":11,"column":23}},"6":{"start":{"line":12,"column":4},"end":{"line":14,"column":5}},"7":{"start":{"line":13,"column":6},"end":{"line":13,"column":77}},"8":{"start":{"line":15,"column":29},"end":{"line":15,"column":46}},"9":{"start":{"line":16,"column":20},"end":{"line":16,"column":95}},"10":{"start":{"line":17,"column":4},"end":{"line":17,"column":76}},"11":{"start":{"line":17,"column":18},"end":{"line":17,"column":76}},"12":{"start":{"line":18,"column":4},"end":{"line":18,"column":20}},"13":{"start":{"line":19,"column":4},"end":{"line":19,"column":16}},"14":{"start":{"line":5,"column":13},"end":{"line":5,"column":23}},"15":{"start":{"line":5,"column":13},"end":{"line":21,"column":null}}},"fnMap":{"0":{"name":"(anonymous_2)","decl":{"start":{"line":6,"column":2},"end":{"line":6,"column":31}},"loc":{"start":{"line":6,"column":48},"end":{"line":6,"column":52}}},"1":{"name":"(anonymous_3)","decl":{"start":{"line":8,"column":2},"end":{"line":8,"column":7}},"loc":{"start":{"line":8,"column":45},"end":{"line":20,"column":3}}}},"branchMap":{"0":{"loc":{"start":{"line":12,"column":4},"end":{"line":14,"column":5}},"type":"if","locations":[{"start":{"line":12,"column":4},"end":{"line":14,"column":5}},{"start":{},"end":{}}]},"1":{"loc":{"start":{"line":15,"column":29},"end":{"line":15,"column":46}},"type":"binary-expr","locations":[{"start":{"line":15,"column":29},"end":{"line":15,"column":40}},{"start":{"line":15,"column":44},"end":{"line":15,"column":46}}]},"2":{"loc":{"start":{"line":16,"column":20},"end":{"line":16,"column":95}},"type":"binary-expr","locations":[{"start":{"line":16,"column":20},"end":{"line":16,"column":42}},{"start":{"line":16,"column":46},"end":{"line":16,"column":69}},{"start":{"line":16,"column":73},"end":{"line":16,"column":95}}]},"3":{"loc":{"start":{"line":17,"column":4},"end":{"line":17,"column":76}},"type":"if","locations":[{"start":{"line":17,"column":4},"end":{"line":17,"column":76}},{"start":{},"end":{}}]}},"s":{"0":0,"1":0,"2":0,"3":0,"4":0,"5":0,"6":0,"7":0,"8":0,"9":0,"10":0,"11":0,"12":0,"13":0,"14":0,"15":0},"f":{"0":0,"1":0},"b":{"0":[0,0],"1":[0,0],"2":[0,0,0],"3":[0,0]}}
,"C:\\Users\\Oleg\\Documents\\GitHub\\cryo\\backend\\security-service\\src\\common\\guards\\auth.guard.ts": {"path":"C:\\Users\\Oleg\\Documents\\GitHub\\cryo\\backend\\security-service\\src\\common\\guards\\auth.guard.ts","statementMap":{"0":{"start":{"line":1,"column":0},"end":{"line":1,"column":98}},"1":{"start":{"line":2,"column":0},"end":{"line":2,"column":51}},"2":{"start":{"line":5,"column":7},"end":{"line":16,"column":null}},"3":{"start":{"line":6,"column":31},"end":{"line":6,"column":37}},"4":{"start":{"line":9,"column":16},"end":{"line":9,"column":51}},"5":{"start":{"line":10,"column":23},"end":{"line":10,"column":73}},"6":{"start":{"line":11,"column":17},"end":{"line":11,"column":62}},"7":{"start":{"line":12,"column":4},"end":{"line":12,"column":75}},"8":{"start":{"line":12,"column":15},"end":{"line":12,"column":75}},"9":{"start":{"line":13,"column":4},"end":{"line":13,"column":20}},"10":{"start":{"line":14,"column":4},"end":{"line":14,"column":16}},"11":{"start":{"line":5,"column":13},"end":{"line":5,"column":22}},"12":{"start":{"line":5,"column":13},"end":{"line":16,"column":null}}},"fnMap":{"0":{"name":"(anonymous_2)","decl":{"start":{"line":6,"column":2},"end":{"line":6,"column":31}},"loc":{"start":{"line":6,"column":48},"end":{"line":6,"column":52}}},"1":{"name":"(anonymous_3)","decl":{"start":{"line":8,"column":2},"end":{"line":8,"column":7}},"loc":{"start":{"line":8,"column":45},"end":{"line":15,"column":3}}}},"branchMap":{"0":{"loc":{"start":{"line":12,"column":4},"end":{"line":12,"column":75}},"type":"if","locations":[{"start":{"line":12,"column":4},"end":{"line":12,"column":75}},{"start":{},"end":{}}]}},"s":{"0":0,"1":0,"2":0,"3":0,"4":0,"5":0,"6":0,"7":0,"8":0,"9":0,"10":0,"11":0,"12":0},"f":{"0":0,"1":0},"b":{"0":[0,0]}}
,"C:\\Users\\Oleg\\Documents\\GitHub\\cryo\\backend\\security-service\\src\\common\\guards\\rate-limit.guard.ts": {"path":"C:\\Users\\Oleg\\Documents\\GitHub\\cryo\\backend\\security-service\\src\\common\\guards\\rate-limit.guard.ts","statementMap":{"0":{"start":{"line":1,"column":0},"end":{"line":1,"column":null}},"1":{"start":{"line":8,"column":0},"end":{"line":8,"column":41}},"2":{"start":{"line":9,"column":0},"end":{"line":9,"column":91}},"3":{"start":{"line":10,"column":0},"end":{"line":10,"column":77}},"4":{"start":{"line":13,"column":7},"end":{"line":46,"column":null}},"5":{"start":{"line":15,"column":21},"end":{"line":15,"column":32}},"6":{"start":{"line":16,"column":21},"end":{"line":16,"column":25}},"7":{"start":{"line":20,"column":17},"end":{"line":22,"column":null}},"8":{"start":{"line":24,"column":4},"end":{"line":24,"column":27}},"9":{"start":{"line":24,"column":15},"end":{"line":24,"column":27}},"10":{"start":{"line":25,"column":16},"end":{"line":25,"column":51}},"11":{"start":{"line":26,"column":16},"end":{"line":26,"column":90}},"12":{"start":{"line":27,"column":19},"end":{"line":27,"column":53}},"13":{"start":{"line":29,"column":4},"end":{"line":38,"column":5}},"14":{"start":{"line":31,"column":8},"end":{"line":31,"column":39}},"15":{"start":{"line":32,"column":8},"end":{"line":32,"column":14}},"16":{"start":{"line":34,"column":8},"end":{"line":34,"column":27}},"17":{"start":{"line":35,"column":8},"end":{"line":35,"column":14}},"18":{"start":{"line":37,"column":8},"end":{"line":37,"column":21}},"19":{"start":{"line":39,"column":16},"end":{"line":39,"column":56}},"20":{"start":{"line":40,"column":16},"end":{"line":40,"column":74}},"21":{"start":{"line":41,"column":4},"end":{"line":43,"column":5}},"22":{"start":{"line":42,"column":6},"end":{"line":42,"column":83}},"23":{"start":{"line":44,"column":4},"end":{"line":44,"column":16}},"24":{"start":{"line":13,"column":13},"end":{"line":13,"column":27}},"25":{"start":{"line":13,"column":13},"end":{"line":46,"column":null}}},"fnMap":{"0":{"name":"(anonymous_2)","decl":{"start":{"line":14,"column":2},"end":{"line":14,"column":null}},"loc":{"start":{"line":16,"column":41},"end":{"line":17,"column":6}}},"1":{"name":"(anonymous_3)","decl":{"start":{"line":19,"column":2},"end":{"line":19,"column":7}},"loc":{"start":{"line":19,"column":45},"end":{"line":45,"column":3}}}},"branchMap":{"0":{"loc":{"start":{"line":24,"column":4},"end":{"line":24,"column":27}},"type":"if","locations":[{"start":{"line":24,"column":4},"end":{"line":24,"column":27}},{"start":{},"end":{}}]},"1":{"loc":{"start":{"line":26,"column":16},"end":{"line":26,"column":90}},"type":"binary-expr","locations":[{"start":{"line":26,"column":16},"end":{"line":26,"column":80}},{"start":{"line":26,"column":84},"end":{"line":26,"column":90}}]},"2":{"loc":{"start":{"line":29,"column":4},"end":{"line":38,"column":5}},"type":"switch","locations":[{"start":{"line":30,"column":6},"end":{"line":32,"column":14}},{"start":{"line":33,"column":6},"end":{"line":35,"column":14}},{"start":{"line":36,"column":6},"end":{"line":37,"column":21}}]},"3":{"loc":{"start":{"line":29,"column":12},"end":{"line":29,"column":30}},"type":"binary-expr","locations":[{"start":{"line":29,"column":12},"end":{"line":29,"column":22}},{"start":{"line":29,"column":26},"end":{"line":29,"column":30}}]},"4":{"loc":{"start":{"line":31,"column":18},"end":{"line":31,"column":38}},"type":"binary-expr","locations":[{"start":{"line":31,"column":18},"end":{"line":31,"column":24}},{"start":{"line":31,"column":28},"end":{"line":31,"column":38}}]},"5":{"loc":{"start":{"line":41,"column":4},"end":{"line":43,"column":5}},"type":"if","locations":[{"start":{"line":41,"column":4},"end":{"line":43,"column":5}},{"start":{},"end":{}}]}},"s":{"0":0,"1":0,"2":0,"3":0,"4":0,"5":0,"6":0,"7":0,"8":0,"9":0,"10":0,"11":0,"12":0,"13":0,"14":0,"15":0,"16":0,"17":0,"18":0,"19":0,"20":0,"21":0,"22":0,"23":0,"24":0,"25":0},"f":{"0":0,"1":0},"b":{"0":[0,0],"1":[0,0],"2":[0,0,0],"3":[0,0],"4":[0,0],"5":[0,0]}}
,"C:\\Users\\Oleg\\Documents\\GitHub\\cryo\\backend\\security-service\\src\\common\\interceptors\\security-logging.interceptor.ts": {"path":"C:\\Users\\Oleg\\Documents\\GitHub\\cryo\\backend\\security-service\\src\\common\\interceptors\\security-logging.interceptor.ts","statementMap":{"0":{"start":{"line":1,"column":0},"end":{"line":1,"column":null}},"1":{"start":{"line":8,"column":0},"end":{"line":8,"column":60}},"2":{"start":{"line":9,"column":0},"end":{"line":9,"column":40}},"3":{"start":{"line":10,"column":0},"end":{"line":10,"column":39}},"4":{"start":{"line":14,"column":7},"end":{"line":55,"column":null}},"5":{"start":{"line":15,"column":69},"end":{"line":15,"column":90}},"6":{"start":{"line":18,"column":16},"end":{"line":18,"column":51}},"7":{"start":{"line":19,"column":36},"end":{"line":19,"column":39}},"8":{"start":{"line":20,"column":18},"end":{"line":20,"column":28}},"9":{"start":{"line":21,"column":16},"end":{"line":21,"column":90}},"10":{"start":{"line":22,"column":19},"end":{"line":22,"column":39}},"11":{"start":{"line":23,"column":27},"end":{"line":23,"column":82}},"12":{"start":{"line":25,"column":4},"end":{"line":53,"column":6}},"13":{"start":{"line":28,"column":22},"end":{"line":28,"column":58}},"14":{"start":{"line":29,"column":10},"end":{"line":37,"column":13}},"15":{"start":{"line":40,"column":22},"end":{"line":40,"column":58}},"16":{"start":{"line":41,"column":10},"end":{"line":50,"column":13}},"17":{"start":{"line":14,"column":13},"end":{"line":14,"column":39}},"18":{"start":{"line":14,"column":13},"end":{"line":55,"column":null}}},"fnMap":{"0":{"name":"(anonymous_4)","decl":{"start":{"line":15,"column":2},"end":{"line":15,"column":15}},"loc":{"start":{"line":15,"column":90},"end":{"line":15,"column":94}}},"1":{"name":"(anonymous_5)","decl":{"start":{"line":17,"column":2},"end":{"line":17,"column":11}},"loc":{"start":{"line":17,"column":56},"end":{"line":54,"column":3}}},"2":{"name":"(anonymous_6)","decl":{"start":{"line":27,"column":14},"end":{"line":27,"column":17}},"loc":{"start":{"line":27,"column":19},"end":{"line":38,"column":9}}},"3":{"name":"(anonymous_7)","decl":{"start":{"line":39,"column":15},"end":{"line":39,"column":16}},"loc":{"start":{"line":39,"column":23},"end":{"line":51,"column":9}}}},"branchMap":{"0":{"loc":{"start":{"line":21,"column":16},"end":{"line":21,"column":90}},"type":"binary-expr","locations":[{"start":{"line":21,"column":16},"end":{"line":21,"column":80}},{"start":{"line":21,"column":84},"end":{"line":21,"column":90}}]},"1":{"loc":{"start":{"line":22,"column":19},"end":{"line":22,"column":39}},"type":"binary-expr","locations":[{"start":{"line":22,"column":19},"end":{"line":22,"column":31}},{"start":{"line":22,"column":35},"end":{"line":22,"column":39}}]},"2":{"loc":{"start":{"line":23,"column":27},"end":{"line":23,"column":82}},"type":"binary-expr","locations":[{"start":{"line":23,"column":27},"end":{"line":23,"column":69}},{"start":{"line":23,"column":73},"end":{"line":23,"column":82}}]},"3":{"loc":{"start":{"line":31,"column":17},"end":{"line":31,"column":39}},"type":"binary-expr","locations":[{"start":{"line":31,"column":17},"end":{"line":31,"column":28}},{"start":{"line":31,"column":32},"end":{"line":31,"column":39}}]},"4":{"loc":{"start":{"line":43,"column":17},"end":{"line":43,"column":39}},"type":"binary-expr","locations":[{"start":{"line":43,"column":17},"end":{"line":43,"column":28}},{"start":{"line":43,"column":32},"end":{"line":43,"column":39}}]}},"s":{"0":0,"1":0,"2":0,"3":0,"4":0,"5":0,"6":0,"7":0,"8":0,"9":0,"10":0,"11":0,"12":0,"13":0,"14":0,"15":0,"16":0,"17":0,"18":0},"f":{"0":0,"1":0,"2":0,"3":0},"b":{"0":[0,0],"1":[0,0],"2":[0,0],"3":[0,0],"4":[0,0]}}
,"C:\\Users\\Oleg\\Documents\\GitHub\\cryo\\backend\\security-service\\src\\common\\metrics\\metrics.module.ts": {"path":"C:\\Users\\Oleg\\Documents\\GitHub\\cryo\\backend\\security-service\\src\\common\\metrics\\metrics.module.ts","statementMap":{"0":{"start":{"line":1,"column":0},"end":{"line":1,"column":40}},"1":{"start":{"line":2,"column":0},"end":{"line":2,"column":null}},"2":{"start":{"line":8,"column":0},"end":{"line":8,"column":51}},"3":{"start":{"line":52,"column":7},"end":{"line":52,"column":null}},"4":{"start":{"line":52,"column":13},"end":{"line":52,"column":26}},"5":{"start":{"line":52,"column":13},"end":{"line":52,"column":null}}},"fnMap":{},"branchMap":{},"s":{"0":0,"1":0,"2":0,"3":0,"4":0,"5":0},"f":{},"b":{}}
,"C:\\Users\\Oleg\\Documents\\GitHub\\cryo\\backend\\security-service\\src\\common\\metrics\\metrics.service.ts": {"path":"C:\\Users\\Oleg\\Documents\\GitHub\\cryo\\backend\\security-service\\src\\common\\metrics\\metrics.service.ts","statementMap":{"0":{"start":{"line":1,"column":0},"end":{"line":1,"column":54}},"1":{"start":{"line":2,"column":0},"end":{"line":2,"column":59}},"2":{"start":{"line":6,"column":7},"end":{"line":38,"column":null}},"3":{"start":{"line":8,"column":63},"end":{"line":8,"column":87}},"4":{"start":{"line":11,"column":12},"end":{"line":11,"column":45}},"5":{"start":{"line":12,"column":63},"end":{"line":12,"column":87}},"6":{"start":{"line":13,"column":57},"end":{"line":13,"column":83}},"7":{"start":{"line":14,"column":64},"end":{"line":14,"column":90}},"8":{"start":{"line":15,"column":64},"end":{"line":15,"column":92}},"9":{"start":{"line":19,"column":4},"end":{"line":19,"column":57}},"10":{"start":{"line":20,"column":4},"end":{"line":20,"column":94}},"11":{"start":{"line":20,"column":39},"end":{"line":20,"column":94}},"12":{"start":{"line":24,"column":4},"end":{"line":24,"column":41}},"13":{"start":{"line":28,"column":4},"end":{"line":28,"column":35}},"14":{"start":{"line":32,"column":4},"end":{"line":32,"column":33}},"15":{"start":{"line":36,"column":4},"end":{"line":36,"column":34}},"16":{"start":{"line":6,"column":13},"end":{"line":6,"column":27}},"17":{"start":{"line":6,"column":13},"end":{"line":38,"column":null}}},"fnMap":{"0":{"name":"(anonymous_4)","decl":{"start":{"line":7,"column":2},"end":{"line":7,"column":null}},"loc":{"start":{"line":15,"column":92},"end":{"line":16,"column":6}}},"1":{"name":"(anonymous_5)","decl":{"start":{"line":18,"column":2},"end":{"line":18,"column":13}},"loc":{"start":{"line":18,"column":70},"end":{"line":21,"column":3}}},"2":{"name":"(anonymous_6)","decl":{"start":{"line":23,"column":2},"end":{"line":23,"column":13}},"loc":{"start":{"line":23,"column":44},"end":{"line":25,"column":3}}},"3":{"name":"(anonymous_7)","decl":{"start":{"line":27,"column":2},"end":{"line":27,"column":15}},"loc":{"start":{"line":27,"column":30},"end":{"line":29,"column":3}}},"4":{"name":"(anonymous_8)","decl":{"start":{"line":31,"column":2},"end":{"line":31,"column":21}},"loc":{"start":{"line":31,"column":34},"end":{"line":33,"column":3}}},"5":{"name":"(anonymous_9)","decl":{"start":{"line":35,"column":2},"end":{"line":35,"column":17}},"loc":{"start":{"line":35,"column":31},"end":{"line":37,"column":3}}}},"branchMap":{"0":{"loc":{"start":{"line":20,"column":4},"end":{"line":20,"column":94}},"type":"if","locations":[{"start":{"line":20,"column":4},"end":{"line":20,"column":94}},{"start":{},"end":{}}]}},"s":{"0":5,"1":5,"2":5,"3":0,"4":0,"5":0,"6":0,"7":0,"8":0,"9":0,"10":0,"11":0,"12":0,"13":0,"14":0,"15":0,"16":5,"17":5},"f":{"0":0,"1":0,"2":0,"3":0,"4":0,"5":0},"b":{"0":[0,0]}}
,"C:\\Users\\Oleg\\Documents\\GitHub\\cryo\\backend\\security-service\\src\\common\\middleware\\ip-block.middleware.ts": {"path":"C:\\Users\\Oleg\\Documents\\GitHub\\cryo\\backend\\security-service\\src\\common\\middleware\\ip-block.middleware.ts","statementMap":{"0":{"start":{"line":1,"column":0},"end":{"line":1,"column":60}},"1":{"start":{"line":3,"column":0},"end":{"line":3,"column":74}},"2":{"start":{"line":6,"column":7},"end":{"line":26,"column":null}},"3":{"start":{"line":7,"column":31},"end":{"line":7,"column":41}},"4":{"start":{"line":10,"column":16},"end":{"line":10,"column":90}},"5":{"start":{"line":11,"column":4},"end":{"line":11,"column":27}},"6":{"start":{"line":11,"column":13},"end":{"line":11,"column":27}},"7":{"start":{"line":12,"column":4},"end":{"line":23,"column":5}},"8":{"start":{"line":13,"column":22},"end":{"line":13,"column":57}},"9":{"start":{"line":14,"column":6},"end":{"line":20,"column":7}},"10":{"start":{"line":15,"column":8},"end":{"line":19,"column":11}},"11":{"start":{"line":24,"column":4},"end":{"line":24,"column":18}},"12":{"start":{"line":6,"column":13},"end":{"line":6,"column":30}},"13":{"start":{"line":6,"column":13},"end":{"line":26,"column":null}}},"fnMap":{"0":{"name":"(anonymous_2)","decl":{"start":{"line":7,"column":2},"end":{"line":7,"column":31}},"loc":{"start":{"line":7,"column":56},"end":{"line":7,"column":60}}},"1":{"name":"(anonymous_3)","decl":{"start":{"line":9,"column":2},"end":{"line":9,"column":7}},"loc":{"start":{"line":9,"column":55},"end":{"line":25,"column":3}}}},"branchMap":{"0":{"loc":{"start":{"line":10,"column":16},"end":{"line":10,"column":90}},"type":"binary-expr","locations":[{"start":{"line":10,"column":16},"end":{"line":10,"column":80}},{"start":{"line":10,"column":84},"end":{"line":10,"column":90}}]},"1":{"loc":{"start":{"line":11,"column":4},"end":{"line":11,"column":27}},"type":"if","locations":[{"start":{"line":11,"column":4},"end":{"line":11,"column":27}},{"start":{},"end":{}}]},"2":{"loc":{"start":{"line":14,"column":6},"end":{"line":20,"column":7}},"type":"if","locations":[{"start":{"line":14,"column":6},"end":{"line":20,"column":7}},{"start":{},"end":{}}]},"3":{"loc":{"start":{"line":18,"column":16},"end":{"line":18,"column":42}},"type":"binary-expr","locations":[{"start":{"line":18,"column":16},"end":{"line":18,"column":31}},{"start":{"line":18,"column":35},"end":{"line":18,"column":42}}]}},"s":{"0":1,"1":1,"2":1,"3":2,"4":2,"5":2,"6":0,"7":2,"8":2,"9":2,"10":1,"11":1,"12":1,"13":1},"f":{"0":2,"1":2},"b":{"0":[2,2],"1":[0,2],"2":[1,1],"3":[1,0]}}
,"C:\\Users\\Oleg\\Documents\\GitHub\\cryo\\backend\\security-service\\src\\common\\middleware\\logging.middleware.ts": {"path":"C:\\Users\\Oleg\\Documents\\GitHub\\cryo\\backend\\security-service\\src\\common\\middleware\\logging.middleware.ts","statementMap":{"0":{"start":{"line":1,"column":0},"end":{"line":1,"column":83}},"1":{"start":{"line":3,"column":0},"end":{"line":3,"column":60}},"2":{"start":{"line":6,"column":7},"end":{"line":33,"column":null}},"3":{"start":{"line":9,"column":21},"end":{"line":9,"column":42}},"4":{"start":{"line":13,"column":18},"end":{"line":13,"column":28}},"5":{"start":{"line":14,"column":36},"end":{"line":14,"column":39}},"6":{"start":{"line":15,"column":27},"end":{"line":15,"column":82}},"7":{"start":{"line":16,"column":16},"end":{"line":16,"column":90}},"8":{"start":{"line":18,"column":4},"end":{"line":29,"column":7}},"9":{"start":{"line":19,"column":25},"end":{"line":19,"column":43}},"10":{"start":{"line":20,"column":6},"end":{"line":28,"column":9}},"11":{"start":{"line":31,"column":4},"end":{"line":31,"column":11}},"12":{"start":{"line":6,"column":13},"end":{"line":6,"column":30}},"13":{"start":{"line":6,"column":13},"end":{"line":33,"column":null}}},"fnMap":{"0":{"name":"(anonymous_4)","decl":{"start":{"line":7,"column":2},"end":{"line":7,"column":null}},"loc":{"start":{"line":9,"column":42},"end":{"line":10,"column":6}}},"1":{"name":"(anonymous_5)","decl":{"start":{"line":12,"column":2},"end":{"line":12,"column":5}},"loc":{"start":{"line":12,"column":53},"end":{"line":32,"column":3}}},"2":{"name":"(anonymous_6)","decl":{"start":{"line":18,"column":21},"end":{"line":18,"column":24}},"loc":{"start":{"line":18,"column":26},"end":{"line":29,"column":5}}}},"branchMap":{"0":{"loc":{"start":{"line":15,"column":27},"end":{"line":15,"column":82}},"type":"binary-expr","locations":[{"start":{"line":15,"column":27},"end":{"line":15,"column":69}},{"start":{"line":15,"column":73},"end":{"line":15,"column":82}}]},"1":{"loc":{"start":{"line":16,"column":16},"end":{"line":16,"column":90}},"type":"binary-expr","locations":[{"start":{"line":16,"column":16},"end":{"line":16,"column":80}},{"start":{"line":16,"column":84},"end":{"line":16,"column":90}}]},"2":{"loc":{"start":{"line":22,"column":13},"end":{"line":22,"column":35}},"type":"binary-expr","locations":[{"start":{"line":22,"column":13},"end":{"line":22,"column":24}},{"start":{"line":22,"column":28},"end":{"line":22,"column":35}}]},"3":{"loc":{"start":{"line":26,"column":17},"end":{"line":26,"column":46}},"type":"binary-expr","locations":[{"start":{"line":26,"column":17},"end":{"line":26,"column":38}},{"start":{"line":26,"column":42},"end":{"line":26,"column":46}}]}},"s":{"0":0,"1":0,"2":0,"3":0,"4":0,"5":0,"6":0,"7":0,"8":0,"9":0,"10":0,"11":0,"12":0,"13":0},"f":{"0":0,"1":0,"2":0},"b":{"0":[0,0],"1":[0,0],"2":[0,0],"3":[0,0]}}
,"C:\\Users\\Oleg\\Documents\\GitHub\\cryo\\backend\\security-service\\src\\config\\env.validation.ts": {"path":"C:\\Users\\Oleg\\Documents\\GitHub\\cryo\\backend\\security-service\\src\\config\\env.validation.ts","statementMap":{"0":{"start":{"line":1,"column":0},"end":{"line":1,"column":27}},"1":{"start":{"line":3,"column":13},"end":{"line":21,"column":3}}},"fnMap":{},"branchMap":{},"s":{"0":0,"1":0},"f":{},"b":{}}
,"C:\\Users\\Oleg\\Documents\\GitHub\\cryo\\backend\\security-service\\src\\config\\logger.config.ts": {"path":"C:\\Users\\Oleg\\Documents\\GitHub\\cryo\\backend\\security-service\\src\\config\\logger.config.ts","statementMap":{"0":{"start":{"line":1,"column":0},"end":{"line":1,"column":93}},"1":{"start":{"line":2,"column":0},"end":{"line":2,"column":35}},"2":{"start":{"line":4,"column":21},"end":{"line":4,"column":58}},"3":{"start":{"line":6,"column":13},"end":{"line":23,"column":2}}},"fnMap":{},"branchMap":{"0":{"loc":{"start":{"line":7,"column":9},"end":{"line":7,"column":40}},"type":"binary-expr","locations":[{"start":{"line":7,"column":9},"end":{"line":7,"column":30}},{"start":{"line":7,"column":34},"end":{"line":7,"column":40}}]},"1":{"loc":{"start":{"line":10,"column":14},"end":{"line":18,"column":null}},"type":"cond-expr","locations":[{"start":{"line":11,"column":10},"end":{"line":11,"column":83}},{"start":{"line":12,"column":10},"end":{"line":18,"column":null}}]}},"s":{"0":0,"1":0,"2":0,"3":0},"f":{},"b":{"0":[0,0],"1":[0,0]}}
,"C:\\Users\\Oleg\\Documents\\GitHub\\cryo\\backend\\security-service\\src\\database\\database.config.ts": {"path":"C:\\Users\\Oleg\\Documents\\GitHub\\cryo\\backend\\security-service\\src\\database\\database.config.ts","statementMap":{"0":{"start":{"line":1,"column":0},"end":{"line":1,"column":44}},"1":{"start":{"line":2,"column":0},"end":{"line":2,"column":47}},"2":{"start":{"line":6,"column":7},"end":{"line":38,"column":null}},"3":{"start":{"line":7,"column":31},"end":{"line":7,"column":39}},"4":{"start":{"line":10,"column":24},"end":{"line":10,"column":63}},"5":{"start":{"line":11,"column":19},"end":{"line":11,"column":71}},"6":{"start":{"line":13,"column":4},"end":{"line":23,"column":5}},"7":{"start":{"line":14,"column":6},"end":{"line":22,"column":8}},"8":{"start":{"line":25,"column":4},"end":{"line":36,"column":6}},"9":{"start":{"line":6,"column":13},"end":{"line":6,"column":27}},"10":{"start":{"line":6,"column":13},"end":{"line":38,"column":null}}},"fnMap":{"0":{"name":"(anonymous_2)","decl":{"start":{"line":7,"column":2},"end":{"line":7,"column":31}},"loc":{"start":{"line":7,"column":52},"end":{"line":7,"column":56}}},"1":{"name":"(anonymous_3)","decl":{"start":{"line":9,"column":2},"end":{"line":9,"column":22}},"loc":{"start":{"line":9,"column":22},"end":{"line":37,"column":3}}}},"branchMap":{"0":{"loc":{"start":{"line":13,"column":4},"end":{"line":23,"column":5}},"type":"if","locations":[{"start":{"line":13,"column":4},"end":{"line":23,"column":5}},{"start":{},"end":{}}]},"1":{"loc":{"start":{"line":21,"column":13},"end":{"line":21,"column":59}},"type":"cond-expr","locations":[{"start":{"line":21,"column":22},"end":{"line":21,"column":51}},{"start":{"line":21,"column":54},"end":{"line":21,"column":59}}]}},"s":{"0":1,"1":1,"2":1,"3":4,"4":3,"5":3,"6":3,"7":2,"8":1,"9":1,"10":1},"f":{"0":4,"1":3},"b":{"0":[2,1],"1":[2,0]}}
,"C:\\Users\\Oleg\\Documents\\GitHub\\cryo\\backend\\security-service\\src\\database\\database.module.ts": {"path":"C:\\Users\\Oleg\\Documents\\GitHub\\cryo\\backend\\security-service\\src\\database\\database.module.ts","statementMap":{"0":{"start":{"line":1,"column":0},"end":{"line":1,"column":40}},"1":{"start":{"line":2,"column":0},"end":{"line":2,"column":48}},"2":{"start":{"line":3,"column":0},"end":{"line":3,"column":51}},"3":{"start":{"line":14,"column":7},"end":{"line":14,"column":null}},"4":{"start":{"line":14,"column":13},"end":{"line":14,"column":27}},"5":{"start":{"line":14,"column":13},"end":{"line":14,"column":null}}},"fnMap":{},"branchMap":{},"s":{"0":0,"1":0,"2":0,"3":0,"4":0,"5":0},"f":{},"b":{}}
,"C:\\Users\\Oleg\\Documents\\GitHub\\cryo\\backend\\security-service\\src\\database\\migrations\\1699999999999-CreateEnumTypes.ts": {"path":"C:\\Users\\Oleg\\Documents\\GitHub\\cryo\\backend\\security-service\\src\\database\\migrations\\1699999999999-CreateEnumTypes.ts","statementMap":{"0":{"start":{"line":4,"column":2},"end":{"line":4,"column":40}},"1":{"start":{"line":7,"column":4},"end":{"line":9,"column":57}},"2":{"start":{"line":11,"column":4},"end":{"line":13,"column":57}},"3":{"start":{"line":15,"column":4},"end":{"line":17,"column":57}},"4":{"start":{"line":3,"column":0},"end":{"line":3,"column":13}}},"fnMap":{"0":{"name":"(anonymous_0)","decl":{"start":{"line":3,"column":0},"end":{"line":3,"column":13}},"loc":{"start":{"line":3,"column":0},"end":{"line":23,"column":1}}},"1":{"name":"(anonymous_1)","decl":{"start":{"line":6,"column":9},"end":{"line":6,"column":14}},"loc":{"start":{"line":6,"column":42},"end":{"line":18,"column":3}}},"2":{"name":"(anonymous_2)","decl":{"start":{"line":20,"column":9},"end":{"line":20,"column":14}},"loc":{"start":{"line":20,"column":45},"end":{"line":22,"column":3}}}},"branchMap":{},"s":{"0":0,"1":0,"2":0,"3":0,"4":0},"f":{"0":0,"1":0,"2":0},"b":{}}
,"C:\\Users\\Oleg\\Documents\\GitHub\\cryo\\backend\\security-service\\src\\database\\migrations\\1700000000001-InitSecurityTables.ts": {"path":"C:\\Users\\Oleg\\Documents\\GitHub\\cryo\\backend\\security-service\\src\\database\\migrations\\1700000000001-InitSecurityTables.ts","statementMap":{"0":{"start":{"line":4,"column":2},"end":{"line":4,"column":43}},"1":{"start":{"line":7,"column":4},"end":{"line":7,"column":74}},"2":{"start":{"line":10,"column":4},"end":{"line":22,"column":7}},"3":{"start":{"line":23,"column":4},"end":{"line":23,"column":100}},"4":{"start":{"line":24,"column":4},"end":{"line":26,"column":6}},"5":{"start":{"line":27,"column":4},"end":{"line":27,"column":96}},"6":{"start":{"line":28,"column":4},"end":{"line":30,"column":6}},"7":{"start":{"line":33,"column":4},"end":{"line":47,"column":7}},"8":{"start":{"line":48,"column":4},"end":{"line":50,"column":6}},"9":{"start":{"line":53,"column":4},"end":{"line":64,"column":7}},"10":{"start":{"line":65,"column":4},"end":{"line":65,"column":84}},"11":{"start":{"line":66,"column":4},"end":{"line":66,"column":95}},"12":{"start":{"line":70,"column":4},"end":{"line":70,"column":83}},"13":{"start":{"line":71,"column":4},"end":{"line":71,"column":79}},"14":{"start":{"line":72,"column":4},"end":{"line":72,"column":64}},"15":{"start":{"line":74,"column":4},"end":{"line":74,"column":91}},"16":{"start":{"line":75,"column":4},"end":{"line":75,"column":70}},"17":{"start":{"line":77,"column":4},"end":{"line":77,"column":93}},"18":{"start":{"line":78,"column":4},"end":{"line":78,"column":85}},"19":{"start":{"line":79,"column":4},"end":{"line":79,"column":87}},"20":{"start":{"line":80,"column":4},"end":{"line":80,"column":87}},"21":{"start":{"line":81,"column":4},"end":{"line":81,"column":70}},"22":{"start":{"line":3,"column":0},"end":{"line":3,"column":13}}},"fnMap":{"0":{"name":"(anonymous_0)","decl":{"start":{"line":3,"column":0},"end":{"line":3,"column":13}},"loc":{"start":{"line":3,"column":0},"end":{"line":83,"column":1}}},"1":{"name":"(anonymous_1)","decl":{"start":{"line":6,"column":9},"end":{"line":6,"column":14}},"loc":{"start":{"line":6,"column":42},"end":{"line":67,"column":3}}},"2":{"name":"(anonymous_2)","decl":{"start":{"line":69,"column":9},"end":{"line":69,"column":14}},"loc":{"start":{"line":69,"column":44},"end":{"line":82,"column":3}}}},"branchMap":{},"s":{"0":0,"1":0,"2":0,"3":0,"4":0,"5":0,"6":0,"7":0,"8":0,"9":0,"10":0,"11":0,"12":0,"13":0,"14":0,"15":0,"16":0,"17":0,"18":0,"19":0,"20":0,"21":0,"22":0},"f":{"0":0,"1":0,"2":0},"b":{}}
,"C:\\Users\\Oleg\\Documents\\GitHub\\cryo\\backend\\security-service\\src\\database\\migrations\\1700000000002-AddMissingIndexes.ts": {"path":"C:\\Users\\Oleg\\Documents\\GitHub\\cryo\\backend\\security-service\\src\\database\\migrations\\1700000000002-AddMissingIndexes.ts","statementMap":{"0":{"start":{"line":4,"column":2},"end":{"line":4,"column":42}},"1":{"start":{"line":7,"column":4},"end":{"line":9,"column":6}},"2":{"start":{"line":10,"column":4},"end":{"line":12,"column":6}},"3":{"start":{"line":13,"column":4},"end":{"line":15,"column":6}},"4":{"start":{"line":16,"column":4},"end":{"line":18,"column":6}},"5":{"start":{"line":20,"column":4},"end":{"line":22,"column":6}},"6":{"start":{"line":26,"column":4},"end":{"line":26,"column":90}},"7":{"start":{"line":27,"column":4},"end":{"line":27,"column":93}},"8":{"start":{"line":28,"column":4},"end":{"line":28,"column":87}},"9":{"start":{"line":29,"column":4},"end":{"line":29,"column":91}},"10":{"start":{"line":30,"column":4},"end":{"line":30,"column":87}},"11":{"start":{"line":3,"column":0},"end":{"line":3,"column":13}}},"fnMap":{"0":{"name":"(anonymous_0)","decl":{"start":{"line":3,"column":0},"end":{"line":3,"column":13}},"loc":{"start":{"line":3,"column":0},"end":{"line":32,"column":1}}},"1":{"name":"(anonymous_1)","decl":{"start":{"line":6,"column":9},"end":{"line":6,"column":14}},"loc":{"start":{"line":6,"column":42},"end":{"line":23,"column":3}}},"2":{"name":"(anonymous_2)","decl":{"start":{"line":25,"column":9},"end":{"line":25,"column":14}},"loc":{"start":{"line":25,"column":44},"end":{"line":31,"column":3}}}},"branchMap":{},"s":{"0":0,"1":0,"2":0,"3":0,"4":0,"5":0,"6":0,"7":0,"8":0,"9":0,"10":0,"11":0},"f":{"0":0,"1":0,"2":0},"b":{}}
,"C:\\Users\\Oleg\\Documents\\GitHub\\cryo\\backend\\security-service\\src\\dto\\internal\\create-security-event.dto.ts": {"path":"C:\\Users\\Oleg\\Documents\\GitHub\\cryo\\backend\\security-service\\src\\dto\\internal\\create-security-event.dto.ts","statementMap":{"0":{"start":{"line":4,"column":0},"end":{"line":4,"column":13}}},"fnMap":{},"branchMap":{},"s":{"0":0},"f":{},"b":{}}
,"C:\\Users\\Oleg\\Documents\\GitHub\\cryo\\backend\\security-service\\src\\dto\\requests\\block-ip.dto.ts": {"path":"C:\\Users\\Oleg\\Documents\\GitHub\\cryo\\backend\\security-service\\src\\dto\\requests\\block-ip.dto.ts","statementMap":{"0":{"start":{"line":1,"column":0},"end":{"line":1,"column":61}},"1":{"start":{"line":2,"column":0},"end":{"line":2,"column":46}},"2":{"start":{"line":4,"column":0},"end":{"line":4,"column":13}},"3":{"start":{"line":7,"column":2},"end":{"line":7,"column":null}},"4":{"start":{"line":11,"column":2},"end":{"line":11,"column":null}},"5":{"start":{"line":16,"column":2},"end":{"line":16,"column":null}}},"fnMap":{},"branchMap":{},"s":{"0":0,"1":0,"2":0,"3":0,"4":0,"5":0},"f":{},"b":{}}
,"C:\\Users\\Oleg\\Documents\\GitHub\\cryo\\backend\\security-service\\src\\dto\\requests\\check-login-security.dto.ts": {"path":"C:\\Users\\Oleg\\Documents\\GitHub\\cryo\\backend\\security-service\\src\\dto\\requests\\check-login-security.dto.ts","statementMap":{"0":{"start":{"line":1,"column":0},"end":{"line":1,"column":79}},"1":{"start":{"line":2,"column":0},"end":{"line":2,"column":67}},"2":{"start":{"line":4,"column":0},"end":{"line":4,"column":13}},"3":{"start":{"line":7,"column":2},"end":{"line":7,"column":null}},"4":{"start":{"line":11,"column":2},"end":{"line":11,"column":null}},"5":{"start":{"line":16,"column":2},"end":{"line":16,"column":null}},"6":{"start":{"line":21,"column":2},"end":{"line":21,"column":null}}},"fnMap":{},"branchMap":{},"s":{"0":0,"1":0,"2":0,"3":0,"4":0,"5":0,"6":0},"f":{},"b":{}}
,"C:\\Users\\Oleg\\Documents\\GitHub\\cryo\\backend\\security-service\\src\\dto\\requests\\check-transaction-security.dto.ts": {"path":"C:\\Users\\Oleg\\Documents\\GitHub\\cryo\\backend\\security-service\\src\\dto\\requests\\check-transaction-security.dto.ts","statementMap":{"0":{"start":{"line":1,"column":0},"end":{"line":1,"column":94}},"1":{"start":{"line":2,"column":0},"end":{"line":2,"column":67}},"2":{"start":{"line":4,"column":0},"end":{"line":4,"column":13}},"3":{"start":{"line":7,"column":2},"end":{"line":7,"column":null}},"4":{"start":{"line":12,"column":2},"end":{"line":12,"column":null}},"5":{"start":{"line":16,"column":2},"end":{"line":16,"column":null}},"6":{"start":{"line":20,"column":2},"end":{"line":20,"column":null}},"7":{"start":{"line":25,"column":2},"end":{"line":25,"column":null}}},"fnMap":{},"branchMap":{},"s":{"0":0,"1":0,"2":0,"3":0,"4":0,"5":0,"6":0,"7":0},"f":{},"b":{}}
,"C:\\Users\\Oleg\\Documents\\GitHub\\cryo\\backend\\security-service\\src\\dto\\requests\\create-security-alert.dto.ts": {"path":"C:\\Users\\Oleg\\Documents\\GitHub\\cryo\\backend\\security-service\\src\\dto\\requests\\create-security-alert.dto.ts","statementMap":{"0":{"start":{"line":1,"column":0},"end":{"line":1,"column":77}},"1":{"start":{"line":2,"column":0},"end":{"line":2,"column":80}},"2":{"start":{"line":3,"column":0},"end":{"line":3,"column":88}},"3":{"start":{"line":4,"column":0},"end":{"line":4,"column":67}},"4":{"start":{"line":6,"column":0},"end":{"line":6,"column":13}},"5":{"start":{"line":9,"column":2},"end":{"line":9,"column":null}},"6":{"start":{"line":13,"column":2},"end":{"line":13,"column":null}},"7":{"start":{"line":18,"column":2},"end":{"line":18,"column":null}},"8":{"start":{"line":23,"column":2},"end":{"line":23,"column":null}},"9":{"start":{"line":28,"column":2},"end":{"line":28,"column":null}}},"fnMap":{},"branchMap":{},"s":{"0":0,"1":0,"2":0,"3":0,"4":0,"5":0,"6":0,"7":0,"8":0,"9":0},"f":{},"b":{}}
,"C:\\Users\\Oleg\\Documents\\GitHub\\cryo\\backend\\security-service\\src\\dto\\requests\\create-security-event.dto.ts": {"path":"C:\\Users\\Oleg\\Documents\\GitHub\\cryo\\backend\\security-service\\src\\dto\\requests\\create-security-event.dto.ts","statementMap":{"0":{"start":{"line":1,"column":0},"end":{"line":1,"column":69}},"1":{"start":{"line":4,"column":0},"end":{"line":4,"column":13}}},"fnMap":{},"branchMap":{},"s":{"0":0,"1":0},"f":{},"b":{}}
,"C:\\Users\\Oleg\\Documents\\GitHub\\cryo\\backend\\security-service\\src\\dto\\requests\\report-security-event.dto.ts": {"path":"C:\\Users\\Oleg\\Documents\\GitHub\\cryo\\backend\\security-service\\src\\dto\\requests\\report-security-event.dto.ts","statementMap":{"0":{"start":{"line":1,"column":0},"end":{"line":1,"column":77}},"1":{"start":{"line":2,"column":0},"end":{"line":2,"column":80}},"2":{"start":{"line":3,"column":0},"end":{"line":3,"column":67}},"3":{"start":{"line":5,"column":0},"end":{"line":5,"column":13}},"4":{"start":{"line":8,"column":2},"end":{"line":8,"column":null}},"5":{"start":{"line":13,"column":2},"end":{"line":13,"column":null}},"6":{"start":{"line":17,"column":2},"end":{"line":17,"column":null}},"7":{"start":{"line":21,"column":2},"end":{"line":21,"column":null}}},"fnMap":{},"branchMap":{},"s":{"0":0,"1":0,"2":0,"3":0,"4":0,"5":0,"6":0,"7":0},"f":{},"b":{}}
,"C:\\Users\\Oleg\\Documents\\GitHub\\cryo\\backend\\security-service\\src\\dto\\responses\\ip-status-result.dto.ts": {"path":"C:\\Users\\Oleg\\Documents\\GitHub\\cryo\\backend\\security-service\\src\\dto\\responses\\ip-status-result.dto.ts","statementMap":{"0":{"start":{"line":1,"column":0},"end":{"line":1,"column":74}},"1":{"start":{"line":2,"column":0},"end":{"line":2,"column":67}},"2":{"start":{"line":4,"column":0},"end":{"line":4,"column":13}},"3":{"start":{"line":7,"column":2},"end":{"line":7,"column":null}},"4":{"start":{"line":12,"column":2},"end":{"line":12,"column":null}},"5":{"start":{"line":17,"column":2},"end":{"line":17,"column":null}}},"fnMap":{},"branchMap":{},"s":{"0":0,"1":0,"2":0,"3":0,"4":0,"5":0},"f":{},"b":{}}
,"C:\\Users\\Oleg\\Documents\\GitHub\\cryo\\backend\\security-service\\src\\dto\\responses\\paginated-security-alerts.dto.ts": {"path":"C:\\Users\\Oleg\\Documents\\GitHub\\cryo\\backend\\security-service\\src\\dto\\responses\\paginated-security-alerts.dto.ts","statementMap":{"0":{"start":{"line":1,"column":0},"end":{"line":1,"column":54}},"1":{"start":{"line":2,"column":0},"end":{"line":2,"column":46}},"2":{"start":{"line":3,"column":0},"end":{"line":3,"column":69}},"3":{"start":{"line":5,"column":0},"end":{"line":5,"column":13}},"4":{"start":{"line":8,"column":2},"end":{"line":8,"column":null}},"5":{"start":{"line":13,"column":2},"end":{"line":13,"column":null}},"6":{"start":{"line":18,"column":2},"end":{"line":18,"column":null}},"7":{"start":{"line":23,"column":2},"end":{"line":23,"column":null}}},"fnMap":{},"branchMap":{},"s":{"0":0,"1":0,"2":0,"3":0,"4":0,"5":0,"6":0,"7":0},"f":{},"b":{}}
,"C:\\Users\\Oleg\\Documents\\GitHub\\cryo\\backend\\security-service\\src\\dto\\responses\\paginated-security-logs.dto.ts": {"path":"C:\\Users\\Oleg\\Documents\\GitHub\\cryo\\backend\\security-service\\src\\dto\\responses\\paginated-security-logs.dto.ts","statementMap":{"0":{"start":{"line":1,"column":0},"end":{"line":1,"column":69}},"1":{"start":{"line":2,"column":0},"end":{"line":2,"column":54}},"2":{"start":{"line":3,"column":0},"end":{"line":3,"column":46}},"3":{"start":{"line":5,"column":0},"end":{"line":5,"column":13}},"4":{"start":{"line":8,"column":2},"end":{"line":8,"column":null}},"5":{"start":{"line":13,"column":2},"end":{"line":13,"column":null}},"6":{"start":{"line":18,"column":2},"end":{"line":18,"column":null}},"7":{"start":{"line":23,"column":2},"end":{"line":23,"column":null}}},"fnMap":{},"branchMap":{},"s":{"0":0,"1":0,"2":0,"3":0,"4":0,"5":0,"6":0,"7":0},"f":{},"b":{}}
[...]
,"C:\\Users\\Oleg\\Documents\\GitHub\\cryo\\backend\\security-service\\src\\modules\\security\\security.module.ts": {"path":"C:\\Users\\Oleg\\Documents\\GitHub\\cryo\\backend\\security-service\\src\\modules\\security\\security.module.ts","statementMap":{"0":{"start":{"line":1,"column":0},"end":{"line":1,"column":40}},"1":{"start":{"line":2,"column":0},"end":{"line":2,"column":48}},"2":{"start":{"line":3,"column":0},"end":{"line":3,"column":57}},"3":{"start":{"line":4,"column":0},"end":{"line":4,"column":69}},"4":{"start":{"line":5,"column":0},"end":{"line":5,"column":56}},"5":{"start":{"line":6,"column":0},"end":{"line":6,"column":53}},"6":{"start":{"line":7,"column":0},"end":{"line":7,"column":49}},"7":{"start":{"line":8,"column":0},"end":{"line":8,"column":61}},"8":{"start":{"line":9,"column":0},"end":{"line":9,"column":61}},"9":{"start":{"line":10,"column":0},"end":{"line":10,"column":70}},"10":{"start":{"line":11,"column":0},"end":{"line":11,"column":61}},"11":{"start":{"line":12,"column":0},"end":{"line":12,"column":59}},"12":{"start":{"line":20,"column":7},"end":{"line":20,"column":null}},"13":{"start":{"line":20,"column":13},"end":{"line":20,"column":27}},"14":{"start":{"line":20,"column":13},"end":{"line":20,"column":null}}},"fnMap":{},"branchMap":{},"s":{"0":0,"1":0,"2":0,"3":0,"4":0,"5":0,"6":0,"7":0,"8":0,"9":0,"10":0,"11":0,"12":0,"13":0,"14":0},"f":{},"b":{}}
,"C:\\Users\\Oleg\\Documents\\GitHub\\cryo\\backend\\security-service\\src\\modules\\security\\security.service.ts": {"path":"C:\\Users\\Oleg\\Documents\\GitHub\\cryo\\backend\\security-service\\src\\modules\\security\\security.service.ts","statementMap":{"0":{"start":{"line":1,"column":0},"end":{"line":1,"column":62}},"1":{"start":{"line":2,"column":0},"end":{"line":2,"column":51}},"2":{"start":{"line":3,"column":0},"end":{"line":3,"column":37}},"3":{"start":{"line":4,"column":0},"end":{"line":4,"column":57}},"4":{"start":{"line":5,"column":0},"end":{"line":5,"column":57}},"5":{"start":{"line":9,"column":0},"end":{"line":9,"column":80}},"6":{"start":{"line":11,"column":0},"end":{"line":11,"column":56}},"7":{"start":{"line":12,"column":0},"end":{"line":12,"column":47}},"8":{"start":{"line":13,"column":0},"end":{"line":13,"column":59}},"9":{"start":{"line":16,"column":0},"end":{"line":16,"column":70}},"10":{"start":{"line":17,"column":0},"end":{"line":17,"column":70}},"11":{"start":{"line":20,"column":7},"end":{"line":278,"column":null}},"12":{"start":{"line":22,"column":21},"end":{"line":22,"column":30}},"13":{"start":{"line":23,"column":21},"end":{"line":23,"column":25}},"14":{"start":{"line":24,"column":21},"end":{"line":24,"column":29}},"15":{"start":{"line":26,"column":21},"end":{"line":26,"column":34}},"16":{"start":{"line":28,"column":21},"end":{"line":28,"column":33}},"17":{"start":{"line":29,"column":33},"end":{"line":29,"column":43}},"18":{"start":{"line":30,"column":33},"end":{"line":30,"column":41}},"19":{"start":{"line":34,"column":20},"end":{"line":34,"column":50}},"20":{"start":{"line":35,"column":4},"end":{"line":52,"column":5}},"21":{"start":{"line":36,"column":42},"end":{"line":41,"column":8}},"22":{"start":{"line":42,"column":44},"end":{"line":49,"column":8}},"23":{"start":{"line":50,"column":6},"end":{"line":50,"column":49}},"24":{"start":{"line":51,"column":6},"end":{"line":51,"column":20}},"25":{"start":{"line":54,"column":26},"end":{"line":54,"column":85}},"26":{"start":{"line":55,"column":28},"end":{"line":55,"column":89}},"27":{"start":{"line":57,"column":17},"end":{"line":60,"column":null}},"28":{"start":{"line":62,"column":19},"end":{"line":65,"column":null}},"29":{"start":{"line":68,"column":20},"end":{"line":68,"column":50}},"30":{"start":{"line":69,"column":15},"end":{"line":69,"column":17}},"31":{"start":{"line":70,"column":4},"end":{"line":70,"column":93}},"32":{"start":{"line":71,"column":4},"end":{"line":71,"column":99}},"33":{"start":{"line":72,"column":4},"end":{"line":72,"column":30}},"34":{"start":{"line":75,"column":4},"end":{"line":78,"column":5}},"35":{"start":{"line":76,"column":6},"end":{"line":76,"column":37}},"36":{"start":{"line":77,"column":6},"end":{"line":77,"column":32}},"37":{"start":{"line":80,"column":40},"end":{"line":84,"column":6}},"38":{"start":{"line":87,"column":4},"end":{"line":100,"column":5}},"39":{"start":{"line":88,"column":6},"end":{"line":99,"column":7}},"40":{"start":{"line":89,"column":21},"end":{"line":89,"column":69}},"41":{"start":{"line":90,"column":8},"end":{"line":96,"column":9}},"42":{"start":{"line":91,"column":10},"end":{"line":91,"column":33}},"43":{"start":{"line":92,"column":10},"end":{"line":92,"column":33}},"44":{"start":{"line":93,"column":10},"end":{"line":93,"column":43}},"45":{"start":{"line":94,"column":15},"end":{"line":96,"column":9}},"46":{"start":{"line":95,"column":10},"end":{"line":95,"column":65}},"47":{"start":{"line":102,"column":42},"end":{"line":109,"column":6}},"48":{"start":{"line":110,"column":4},"end":{"line":110,"column":47}},"49":{"start":{"line":112,"column":4},"end":{"line":112,"column":58}},"50":{"start":{"line":114,"column":4},"end":{"line":114,"column":18}},"51":{"start":{"line":118,"column":20},"end":{"line":118,"column":50}},"52":{"start":{"line":119,"column":4},"end":{"line":135,"column":5}},"53":{"start":{"line":120,"column":42},"end":{"line":125,"column":8}},"54":{"start":{"line":126,"column":44},"end":{"line":132,"column":8}},"55":{"start":{"line":133,"column":6},"end":{"line":133,"column":49}},"56":{"start":{"line":134,"column":6},"end":{"line":134,"column":20}},"57":{"start":{"line":137,"column":26},"end":{"line":137,"column":85}},"58":{"start":{"line":138,"column":28},"end":{"line":138,"column":91}},"59":{"start":{"line":140,"column":18},"end":{"line":143,"column":null}},"60":{"start":{"line":146,"column":20},"end":{"line":146,"column":33}},"61":{"start":{"line":148,"column":6},"end":{"line":148,"column":92}},"62":{"start":{"line":151,"column":4},"end":{"line":154,"column":5}},"63":{"start":{"line":152,"column":6},"end":{"line":152,"column":17}},"64":{"start":{"line":153,"column":6},"end":{"line":153,"column":41}},"65":{"start":{"line":156,"column":4},"end":{"line":159,"column":5}},"66":{"start":{"line":157,"column":6},"end":{"line":157,"column":32}},"67":{"start":{"line":158,"column":6},"end":{"line":158,"column":81}},"68":{"start":{"line":161,"column":4},"end":{"line":161,"column":30}},"69":{"start":{"line":163,"column":40},"end":{"line":167,"column":6}},"70":{"start":{"line":169,"column":42},"end":{"line":175,"column":6}},"71":{"start":{"line":176,"column":4},"end":{"line":176,"column":47}},"72":{"start":{"line":178,"column":4},"end":{"line":178,"column":64}},"73":{"start":{"line":180,"column":4},"end":{"line":180,"column":18}},"74":{"start":{"line":184,"column":28},"end":{"line":184,"column":48}},"75":{"start":{"line":185,"column":18},"end":{"line":185,"column":63}},"76":{"start":{"line":186,"column":19},"end":{"line":186,"column":95}},"77":{"start":{"line":187,"column":4},"end":{"line":187,"column":40}},"78":{"start":{"line":189,"column":4},"end":{"line":189,"column":81}},"79":{"start":{"line":190,"column":42},"end":{"line":194,"column":6}},"80":{"start":{"line":195,"column":4},"end":{"line":195,"column":47}},"81":{"start":{"line":196,"column":4},"end":{"line":196,"column":40}},"82":{"start":{"line":200,"column":4},"end":{"line":215,"column":5}},"83":{"start":{"line":201,"column":20},"end":{"line":201,"column":68}},"84":{"start":{"line":202,"column":6},"end":{"line":202,"column":29}},"85":{"start":{"line":202,"column":17},"end":{"line":202,"column":29}},"86":{"start":{"line":204,"column":18},"end":{"line":204,"column":28}},"87":{"start":{"line":205,"column":21},"end":{"line":205,"column":86}},"88":{"start":{"line":206,"column":6},"end":{"line":206,"column":32}},"89":{"start":{"line":206,"column":19},"end":{"line":206,"column":32}},"90":{"start":{"line":207,"column":6},"end":{"line":207,"column":73}},"91":{"start":{"line":207,"column":61},"end":{"line":207,"column":73}},"92":{"start":{"line":209,"column":6},"end":{"line":209,"column":30}},"93":{"start":{"line":210,"column":6},"end":{"line":210,"column":42}},"94":{"start":{"line":211,"column":6},"end":{"line":211,"column":19}},"95":{"start":{"line":214,"column":6},"end":{"line":214,"column":19}},"96":{"start":{"line":219,"column":22},"end":{"line":219,"column":81}},"97":{"start":{"line":220,"column":16},"end":{"line":223,"column":null}},"98":{"start":{"line":225,"column":4},"end":{"line":225,"column":23}},"99":{"start":{"line":229,"column":16},"end":{"line":229,"column":17}},"100":{"start":{"line":230,"column":4},"end":{"line":242,"column":5}},"101":{"start":{"line":231,"column":22},"end":{"line":231,"column":56}},"102":{"start":{"line":232,"column":6},"end":{"line":232,"column":30}},"103":{"start":{"line":232,"column":19},"end":{"line":232,"column":30}},"104":{"start":{"line":233,"column":19},"end":{"line":235,"column":null}},"105":{"start":{"line":237,"column":6},"end":{"line":241,"column":8}},"106":{"start":{"line":244,"column":19},"end":{"line":246,"column":null}},"107":{"start":{"line":248,"column":4},"end":{"line":252,"column":6}},"108":{"start":{"line":254,"column":4},"end":{"line":259,"column":5}},"109":{"start":{"line":258,"column":6},"end":{"line":258,"column":18}},"110":{"start":{"line":262,"column":4},"end":{"line":270,"column":5}},"111":{"start":{"line":263,"column":6},"end":{"line":269,"column":7}},"112":{"start":{"line":264,"column":21},"end":{"line":264,"column":65}},"113":{"start":{"line":265,"column":8},"end":{"line":265,"column":37}},"114":{"start":{"line":265,"column":26},"end":{"line":265,"column":37}},"115":{"start":{"line":266,"column":8},"end":{"line":266,"column":60}},"116":{"start":{"line":266,"column":27},"end":{"line":266,"column":60}},"117":{"start":{"line":272,"column":4},"end":{"line":272,"column":44}},"118":{"start":{"line":276,"column":4},"end":{"line":276,"column":27}},"119":{"start":{"line":20,"column":13},"end":{"line":20,"column":28}},"120":{"start":{"line":20,"column":13},"end":{"line":278,"column":null}}},"fnMap":{"0":{"name":"(anonymous_4)","decl":{"start":{"line":21,"column":2},"end":{"line":21,"column":null}},"loc":{"start":{"line":30,"column":58},"end":{"line":31,"column":6}}},"1":{"name":"(anonymous_5)","decl":{"start":{"line":33,"column":2},"end":{"line":33,"column":7}},"loc":{"start":{"line":33,"column":53},"end":{"line":115,"column":3}}},"2":{"name":"(anonymous_6)","decl":{"start":{"line":117,"column":2},"end":{"line":117,"column":7}},"loc":{"start":{"line":117,"column":65},"end":{"line":181,"column":3}}},"3":{"name":"(anonymous_7)","decl":{"start":{"line":183,"column":2},"end":{"line":183,"column":7}},"loc":{"start":{"line":183,"column":67},"end":{"line":197,"column":3}}},"4":{"name":"(anonymous_8)","decl":{"start":{"line":199,"column":2},"end":{"line":199,"column":7}},"loc":{"start":{"line":199,"column":30},"end":{"line":216,"column":3}}},"5":{"name":"(anonymous_9)","decl":{"start":{"line":218,"column":2},"end":{"line":218,"column":7}},"loc":{"start":{"line":218,"column":65},"end":{"line":226,"column":3}}},"6":{"name":"(anonymous_10)","decl":{"start":{"line":228,"column":2},"end":{"line":228,"column":7}},"loc":{"start":{"line":228,"column":67},"end":{"line":273,"column":3}}},"7":{"name":"(anonymous_11)","decl":{"start":{"line":275,"column":10},"end":{"line":275,"column":13}},"loc":{"start":{"line":275,"column":23},"end":{"line":277,"column":3}}}},"branchMap":{"0":{"loc":{"start":{"line":35,"column":4},"end":{"line":52,"column":5}},"type":"if","locations":[{"start":{"line":35,"column":4},"end":{"line":52,"column":5}},{"start":{},"end":{}}]},"1":{"loc":{"start":{"line":68,"column":20},"end":{"line":68,"column":50}},"type":"binary-expr","locations":[{"start":{"line":68,"column":20},"end":{"line":68,"column":32}},{"start":{"line":68,"column":36},"end":{"line":68,"column":50}}]},"2":{"loc":{"start":{"line":75,"column":4},"end":{"line":78,"column":5}},"type":"if","locations":[{"start":{"line":75,"column":4},"end":{"line":78,"column":5}},{"start":{},"end":{}}]},"3":{"loc":{"start":{"line":87,"column":4},"end":{"line":100,"column":5}},"type":"if","locations":[{"start":{"line":87,"column":4},"end":{"line":100,"column":5}},{"start":{},"end":{}}]},"4":{"loc":{"start":{"line":87,"column":8},"end":{"line":87,"column":32}},"type":"binary-expr","locations":[{"start":{"line":87,"column":8},"end":{"line":87,"column":18}},{"start":{"line":87,"column":22},"end":{"line":87,"column":32}}]},"5":{"loc":{"start":{"line":90,"column":8},"end":{"line":96,"column":9}},"type":"if","locations":[{"start":{"line":90,"column":8},"end":{"line":96,"column":9}},{"start":{"line":94,"column":15},"end":{"line":96,"column":9}}]},"6":{"loc":{"start":{"line":94,"column":15},"end":{"line":96,"column":9}},"type":"if","locations":[{"start":{"line":94,"column":15},"end":{"line":96,"column":9}},{"start":{},"end":{}}]},"7":{"loc":{"start":{"line":119,"column":4},"end":{"line":135,"column":5}},"type":"if","locations":[{"start":{"line":119,"column":4},"end":{"line":135,"column":5}},{"start":{},"end":{}}]},"8":{"loc":{"start":{"line":151,"column":4},"end":{"line":154,"column":5}},"type":"if","locations":[{"start":{"line":151,"column":4},"end":{"line":154,"column":5}},{"start":{},"end":{}}]},"9":{"loc":{"start":{"line":151,"column":8},"end":{"line":151,"column":51}},"type":"binary-expr","locations":[{"start":{"line":151,"column":8},"end":{"line":151,"column":18}},{"start":{"line":151,"column":22},"end":{"line":151,"column":51}}]},"10":{"loc":{"start":{"line":156,"column":4},"end":{"line":159,"column":5}},"type":"if","locations":[{"start":{"line":156,"column":4},"end":{"line":159,"column":5}},{"start":{},"end":{}}]},"11":{"loc":{"start":{"line":158,"column":15},"end":{"line":158,"column":80}},"type":"cond-expr","locations":[{"start":{"line":158,"column":24},"end":{"line":158,"column":56}},{"start":{"line":158,"column":59},"end":{"line":158,"column":80}}]},"12":{"loc":{"start":{"line":202,"column":6},"end":{"line":202,"column":29}},"type":"if","locations":[{"start":{"line":202,"column":6},"end":{"line":202,"column":29}},{"start":{},"end":{}}]},"13":{"loc":{"start":{"line":206,"column":6},"end":{"line":206,"column":32}},"type":"if","locations":[{"start":{"line":206,"column":6},"end":{"line":206,"column":32}},{"start":{},"end":{}}]},"14":{"loc":{"start":{"line":207,"column":6},"end":{"line":207,"column":73}},"type":"if","locations":[{"start":{"line":207,"column":6},"end":{"line":207,"column":73}},{"start":{},"end":{}}]},"15":{"loc":{"start":{"line":207,"column":10},"end":{"line":207,"column":59}},"type":"binary-expr","locations":[{"start":{"line":207,"column":10},"end":{"line":207,"column":30}},{"start":{"line":207,"column":34},"end":{"line":207,"column":59}}]},"16":{"loc":{"start":{"line":230,"column":4},"end":{"line":242,"column":5}},"type":"if","locations":[{"start":{"line":230,"column":4},"end":{"line":242,"column":5}},{"start":{},"end":{}}]},"17":{"loc":{"start":{"line":232,"column":6},"end":{"line":232,"column":30}},"type":"if","locations":[{"start":{"line":232,"column":6},"end":{"line":232,"column":30}},{"start":{},"end":{}}]},"18":{"loc":{"start":{"line":254,"column":4},"end":{"line":259,"column":5}},"type":"if","locations":[{"start":{"line":254,"column":4},"end":{"line":259,"column":5}},{"start":{},"end":{}}]},"19":{"loc":{"start":{"line":255,"column":6},"end":{"line":256,"column":79}},"type":"binary-expr","locations":[{"start":{"line":255,"column":6},"end":{"line":255,"column":20}},{"start":{"line":256,"column":6},"end":{"line":256,"column":79}}]},"20":{"loc":{"start":{"line":262,"column":4},"end":{"line":270,"column":5}},"type":"if","locations":[{"start":{"line":262,"column":4},"end":{"line":270,"column":5}},{"start":{},"end":{}}]},"21":{"loc":{"start":{"line":265,"column":8},"end":{"line":265,"column":37}},"type":"if","locations":[{"start":{"line":265,"column":8},"end":{"line":265,"column":37}},{"start":{},"end":{}}]},"22":{"loc":{"start":{"line":266,"column":8},"end":{"line":266,"column":60}},"type":"if","locations":[{"start":{"line":266,"column":8},"end":{"line":266,"column":60}},{"start":{},"end":{}}]}},"s":{"0":3,"1":3,"2":3,"3":3,"4":3,"5":3,"6":3,"7":3,"8":3,"9":3,"10":3,"11":3,"12":7,"13":7,"14":7,"15":7,"16":7,"17":7,"18":7,"19":3,"20":3,"21":1,"22":1,"23":1,"24":1,"25":2,"26":2,"27":2,"28":2,"29":2,"30":2,"31":2,"32":2,"33":2,"34":2,"35":1,"36":1,"37":2,"38":2,"39":0,"40":0,"41":0,"42":0,"43":0,"44":0,"45":0,"46":0,"47":2,"48":2,"49":2,"50":2,"51":0,"52":0,"53":0,"54":0,"55":0,"56":0,"57":0,"58":0,"59":0,"60":0,"61":0,"62":0,"63":0,"64":0,"65":0,"66":0,"67":0,"68":0,"69":0,"70":0,"71":0,"72":0,"73":0,"74":1,"75":1,"76":1,"77":1,"78":1,"79":1,"80":1,"81":1,"82":3,"83":3,"84":3,"85":1,"86":2,"87":2,"88":0,"89":0,"90":0,"91":0,"92":0,"93":0,"94":0,"95":2,"96":0,"97":0,"98":0,"99":1,"100":1,"101":0,"102":0,"103":0,"104":0,"105":0,"106":1,"107":1,"108":1,"109":1,"110":1,"111":0,"112":0,"113":0,"114":0,"115":0,"116":0,"117":1,"118":9,"119":3,"120":3},"f":{"0":7,"1":3,"2":0,"3":1,"4":3,"5":0,"6":1,"7":9},"b":{"0":[1,2],"1":[2,1],"2":[1,1],"3":[0,2],"4":[2,2],"5":[0,0],"6":[0,0],"7":[0,0],"8":[0,0],"9":[0,0],"10":[0,0],"11":[0,0],"12":[1,2],"13":[0,0],"14":[0,0],"15":[0,0],"16":[0,1],"17":[0,0],"18":[1,0],"19":[1,1],"20":[0,1],"21":[0,0],"22":[0,0]}}
,"C:\\Users\\Oleg\\Documents\\GitHub\\cryo\\backend\\security-service\\src\\redis\\redis.constants.ts": {"path":"C:\\Users\\Oleg\\Documents\\GitHub\\cryo\\backend\\security-service\\src\\redis\\redis.constants.ts","statementMap":{"0":{"start":{"line":1,"column":13},"end":{"line":1,"column":51}}},"fnMap":{},"branchMap":{},"s":{"0":6},"f":{},"b":{}}
,"C:\\Users\\Oleg\\Documents\\GitHub\\cryo\\backend\\security-service\\src\\redis\\redis.module.ts": {"path":"C:\\Users\\Oleg\\Documents\\GitHub\\cryo\\backend\\security-service\\src\\redis\\redis.module.ts","statementMap":{"0":{"start":{"line":1,"column":0},"end":{"line":1,"column":48}},"1":{"start":{"line":2,"column":0},"end":{"line":2,"column":47}},"2":{"start":{"line":3,"column":0},"end":{"line":3,"column":28}},"3":{"start":{"line":4,"column":0},"end":{"line":4,"column":49}},"4":{"start":{"line":27,"column":7},"end":{"line":27,"column":null}},"5":{"start":{"line":27,"column":13},"end":{"line":27,"column":24}},"6":{"start":{"line":27,"column":13},"end":{"line":27,"column":null}},"7":{"start":{"line":13,"column":25},"end":{"line":13,"column":56}},"8":{"start":{"line":14,"column":8},"end":{"line":16,"column":9}},"9":{"start":{"line":15,"column":10},"end":{"line":15,"column":83}},"10":{"start":{"line":18,"column":21},"end":{"line":18,"column":66}},"11":{"start":{"line":19,"column":21},"end":{"line":19,"column":59}},"12":{"start":{"line":20,"column":25},"end":{"line":20,"column":73}},"13":{"start":{"line":21,"column":8},"end":{"line":21,"column":93}}},"fnMap":{"0":{"name":"(anonymous_1)","decl":{"start":{"line":12,"column":18},"end":{"line":12,"column":19}},"loc":{"start":{"line":12,"column":44},"end":{"line":22,"column":7}}}},"branchMap":{"0":{"loc":{"start":{"line":14,"column":8},"end":{"line":16,"column":9}},"type":"if","locations":[{"start":{"line":14,"column":8},"end":{"line":16,"column":9}},{"start":{},"end":{}}]}},"s":{"0":0,"1":0,"2":0,"3":0,"4":0,"5":0,"6":0,"7":0,"8":0,"9":0,"10":0,"11":0,"12":0,"13":0},"f":{"0":0},"b":{"0":[0,0]}}
}
