TN:
SF:src\app.controller.ts
FN:6,(anonymous_2)
FNF:1
FNH:1
FNDA:1,(anonymous_2)
DA:1,1
DA:4,1
DA:6,1
DA:7,1
LF:4
LH:4
BRF:0
BRH:0
end_of_record
TN:
SF:src\app.module.ts
FN:48,(anonymous_1)
FNF:1
FNH:0
FNDA:0,(anonymous_1)
DA:1,0
DA:2,0
DA:3,0
DA:4,0
DA:5,0
DA:6,0
DA:7,0
DA:8,0
DA:9,0
DA:10,0
DA:11,0
DA:12,0
DA:13,0
DA:14,0
DA:15,0
DA:16,0
DA:17,0
DA:18,0
DA:19,0
DA:20,0
DA:47,0
DA:49,0
LF:22
LH:0
BRF:0
BRH:0
end_of_record
TN:
SF:src\app.service.ts
FNF:0
FNH:0
DA:1,0
DA:4,0
LF:2
LH:0
BRF:0
BRH:0
end_of_record
TN:
SF:src\main.ts
FN:10,bootstrap
FN:50,(anonymous_1)
FN:60,(anonymous_2)
FN:61,(anonymous_3)
FNF:4
FNH:0
FNDA:0,bootstrap
FNDA:0,(anonymous_1)
FNDA:0,(anonymous_2)
FNDA:0,(anonymous_3)
DA:1,0
DA:2,0
DA:3,0
DA:4,0
DA:5,0
DA:6,0
DA:7,0
DA:8,0
DA:11,0
DA:13,0
DA:15,0
DA:23,0
DA:24,0
DA:27,0
DA:28,0
DA:29,0
DA:32,0
DA:38,0
DA:39,0
DA:41,0
DA:42,0
DA:44,0
DA:46,0
DA:48,0
DA:50,0
DA:51,0
DA:52,0
DA:53,0
DA:54,0
DA:56,0
DA:60,0
DA:61,0
DA:64,0
LF:33
LH:0
BRDA:41,0,0,0
BRDA:41,0,1,0
BRF:2
BRH:0
end_of_record
TN:
SF:src\clients\clients.module.ts
FNF:0
FNH:0
DA:1,0
DA:2,0
DA:3,0
DA:10,0
LF:4
LH:0
BRF:0
BRH:0
end_of_record
TN:
SF:src\clients\notification-service.client.ts
FN:19,(anonymous_4)
FN:27,(anonymous_5)
FN:33,(anonymous_6)
FNF:3
FNH:0
FNDA:0,(anonymous_4)
FNDA:0,(anonymous_5)
FNDA:0,(anonymous_6)
DA:1,0
DA:2,0
DA:3,0
DA:15,0
DA:20,0
DA:21,0
DA:23,0
DA:24,0
DA:28,0
DA:29,0
DA:30,0
DA:34,0
DA:35,0
DA:38,0
DA:40,0
DA:41,0
DA:46,0
DA:47,0
DA:53,0
LF:19
LH:0
BRDA:29,0,0,0
BRDA:29,0,1,0
BRDA:34,1,0,0
BRDA:34,1,1,0
BRDA:46,2,0,0
BRDA:46,2,1,0
BRF:6
BRH:0
end_of_record
TN:
SF:src\clients\user-service.client.ts
FN:17,(anonymous_4)
FN:25,(anonymous_5)
FN:31,(anonymous_6)
FN:49,(anonymous_7)
FNF:4
FNH:0
FNDA:0,(anonymous_4)
FNDA:0,(anonymous_5)
FNDA:0,(anonymous_6)
FNDA:0,(anonymous_7)
DA:1,3
DA:2,3
DA:3,3
DA:13,3
DA:18,0
DA:19,0
DA:21,0
DA:22,0
DA:26,0
DA:27,0
DA:28,0
DA:32,0
DA:33,0
DA:34,0
DA:37,0
DA:38,0
DA:39,0
DA:41,0
DA:45,0
DA:50,0
DA:51,0
DA:52,0
DA:55,0
DA:56,0
DA:57,0
DA:59,0
DA:63,0
LF:27
LH:4
BRDA:27,0,0,0
BRDA:27,0,1,0
BRDA:32,1,0,0
BRDA:32,1,1,0
BRDA:37,2,0,0
BRDA:37,2,1,0
BRDA:50,3,0,0
BRDA:50,3,1,0
BRDA:55,4,0,0
BRDA:55,4,1,0
BRF:10
BRH:0
end_of_record
TN:
SF:src\common\auth\auth.module.ts
FNF:0
FNH:0
DA:1,0
DA:2,0
DA:3,0
DA:4,0
DA:10,0
LF:5
LH:0
BRF:0
BRH:0
end_of_record
TN:
SF:src\common\auth\auth.service.ts
FN:15,(anonymous_2)
FN:20,(anonymous_3)
FNF:2
FNH:0
FNDA:0,(anonymous_2)
FNDA:0,(anonymous_3)
DA:1,0
DA:2,0
DA:3,0
DA:14,0
DA:16,0
DA:17,0
DA:21,0
DA:22,0
DA:23,0
DA:24,0
DA:25,0
DA:28,0
DA:29,0
DA:30,0
DA:32,0
LF:15
LH:0
BRDA:21,0,0,0
BRDA:21,0,1,0
BRDA:21,1,0,0
BRDA:21,1,1,0
BRDA:25,2,0,0
BRDA:25,2,1,0
BRF:6
BRH:0
end_of_record
TN:
SF:src\common\decorators\rate-limit.decorator.ts
FN:11,(anonymous_0)
FNF:1
FNH:0
FNDA:0,(anonymous_0)
DA:1,0
DA:10,0
DA:11,0
LF:3
LH:0
BRF:0
BRH:0
end_of_record
TN:
SF:src\common\decorators\user.decorator.ts
FN:14,(anonymous_0)
FNF:1
FNH:0
FNDA:0,(anonymous_0)
DA:1,0
DA:14,0
DA:15,0
DA:16,0
LF:4
LH:0
BRF:0
BRH:0
end_of_record
TN:
SF:src\common\encryption\encryption.module.ts
FNF:0
FNH:0
DA:1,0
DA:2,0
DA:8,0
LF:3
LH:0
BRF:0
BRH:0
end_of_record
TN:
SF:src\common\encryption\encryption.service.ts
FN:10,(anonymous_2)
FN:12,(anonymous_3)
FN:21,(anonymous_4)
FN:34,(anonymous_5)
FNF:4
FNH:0
FNDA:0,(anonymous_2)
FNDA:0,(anonymous_3)
FNDA:0,(anonymous_4)
FNDA:0,(anonymous_5)
DA:1,5
DA:2,5
DA:3,5
DA:6,5
DA:8,0
DA:10,0
DA:13,0
DA:14,0
DA:15,0
DA:18,0
DA:22,0
DA:24,0
DA:25,0
DA:26,0
DA:27,0
DA:28,0
DA:31,0
DA:35,0
DA:37,0
DA:38,0
DA:39,0
DA:41,0
DA:43,0
DA:44,0
DA:45,0
DA:46,0
DA:48,0
DA:49,0
DA:50,0
DA:52,0
DA:55,0
LF:31
LH:4
BRDA:14,0,0,0
BRDA:14,0,1,0
BRDA:22,1,0,0
BRDA:22,1,1,0
BRDA:22,2,0,0
BRDA:22,2,1,0
BRDA:35,3,0,0
BRDA:35,3,1,0
BRDA:35,4,0,0
BRDA:35,4,1,0
BRDA:39,5,0,0
BRDA:39,5,1,0
BRF:12
BRH:0
end_of_record
TN:
SF:src\common\enums\security-alert-severity.enum.ts
FN:1,(anonymous_0)
FNF:1
FNH:1
FNDA:5,(anonymous_0)
DA:1,5
DA:2,5
DA:3,5
DA:4,5
DA:5,5
LF:5
LH:5
BRDA:1,0,0,5
BRDA:1,0,1,5
BRF:2
BRH:2
end_of_record
TN:
SF:src\common\enums\security-alert-type.enum.ts
FN:1,(anonymous_0)
FNF:1
FNH:1
FNDA:5,(anonymous_0)
DA:1,5
DA:2,5
DA:3,5
DA:4,5
DA:5,5
DA:6,5
DA:7,5
LF:7
LH:7
BRDA:1,0,0,5
BRDA:1,0,1,5
BRF:2
BRH:2
end_of_record
TN:
SF:src\common\enums\security-event-type.enum.ts
FN:1,(anonymous_0)
FNF:1
FNH:1
FNDA:5,(anonymous_0)
DA:1,5
DA:2,5
DA:3,5
DA:4,5
DA:5,5
DA:6,5
DA:7,5
DA:8,5
DA:9,5
LF:9
LH:9
BRDA:1,0,0,5
BRDA:1,0,1,5
BRF:2
BRH:2
end_of_record
TN:
SF:src\common\exceptions\security.exception.ts
FN:4,(anonymous_0)
FN:17,(anonymous_1)
FN:31,(anonymous_2)
FN:45,(anonymous_3)
FNF:4
FNH:3
FNDA:2,(anonymous_0)
FNDA:1,(anonymous_1)
FNDA:0,(anonymous_2)
FNDA:1,(anonymous_3)
DA:1,1
DA:3,1
DA:5,2
DA:16,1
DA:18,1
DA:30,1
DA:32,0
DA:44,1
DA:46,1
LF:9
LH:8
BRF:0
BRH:0
end_of_record
TN:
SF:src\common\filters\global-exception.filter.ts
FN:19,(anonymous_4)
FN:55,(anonymous_5)
FN:60,(anonymous_6)
FNF:3
FNH:3
FNDA:4,(anonymous_4)
FNDA:4,(anonymous_5)
FNDA:4,(anonymous_6)
DA:1,1
DA:9,1
DA:10,1
DA:12,1
DA:19,1
DA:21,4
DA:22,2
DA:24,2
DA:25,1
DA:27,1
DA:28,0
DA:30,1
DA:31,1
DA:35,0
DA:37,0
DA:39,0
DA:41,0
DA:43,0
DA:45,0
DA:47,0
DA:49,0
DA:54,1
DA:56,4
DA:57,4
DA:61,4
DA:62,4
DA:64,4
DA:65,4
DA:66,4
DA:69,4
DA:72,4
DA:73,2
DA:74,2
DA:75,2
DA:76,1
DA:78,2
DA:79,1
DA:80,1
DA:81,1
DA:82,1
DA:83,1
DA:85,1
DA:86,0
DA:87,0
DA:88,0
DA:89,0
DA:90,1
DA:91,1
DA:92,1
DA:93,1
DA:94,1
DA:97,0
DA:102,4
DA:112,4
DA:113,4
DA:121,4
DA:124,4
DA:132,4
LF:58
LH:44
BRDA:21,0,0,2
BRDA:21,0,1,2
BRDA:24,1,0,1
BRDA:24,1,1,1
BRDA:27,2,0,0
BRDA:27,2,1,1
BRDA:30,3,0,1
BRDA:30,3,1,0
BRDA:35,4,0,0
BRDA:35,4,1,0
BRDA:35,4,2,0
BRDA:35,4,3,0
BRDA:35,4,4,0
BRDA:35,4,5,0
BRDA:35,4,6,0
BRDA:65,5,0,4
BRDA:65,5,1,0
BRDA:66,6,0,4
BRDA:66,6,1,0
BRDA:72,7,0,2
BRDA:72,7,1,2
BRDA:75,8,0,1
BRDA:75,8,1,1
BRDA:78,9,0,1
BRDA:78,9,1,1
BRDA:82,10,0,1
BRDA:82,10,1,0
BRDA:85,11,0,0
BRDA:85,11,1,1
BRDA:90,12,0,1
BRDA:90,12,1,0
BRDA:97,13,0,0
BRDA:97,13,1,0
BRDA:99,14,0,0
BRDA:99,14,1,0
BRDA:116,15,0,4
BRDA:116,15,1,0
BRDA:128,16,0,4
BRDA:128,16,1,0
BRF:39
BRH:19
end_of_record
TN:
SF:src\common\guards\admin.guard.ts
FN:6,(anonymous_2)
FN:8,(anonymous_3)
FNF:2
FNH:0
FNDA:0,(anonymous_2)
FNDA:0,(anonymous_3)
DA:1,0
DA:2,0
DA:5,0
DA:6,0
DA:9,0
DA:11,0
DA:12,0
DA:13,0
DA:15,0
DA:16,0
DA:17,0
DA:18,0
DA:19,0
LF:13
LH:0
BRDA:12,0,0,0
BRDA:12,0,1,0
BRDA:15,1,0,0
BRDA:15,1,1,0
BRDA:16,2,0,0
BRDA:16,2,1,0
BRDA:16,2,2,0
BRDA:17,3,0,0
BRDA:17,3,1,0
BRF:9
BRH:0
end_of_record
TN:
SF:src\common\guards\auth.guard.ts
FN:6,(anonymous_2)
FN:8,(anonymous_3)
FNF:2
FNH:0
FNDA:0,(anonymous_2)
FNDA:0,(anonymous_3)
DA:1,0
DA:2,0
DA:5,0
DA:6,0
DA:9,0
DA:10,0
DA:11,0
DA:12,0
DA:13,0
DA:14,0
LF:10
LH:0
BRDA:12,0,0,0
BRDA:12,0,1,0
BRF:2
BRH:0
end_of_record
TN:
SF:src\common\guards\rate-limit.guard.ts
FN:14,(anonymous_2)
FN:19,(anonymous_3)
FNF:2
FNH:0
FNDA:0,(anonymous_2)
FNDA:0,(anonymous_3)
DA:1,0
DA:8,0
DA:9,0
DA:10,0
DA:13,0
DA:15,0
DA:16,0
DA:20,0
DA:24,0
DA:25,0
DA:26,0
DA:27,0
DA:29,0
DA:31,0
DA:32,0
DA:34,0
DA:35,0
DA:37,0
DA:39,0
DA:40,0
DA:41,0
DA:42,0
DA:44,0
LF:23
LH:0
BRDA:24,0,0,0
BRDA:24,0,1,0
BRDA:26,1,0,0
BRDA:26,1,1,0
BRDA:29,2,0,0
BRDA:29,2,1,0
BRDA:29,2,2,0
BRDA:29,3,0,0
BRDA:29,3,1,0
BRDA:31,4,0,0
BRDA:31,4,1,0
BRDA:41,5,0,0
BRDA:41,5,1,0
BRF:13
BRH:0
end_of_record
TN:
SF:src\common\interceptors\security-logging.interceptor.ts
FN:15,(anonymous_4)
FN:17,(anonymous_5)
FN:27,(anonymous_6)
FN:39,(anonymous_7)
FNF:4
FNH:0
FNDA:0,(anonymous_4)
FNDA:0,(anonymous_5)
FNDA:0,(anonymous_6)
FNDA:0,(anonymous_7)
DA:1,0
DA:8,0
DA:9,0
DA:10,0
DA:14,0
DA:15,0
DA:18,0
DA:19,0
DA:20,0
DA:21,0
DA:22,0
DA:23,0
DA:25,0
DA:28,0
DA:29,0
DA:40,0
DA:41,0
LF:17
LH:0
BRDA:21,0,0,0
BRDA:21,0,1,0
BRDA:22,1,0,0
BRDA:22,1,1,0
BRDA:23,2,0,0
BRDA:23,2,1,0
BRDA:31,3,0,0
BRDA:31,3,1,0
BRDA:43,4,0,0
BRDA:43,4,1,0
BRF:10
BRH:0
end_of_record
TN:
SF:src\common\metrics\metrics.module.ts
FNF:0
FNH:0
DA:1,0
DA:2,0
DA:8,0
DA:52,0
LF:4
LH:0
BRF:0
BRH:0
end_of_record
TN:
SF:src\common\metrics\metrics.service.ts
FN:7,(anonymous_4)
FN:18,(anonymous_5)
FN:23,(anonymous_6)
FN:27,(anonymous_7)
FN:31,(anonymous_8)
FN:35,(anonymous_9)
FNF:6
FNH:0
FNDA:0,(anonymous_4)
FNDA:0,(anonymous_5)
FNDA:0,(anonymous_6)
FNDA:0,(anonymous_7)
FNDA:0,(anonymous_8)
FNDA:0,(anonymous_9)
DA:1,5
DA:2,5
DA:6,5
DA:8,0
DA:11,0
DA:12,0
DA:13,0
DA:14,0
DA:15,0
DA:19,0
DA:20,0
DA:24,0
DA:28,0
DA:32,0
DA:36,0
LF:15
LH:3
BRDA:20,0,0,0
BRDA:20,0,1,0
BRF:2
BRH:0
end_of_record
TN:
SF:src\common\middleware\ip-block.middleware.ts
FN:7,(anonymous_2)
FN:9,(anonymous_3)
FNF:2
FNH:2
FNDA:2,(anonymous_2)
FNDA:2,(anonymous_3)
DA:1,1
DA:3,1
DA:6,1
DA:7,2
DA:10,2
DA:11,2
DA:12,2
DA:13,2
DA:14,2
DA:15,1
DA:24,1
LF:11
LH:11
BRDA:10,0,0,2
BRDA:10,0,1,2
BRDA:11,1,0,0
BRDA:11,1,1,2
BRDA:14,2,0,1
BRDA:14,2,1,1
BRDA:18,3,0,1
BRDA:18,3,1,0
BRF:8
BRH:6
end_of_record
TN:
SF:src\common\middleware\logging.middleware.ts
FN:7,(anonymous_4)
FN:12,(anonymous_5)
FN:18,(anonymous_6)
FNF:3
FNH:0
FNDA:0,(anonymous_4)
FNDA:0,(anonymous_5)
FNDA:0,(anonymous_6)
DA:1,0
DA:3,0
DA:6,0
DA:9,0
DA:13,0
DA:14,0
DA:15,0
DA:16,0
DA:18,0
DA:19,0
DA:20,0
DA:31,0
LF:12
LH:0
BRDA:15,0,0,0
BRDA:15,0,1,0
BRDA:16,1,0,0
BRDA:16,1,1,0
BRDA:22,2,0,0
BRDA:22,2,1,0
BRDA:26,3,0,0
BRDA:26,3,1,0
BRF:8
BRH:0
end_of_record
TN:
SF:src\config\env.validation.ts
FNF:0
FNH:0
DA:1,0
DA:3,0
LF:2
LH:0
BRF:0
BRH:0
end_of_record
TN:
SF:src\config\logger.config.ts
FNF:0
FNH:0
DA:1,0
DA:2,0
DA:4,0
DA:6,0
LF:4
LH:0
BRDA:7,0,0,0
BRDA:7,0,1,0
BRDA:10,1,0,0
BRDA:10,1,1,0
BRF:4
BRH:0
end_of_record
TN:
SF:src\database\database.config.ts
FN:7,(anonymous_2)
FN:9,(anonymous_3)
FNF:2
FNH:2
FNDA:4,(anonymous_2)
FNDA:3,(anonymous_3)
DA:1,1
DA:2,1
DA:6,1
DA:7,4
DA:10,3
DA:11,3
DA:13,3
DA:14,2
DA:25,1
LF:9
LH:9
BRDA:13,0,0,2
BRDA:13,0,1,1
BRDA:21,1,0,2
BRDA:21,1,1,0
BRF:4
BRH:3
end_of_record
TN:
SF:src\database\database.module.ts
FNF:0
FNH:0
DA:1,0
DA:2,0
DA:3,0
DA:14,0
LF:4
LH:0
BRF:0
BRH:0
end_of_record
TN:
SF:src\database\migrations\1699999999999-CreateEnumTypes.ts
FN:3,(anonymous_0)
FN:6,(anonymous_1)
FN:20,(anonymous_2)
FNF:3
FNH:0
FNDA:0,(anonymous_0)
FNDA:0,(anonymous_1)
FNDA:0,(anonymous_2)
DA:3,0
DA:4,0
DA:7,0
DA:11,0
DA:15,0
LF:5
LH:0
BRF:0
BRH:0
end_of_record
TN:
SF:src\database\migrations\1700000000001-InitSecurityTables.ts
FN:3,(anonymous_0)
FN:6,(anonymous_1)
FN:69,(anonymous_2)
FNF:3
FNH:0
FNDA:0,(anonymous_0)
FNDA:0,(anonymous_1)
FNDA:0,(anonymous_2)
DA:3,0
DA:4,0
DA:7,0
DA:10,0
DA:23,0
DA:24,0
DA:27,0
DA:28,0
DA:33,0
DA:48,0
DA:53,0
DA:65,0
DA:66,0
DA:70,0
DA:71,0
DA:72,0
DA:74,0
DA:75,0
DA:77,0
DA:78,0
DA:79,0
DA:80,0
DA:81,0
LF:23
LH:0
BRF:0
BRH:0
end_of_record
TN:
SF:src\database\migrations\1700000000002-AddMissingIndexes.ts
FN:3,(anonymous_0)
FN:6,(anonymous_1)
FN:25,(anonymous_2)
FNF:3
FNH:0
FNDA:0,(anonymous_0)
FNDA:0,(anonymous_1)
FNDA:0,(anonymous_2)
DA:3,0
DA:4,0
DA:7,0
DA:10,0
DA:13,0
DA:16,0
DA:20,0
DA:26,0
DA:27,0
DA:28,0
DA:29,0
DA:30,0
LF:12
LH:0
BRF:0
BRH:0
end_of_record
TN:
SF:src\dto\internal\create-security-event.dto.ts
FNF:0
FNH:0
DA:4,0
LF:1
LH:0
BRF:0
BRH:0
end_of_record
TN:
SF:src\dto\requests\block-ip.dto.ts
FNF:0
FNH:0
DA:1,0
DA:2,0
DA:4,0
DA:7,0
DA:11,0
DA:16,0
LF:6
LH:0
BRF:0
BRH:0
end_of_record
TN:
SF:src\dto\requests\check-login-security.dto.ts
FNF:0
FNH:0
DA:1,0
DA:2,0
DA:4,0
DA:7,0
DA:11,0
DA:16,0
DA:21,0
LF:7
LH:0
BRF:0
BRH:0
end_of_record
TN:
SF:src\dto\requests\check-transaction-security.dto.ts
FNF:0
FNH:0
DA:1,0
DA:2,0
DA:4,0
DA:7,0
DA:12,0
DA:16,0
DA:20,0
DA:25,0
LF:8
LH:0
BRF:0
BRH:0
end_of_record
TN:
SF:src\dto\requests\create-security-alert.dto.ts
FNF:0
FNH:0
DA:1,0
DA:2,0
DA:3,0
DA:4,0
DA:6,0
DA:9,0
DA:13,0
DA:18,0
DA:23,0
DA:28,0
LF:10
LH:0
BRF:0
BRH:0
end_of_record
TN:
SF:src\dto\requests\create-security-event.dto.ts
FNF:0
FNH:0
DA:1,0
DA:4,0
LF:2
LH:0
BRF:0
BRH:0
end_of_record
TN:
SF:src\dto\requests\report-security-event.dto.ts
FNF:0
FNH:0
DA:1,0
DA:2,0
DA:3,0
DA:5,0
DA:8,0
DA:13,0
DA:17,0
DA:21,0
LF:8
LH:0
BRF:0
BRH:0
end_of_record
TN:
SF:src\dto\responses\ip-status-result.dto.ts
FNF:0
FNH:0
DA:1,0
DA:2,0
DA:4,0
DA:7,0
DA:12,0
DA:17,0
LF:6
LH:0
BRF:0
BRH:0
end_of_record
TN:
SF:src\dto\responses\paginated-security-alerts.dto.ts
FNF:0
FNH:0
DA:1,0
DA:2,0
DA:3,0
DA:5,0
DA:8,0
DA:13,0
DA:18,0
DA:23,0
LF:8
LH:0
BRF:0
BRH:0
end_of_record
TN:
SF:src\dto\responses\paginated-security-logs.dto.ts
FNF:0
FNH:0
DA:1,0
DA:2,0
DA:3,0
DA:5,0
DA:8,0
DA:13,0
DA:18,0
DA:23,0
LF:8
LH:0
BRF:0
BRH:0
end_of_record
TN:
SF:src\dto\responses\security-check-result.dto.ts
FNF:0
FNH:0
DA:1,0
DA:2,0
DA:4,0
DA:7,0
DA:11,0
DA:16,0
DA:21,0
LF:7
LH:0
BRF:0
BRH:0
end_of_record
TN:
SF:src\entities\ip-block.entity.ts
FNF:0
FNH:0
DA:1,3
DA:4,3
DA:6,3
DA:10,3
DA:13,3
DA:17,3
DA:20,3
DA:24,3
DA:27,3
LF:9
LH:9
BRF:0
BRH:0
end_of_record
TN:
SF:src\entities\security-alert.entity.ts
FNF:0
FNH:0
DA:1,5
DA:2,5
DA:3,5
DA:6,5
DA:8,5
DA:15,5
DA:22,5
DA:26,5
DA:29,5
DA:32,5
DA:36,5
DA:39,5
DA:42,5
DA:46,5
LF:14
LH:14
BRF:0
BRH:0
end_of_record
TN:
SF:src\entities\security-event.entity.ts
FNF:0
FNH:0
DA:1,5
DA:2,5
DA:5,5
DA:7,5
DA:14,5
DA:18,5
DA:22,5
DA:25,5
DA:28,5
DA:31,5
DA:35,5
LF:11
LH:11
BRF:0
BRH:0
end_of_record
TN:
SF:src\kafka\kafka.constants.ts
FNF:0
FNH:0
DA:1,5
LF:1
LH:1
BRF:0
BRH:0
end_of_record
TN:
SF:src\kafka\kafka.module.ts
FN:12,(anonymous_1)
FNF:1
FNH:0
FNDA:0,(anonymous_1)
DA:1,0
DA:2,0
DA:3,0
DA:4,0
DA:12,0
DA:29,0
LF:6
LH:0
BRF:0
BRH:0
end_of_record
TN:
SF:src\modules\alerts\alerts.controller.ts
FN:12,(anonymous_4)
FN:17,(anonymous_5)
FN:24,(anonymous_6)
FN:31,(anonymous_7)
FNF:4
FNH:0
FNDA:0,(anonymous_4)
FNDA:0,(anonymous_5)
FNDA:0,(anonymous_6)
FNDA:0,(anonymous_7)
DA:1,0
DA:2,0
DA:3,0
DA:6,0
DA:7,0
DA:11,0
DA:12,0
DA:17,0
DA:18,0
DA:24,0
DA:25,0
DA:31,0
DA:32,0
LF:13
LH:0
BRF:0
BRH:0
end_of_record
TN:
SF:src\modules\alerts\alerts.module.ts
FNF:0
FNH:0
DA:1,0
DA:2,0
DA:3,0
DA:4,0
DA:5,0
DA:6,0
DA:7,0
DA:8,0
DA:9,0
DA:10,0
DA:11,0
DA:25,0
LF:12
LH:0
BRF:0
BRH:0
end_of_record
TN:
SF:src\modules\alerts\monitoring.service.ts
FN:24,(anonymous_4)
FN:38,(anonymous_5)
FN:42,(anonymous_6)
FN:75,(anonymous_7)
FN:89,(anonymous_8)
FN:97,(anonymous_9)
FN:105,(anonymous_10)
FN:111,(anonymous_11)
FN:121,(anonymous_12)
FN:135,(anonymous_13)
FN:148,(anonymous_14)
FN:172,(anonymous_15)
FN:222,(anonymous_16)
FN:243,(anonymous_17)
FN:244,(anonymous_18)
FN:247,(anonymous_19)
FN:273,(anonymous_20)
FN:283,(anonymous_21)
FN:316,(anonymous_22)
FNF:19
FNH:15
FNDA:13,(anonymous_4)
FNDA:0,(anonymous_5)
FNDA:6,(anonymous_6)
FNDA:1,(anonymous_7)
FNDA:1,(anonymous_8)
FNDA:0,(anonymous_9)
FNDA:0,(anonymous_10)
FNDA:1,(anonymous_11)
FNDA:3,(anonymous_12)
FNDA:6,(anonymous_13)
FNDA:0,(anonymous_14)
FNDA:2,(anonymous_15)
FNDA:4,(anonymous_16)
FNDA:8,(anonymous_17)
FNDA:8,(anonymous_18)
FNDA:4,(anonymous_19)
FNDA:8,(anonymous_20)
FNDA:8,(anonymous_21)
FNDA:4,(anonymous_22)
DA:1,5
DA:2,5
DA:3,5
DA:4,5
DA:5,5
DA:9,5
DA:10,5
DA:14,5
DA:15,5
DA:16,5
DA:17,5
DA:18,5
DA:19,5
DA:20,5
DA:23,5
DA:26,13
DA:28,13
DA:29,13
DA:31,13
DA:33,13
DA:34,13
DA:35,13
DA:39,0
DA:43,6
DA:45,6
DA:53,6
DA:54,6
DA:59,6
DA:61,6
DA:65,3
DA:72,6
DA:76,1
DA:77,1
DA:78,1
DA:79,1
DA:80,0
DA:81,1
DA:83,1
DA:84,1
DA:85,1
DA:87,1
DA:89,1
DA:94,1
DA:98,0
DA:103,0
DA:105,0
DA:112,1
DA:113,1
DA:114,1
DA:115,1
DA:116,1
DA:117,1
DA:118,1
DA:122,3
DA:123,3
DA:124,3
DA:125,3
DA:127,3
DA:134,3
DA:135,6
DA:136,3
DA:137,3
DA:138,3
DA:139,3
DA:141,3
DA:145,3
DA:149,0
DA:150,0
DA:151,0
DA:158,0
DA:160,0
DA:161,0
DA:162,0
DA:165,0
DA:173,2
DA:174,2
DA:175,2
DA:177,2
DA:182,2
DA:183,2
DA:185,2
DA:186,2
DA:189,2
DA:191,2
DA:192,1
DA:196,1
DA:209,1
DA:223,4
DA:224,4
DA:225,4
DA:226,4
DA:229,4
DA:236,4
DA:237,4
DA:238,4
DA:241,4
DA:242,4
DA:243,8
DA:244,8
DA:246,4
DA:247,4
DA:248,4
DA:250,4
DA:251,2
DA:252,2
DA:253,2
DA:256,4
DA:257,2
DA:258,2
DA:259,2
DA:265,4
DA:266,1
DA:267,1
DA:268,1
DA:272,4
DA:273,8
DA:276,4
DA:277,0
DA:278,0
DA:279,0
DA:283,8
DA:284,4
DA:285,1
DA:286,1
DA:289,4
DA:290,3
DA:303,3
DA:317,4
DA:319,4
DA:320,1
DA:324,4
DA:325,1
DA:326,1
DA:327,1
DA:332,4
DA:333,4
DA:334,3
DA:335,1
DA:355,1
LF:139
LH:123
BRDA:48,0,0,6
BRDA:48,0,1,1
BRDA:49,1,0,6
BRDA:49,1,1,1
BRDA:61,2,0,3
BRDA:61,2,1,3
BRDA:62,3,0,6
BRDA:62,3,1,3
BRDA:77,4,0,0
BRDA:77,4,1,1
BRDA:78,5,0,0
BRDA:78,5,1,1
BRDA:79,6,0,0
BRDA:79,6,1,1
BRDA:83,7,0,1
BRDA:83,7,1,0
BRDA:84,8,0,1
BRDA:84,8,1,0
BRDA:113,9,0,0
BRDA:113,9,1,1
BRDA:116,10,0,1
BRDA:116,10,1,1
BRDA:135,11,0,6
BRDA:135,11,1,0
BRDA:136,12,0,3
BRDA:136,12,1,3
BRDA:138,13,0,0
BRDA:138,13,1,3
BRDA:139,14,0,3
BRDA:139,14,1,0
BRDA:161,15,0,0
BRDA:161,15,1,0
BRDA:162,16,0,0
BRDA:162,16,1,0
BRDA:182,17,0,2
BRDA:182,17,1,0
BRDA:185,18,0,2
BRDA:185,18,1,0
BRDA:191,19,0,1
BRDA:191,19,1,1
BRDA:192,20,0,0
BRDA:192,20,1,1
BRDA:241,21,0,4
BRDA:241,21,1,0
BRDA:246,22,0,4
BRDA:246,22,1,0
BRDA:250,23,0,2
BRDA:250,23,1,2
BRDA:256,24,0,2
BRDA:256,24,1,2
BRDA:265,25,0,1
BRDA:265,25,1,3
BRDA:276,26,0,0
BRDA:276,26,1,4
BRDA:284,27,0,1
BRDA:284,27,1,3
BRDA:284,28,0,4
BRDA:284,28,1,1
BRDA:289,29,0,3
BRDA:289,29,1,1
BRDA:319,30,0,1
BRDA:319,30,1,3
BRDA:320,31,0,1
BRDA:320,31,1,0
BRDA:324,32,0,1
BRDA:324,32,1,3
BRDA:326,33,0,1
BRDA:326,33,1,0
BRDA:326,34,0,1
BRDA:326,34,1,1
BRDA:332,35,0,4
BRDA:332,35,1,0
BRDA:334,36,0,1
BRDA:334,36,1,2
BRDA:334,37,0,3
BRDA:334,37,1,3
BRDA:337,38,0,0
BRDA:337,38,1,1
BRDA:357,39,0,1
BRDA:357,39,1,0
BRF:80
BRH:56
end_of_record
TN:
SF:src\modules\alerts\dto\get-alerts-query.dto.ts
FN:7,(anonymous_2)
FN:20,(anonymous_3)
FN:26,(anonymous_4)
FN:33,(anonymous_5)
FNF:4
FNH:0
FNDA:0,(anonymous_2)
FNDA:0,(anonymous_3)
FNDA:0,(anonymous_4)
FNDA:0,(anonymous_5)
DA:1,0
DA:2,0
DA:3,0
DA:4,0
DA:5,0
DA:7,0
DA:11,0
DA:16,0
DA:20,0
DA:22,0
DA:26,0
DA:29,0
DA:33,0
DA:37,0
LF:14
LH:0
BRDA:20,0,0,0
BRDA:20,0,1,0
BRF:2
BRH:0
end_of_record
TN:
SF:src\modules\health\health.controller.ts
FN:6,(anonymous_2)
FN:15,(anonymous_3)
FN:25,(anonymous_4)
FNF:3
FNH:0
FNDA:0,(anonymous_2)
FNDA:0,(anonymous_3)
FNDA:0,(anonymous_4)
DA:1,0
DA:4,0
DA:6,0
DA:7,0
DA:15,0
DA:16,0
DA:25,0
DA:26,0
LF:8
LH:0
BRF:0
BRH:0
end_of_record
TN:
SF:src\modules\logs\logging.service.ts
FN:18,(anonymous_4)
FN:29,(anonymous_5)
FN:58,(anonymous_6)
FN:59,(anonymous_7)
FN:71,(anonymous_8)
FN:90,(anonymous_9)
FN:122,(anonymous_10)
FN:126,(anonymous_11)
FNF:8
FNH:7
FNDA:7,(anonymous_4)
FNDA:4,(anonymous_5)
FNDA:3,(anonymous_6)
FNDA:1,(anonymous_7)
FNDA:1,(anonymous_8)
FNDA:1,(anonymous_9)
FNDA:0,(anonymous_10)
FNDA:5,(anonymous_11)
DA:1,4
DA:2,4
DA:3,4
DA:4,4
DA:9,4
DA:11,4
DA:13,4
DA:14,4
DA:17,4
DA:20,7
DA:22,7
DA:24,7
DA:25,7
DA:26,7
DA:30,4
DA:39,4
DA:40,4
DA:46,4
DA:47,0
DA:51,4
DA:52,4
DA:56,4
DA:58,3
DA:59,3
DA:60,1
DA:68,4
DA:72,1
DA:74,1
DA:75,1
DA:76,1
DA:77,1
DA:78,1
DA:80,1
DA:82,1
DA:83,1
DA:84,1
DA:86,1
DA:87,1
DA:91,1
DA:92,1
DA:93,1
DA:94,0
DA:95,0
DA:98,1
DA:104,1
DA:110,1
DA:111,1
DA:113,0
DA:119,1
DA:123,0
DA:127,5
LF:51
LH:46
BRDA:32,0,0,4
BRDA:32,0,1,0
BRDA:33,1,0,4
BRDA:33,1,1,0
BRDA:34,2,0,4
BRDA:34,2,1,3
BRDA:35,3,0,4
BRDA:35,3,1,3
BRDA:36,4,0,4
BRDA:36,4,1,3
BRDA:46,5,0,0
BRDA:46,5,1,4
BRDA:46,6,0,4
BRDA:46,6,1,3
BRDA:46,7,0,4
BRDA:46,7,1,4
BRDA:51,8,0,4
BRDA:51,8,1,0
BRDA:56,9,0,3
BRDA:56,9,1,1
BRDA:62,10,0,1
BRDA:62,10,1,0
BRDA:74,11,0,0
BRDA:74,11,1,1
BRDA:75,12,0,0
BRDA:75,12,1,1
BRDA:76,13,0,0
BRDA:76,13,1,1
BRDA:77,14,0,0
BRDA:77,14,1,1
BRDA:78,15,0,0
BRDA:78,15,1,1
BRDA:82,16,0,1
BRDA:82,16,1,0
BRDA:83,17,0,1
BRDA:83,17,1,0
BRDA:94,18,0,0
BRDA:94,18,1,0
BRF:38
BRH:24
end_of_record
TN:
SF:src\modules\logs\logs.controller.ts
FN:13,(anonymous_4)
FN:18,(anonymous_5)
FN:34,(anonymous_6)
FNF:3
FNH:0
FNDA:0,(anonymous_4)
FNDA:0,(anonymous_5)
FNDA:0,(anonymous_6)
DA:1,0
DA:2,0
DA:3,0
DA:6,0
DA:7,0
DA:8,0
DA:12,0
DA:13,0
DA:18,0
DA:19,0
DA:20,0
DA:34,0
DA:35,0
LF:13
LH:0
BRDA:19,0,0,0
BRDA:19,1,0,0
BRDA:24,2,0,0
BRDA:24,2,1,0
BRDA:25,3,0,0
BRDA:25,3,1,0
BRF:6
BRH:0
end_of_record
TN:
SF:src\modules\logs\logs.module.ts
FNF:0
FNH:0
DA:1,0
DA:2,0
DA:3,0
DA:4,0
DA:5,0
DA:6,0
DA:7,0
DA:8,0
DA:9,0
DA:10,0
DA:18,0
LF:11
LH:0
BRF:0
BRH:0
end_of_record
TN:
SF:src\modules\logs\dto\get-logs-query.dto.ts
FN:6,(anonymous_2)
FN:34,(anonymous_3)
FN:41,(anonymous_4)
FNF:3
FNH:0
FNDA:0,(anonymous_2)
FNDA:0,(anonymous_3)
FNDA:0,(anonymous_4)
DA:1,0
DA:2,0
DA:3,0
DA:4,0
DA:6,0
DA:10,0
DA:15,0
DA:20,0
DA:25,0
DA:30,0
DA:34,0
DA:37,0
DA:41,0
DA:45,0
LF:14
LH:0
BRF:0
BRH:0
end_of_record
TN:
SF:src\modules\security\rate-limit.service.ts
FN:13,(anonymous_4)
FN:15,(anonymous_5)
FN:56,(anonymous_6)
FN:65,(anonymous_7)
FN:71,(anonymous_8)
FNF:5
FNH:5
FNDA:11,(anonymous_4)
FNDA:24,(anonymous_5)
FNDA:3,(anonymous_6)
FNDA:3,(anonymous_7)
FNDA:2,(anonymous_8)
DA:1,4
DA:2,4
DA:12,4
DA:13,11
DA:20,24
DA:22,24
DA:23,24
DA:24,24
DA:25,24
DA:26,24
DA:28,24
DA:29,24
DA:30,24
DA:32,24
DA:34,9
DA:35,9
DA:37,9
DA:38,9
DA:39,9
DA:40,9
DA:41,9
DA:43,9
DA:46,15
DA:48,7
DA:49,7
DA:52,15
DA:53,15
DA:57,3
DA:58,3
DA:59,3
DA:60,3
DA:61,3
DA:62,3
DA:66,3
DA:67,3
DA:68,3
DA:72,2
DA:73,2
LF:38
LH:38
BRDA:28,0,0,24
BRDA:28,0,1,18
BRDA:29,1,0,24
BRDA:29,1,1,0
BRDA:30,2,0,24
BRDA:30,2,1,0
BRDA:32,3,0,9
BRDA:32,3,1,15
BRDA:46,4,0,7
BRDA:46,4,1,8
BRDA:62,5,0,3
BRDA:62,5,1,0
BRDA:67,6,0,3
BRDA:67,6,1,1
BRF:14
BRH:11
end_of_record
TN:
SF:src\modules\security\security.controller.ts
FN:21,(anonymous_4)
FN:33,(anonymous_5)
FN:42,(anonymous_6)
FN:51,(anonymous_7)
FN:64,(anonymous_8)
FN:70,(anonymous_9)
FNF:6
FNH:0
FNDA:0,(anonymous_4)
FNDA:0,(anonymous_5)
FNDA:0,(anonymous_6)
FNDA:0,(anonymous_7)
FNDA:0,(anonymous_8)
FNDA:0,(anonymous_9)
DA:1,0
DA:2,0
DA:3,0
DA:4,0
DA:6,0
DA:7,0
DA:9,0
DA:10,0
DA:11,0
DA:12,0
DA:13,0
DA:14,0
DA:15,0
DA:16,0
DA:20,0
DA:22,0
DA:23,0
DA:25,0
DA:33,0
DA:34,0
DA:42,0
DA:43,0
DA:51,0
DA:52,0
DA:64,0
DA:65,0
DA:70,0
DA:71,0
DA:74,0
DA:75,0
DA:76,0
DA:77,0
DA:78,0
DA:81,0
LF:34
LH:0
BRDA:74,0,0,0
BRDA:74,0,1,0
BRDA:76,1,0,0
BRDA:76,1,1,0
BRDA:77,2,0,0
BRDA:77,2,1,0
BRDA:78,3,0,0
BRDA:78,3,1,0
BRF:8
BRH:0
end_of_record
TN:
SF:src\modules\security\security.module.ts
FNF:0
FNH:0
DA:1,0
DA:2,0
DA:3,0
DA:4,0
DA:5,0
DA:6,0
DA:7,0
DA:8,0
DA:9,0
DA:10,0
DA:11,0
DA:12,0
DA:20,0
LF:13
LH:0
BRF:0
BRH:0
end_of_record
TN:
SF:src\modules\security\security.service.ts
FN:21,(anonymous_4)
FN:33,(anonymous_5)
FN:117,(anonymous_6)
FN:183,(anonymous_7)
FN:199,(anonymous_8)
FN:218,(anonymous_9)
FN:228,(anonymous_10)
FN:275,(anonymous_11)
FNF:8
FNH:6
FNDA:7,(anonymous_4)
FNDA:3,(anonymous_5)
FNDA:0,(anonymous_6)
FNDA:1,(anonymous_7)
FNDA:3,(anonymous_8)
FNDA:0,(anonymous_9)
FNDA:1,(anonymous_10)
FNDA:9,(anonymous_11)
DA:1,3
DA:2,3
DA:3,3
DA:4,3
DA:5,3
DA:9,3
DA:11,3
DA:12,3
DA:13,3
DA:16,3
DA:17,3
DA:20,3
DA:22,7
DA:23,7
DA:24,7
DA:26,7
DA:28,7
DA:29,7
DA:30,7
DA:34,3
DA:35,3
DA:36,1
DA:42,1
DA:50,1
DA:51,1
DA:54,2
DA:55,2
DA:57,2
DA:62,2
DA:68,2
DA:69,2
DA:70,2
DA:71,2
DA:72,2
DA:75,2
DA:76,1
DA:77,1
DA:80,2
DA:87,2
DA:88,0
DA:89,0
DA:90,0
DA:91,0
DA:92,0
DA:93,0
DA:94,0
DA:95,0
DA:102,2
DA:110,2
DA:112,2
DA:114,2
DA:118,0
DA:119,0
DA:120,0
DA:126,0
DA:133,0
DA:134,0
DA:137,0
DA:138,0
DA:140,0
DA:146,0
DA:148,0
DA:151,0
DA:152,0
DA:153,0
DA:156,0
DA:157,0
DA:158,0
DA:161,0
DA:163,0
DA:169,0
DA:176,0
DA:178,0
DA:180,0
DA:184,1
DA:185,1
DA:186,1
DA:187,1
DA:189,1
DA:190,1
DA:195,1
DA:196,1
DA:200,3
DA:201,3
DA:202,3
DA:204,2
DA:205,2
DA:206,0
DA:207,0
DA:209,0
DA:210,0
DA:211,0
DA:214,2
DA:219,0
DA:220,0
DA:225,0
DA:229,1
DA:230,1
DA:231,0
DA:232,0
DA:233,0
DA:237,0
DA:244,1
DA:248,1
DA:254,1
DA:258,1
DA:262,1
DA:263,0
DA:264,0
DA:265,0
DA:266,0
DA:272,1
DA:276,9
LF:113
LH:66
BRDA:35,0,0,1
BRDA:35,0,1,2
BRDA:68,1,0,2
BRDA:68,1,1,1
BRDA:75,2,0,1
BRDA:75,2,1,1
BRDA:87,3,0,0
BRDA:87,3,1,2
BRDA:87,4,0,2
BRDA:87,4,1,2
BRDA:90,5,0,0
BRDA:90,5,1,0
BRDA:94,6,0,0
BRDA:94,6,1,0
BRDA:119,7,0,0
BRDA:119,7,1,0
BRDA:151,8,0,0
BRDA:151,8,1,0
BRDA:151,9,0,0
BRDA:151,9,1,0
BRDA:156,10,0,0
BRDA:156,10,1,0
BRDA:158,11,0,0
BRDA:158,11,1,0
BRDA:202,12,0,1
BRDA:202,12,1,2
BRDA:206,13,0,0
BRDA:206,13,1,0
BRDA:207,14,0,0
BRDA:207,14,1,0
BRDA:207,15,0,0
BRDA:207,15,1,0
BRDA:230,16,0,0
BRDA:230,16,1,1
BRDA:232,17,0,0
BRDA:232,17,1,0
BRDA:254,18,0,1
BRDA:254,18,1,0
BRDA:255,19,0,1
BRDA:255,19,1,1
BRDA:262,20,0,0
BRDA:262,20,1,1
BRDA:265,21,0,0
BRDA:265,21,1,0
BRDA:266,22,0,0
BRDA:266,22,1,0
BRF:46
BRH:16
end_of_record
TN:
SF:src\redis\redis.constants.ts
FNF:0
FNH:0
DA:1,6
LF:1
LH:1
BRF:0
BRH:0
end_of_record
TN:
SF:src\redis\redis.module.ts
FN:12,(anonymous_1)
FNF:1
FNH:0
FNDA:0,(anonymous_1)
DA:1,0
DA:2,0
DA:3,0
DA:4,0
DA:13,0
DA:14,0
DA:15,0
DA:18,0
DA:19,0
DA:20,0
DA:21,0
DA:27,0
LF:12
LH:0
BRDA:14,0,0,0
BRDA:14,0,1,0
BRF:2
BRH:0
end_of_record
